<?xml version="1.0" encoding="UTF-8"?>
<coverage generated="1775251669062" clover="3.2.0">
  <project timestamp="1775251669062" name="All files">
    <metrics statements="997" coveredstatements="709" conditionals="1055" coveredconditionals="523" methods="148" coveredmethods="108" elements="2200" coveredelements="1340" complexity="0" loc="997" ncloc="997" packages="1" files="11" classes="11"/>
    <file name="API_Auth.js" path="C:\Users\grego\Antigravity\Taxonomia Project\src\API_Auth.js">
      <metrics statements="16" coveredstatements="12" conditionals="15" coveredconditionals="9" methods="3" coveredmethods="2"/>
      <line num="9" count="1" type="stmt"/>
      <line num="11" count="5" type="stmt"/>
      <line num="14" count="5" type="cond" truecount="1" falsecount="1"/>
      <line num="15" count="5" type="stmt"/>
      <line num="16" count="0" type="cond" truecount="0" falsecount="2"/>
      <line num="17" count="0" type="stmt"/>
      <line num="18" count="0" type="stmt"/>
      <line num="24" count="5" type="stmt"/>
      <line num="26" count="5" type="cond" truecount="2" falsecount="0"/>
      <line num="27" count="1" type="stmt"/>
      <line num="34" count="4" type="cond" truecount="3" falsecount="1"/>
      <line num="38" count="6" type="stmt"/>
      <line num="40" count="4" type="stmt"/>
      <line num="50" count="0" type="stmt"/>
      <line num="53" count="1" type="cond" truecount="1" falsecount="1"/>
      <line num="54" count="1" type="stmt"/>
    </file>
    <file name="API_Universal.gs" path="C:\Users\grego\Antigravity\Taxonomia Project\src\API_Universal.gs">
      <metrics statements="56" coveredstatements="20" conditionals="56" coveredconditionals="15" methods="2" coveredmethods="1"/>
      <line num="13" count="0" type="stmt"/>
      <line num="14" count="0" type="stmt"/>
      <line num="15" count="0" type="stmt"/>
      <line num="16" count="0" type="stmt"/>
      <line num="17" count="0" type="stmt"/>
      <line num="19" count="0" type="stmt"/>
      <line num="22" count="0" type="cond" truecount="0" falsecount="2"/>
      <line num="23" count="0" type="stmt"/>
      <line num="24" count="0" type="cond" truecount="0" falsecount="2"/>
      <line num="25" count="0" type="stmt"/>
      <line num="26" count="0" type="cond" truecount="0" falsecount="2"/>
      <line num="27" count="0" type="stmt"/>
      <line num="28" count="0" type="cond" truecount="0" falsecount="2"/>
      <line num="29" count="0" type="cond" truecount="0" falsecount="2"/>
      <line num="31" count="0" type="stmt"/>
      <line num="34" count="0" type="stmt"/>
      <line num="40" count="0" type="stmt"/>
      <line num="52" count="4" type="stmt"/>
      <line num="53" count="4" type="stmt"/>
      <line num="55" count="4" type="cond" truecount="1" falsecount="1"/>
      <line num="56" count="4" type="cond" truecount="2" falsecount="2"/>
      <line num="58" count="4" type="cond" truecount="1" falsecount="1"/>
      <line num="59" count="4" type="stmt"/>
      <line num="60" count="4" type="cond" truecount="2" falsecount="2"/>
      <line num="61" count="4" type="stmt"/>
      <line num="64" count="4" type="cond" truecount="1" falsecount="1"/>
      <line num="65" count="4" type="cond" truecount="4" falsecount="0"/>
      <line num="66" count="1" type="stmt"/>
      <line num="68" count="4" type="stmt"/>
      <line num="69" count="4" type="stmt"/>
      <line num="73" count="4" type="stmt"/>
      <line num="74" count="4" type="cond" truecount="3" falsecount="0"/>
      <line num="75" count="4" type="stmt"/>
      <line num="77" count="4" type="stmt"/>
      <line num="84" count="4" type="stmt"/>
      <line num="85" count="0" type="cond" truecount="0" falsecount="2"/>
      <line num="86" count="0" type="cond" truecount="0" falsecount="4"/>
      <line num="87" count="0" type="cond" truecount="0" falsecount="2"/>
      <line num="88" count="0" type="stmt"/>
      <line num="90" count="0" type="stmt"/>
      <line num="92" count="0" type="cond" truecount="0" falsecount="2"/>
      <line num="93" count="0" type="stmt"/>
      <line num="94" count="0" type="stmt"/>
      <line num="95" count="0" type="cond" truecount="0" falsecount="2"/>
      <line num="97" count="0" type="cond" truecount="0" falsecount="4"/>
      <line num="98" count="0" type="stmt"/>
      <line num="100" count="0" type="stmt"/>
      <line num="103" count="0" type="cond" truecount="0" falsecount="3"/>
      <line num="104" count="0" type="stmt"/>
      <line num="107" count="0" type="stmt"/>
      <line num="111" count="0" type="stmt"/>
      <line num="113" count="0" type="stmt"/>
      <line num="114" count="0" type="stmt"/>
      <line num="120" count="0" type="stmt"/>
      <line num="125" count="3" type="cond" truecount="1" falsecount="1"/>
      <line num="126" count="3" type="stmt"/>
    </file>
    <file name="Adapter_CloudDB.js" path="C:\Users\grego\Antigravity\Taxonomia Project\src\Adapter_CloudDB.js">
      <metrics statements="4" coveredstatements="4" conditionals="2" coveredconditionals="1" methods="1" coveredmethods="1"/>
      <line num="4" count="6" type="stmt"/>
      <line num="6" count="1" type="stmt"/>
      <line num="10" count="6" type="cond" truecount="1" falsecount="1"/>
      <line num="11" count="6" type="stmt"/>
    </file>
    <file name="Adapter_Sheets.js" path="C:\Users\grego\Antigravity\Taxonomia Project\src\Adapter_Sheets.js">
      <metrics statements="250" coveredstatements="223" conditionals="213" coveredconditionals="136" methods="17" coveredmethods="15"/>
      <line num="4" count="18" type="stmt"/>
      <line num="7" count="142" type="cond" truecount="1" falsecount="1"/>
      <line num="9" count="142" type="stmt"/>
      <line num="18" count="18" type="stmt"/>
      <line num="22" count="14" type="cond" truecount="1" falsecount="1"/>
      <line num="23" count="14" type="cond" truecount="2" falsecount="2"/>
      <line num="25" count="14" type="cond" truecount="1" falsecount="1"/>
      <line num="26" count="14" type="stmt"/>
      <line num="27" count="14" type="cond" truecount="3" falsecount="1"/>
      <line num="28" count="14" type="cond" truecount="2" falsecount="0"/>
      <line num="30" count="5" type="stmt"/>
      <line num="33" count="14" type="cond" truecount="4" falsecount="0"/>
      <line num="34" count="1" type="cond" truecount="2" falsecount="0"/>
      <line num="35" count="1" type="stmt"/>
      <line num="40" count="13" type="stmt"/>
      <line num="42" count="13" type="cond" truecount="2" falsecount="0"/>
      <line num="43" count="13" type="stmt"/>
      <line num="45" count="13" type="stmt"/>
      <line num="46" count="13" type="stmt"/>
      <line num="47" count="13" type="stmt"/>
      <line num="50" count="13" type="stmt"/>
      <line num="51" count="13" type="stmt"/>
      <line num="54" count="81" type="stmt"/>
      <line num="55" count="13" type="stmt"/>
      <line num="58" count="13" type="stmt"/>
      <line num="59" count="13" type="cond" truecount="1" falsecount="1"/>
      <line num="60" count="0" type="stmt"/>
      <line num="63" count="13" type="stmt"/>
      <line num="64" count="13" type="stmt"/>
      <line num="66" count="13" type="stmt"/>
      <line num="67" count="13" type="cond" truecount="2" falsecount="0"/>
      <line num="68" count="7" type="stmt"/>
      <line num="69" count="7" type="stmt"/>
      <line num="71" count="7" type="cond" truecount="2" falsecount="0"/>
      <line num="72" count="6" type="stmt"/>
      <line num="73" count="6" type="stmt"/>
      <line num="79" count="13" type="cond" truecount="1" falsecount="1"/>
      <line num="80" count="13" type="stmt"/>
      <line num="82" count="13" type="stmt"/>
      <line num="83" count="13" type="stmt"/>
      <line num="84" count="13" type="stmt"/>
      <line num="85" count="13" type="stmt"/>
      <line num="87" count="13" type="stmt"/>
      <line num="88" count="13" type="stmt"/>
      <line num="89" count="13" type="cond" truecount="2" falsecount="0"/>
      <line num="90" count="6" type="stmt"/>
      <line num="93" count="6" type="cond" truecount="1" falsecount="1"/>
      <line num="94" count="0" type="stmt"/>
      <line num="97" count="6" type="stmt"/>
      <line num="98" count="6" type="cond" truecount="2" falsecount="0"/>
      <line num="99" count="2" type="cond" truecount="1" falsecount="1"/>
      <line num="100" count="2" type="cond" truecount="2" falsecount="1"/>
      <line num="101" count="2" type="cond" truecount="2" falsecount="0"/>
      <line num="102" count="1" type="stmt"/>
      <line num="104" count="1" type="stmt"/>
      <line num="105" count="1" type="stmt"/>
      <line num="108" count="7" type="stmt"/>
      <line num="109" count="7" type="stmt"/>
      <line num="112" count="12" type="stmt"/>
      <line num="113" count="77" type="stmt"/>
      <line num="115" count="77" type="cond" truecount="2" falsecount="0"/>
      <line num="117" count="31" type="cond" truecount="4" falsecount="0"/>
      <line num="118" count="8" type="stmt"/>
      <line num="119" count="23" type="cond" truecount="2" falsecount="0"/>
      <line num="120" count="16" type="stmt"/>
      <line num="123" count="7" type="stmt"/>
      <line num="127" count="46" type="cond" truecount="2" falsecount="0"/>
      <line num="131" count="12" type="cond" truecount="2" falsecount="0"/>
      <line num="133" count="5" type="cond" truecount="2" falsecount="0"/>
      <line num="134" count="5" type="cond" truecount="2" falsecount="0"/>
      <line num="136" count="5" type="stmt"/>
      <line num="137" count="5" type="stmt"/>
      <line num="138" count="5" type="stmt"/>
      <line num="141" count="7" type="cond" truecount="4" falsecount="1"/>
      <line num="142" count="6" type="stmt"/>
      <line num="144" count="7" type="cond" truecount="4" falsecount="1"/>
      <line num="145" count="6" type="stmt"/>
      <line num="147" count="7" type="cond" truecount="2" falsecount="0"/>
      <line num="148" count="7" type="cond" truecount="2" falsecount="0"/>
      <line num="150" count="7" type="stmt"/>
      <line num="151" count="7" type="stmt"/>
      <line num="152" count="7" type="stmt"/>
      <line num="161" count="1" type="cond" truecount="3" falsecount="1"/>
      <line num="163" count="1" type="cond" truecount="1" falsecount="1"/>
      <line num="164" count="1" type="stmt"/>
      <line num="165" count="1" type="cond" truecount="3" falsecount="1"/>
      <line num="167" count="1" type="cond" truecount="1" falsecount="1"/>
      <line num="168" count="0" type="stmt"/>
      <line num="169" count="0" type="cond" truecount="0" falsecount="4"/>
      <line num="170" count="0" type="cond" truecount="0" falsecount="2"/>
      <line num="172" count="0" type="stmt"/>
      <line num="175" count="1" type="cond" truecount="1" falsecount="1"/>
      <line num="176" count="0" type="stmt"/>
      <line num="179" count="1" type="cond" truecount="1" falsecount="1"/>
      <line num="180" count="1" type="stmt"/>
      <line num="181" count="1" type="stmt"/>
      <line num="183" count="1" type="stmt"/>
      <line num="184" count="1" type="stmt"/>
      <line num="185" count="1" type="stmt"/>
      <line num="186" count="3" type="stmt"/>
      <line num="188" count="1" type="stmt"/>
      <line num="189" count="1" type="cond" truecount="1" falsecount="1"/>
      <line num="190" count="0" type="stmt"/>
      <line num="193" count="1" type="stmt"/>
      <line num="194" count="1" type="stmt"/>
      <line num="195" count="2" type="stmt"/>
      <line num="198" count="1" type="cond" truecount="1" falsecount="1"/>
      <line num="199" count="1" type="stmt"/>
      <line num="201" count="1" type="stmt"/>
      <line num="202" count="1" type="stmt"/>
      <line num="203" count="1" type="stmt"/>
      <line num="204" count="1" type="stmt"/>
      <line num="206" count="1" type="stmt"/>
      <line num="207" count="1" type="stmt"/>
      <line num="208" count="2" type="stmt"/>
      <line num="209" count="2" type="cond" truecount="1" falsecount="1"/>
      <line num="211" count="2" type="stmt"/>
      <line num="212" count="2" type="stmt"/>
      <line num="214" count="2" type="cond" truecount="1" falsecount="1"/>
      <line num="215" count="0" type="stmt"/>
      <line num="218" count="0" type="cond" truecount="0" falsecount="2"/>
      <line num="219" count="0" type="stmt"/>
      <line num="222" count="0" type="stmt"/>
      <line num="223" count="0" type="stmt"/>
      <line num="224" count="0" type="cond" truecount="0" falsecount="4"/>
      <line num="225" count="0" type="stmt"/>
      <line num="226" count="0" type="cond" truecount="0" falsecount="2"/>
      <line num="227" count="0" type="stmt"/>
      <line num="229" count="0" type="stmt"/>
      <line num="232" count="0" type="cond" truecount="0" falsecount="2"/>
      <line num="233" count="0" type="cond" truecount="0" falsecount="2"/>
      <line num="234" count="0" type="stmt"/>
      <line num="235" count="0" type="stmt"/>
      <line num="237" count="2" type="stmt"/>
      <line num="238" count="6" type="stmt"/>
      <line num="239" count="6" type="cond" truecount="2" falsecount="0"/>
      <line num="241" count="2" type="cond" truecount="2" falsecount="3"/>
      <line num="242" count="0" type="stmt"/>
      <line num="244" count="2" type="cond" truecount="2" falsecount="3"/>
      <line num="245" count="0" type="stmt"/>
      <line num="247" count="2" type="cond" truecount="1" falsecount="1"/>
      <line num="248" count="2" type="cond" truecount="1" falsecount="1"/>
      <line num="250" count="2" type="stmt"/>
      <line num="251" count="2" type="stmt"/>
      <line num="252" count="2" type="stmt"/>
      <line num="256" count="1" type="stmt"/>
      <line num="258" count="1" type="stmt"/>
      <line num="262" count="1" type="cond" truecount="1" falsecount="1"/>
      <line num="263" count="1" type="stmt"/>
      <line num="264" count="1" type="stmt"/>
      <line num="266" count="1" type="stmt"/>
      <line num="267" count="1" type="stmt"/>
      <line num="268" count="7" type="stmt"/>
      <line num="270" count="1" type="cond" truecount="1" falsecount="1"/>
      <line num="271" count="1" type="cond" truecount="2" falsecount="2"/>
      <line num="273" count="1" type="cond" truecount="1" falsecount="1"/>
      <line num="274" count="1" type="stmt"/>
      <line num="275" count="1" type="cond" truecount="1" falsecount="1"/>
      <line num="276" count="2" type="stmt"/>
      <line num="277" count="1" type="cond" truecount="1" falsecount="1"/>
      <line num="280" count="1" type="cond" truecount="1" falsecount="1"/>
      <line num="282" count="1" type="stmt"/>
      <line num="284" count="1" type="stmt"/>
      <line num="285" count="1" type="stmt"/>
      <line num="287" count="1" type="stmt"/>
      <line num="288" count="1" type="cond" truecount="1" falsecount="1"/>
      <line num="290" count="1" type="stmt"/>
      <line num="291" count="2" type="stmt"/>
      <line num="292" count="1" type="stmt"/>
      <line num="293" count="1" type="cond" truecount="1" falsecount="1"/>
      <line num="294" count="1" type="stmt"/>
      <line num="298" count="1" type="cond" truecount="1" falsecount="1"/>
      <line num="299" count="0" type="stmt"/>
      <line num="302" count="1" type="stmt"/>
      <line num="304" count="1" type="cond" truecount="1" falsecount="1"/>
      <line num="305" count="1" type="stmt"/>
      <line num="307" count="1" type="stmt"/>
      <line num="308" count="1" type="stmt"/>
      <line num="309" count="1" type="stmt"/>
      <line num="310" count="1" type="stmt"/>
      <line num="311" count="1" type="stmt"/>
      <line num="313" count="1" type="stmt"/>
      <line num="315" count="1" type="cond" truecount="1" falsecount="1"/>
      <line num="316" count="1" type="cond" truecount="1" falsecount="1"/>
      <line num="317" count="1" type="cond" truecount="1" falsecount="1"/>
      <line num="318" count="1" type="cond" truecount="1" falsecount="1"/>
      <line num="319" count="1" type="cond" truecount="1" falsecount="1"/>
      <line num="321" count="1" type="stmt"/>
      <line num="322" count="1" type="stmt"/>
      <line num="330" count="2014" type="stmt"/>
      <line num="331" count="2014" type="stmt"/>
      <line num="332" count="2014" type="stmt"/>
      <line num="333" count="2014" type="cond" truecount="4" falsecount="2"/>
      <line num="341" count="26" type="stmt"/>
      <line num="342" count="26" type="cond" truecount="2" falsecount="0"/>
      <line num="343" count="2" type="stmt"/>
      <line num="344" count="2" type="stmt"/>
      <line num="348" count="26" type="cond" truecount="2" falsecount="0"/>
      <line num="349" count="2" type="stmt"/>
      <line num="350" count="2" type="cond" truecount="3" falsecount="1"/>
      <line num="351" count="2" type="cond" truecount="2" falsecount="0"/>
      <line num="352" count="9" type="stmt"/>
      <line num="355" count="11" type="cond" truecount="2" falsecount="0"/>
      <line num="359" count="0" type="stmt"/>
      <line num="363" count="2" type="stmt"/>
      <line num="364" count="2" type="stmt"/>
      <line num="366" count="2" type="stmt"/>
      <line num="367" count="2" type="stmt"/>
      <line num="370" count="26" type="stmt"/>
      <line num="386" count="11" type="cond" truecount="3" falsecount="1"/>
      <line num="390" count="11" type="stmt"/>
      <line num="391" count="11" type="stmt"/>
      <line num="394" count="11" type="stmt"/>
      <line num="395" count="11" type="cond" truecount="1" falsecount="1"/>
      <line num="399" count="11" type="cond" truecount="2" falsecount="0"/>
      <line num="400" count="2" type="stmt"/>
      <line num="402" count="9" type="stmt"/>
      <line num="403" count="9" type="stmt"/>
      <line num="404" count="9" type="stmt"/>
      <line num="409" count="11" type="stmt"/>
      <line num="410" count="11" type="stmt"/>
      <line num="411" count="11" type="stmt"/>
      <line num="413" count="11" type="stmt"/>
      <line num="414" count="57" type="cond" truecount="4" falsecount="0"/>
      <line num="415" count="43" type="stmt"/>
      <line num="416" count="43" type="stmt"/>
      <line num="422" count="11" type="cond" truecount="2" falsecount="0"/>
      <line num="423" count="3" type="stmt"/>
      <line num="427" count="8" type="stmt"/>
      <line num="428" count="8" type="stmt"/>
      <line num="430" count="8" type="stmt"/>
      <line num="431" count="2008" type="stmt"/>
      <line num="434" count="2008" type="cond" truecount="1" falsecount="1"/>
      <line num="435" count="0" type="stmt"/>
      <line num="438" count="2008" type="cond" truecount="2" falsecount="0"/>
      <line num="439" count="1001" type="stmt"/>
      <line num="440" count="1001" type="stmt"/>
      <line num="441" count="6003" type="stmt"/>
      <line num="442" count="6003" type="cond" truecount="1" falsecount="1"/>
      <line num="444" count="1001" type="stmt"/>
      <line num="446" count="1007" type="stmt"/>
      <line num="447" count="1007" type="stmt"/>
      <line num="448" count="6035" type="stmt"/>
      <line num="449" count="6035" type="stmt"/>
      <line num="450" count="6035" type="cond" truecount="1" falsecount="1"/>
      <line num="452" count="1007" type="stmt"/>
      <line num="457" count="8" type="stmt"/>
      <line num="459" count="8" type="stmt"/>
      <line num="463" count="18" type="cond" truecount="1" falsecount="1"/>
      <line num="464" count="18" type="stmt"/>
    </file>
    <file name="Engine_ABAC.gs" path="C:\Users\grego\Antigravity\Taxonomia Project\src\Engine_ABAC.gs">
      <metrics statements="89" coveredstatements="81" conditionals="102" coveredconditionals="60" methods="15" coveredmethods="15"/>
      <line num="6" count="1" type="stmt"/>
      <line num="11" count="22" type="cond" truecount="2" falsecount="0"/>
      <line num="12" count="15" type="stmt"/>
      <line num="13" count="15" type="cond" truecount="3" falsecount="1"/>
      <line num="15" count="22" type="stmt"/>
      <line num="19" count="2" type="stmt"/>
      <line num="20" count="2" type="cond" truecount="1" falsecount="1"/>
      <line num="21" count="2" type="stmt"/>
      <line num="23" count="2" type="stmt"/>
      <line num="33" count="4" type="cond" truecount="1" falsecount="1"/>
      <line num="37" count="4" type="stmt"/>
      <line num="38" count="4" type="stmt"/>
      <line num="39" count="9" type="cond" truecount="1" falsecount="1"/>
      <line num="41" count="4" type="cond" truecount="2" falsecount="0"/>
      <line num="43" count="1" type="stmt"/>
      <line num="46" count="3" type="stmt"/>
      <line num="53" count="3" type="cond" truecount="1" falsecount="1"/>
      <line num="54" count="3" type="stmt"/>
      <line num="55" count="9" type="stmt"/>
      <line num="56" count="3" type="stmt"/>
      <line num="57" count="6" type="stmt"/>
      <line num="61" count="3" type="cond" truecount="1" falsecount="1"/>
      <line num="62" count="3" type="cond" truecount="1" falsecount="1"/>
      <line num="66" count="3" type="stmt"/>
      <line num="67" count="3" type="stmt"/>
      <line num="69" count="9" type="cond" truecount="1" falsecount="3"/>
      <line num="72" count="3" type="cond" truecount="1" falsecount="1"/>
      <line num="73" count="3" type="stmt"/>
      <line num="74" count="6" type="stmt"/>
      <line num="75" count="6" type="cond" truecount="3" falsecount="1"/>
      <line num="76" count="6" type="stmt"/>
      <line num="77" count="6" type="cond" truecount="1" falsecount="1"/>
      <line num="79" count="6" type="stmt"/>
      <line num="80" count="15" type="cond" truecount="2" falsecount="0"/>
      <line num="81" count="12" type="cond" truecount="2" falsecount="0"/>
      <line num="82" count="6" type="stmt"/>
      <line num="83" count="6" type="cond" truecount="4" falsecount="1"/>
      <line num="84" count="6" type="stmt"/>
      <line num="85" count="6" type="stmt"/>
      <line num="93" count="3" type="stmt"/>
      <line num="95" count="3" type="cond" truecount="2" falsecount="0"/>
      <line num="96" count="9" type="stmt"/>
      <line num="97" count="9" type="stmt"/>
      <line num="99" count="9" type="stmt"/>
      <line num="100" count="18" type="stmt"/>
      <line num="102" count="18" type="cond" truecount="4" falsecount="0"/>
      <line num="103" count="3" type="stmt"/>
      <line num="104" count="3" type="cond" truecount="1" falsecount="1"/>
      <line num="106" count="3" type="stmt"/>
      <line num="107" count="3" type="cond" truecount="1" falsecount="1"/>
      <line num="109" count="3" type="stmt"/>
      <line num="110" count="6" type="cond" truecount="1" falsecount="1"/>
      <line num="111" count="6" type="stmt"/>
      <line num="113" count="6" type="cond" truecount="5" falsecount="0"/>
      <line num="114" count="3" type="stmt"/>
      <line num="115" count="3" type="stmt"/>
      <line num="123" count="3" type="cond" truecount="2" falsecount="2"/>
      <line num="124" count="0" type="stmt"/>
      <line num="130" count="3" type="stmt"/>
      <line num="131" count="3" type="stmt"/>
      <line num="133" count="3" type="stmt"/>
      <line num="148" count="3" type="cond" truecount="1" falsecount="1"/>
      <line num="151" count="3" type="cond" truecount="1" falsecount="1"/>
      <line num="153" count="3" type="stmt"/>
      <line num="154" count="3" type="stmt"/>
      <line num="155" count="5" type="cond" truecount="1" falsecount="1"/>
      <line num="158" count="3" type="cond" truecount="1" falsecount="1"/>
      <line num="160" count="0" type="stmt"/>
      <line num="163" count="3" type="stmt"/>
      <line num="166" count="3" type="cond" truecount="1" falsecount="1"/>
      <line num="168" count="3" type="stmt"/>
      <line num="170" count="6" type="cond" truecount="2" falsecount="0"/>
      <line num="174" count="3" type="cond" truecount="1" falsecount="1"/>
      <line num="175" count="0" type="stmt"/>
      <line num="178" count="3" type="cond" truecount="1" falsecount="1"/>
      <line num="181" count="3" type="cond" truecount="2" falsecount="0"/>
      <line num="182" count="2" type="cond" truecount="1" falsecount="1"/>
      <line num="183" count="2" type="cond" truecount="1" falsecount="1"/>
      <line num="186" count="2" type="cond" truecount="2" falsecount="2"/>
      <line num="187" count="2" type="stmt"/>
      <line num="189" count="2" type="cond" truecount="1" falsecount="1"/>
      <line num="190" count="2" type="stmt"/>
      <line num="192" count="0" type="cond" truecount="0" falsecount="2"/>
      <line num="193" count="0" type="cond" truecount="0" falsecount="2"/>
      <line num="199" count="0" type="cond" truecount="0" falsecount="2"/>
      <line num="200" count="0" type="cond" truecount="0" falsecount="4"/>
      <line num="203" count="0" type="stmt"/>
      <line num="208" count="1" type="cond" truecount="1" falsecount="1"/>
      <line num="209" count="1" type="stmt"/>
    </file>
    <file name="Engine_DB.js" path="C:\Users\grego\Antigravity\Taxonomia Project\src\Engine_DB.js">
      <metrics statements="240" coveredstatements="110" conditionals="256" coveredconditionals="69" methods="40" coveredmethods="20"/>
      <line num="11" count="7" type="cond" truecount="1" falsecount="1"/>
      <line num="13" count="7" type="stmt"/>
      <line num="14" count="7" type="stmt"/>
      <line num="17" count="0" type="stmt"/>
      <line num="18" count="0" type="stmt"/>
      <line num="26" count="4" type="cond" truecount="1" falsecount="1"/>
      <line num="27" count="4" type="stmt"/>
      <line num="30" count="4" type="stmt"/>
      <line num="33" count="4" type="stmt"/>
      <line num="40" count="4" type="cond" truecount="1" falsecount="1"/>
      <line num="41" count="4" type="stmt"/>
      <line num="44" count="4" type="cond" truecount="1" falsecount="1"/>
      <line num="51" count="7" type="stmt"/>
      <line num="53" count="0" type="cond" truecount="0" falsecount="2"/>
      <line num="54" count="0" type="cond" truecount="0" falsecount="6"/>
      <line num="55" count="0" type="cond" truecount="0" falsecount="2"/>
      <line num="56" count="0" type="stmt"/>
      <line num="57" count="0" type="stmt"/>
      <line num="58" count="0" type="cond" truecount="0" falsecount="2"/>
      <line num="59" count="0" type="stmt"/>
      <line num="62" count="0" type="cond" truecount="0" falsecount="4"/>
      <line num="65" count="0" type="cond" truecount="0" falsecount="4"/>
      <line num="68" count="0" type="cond" truecount="0" falsecount="4"/>
      <line num="77" count="0" type="cond" truecount="0" falsecount="4"/>
      <line num="79" count="0" type="stmt"/>
      <line num="80" count="0" type="stmt"/>
      <line num="81" count="0" type="cond" truecount="0" falsecount="2"/>
      <line num="83" count="0" type="stmt"/>
      <line num="84" count="0" type="stmt"/>
      <line num="85" count="0" type="stmt"/>
      <line num="86" count="0" type="stmt"/>
      <line num="87" count="0" type="stmt"/>
      <line num="88" count="0" type="stmt"/>
      <line num="90" count="0" type="stmt"/>
      <line num="91" count="0" type="stmt"/>
      <line num="93" count="0" type="stmt"/>
      <line num="94" count="0" type="cond" truecount="0" falsecount="4"/>
      <line num="95" count="0" type="stmt"/>
      <line num="96" count="0" type="stmt"/>
      <line num="97" count="0" type="stmt"/>
      <line num="101" count="0" type="cond" truecount="0" falsecount="4"/>
      <line num="103" count="0" type="stmt"/>
      <line num="106" count="0" type="cond" truecount="0" falsecount="2"/>
      <line num="107" count="0" type="stmt"/>
      <line num="108" count="0" type="stmt"/>
      <line num="109" count="0" type="stmt"/>
      <line num="111" count="0" type="stmt"/>
      <line num="112" count="0" type="cond" truecount="0" falsecount="2"/>
      <line num="116" count="0" type="cond" truecount="0" falsecount="2"/>
      <line num="117" count="0" type="stmt"/>
      <line num="118" count="0" type="stmt"/>
      <line num="119" count="0" type="stmt"/>
      <line num="120" count="0" type="stmt"/>
      <line num="121" count="0" type="cond" truecount="0" falsecount="2"/>
      <line num="122" count="0" type="cond" truecount="0" falsecount="2"/>
      <line num="123" count="0" type="cond" truecount="0" falsecount="2"/>
      <line num="124" count="0" type="cond" truecount="0" falsecount="2"/>
      <line num="125" count="0" type="cond" truecount="0" falsecount="2"/>
      <line num="126" count="0" type="cond" truecount="0" falsecount="2"/>
      <line num="127" count="0" type="cond" truecount="0" falsecount="2"/>
      <line num="128" count="0" type="cond" truecount="0" falsecount="2"/>
      <line num="129" count="0" type="cond" truecount="0" falsecount="2"/>
      <line num="130" count="0" type="cond" truecount="0" falsecount="2"/>
      <line num="131" count="0" type="stmt"/>
      <line num="133" count="0" type="stmt"/>
      <line num="134" count="0" type="cond" truecount="0" falsecount="2"/>
      <line num="137" count="0" type="stmt"/>
      <line num="141" count="7" type="stmt"/>
      <line num="143" count="7" type="stmt"/>
      <line num="146" count="7" type="cond" truecount="1" falsecount="1"/>
      <line num="149" count="7" type="stmt"/>
      <line num="154" count="7" type="cond" truecount="2" falsecount="0"/>
      <line num="155" count="1" type="stmt"/>
      <line num="156" count="1" type="stmt"/>
      <line num="158" count="1" type="cond" truecount="3" falsecount="1"/>
      <line num="159" count="1" type="stmt"/>
      <line num="160" count="1" type="stmt"/>
      <line num="161" count="0" type="cond" truecount="0" falsecount="2"/>
      <line num="162" count="0" type="stmt"/>
      <line num="165" count="0" type="stmt"/>
      <line num="168" count="0" type="cond" truecount="0" falsecount="2"/>
      <line num="169" count="0" type="stmt"/>
      <line num="173" count="7" type="stmt"/>
      <line num="184" count="3" type="stmt"/>
      <line num="185" count="3" type="stmt"/>
      <line num="186" count="3" type="stmt"/>
      <line num="193" count="3" type="cond" truecount="1" falsecount="1"/>
      <line num="194" count="3" type="cond" truecount="1" falsecount="1"/>
      <line num="195" count="3" type="cond" truecount="1" falsecount="3"/>
      <line num="196" count="3" type="stmt"/>
      <line num="197" count="8" type="cond" truecount="4" falsecount="0"/>
      <line num="198" count="3" type="stmt"/>
      <line num="199" count="3" type="stmt"/>
      <line num="204" count="3" type="cond" truecount="1" falsecount="1"/>
      <line num="205" count="3" type="stmt"/>
      <line num="207" count="3" type="stmt"/>
      <line num="208" count="8" type="cond" truecount="4" falsecount="2"/>
      <line num="209" count="0" type="stmt"/>
      <line num="210" count="0" type="cond" truecount="0" falsecount="2"/>
      <line num="213" count="0" type="cond" truecount="0" falsecount="2"/>
      <line num="214" count="0" type="stmt"/>
      <line num="216" count="0" type="stmt"/>
      <line num="217" count="0" type="cond" truecount="0" falsecount="2"/>
      <line num="219" count="0" type="cond" truecount="0" falsecount="2"/>
      <line num="220" count="0" type="cond" truecount="0" falsecount="2"/>
      <line num="222" count="0" type="cond" truecount="0" falsecount="2"/>
      <line num="223" count="0" type="cond" truecount="0" falsecount="2"/>
      <line num="225" count="0" type="stmt"/>
      <line num="233" count="3" type="stmt"/>
      <line num="236" count="3" type="cond" truecount="1" falsecount="1"/>
      <line num="237" count="3" type="stmt"/>
      <line num="242" count="3" type="cond" truecount="1" falsecount="1"/>
      <line num="243" count="3" type="cond" truecount="1" falsecount="3"/>
      <line num="244" count="3" type="stmt"/>
      <line num="245" count="8" type="cond" truecount="4" falsecount="0"/>
      <line num="246" count="3" type="stmt"/>
      <line num="247" count="3" type="stmt"/>
      <line num="248" count="3" type="stmt"/>
      <line num="252" count="3" type="cond" truecount="2" falsecount="0"/>
      <line num="253" count="3" type="cond" truecount="1" falsecount="1"/>
      <line num="256" count="3" type="stmt"/>
      <line num="257" count="3" type="cond" truecount="1" falsecount="3"/>
      <line num="258" count="3" type="stmt"/>
      <line num="260" count="6" type="cond" truecount="2" falsecount="0"/>
      <line num="261" count="3" type="stmt"/>
      <line num="264" count="3" type="cond" truecount="1" falsecount="1"/>
      <line num="265" count="0" type="cond" truecount="0" falsecount="2"/>
      <line num="266" count="0" type="cond" truecount="0" falsecount="2"/>
      <line num="268" count="0" type="cond" truecount="0" falsecount="2"/>
      <line num="272" count="3" type="cond" truecount="3" falsecount="1"/>
      <line num="273" count="3" type="cond" truecount="2" falsecount="0"/>
      <line num="274" count="1" type="stmt"/>
      <line num="278" count="3" type="cond" truecount="2" falsecount="0"/>
      <line num="279" count="1" type="cond" truecount="1" falsecount="1"/>
      <line num="280" count="1" type="stmt"/>
      <line num="284" count="3" type="stmt"/>
      <line num="285" count="6" type="stmt"/>
      <line num="288" count="6" type="cond" truecount="2" falsecount="0"/>
      <line num="289" count="4" type="stmt"/>
      <line num="290" count="4" type="stmt"/>
      <line num="291" count="4" type="stmt"/>
      <line num="292" count="20" type="stmt"/>
      <line num="293" count="4" type="stmt"/>
      <line num="298" count="3" type="cond" truecount="1" falsecount="1"/>
      <line num="299" count="3" type="stmt"/>
      <line num="301" count="3" type="cond" truecount="1" falsecount="1"/>
      <line num="306" count="3" type="stmt"/>
      <line num="311" count="3" type="stmt"/>
      <line num="315" count="1" type="stmt"/>
      <line num="316" count="1" type="cond" truecount="1" falsecount="1"/>
      <line num="319" count="1" type="stmt"/>
      <line num="322" count="1" type="stmt"/>
      <line num="324" count="1" type="stmt"/>
      <line num="331" count="0" type="cond" truecount="0" falsecount="4"/>
      <line num="332" count="0" type="stmt"/>
      <line num="333" count="0" type="stmt"/>
      <line num="337" count="1" type="cond" truecount="1" falsecount="1"/>
      <line num="338" count="1" type="stmt"/>
      <line num="339" count="1" type="stmt"/>
      <line num="340" count="1" type="cond" truecount="1" falsecount="1"/>
      <line num="347" count="1" type="stmt"/>
      <line num="348" count="1" type="cond" truecount="1" falsecount="1"/>
      <line num="350" count="1" type="cond" truecount="1" falsecount="1"/>
      <line num="351" count="1" type="cond" truecount="1" falsecount="1"/>
      <line num="352" count="1" type="cond" truecount="1" falsecount="3"/>
      <line num="353" count="1" type="stmt"/>
      <line num="354" count="3" type="cond" truecount="2" falsecount="0"/>
      <line num="355" count="1" type="stmt"/>
      <line num="356" count="1" type="stmt"/>
      <line num="359" count="1" type="cond" truecount="1" falsecount="1"/>
      <line num="360" count="1" type="stmt"/>
      <line num="363" count="3" type="stmt"/>
      <line num="364" count="1" type="stmt"/>
      <line num="366" count="1" type="cond" truecount="1" falsecount="1"/>
      <line num="367" count="1" type="stmt"/>
      <line num="373" count="1" type="stmt"/>
      <line num="382" count="3" type="cond" truecount="1" falsecount="1"/>
      <line num="385" count="3" type="stmt"/>
      <line num="386" count="3" type="cond" truecount="1" falsecount="1"/>
      <line num="387" count="3" type="stmt"/>
      <line num="388" count="3" type="cond" truecount="2" falsecount="2"/>
      <line num="389" count="0" type="stmt"/>
      <line num="390" count="0" type="stmt"/>
      <line num="394" count="3" type="stmt"/>
      <line num="395" count="3" type="stmt"/>
      <line num="398" count="3" type="cond" truecount="5" falsecount="0"/>
      <line num="399" count="2" type="stmt"/>
      <line num="402" count="3" type="stmt"/>
      <line num="406" count="0" type="stmt"/>
      <line num="407" count="0" type="cond" truecount="0" falsecount="2"/>
      <line num="410" count="0" type="stmt"/>
      <line num="413" count="0" type="stmt"/>
      <line num="415" count="0" type="stmt"/>
      <line num="423" count="0" type="cond" truecount="0" falsecount="2"/>
      <line num="424" count="0" type="cond" truecount="0" falsecount="2"/>
      <line num="426" count="0" type="stmt"/>
      <line num="429" count="0" type="stmt"/>
      <line num="430" count="0" type="stmt"/>
      <line num="431" count="0" type="cond" truecount="0" falsecount="2"/>
      <line num="432" count="0" type="stmt"/>
      <line num="434" count="0" type="cond" truecount="0" falsecount="5"/>
      <line num="435" count="0" type="stmt"/>
      <line num="436" count="0" type="cond" truecount="0" falsecount="2"/>
      <line num="440" count="0" type="cond" truecount="0" falsecount="2"/>
      <line num="441" count="0" type="stmt"/>
      <line num="442" count="0" type="stmt"/>
      <line num="446" count="0" type="cond" truecount="0" falsecount="4"/>
      <line num="453" count="0" type="stmt"/>
      <line num="454" count="0" type="cond" truecount="0" falsecount="4"/>
      <line num="457" count="0" type="stmt"/>
      <line num="458" count="0" type="cond" truecount="0" falsecount="4"/>
      <line num="459" count="0" type="stmt"/>
      <line num="461" count="0" type="cond" truecount="0" falsecount="2"/>
      <line num="464" count="0" type="stmt"/>
      <line num="465" count="0" type="cond" truecount="0" falsecount="2"/>
      <line num="468" count="0" type="stmt"/>
      <line num="475" count="0" type="cond" truecount="0" falsecount="2"/>
      <line num="477" count="0" type="stmt"/>
      <line num="478" count="0" type="stmt"/>
      <line num="479" count="0" type="stmt"/>
      <line num="493" count="0" type="stmt"/>
      <line num="496" count="0" type="cond" truecount="0" falsecount="4"/>
      <line num="497" count="0" type="stmt"/>
      <line num="499" count="0" type="stmt"/>
      <line num="500" count="0" type="stmt"/>
      <line num="505" count="0" type="stmt"/>
      <line num="506" count="0" type="stmt"/>
      <line num="510" count="0" type="cond" truecount="0" falsecount="2"/>
      <line num="511" count="0" type="cond" truecount="0" falsecount="2"/>
      <line num="512" count="0" type="stmt"/>
      <line num="515" count="0" type="cond" truecount="0" falsecount="2"/>
      <line num="516" count="0" type="cond" truecount="0" falsecount="2"/>
      <line num="517" count="0" type="stmt"/>
      <line num="520" count="0" type="stmt"/>
      <line num="526" count="0" type="cond" truecount="0" falsecount="2"/>
      <line num="527" count="0" type="stmt"/>
      <line num="532" count="0" type="stmt"/>
      <line num="534" count="0" type="stmt"/>
      <line num="542" count="7" type="cond" truecount="1" falsecount="1"/>
      <line num="543" count="7" type="stmt"/>
    </file>
    <file name="Engine_Graph.js" path="C:\Users\grego\Antigravity\Taxonomia Project\src\Engine_Graph.js">
      <metrics statements="157" coveredstatements="141" conditionals="155" coveredconditionals="113" methods="22" coveredmethods="20"/>
      <line num="7" count="2" type="stmt"/>
      <line num="14" count="11" type="stmt"/>
      <line num="15" count="11" type="cond" truecount="3" falsecount="1"/>
      <line num="17" count="11" type="stmt"/>
      <line num="18" count="11" type="stmt"/>
      <line num="19" count="11" type="stmt"/>
      <line num="21" count="11" type="cond" truecount="1" falsecount="1"/>
      <line num="22" count="16" type="stmt"/>
      <line num="23" count="16" type="stmt"/>
      <line num="24" count="16" type="cond" truecount="2" falsecount="0"/>
      <line num="25" count="16" type="stmt"/>
      <line num="27" count="16" type="cond" truecount="2" falsecount="0"/>
      <line num="28" count="16" type="stmt"/>
      <line num="30" count="16" type="cond" truecount="1" falsecount="1"/>
      <line num="31" count="16" type="stmt"/>
      <line num="34" count="11" type="cond" truecount="1" falsecount="1"/>
      <line num="35" count="12" type="stmt"/>
      <line num="36" count="12" type="stmt"/>
      <line num="38" count="12" type="cond" truecount="5" falsecount="1"/>
      <line num="41" count="12" type="cond" truecount="2" falsecount="0"/>
      <line num="42" count="1" type="cond" truecount="3" falsecount="1"/>
      <line num="43" count="1" type="stmt"/>
      <line num="45" count="0" type="cond" truecount="0" falsecount="2"/>
      <line num="46" count="0" type="cond" truecount="0" falsecount="2"/>
      <line num="47" count="0" type="stmt"/>
      <line num="52" count="11" type="cond" truecount="4" falsecount="0"/>
      <line num="55" count="13" type="cond" truecount="4" falsecount="1"/>
      <line num="57" count="13" type="cond" truecount="4" falsecount="0"/>
      <line num="58" count="2" type="stmt"/>
      <line num="59" count="2" type="stmt"/>
      <line num="62" count="11" type="cond" truecount="1" falsecount="1"/>
      <line num="64" count="11" type="stmt"/>
      <line num="66" count="11" type="cond" truecount="2" falsecount="0"/>
      <line num="67" count="11" type="stmt"/>
      <line num="69" count="11" type="stmt"/>
      <line num="70" count="9" type="stmt"/>
      <line num="71" count="5" type="cond" truecount="2" falsecount="0"/>
      <line num="74" count="7" type="stmt"/>
      <line num="76" count="7" type="stmt"/>
      <line num="80" count="7" type="stmt"/>
      <line num="81" count="7" type="stmt"/>
      <line num="85" count="4" type="stmt"/>
      <line num="86" count="4" type="stmt"/>
      <line num="87" count="4" type="stmt"/>
      <line num="89" count="2" type="cond" truecount="1" falsecount="1"/>
      <line num="91" count="2" type="cond" truecount="1" falsecount="1"/>
      <line num="93" count="2" type="cond" truecount="2" falsecount="2"/>
      <line num="94" count="2" type="stmt"/>
      <line num="95" count="2" type="stmt"/>
      <line num="96" count="2" type="stmt"/>
      <line num="99" count="0" type="stmt"/>
      <line num="101" count="0" type="stmt"/>
      <line num="102" count="0" type="cond" truecount="0" falsecount="2"/>
      <line num="103" count="0" type="stmt"/>
      <line num="104" count="0" type="stmt"/>
      <line num="105" count="0" type="stmt"/>
      <line num="106" count="0" type="cond" truecount="0" falsecount="2"/>
      <line num="107" count="0" type="stmt"/>
      <line num="109" count="0" type="stmt"/>
      <line num="113" count="0" type="stmt"/>
      <line num="114" count="0" type="stmt"/>
      <line num="117" count="2" type="stmt"/>
      <line num="118" count="2" type="stmt"/>
      <line num="120" count="2" type="cond" truecount="2" falsecount="0"/>
      <line num="121" count="1" type="stmt"/>
      <line num="122" count="1" type="stmt"/>
      <line num="128" count="8" type="cond" truecount="4" falsecount="0"/>
      <line num="129" count="4" type="cond" truecount="2" falsecount="0"/>
      <line num="130" count="4" type="stmt"/>
      <line num="131" count="3" type="cond" truecount="1" falsecount="1"/>
      <line num="132" count="3" type="cond" truecount="2" falsecount="0"/>
      <line num="133" count="1" type="stmt"/>
      <line num="135" count="2" type="cond" truecount="1" falsecount="1"/>
      <line num="136" count="2" type="stmt"/>
      <line num="137" count="2" type="cond" truecount="1" falsecount="1"/>
      <line num="141" count="3" type="stmt"/>
      <line num="142" count="3" type="stmt"/>
      <line num="146" count="7" type="cond" truecount="2" falsecount="0"/>
      <line num="147" count="7" type="stmt"/>
      <line num="149" count="7" type="cond" truecount="2" falsecount="0"/>
      <line num="150" count="7" type="stmt"/>
      <line num="152" count="7" type="cond" truecount="2" falsecount="0"/>
      <line num="153" count="7" type="stmt"/>
      <line num="156" count="6" type="stmt"/>
      <line num="166" count="3" type="stmt"/>
      <line num="167" count="3" type="cond" truecount="1" falsecount="1"/>
      <line num="169" count="3" type="stmt"/>
      <line num="172" count="3" type="stmt"/>
      <line num="173" count="3" type="cond" truecount="1" falsecount="1"/>
      <line num="174" count="0" type="stmt"/>
      <line num="175" count="3" type="cond" truecount="1" falsecount="1"/>
      <line num="176" count="3" type="stmt"/>
      <line num="179" count="3" type="cond" truecount="4" falsecount="1"/>
      <line num="180" count="3" type="stmt"/>
      <line num="181" count="3" type="cond" truecount="1" falsecount="1"/>
      <line num="182" count="3" type="cond" truecount="1" falsecount="1"/>
      <line num="183" count="2" type="cond" truecount="1" falsecount="1"/>
      <line num="188" count="2" type="cond" truecount="3" falsecount="1"/>
      <line num="189" count="2" type="stmt"/>
      <line num="190" count="2" type="cond" truecount="1" falsecount="1"/>
      <line num="191" count="2" type="stmt"/>
      <line num="192" count="2" type="stmt"/>
      <line num="193" count="2" type="stmt"/>
      <line num="196" count="2" type="cond" truecount="1" falsecount="1"/>
      <line num="200" count="2" type="cond" truecount="3" falsecount="1"/>
      <line num="201" count="2" type="stmt"/>
      <line num="202" count="3" type="cond" truecount="1" falsecount="1"/>
      <line num="203" count="3" type="stmt"/>
      <line num="204" count="3" type="stmt"/>
      <line num="205" count="3" type="stmt"/>
      <line num="206" count="3" type="stmt"/>
      <line num="207" count="3" type="stmt"/>
      <line num="212" count="2" type="stmt"/>
      <line num="227" count="4" type="stmt"/>
      <line num="233" count="4" type="stmt"/>
      <line num="234" count="4" type="stmt"/>
      <line num="237" count="4" type="stmt"/>
      <line num="238" count="13" type="cond" truecount="2" falsecount="0"/>
      <line num="239" count="13" type="stmt"/>
      <line num="241" count="13" type="cond" truecount="2" falsecount="0"/>
      <line num="242" count="13" type="stmt"/>
      <line num="245" count="4" type="cond" truecount="4" falsecount="0"/>
      <line num="246" count="3" type="cond" truecount="2" falsecount="0"/>
      <line num="247" count="1" type="stmt"/>
      <line num="250" count="3" type="cond" truecount="2" falsecount="0"/>
      <line num="252" count="2" type="stmt"/>
      <line num="253" count="2" type="stmt"/>
      <line num="254" count="2" type="stmt"/>
      <line num="256" count="2" type="stmt"/>
      <line num="257" count="4" type="stmt"/>
      <line num="260" count="4" type="stmt"/>
      <line num="261" count="12" type="cond" truecount="5" falsecount="0"/>
      <line num="262" count="5" type="stmt"/>
      <line num="263" count="5" type="stmt"/>
      <line num="268" count="4" type="cond" truecount="2" falsecount="0"/>
      <line num="269" count="4" type="stmt"/>
      <line num="270" count="3" type="cond" truecount="1" falsecount="1"/>
      <line num="272" count="3" type="cond" truecount="1" falsecount="1"/>
      <line num="273" count="4" type="stmt"/>
      <line num="275" count="3" type="cond" truecount="2" falsecount="0"/>
      <line num="276" count="2" type="stmt"/>
      <line num="277" count="2" type="stmt"/>
      <line num="278" count="2" type="stmt"/>
      <line num="283" count="2" type="stmt"/>
      <line num="286" count="1" type="cond" truecount="1" falsecount="1"/>
      <line num="287" count="4" type="cond" truecount="2" falsecount="0"/>
      <line num="289" count="1" type="cond" truecount="1" falsecount="1"/>
      <line num="290" count="1" type="cond" truecount="1" falsecount="1"/>
      <line num="293" count="1" type="stmt"/>
      <line num="294" count="2" type="stmt"/>
      <line num="296" count="16" type="cond" truecount="2" falsecount="0"/>
      <line num="297" count="4" type="cond" truecount="1" falsecount="1"/>
      <line num="298" count="4" type="stmt"/>
      <line num="305" count="1" type="stmt"/>
      <line num="308" count="0" type="stmt"/>
      <line num="313" count="2" type="cond" truecount="3" falsecount="1"/>
      <line num="314" count="2" type="stmt"/>
    </file>
    <file name="Math_Engine.js" path="C:\Users\grego\Antigravity\Taxonomia Project\src\Math_Engine.js">
      <metrics statements="84" coveredstatements="33" conditionals="112" coveredconditionals="33" methods="17" coveredmethods="7"/>
      <line num="9" count="8" type="cond" truecount="3" falsecount="1"/>
      <line num="11" count="8" type="cond" truecount="1" falsecount="1"/>
      <line num="12" count="8" type="cond" truecount="1" falsecount="1"/>
      <line num="13" count="8" type="cond" truecount="1" falsecount="1"/>
      <line num="14" count="8" type="cond" truecount="1" falsecount="1"/>
      <line num="16" count="8" type="stmt"/>
      <line num="17" count="8" type="cond" truecount="3" falsecount="1"/>
      <line num="18" count="8" type="stmt"/>
      <line num="19" count="8" type="cond" truecount="2" falsecount="0"/>
      <line num="21" count="7" type="cond" truecount="1" falsecount="1"/>
      <line num="23" count="7" type="cond" truecount="2" falsecount="0"/>
      <line num="24" count="2" type="stmt"/>
      <line num="25" count="2" type="stmt"/>
      <line num="26" count="1" type="cond" truecount="1" falsecount="1"/>
      <line num="27" count="1" type="stmt"/>
      <line num="28" count="1" type="cond" truecount="3" falsecount="1"/>
      <line num="31" count="2" type="stmt"/>
      <line num="33" count="5" type="stmt"/>
      <line num="34" count="5" type="cond" truecount="4" falsecount="0"/>
      <line num="36" count="5" type="stmt"/>
      <line num="37" count="4" type="cond" truecount="3" falsecount="1"/>
      <line num="39" count="5" type="stmt"/>
      <line num="41" count="6" type="stmt"/>
      <line num="42" count="4" type="stmt"/>
      <line num="43" count="4" type="stmt"/>
      <line num="44" count="1" type="cond" truecount="1" falsecount="1"/>
      <line num="45" count="1" type="stmt"/>
      <line num="46" count="1" type="stmt"/>
      <line num="47" count="1" type="cond" truecount="3" falsecount="1"/>
      <line num="51" count="4" type="stmt"/>
      <line num="56" count="0" type="cond" truecount="0" falsecount="7"/>
      <line num="58" count="0" type="cond" truecount="0" falsecount="2"/>
      <line num="59" count="0" type="stmt"/>
      <line num="61" count="0" type="cond" truecount="0" falsecount="4"/>
      <line num="62" count="0" type="stmt"/>
      <line num="65" count="0" type="cond" truecount="0" falsecount="2"/>
      <line num="66" count="0" type="cond" truecount="0" falsecount="2"/>
      <line num="67" count="0" type="stmt"/>
      <line num="69" count="0" type="cond" truecount="0" falsecount="4"/>
      <line num="70" count="0" type="stmt"/>
      <line num="73" count="0" type="stmt"/>
      <line num="74" count="0" type="stmt"/>
      <line num="78" count="0" type="stmt"/>
      <line num="79" count="0" type="cond" truecount="0" falsecount="4"/>
      <line num="80" count="0" type="stmt"/>
      <line num="83" count="0" type="cond" truecount="0" falsecount="4"/>
      <line num="85" count="0" type="stmt"/>
      <line num="86" count="0" type="stmt"/>
      <line num="87" count="0" type="stmt"/>
      <line num="90" count="0" type="stmt"/>
      <line num="93" count="0" type="stmt"/>
      <line num="94" count="0" type="stmt"/>
      <line num="104" count="0" type="cond" truecount="0" falsecount="4"/>
      <line num="106" count="0" type="cond" truecount="0" falsecount="2"/>
      <line num="107" count="0" type="stmt"/>
      <line num="108" count="0" type="cond" truecount="0" falsecount="3"/>
      <line num="109" count="0" type="stmt"/>
      <line num="110" count="0" type="cond" truecount="0" falsecount="2"/>
      <line num="113" count="0" type="stmt"/>
      <line num="114" count="0" type="stmt"/>
      <line num="115" count="0" type="stmt"/>
      <line num="116" count="0" type="cond" truecount="0" falsecount="5"/>
      <line num="117" count="0" type="cond" truecount="0" falsecount="2"/>
      <line num="118" count="0" type="stmt"/>
      <line num="119" count="0" type="stmt"/>
      <line num="123" count="0" type="stmt"/>
      <line num="124" count="0" type="cond" truecount="0" falsecount="5"/>
      <line num="125" count="0" type="stmt"/>
      <line num="126" count="0" type="stmt"/>
      <line num="127" count="0" type="cond" truecount="0" falsecount="2"/>
      <line num="128" count="0" type="stmt"/>
      <line num="129" count="0" type="stmt"/>
      <line num="135" count="0" type="stmt"/>
      <line num="136" count="0" type="cond" truecount="0" falsecount="2"/>
      <line num="137" count="0" type="stmt"/>
      <line num="141" count="0" type="stmt"/>
      <line num="145" count="1" type="stmt"/>
      <line num="147" count="0" type="cond" truecount="0" falsecount="2"/>
      <line num="148" count="0" type="stmt"/>
      <line num="149" count="0" type="cond" truecount="0" falsecount="2"/>
      <line num="155" count="1" type="cond" truecount="3" falsecount="1"/>
      <line num="156" count="1" type="stmt"/>
      <line num="157" count="0" type="cond" truecount="0" falsecount="2"/>
      <line num="158" count="0" type="stmt"/>
    </file>
    <file name="Schema_Engine.gs" path="C:\Users\grego\Antigravity\Taxonomia Project\src\Schema_Engine.gs">
      <metrics statements="8" coveredstatements="3" conditionals="8" coveredconditionals="1" methods="2" coveredmethods="0"/>
      <line num="7" count="2" type="stmt"/>
      <line num="153" count="0" type="cond" truecount="0" falsecount="2"/>
      <line num="162" count="0" type="stmt"/>
      <line num="163" count="0" type="cond" truecount="0" falsecount="4"/>
      <line num="164" count="0" type="stmt"/>
      <line num="167" count="0" type="stmt"/>
      <line num="181" count="2" type="cond" truecount="1" falsecount="1"/>
      <line num="182" count="2" type="stmt"/>
    </file>
    <file name="SubgridState.js" path="C:\Users\grego\Antigravity\Taxonomia Project\src\SubgridState.js">
      <metrics statements="53" coveredstatements="42" conditionals="78" coveredconditionals="49" methods="19" coveredmethods="17"/>
      <line num="22" count="107" type="cond" truecount="1" falsecount="1"/>
      <line num="34" count="4" type="cond" truecount="4" falsecount="0"/>
      <line num="35" count="2" type="stmt"/>
      <line num="37" count="2" type="stmt"/>
      <line num="52" count="11" type="cond" truecount="1" falsecount="1"/>
      <line num="53" count="48" type="stmt"/>
      <line num="54" count="48" type="cond" truecount="1" falsecount="1"/>
      <line num="58" count="11" type="cond" truecount="4" falsecount="0"/>
      <line num="59" count="6" type="stmt"/>
      <line num="60" count="6" type="stmt"/>
      <line num="61" count="6" type="cond" truecount="1" falsecount="1"/>
      <line num="62" count="6" type="stmt"/>
      <line num="63" count="6" type="stmt"/>
      <line num="66" count="6" type="cond" truecount="4" falsecount="0"/>
      <line num="67" count="4" type="stmt"/>
      <line num="71" count="6" type="cond" truecount="4" falsecount="0"/>
      <line num="72" count="5" type="cond" truecount="2" falsecount="0"/>
      <line num="74" count="3" type="cond" truecount="2" falsecount="0"/>
      <line num="75" count="4" type="stmt"/>
      <line num="76" count="2" type="cond" truecount="1" falsecount="1"/>
      <line num="77" count="2" type="stmt"/>
      <line num="78" count="2" type="cond" truecount="2" falsecount="0"/>
      <line num="79" count="4" type="stmt"/>
      <line num="80" count="1" type="cond" truecount="3" falsecount="1"/>
      <line num="82" count="1" type="stmt"/>
      <line num="87" count="2" type="cond" truecount="2" falsecount="0"/>
      <line num="88" count="4" type="stmt"/>
      <line num="89" count="1" type="cond" truecount="1" falsecount="1"/>
      <line num="90" count="1" type="cond" truecount="2" falsecount="2"/>
      <line num="91" count="0" type="stmt"/>
      <line num="93" count="4" type="stmt"/>
      <line num="100" count="11" type="stmt"/>
      <line num="115" count="7" type="cond" truecount="3" falsecount="1"/>
      <line num="116" count="1" type="cond" truecount="1" falsecount="1"/>
      <line num="118" count="3" type="cond" truecount="1" falsecount="1"/>
      <line num="133" count="5" type="stmt"/>
      <line num="134" count="7" type="cond" truecount="3" falsecount="1"/>
      <line num="135" count="10" type="cond" truecount="1" falsecount="1"/>
      <line num="136" count="5" type="stmt"/>
      <line num="152" count="3" type="cond" truecount="1" falsecount="1"/>
      <line num="156" count="1" type="stmt"/>
      <line num="169" count="0" type="cond" truecount="0" falsecount="2"/>
      <line num="170" count="0" type="cond" truecount="0" falsecount="3"/>
      <line num="179" count="0" type="stmt"/>
      <line num="181" count="0" type="cond" truecount="0" falsecount="6"/>
      <line num="182" count="0" type="stmt"/>
      <line num="183" count="0" type="stmt"/>
      <line num="184" count="0" type="stmt"/>
      <line num="186" count="0" type="stmt"/>
      <line num="190" count="1" type="cond" truecount="3" falsecount="1"/>
      <line num="192" count="1" type="stmt"/>
      <line num="193" count="0" type="cond" truecount="0" falsecount="2"/>
      <line num="195" count="0" type="stmt"/>
    </file>
    <file name="Topology_Strategies.js" path="C:\Users\grego\Antigravity\Taxonomia Project\src\Topology_Strategies.js">
      <metrics statements="40" coveredstatements="40" conditionals="58" coveredconditionals="37" methods="10" coveredmethods="10"/>
      <line num="6" count="1" type="stmt"/>
      <line num="7" count="2" type="cond" truecount="3" falsecount="1"/>
      <line num="9" count="2" type="stmt"/>
      <line num="10" count="2" type="stmt"/>
      <line num="11" count="3" type="cond" truecount="1" falsecount="1"/>
      <line num="12" count="3" type="cond" truecount="1" falsecount="1"/>
      <line num="14" count="3" type="cond" truecount="2" falsecount="0"/>
      <line num="15" count="1" type="stmt"/>
      <line num="17" count="2" type="stmt"/>
      <line num="20" count="1" type="cond" truecount="3" falsecount="1"/>
      <line num="23" count="1" type="stmt"/>
      <line num="24" count="1" type="cond" truecount="2" falsecount="3"/>
      <line num="26" count="2" type="cond" truecount="2" falsecount="0"/>
      <line num="30" count="1" type="stmt"/>
      <line num="31" count="1" type="cond" truecount="1" falsecount="1"/>
      <line num="33" count="1" type="stmt"/>
      <line num="36" count="1" type="stmt"/>
      <line num="37" count="1" type="cond" truecount="3" falsecount="1"/>
      <line num="38" count="1" type="cond" truecount="3" falsecount="1"/>
      <line num="40" count="1" type="stmt"/>
      <line num="41" count="1" type="stmt"/>
      <line num="42" count="2" type="cond" truecount="1" falsecount="1"/>
      <line num="43" count="2" type="cond" truecount="1" falsecount="1"/>
      <line num="44" count="2" type="cond" truecount="1" falsecount="1"/>
      <line num="46" count="2" type="cond" truecount="2" falsecount="0"/>
      <line num="47" count="1" type="stmt"/>
      <line num="49" count="2" type="cond" truecount="1" falsecount="1"/>
      <line num="50" count="2" type="stmt"/>
      <line num="54" count="1" type="stmt"/>
      <line num="55" count="1" type="cond" truecount="2" falsecount="3"/>
      <line num="56" count="2" type="cond" truecount="2" falsecount="0"/>
      <line num="59" count="1" type="stmt"/>
      <line num="60" count="2" type="cond" truecount="1" falsecount="1"/>
      <line num="61" count="2" type="cond" truecount="1" falsecount="1"/>
      <line num="64" count="2" type="cond" truecount="1" falsecount="1"/>
      <line num="67" count="2" type="stmt"/>
      <line num="70" count="1" type="stmt"/>
      <line num="73" count="1" type="stmt"/>
      <line num="79" count="1" type="cond" truecount="3" falsecount="1"/>
      <line num="80" count="1" type="stmt"/>
    </file>
  </project>
</coverage>
