{"C:\\Users\\grego\\Antigravity\\Taxonomia Project\\src\\API_Auth.js": {"path":"C:\\Users\\grego\\Antigravity\\Taxonomia Project\\src\\API_Auth.js","statementMap":{"0":{"start":{"line":9,"column":17},"end":{"line":46,"column":1}},"1":{"start":{"line":11,"column":20},"end":{"line":11,"column":22}},"2":{"start":{"line":14,"column":8},"end":{"line":22,"column":9}},"3":{"start":{"line":15,"column":12},"end":{"line":15,"column":30}},"4":{"start":{"line":16,"column":15},"end":{"line":22,"column":9}},"5":{"start":{"line":17,"column":12},"end":{"line":21,"column":13}},"6":{"start":{"line":18,"column":16},"end":{"line":18,"column":59}},"7":{"start":{"line":24,"column":8},"end":{"line":24,"column":43}},"8":{"start":{"line":26,"column":8},"end":{"line":32,"column":9}},"9":{"start":{"line":27,"column":12},"end":{"line":31,"column":14}},"10":{"start":{"line":34,"column":24},"end":{"line":36,"column":47}},"11":{"start":{"line":38,"column":29},"end":{"line":38,"column":89}},"12":{"start":{"line":38,"column":52},"end":{"line":38,"column":88}},"13":{"start":{"line":40,"column":8},"end":{"line":44,"column":10}},"14":{"start":{"line":50,"column":4},"end":{"line":50,"column":38}},"15":{"start":{"line":53,"column":0},"end":{"line":55,"column":1}},"16":{"start":{"line":54,"column":4},"end":{"line":54,"column":51}}},"fnMap":{"0":{"name":"(anonymous_0)","decl":{"start":{"line":10,"column":21},"end":{"line":10,"column":22}},"loc":{"start":{"line":10,"column":49},"end":{"line":45,"column":5}},"line":10},"1":{"name":"(anonymous_1)","decl":{"start":{"line":38,"column":42},"end":{"line":38,"column":43}},"loc":{"start":{"line":38,"column":52},"end":{"line":38,"column":88}},"line":38},"2":{"name":"getUserIdentity","decl":{"start":{"line":49,"column":9},"end":{"line":49,"column":24}},"loc":{"start":{"line":49,"column":27},"end":{"line":51,"column":1}},"line":49}},"branchMap":{"0":{"loc":{"start":{"line":10,"column":31},"end":{"line":10,"column":47}},"type":"default-arg","locations":[{"start":{"line":10,"column":43},"end":{"line":10,"column":47}}],"line":10},"1":{"loc":{"start":{"line":14,"column":8},"end":{"line":22,"column":9}},"type":"if","locations":[{"start":{"line":14,"column":8},"end":{"line":22,"column":9}},{"start":{"line":16,"column":15},"end":{"line":22,"column":9}}],"line":14},"2":{"loc":{"start":{"line":16,"column":15},"end":{"line":22,"column":9}},"type":"if","locations":[{"start":{"line":16,"column":15},"end":{"line":22,"column":9}},{"start":{},"end":{}}],"line":16},"3":{"loc":{"start":{"line":26,"column":8},"end":{"line":32,"column":9}},"type":"if","locations":[{"start":{"line":26,"column":8},"end":{"line":32,"column":9}},{"start":{},"end":{}}],"line":26},"4":{"loc":{"start":{"line":34,"column":24},"end":{"line":36,"column":47}},"type":"cond-expr","locations":[{"start":{"line":35,"column":14},"end":{"line":35,"column":36}},{"start":{"line":36,"column":14},"end":{"line":36,"column":47}}],"line":34},"5":{"loc":{"start":{"line":34,"column":25},"end":{"line":34,"column":80}},"type":"binary-expr","locations":[{"start":{"line":34,"column":25},"end":{"line":34,"column":54}},{"start":{"line":34,"column":58},"end":{"line":34,"column":80}}],"line":34},"6":{"loc":{"start":{"line":43,"column":21},"end":{"line":43,"column":82}},"type":"cond-expr","locations":[{"start":{"line":43,"column":36},"end":{"line":43,"column":55}},{"start":{"line":43,"column":58},"end":{"line":43,"column":82}}],"line":43},"7":{"loc":{"start":{"line":53,"column":0},"end":{"line":55,"column":1}},"type":"if","locations":[{"start":{"line":53,"column":0},"end":{"line":55,"column":1}},{"start":{},"end":{}}],"line":53}},"s":{"0":1,"1":5,"2":5,"3":5,"4":0,"5":0,"6":0,"7":5,"8":5,"9":1,"10":4,"11":4,"12":6,"13":4,"14":0,"15":1,"16":1},"f":{"0":5,"1":6,"2":0},"b":{"0":[0],"1":[5,0],"2":[0,0],"3":[1,4],"4":[4,0],"5":[4,4],"6":[3,1],"7":[1,0]},"_coverageSchema":"1a1c01bbd47fc00a2c39e90264f33305004495a9","hash":"f0c16c84f56607bb6330c0d3eb2a8cd57a23fdc5"}
,"C:\\Users\\grego\\Antigravity\\Taxonomia Project\\src\\API_Universal.gs": {"path":"C:\\Users\\grego\\Antigravity\\Taxonomia Project\\src\\API_Universal.gs","statementMap":{"0":{"start":{"line":13,"column":2},"end":{"line":44,"column":3}},"1":{"start":{"line":14,"column":20},"end":{"line":14,"column":51}},"2":{"start":{"line":15,"column":19},"end":{"line":15,"column":33}},"3":{"start":{"line":16,"column":19},"end":{"line":16,"column":33}},"4":{"start":{"line":17,"column":17},"end":{"line":17,"column":29}},"5":{"start":{"line":19,"column":23},"end":{"line":19,"column":27}},"6":{"start":{"line":22,"column":4},"end":{"line":32,"column":5}},"7":{"start":{"line":23,"column":6},"end":{"line":23,"column":49}},"8":{"start":{"line":24,"column":11},"end":{"line":32,"column":5}},"9":{"start":{"line":25,"column":6},"end":{"line":25,"column":41}},"10":{"start":{"line":26,"column":11},"end":{"line":32,"column":5}},"11":{"start":{"line":27,"column":6},"end":{"line":27,"column":58}},"12":{"start":{"line":28,"column":11},"end":{"line":32,"column":5}},"13":{"start":{"line":29,"column":6},"end":{"line":29,"column":60}},"14":{"start":{"line":31,"column":6},"end":{"line":31,"column":51}},"15":{"start":{"line":34,"column":4},"end":{"line":37,"column":50}},"16":{"start":{"line":40,"column":4},"end":{"line":43,"column":50}},"17":{"start":{"line":52,"column":2},"end":{"line":121,"column":3}},"18":{"start":{"line":53,"column":23},"end":{"line":53,"column":27}},"19":{"start":{"line":55,"column":19},"end":{"line":55,"column":89}},"20":{"start":{"line":56,"column":18},"end":{"line":56,"column":72}},"21":{"start":{"line":58,"column":4},"end":{"line":62,"column":5}},"22":{"start":{"line":59,"column":23},"end":{"line":59,"column":47}},"23":{"start":{"line":60,"column":26},"end":{"line":60,"column":135}},"24":{"start":{"line":61,"column":6},"end":{"line":61,"column":36}},"25":{"start":{"line":64,"column":4},"end":{"line":101,"column":5}},"26":{"start":{"line":65,"column":6},"end":{"line":67,"column":7}},"27":{"start":{"line":66,"column":8},"end":{"line":66,"column":58}},"28":{"start":{"line":68,"column":6},"end":{"line":68,"column":56}},"29":{"start":{"line":69,"column":6},"end":{"line":69,"column":62}},"30":{"start":{"line":73,"column":31},"end":{"line":73,"column":47}},"31":{"start":{"line":74,"column":23},"end":{"line":74,"column":78}},"32":{"start":{"line":75,"column":6},"end":{"line":75,"column":62}},"33":{"start":{"line":77,"column":30},"end":{"line":83,"column":9}},"34":{"start":{"line":84,"column":6},"end":{"line":84,"column":29}},"35":{"start":{"line":85,"column":11},"end":{"line":101,"column":5}},"36":{"start":{"line":86,"column":17},"end":{"line":86,"column":89}},"37":{"start":{"line":87,"column":6},"end":{"line":91,"column":7}},"38":{"start":{"line":88,"column":8},"end":{"line":88,"column":58}},"39":{"start":{"line":90,"column":8},"end":{"line":90,"column":47}},"40":{"start":{"line":92,"column":11},"end":{"line":101,"column":5}},"41":{"start":{"line":93,"column":17},"end":{"line":93,"column":33}},"42":{"start":{"line":94,"column":6},"end":{"line":94,"column":60}},"43":{"start":{"line":95,"column":11},"end":{"line":101,"column":5}},"44":{"start":{"line":97,"column":17},"end":{"line":97,"column":89}},"45":{"start":{"line":98,"column":6},"end":{"line":98,"column":51}},"46":{"start":{"line":100,"column":6},"end":{"line":100,"column":63}},"47":{"start":{"line":103,"column":21},"end":{"line":103,"column":74}},"48":{"start":{"line":104,"column":4},"end":{"line":104,"column":60}},"49":{"start":{"line":107,"column":28},"end":{"line":110,"column":7}},"50":{"start":{"line":111,"column":4},"end":{"line":111,"column":27}},"51":{"start":{"line":113,"column":4},"end":{"line":113,"column":87}},"52":{"start":{"line":114,"column":28},"end":{"line":119,"column":7}},"53":{"start":{"line":120,"column":4},"end":{"line":120,"column":27}},"54":{"start":{"line":125,"column":0},"end":{"line":129,"column":1}},"55":{"start":{"line":126,"column":2},"end":{"line":128,"column":4}}},"fnMap":{"0":{"name":"doPost","decl":{"start":{"line":12,"column":9},"end":{"line":12,"column":15}},"loc":{"start":{"line":12,"column":19},"end":{"line":45,"column":1}},"line":12},"1":{"name":"API_Universal_Router","decl":{"start":{"line":51,"column":9},"end":{"line":51,"column":29}},"loc":{"start":{"line":51,"column":59},"end":{"line":122,"column":1}},"line":51}},"branchMap":{"0":{"loc":{"start":{"line":22,"column":4},"end":{"line":32,"column":5}},"type":"if","locations":[{"start":{"line":22,"column":4},"end":{"line":32,"column":5}},{"start":{"line":24,"column":11},"end":{"line":32,"column":5}}],"line":22},"1":{"loc":{"start":{"line":24,"column":11},"end":{"line":32,"column":5}},"type":"if","locations":[{"start":{"line":24,"column":11},"end":{"line":32,"column":5}},{"start":{"line":26,"column":11},"end":{"line":32,"column":5}}],"line":24},"2":{"loc":{"start":{"line":26,"column":11},"end":{"line":32,"column":5}},"type":"if","locations":[{"start":{"line":26,"column":11},"end":{"line":32,"column":5}},{"start":{"line":28,"column":11},"end":{"line":32,"column":5}}],"line":26},"3":{"loc":{"start":{"line":28,"column":11},"end":{"line":32,"column":5}},"type":"if","locations":[{"start":{"line":28,"column":11},"end":{"line":32,"column":5}},{"start":{"line":30,"column":11},"end":{"line":32,"column":5}}],"line":28},"4":{"loc":{"start":{"line":29,"column":43},"end":{"line":29,"column":58}},"type":"binary-expr","locations":[{"start":{"line":29,"column":43},"end":{"line":29,"column":50}},{"start":{"line":29,"column":54},"end":{"line":29,"column":58}}],"line":29},"5":{"loc":{"start":{"line":55,"column":19},"end":{"line":55,"column":89}},"type":"cond-expr","locations":[{"start":{"line":55,"column":58},"end":{"line":55,"column":82}},{"start":{"line":55,"column":85},"end":{"line":55,"column":89}}],"line":55},"6":{"loc":{"start":{"line":56,"column":18},"end":{"line":56,"column":72}},"type":"cond-expr","locations":[{"start":{"line":56,"column":48},"end":{"line":56,"column":65}},{"start":{"line":56,"column":68},"end":{"line":56,"column":72}}],"line":56},"7":{"loc":{"start":{"line":56,"column":18},"end":{"line":56,"column":45}},"type":"binary-expr","locations":[{"start":{"line":56,"column":18},"end":{"line":56,"column":24}},{"start":{"line":56,"column":28},"end":{"line":56,"column":45}}],"line":56},"8":{"loc":{"start":{"line":58,"column":4},"end":{"line":62,"column":5}},"type":"if","locations":[{"start":{"line":58,"column":4},"end":{"line":62,"column":5}},{"start":{},"end":{}}],"line":58},"9":{"loc":{"start":{"line":60,"column":26},"end":{"line":60,"column":135}},"type":"cond-expr","locations":[{"start":{"line":60,"column":52},"end":{"line":60,"column":73}},{"start":{"line":60,"column":77},"end":{"line":60,"column":134}}],"line":60},"10":{"loc":{"start":{"line":60,"column":77},"end":{"line":60,"column":134}},"type":"cond-expr","locations":[{"start":{"line":60,"column":102},"end":{"line":60,"column":123}},{"start":{"line":60,"column":126},"end":{"line":60,"column":134}}],"line":60},"11":{"loc":{"start":{"line":64,"column":4},"end":{"line":101,"column":5}},"type":"if","locations":[{"start":{"line":64,"column":4},"end":{"line":101,"column":5}},{"start":{"line":85,"column":11},"end":{"line":101,"column":5}}],"line":64},"12":{"loc":{"start":{"line":65,"column":6},"end":{"line":67,"column":7}},"type":"if","locations":[{"start":{"line":65,"column":6},"end":{"line":67,"column":7}},{"start":{},"end":{}}],"line":65},"13":{"loc":{"start":{"line":65,"column":10},"end":{"line":65,"column":69}},"type":"binary-expr","locations":[{"start":{"line":65,"column":10},"end":{"line":65,"column":27}},{"start":{"line":65,"column":31},"end":{"line":65,"column":69}}],"line":65},"14":{"loc":{"start":{"line":74,"column":23},"end":{"line":74,"column":78}},"type":"binary-expr","locations":[{"start":{"line":74,"column":23},"end":{"line":74,"column":37}},{"start":{"line":74,"column":41},"end":{"line":74,"column":64}},{"start":{"line":74,"column":68},"end":{"line":74,"column":78}}],"line":74},"15":{"loc":{"start":{"line":85,"column":11},"end":{"line":101,"column":5}},"type":"if","locations":[{"start":{"line":85,"column":11},"end":{"line":101,"column":5}},{"start":{"line":92,"column":11},"end":{"line":101,"column":5}}],"line":85},"16":{"loc":{"start":{"line":86,"column":17},"end":{"line":86,"column":89}},"type":"cond-expr","locations":[{"start":{"line":86,"column":49},"end":{"line":86,"column":79}},{"start":{"line":86,"column":82},"end":{"line":86,"column":89}}],"line":86},"17":{"loc":{"start":{"line":86,"column":49},"end":{"line":86,"column":79}},"type":"binary-expr","locations":[{"start":{"line":86,"column":49},"end":{"line":86,"column":65}},{"start":{"line":86,"column":69},"end":{"line":86,"column":79}}],"line":86},"18":{"loc":{"start":{"line":87,"column":6},"end":{"line":91,"column":7}},"type":"if","locations":[{"start":{"line":87,"column":6},"end":{"line":91,"column":7}},{"start":{"line":89,"column":13},"end":{"line":91,"column":7}}],"line":87},"19":{"loc":{"start":{"line":92,"column":11},"end":{"line":101,"column":5}},"type":"if","locations":[{"start":{"line":92,"column":11},"end":{"line":101,"column":5}},{"start":{"line":95,"column":11},"end":{"line":101,"column":5}}],"line":92},"20":{"loc":{"start":{"line":95,"column":11},"end":{"line":101,"column":5}},"type":"if","locations":[{"start":{"line":95,"column":11},"end":{"line":101,"column":5}},{"start":{"line":99,"column":11},"end":{"line":101,"column":5}}],"line":95},"21":{"loc":{"start":{"line":97,"column":17},"end":{"line":97,"column":89}},"type":"cond-expr","locations":[{"start":{"line":97,"column":49},"end":{"line":97,"column":79}},{"start":{"line":97,"column":82},"end":{"line":97,"column":89}}],"line":97},"22":{"loc":{"start":{"line":97,"column":49},"end":{"line":97,"column":79}},"type":"binary-expr","locations":[{"start":{"line":97,"column":49},"end":{"line":97,"column":65}},{"start":{"line":97,"column":69},"end":{"line":97,"column":79}}],"line":97},"23":{"loc":{"start":{"line":103,"column":21},"end":{"line":103,"column":74}},"type":"binary-expr","locations":[{"start":{"line":103,"column":21},"end":{"line":103,"column":35}},{"start":{"line":103,"column":39},"end":{"line":103,"column":60}},{"start":{"line":103,"column":64},"end":{"line":103,"column":74}}],"line":103},"24":{"loc":{"start":{"line":117,"column":17},"end":{"line":117,"column":113}},"type":"cond-expr","locations":[{"start":{"line":117,"column":88},"end":{"line":117,"column":101}},{"start":{"line":117,"column":104},"end":{"line":117,"column":113}}],"line":117},"25":{"loc":{"start":{"line":117,"column":18},"end":{"line":117,"column":84}},"type":"binary-expr","locations":[{"start":{"line":117,"column":18},"end":{"line":117,"column":31}},{"start":{"line":117,"column":35},"end":{"line":117,"column":84}}],"line":117},"26":{"loc":{"start":{"line":125,"column":0},"end":{"line":129,"column":1}},"type":"if","locations":[{"start":{"line":125,"column":0},"end":{"line":129,"column":1}},{"start":{},"end":{}}],"line":125}},"s":{"0":0,"1":0,"2":0,"3":0,"4":0,"5":0,"6":0,"7":0,"8":0,"9":0,"10":0,"11":0,"12":0,"13":0,"14":0,"15":0,"16":0,"17":4,"18":4,"19":4,"20":4,"21":4,"22":4,"23":4,"24":4,"25":4,"26":4,"27":1,"28":4,"29":4,"30":4,"31":4,"32":4,"33":4,"34":4,"35":0,"36":0,"37":0,"38":0,"39":0,"40":0,"41":0,"42":0,"43":0,"44":0,"45":0,"46":0,"47":0,"48":0,"49":0,"50":0,"51":0,"52":0,"53":0,"54":3,"55":3},"f":{"0":0,"1":4},"b":{"0":[0,0],"1":[0,0],"2":[0,0],"3":[0,0],"4":[0,0],"5":[0,4],"6":[0,4],"7":[4,0],"8":[4,0],"9":[0,4],"10":[0,4],"11":[4,0],"12":[1,3],"13":[4,3],"14":[4,1,1],"15":[0,0],"16":[0,0],"17":[0,0],"18":[0,0],"19":[0,0],"20":[0,0],"21":[0,0],"22":[0,0],"23":[0,0,0],"24":[0,0],"25":[0,0],"26":[3,0]},"inputSourceMap":null,"_coverageSchema":"1a1c01bbd47fc00a2c39e90264f33305004495a9","hash":"295b8264e31487e803785c0a2ea169038d9b3284"}
,"C:\\Users\\grego\\Antigravity\\Taxonomia Project\\src\\Adapter_CloudDB.js": {"path":"C:\\Users\\grego\\Antigravity\\Taxonomia Project\\src\\Adapter_CloudDB.js","statementMap":{"0":{"start":{"line":4,"column":24},"end":{"line":8,"column":1}},"1":{"start":{"line":6,"column":8},"end":{"line":6,"column":34}},"2":{"start":{"line":10,"column":0},"end":{"line":12,"column":1}},"3":{"start":{"line":11,"column":4},"end":{"line":11,"column":37}}},"fnMap":{"0":{"name":"(anonymous_0)","decl":{"start":{"line":5,"column":12},"end":{"line":5,"column":13}},"loc":{"start":{"line":5,"column":48},"end":{"line":7,"column":5}},"line":5}},"branchMap":{"0":{"loc":{"start":{"line":10,"column":0},"end":{"line":12,"column":1}},"type":"if","locations":[{"start":{"line":10,"column":0},"end":{"line":12,"column":1}},{"start":{},"end":{}}],"line":10}},"s":{"0":6,"1":1,"2":6,"3":6},"f":{"0":1},"b":{"0":[6,0]},"_coverageSchema":"1a1c01bbd47fc00a2c39e90264f33305004495a9","hash":"e89f0932b6ea7e96c2582169bbdba5f5751ead1a"}
,"C:\\Users\\grego\\Antigravity\\Taxonomia Project\\src\\Adapter_Sheets.js": {"path":"C:\\Users\\grego\\Antigravity\\Taxonomia Project\\src\\Adapter_Sheets.js","statementMap":{"0":{"start":{"line":4,"column":23},"end":{"line":4,"column":25}},"1":{"start":{"line":7,"column":4},"end":{"line":7,"column":30}},"2":{"start":{"line":7,"column":20},"end":{"line":7,"column":30}},"3":{"start":{"line":9,"column":4},"end":{"line":15,"column":33}},"4":{"start":{"line":18,"column":23},"end":{"line":461,"column":1}},"5":{"start":{"line":22,"column":23},"end":{"line":22,"column":91}},"6":{"start":{"line":23,"column":30},"end":{"line":23,"column":84}},"7":{"start":{"line":25,"column":8},"end":{"line":31,"column":9}},"8":{"start":{"line":26,"column":29},"end":{"line":26,"column":52}},"9":{"start":{"line":27,"column":32},"end":{"line":27,"column":139}},"10":{"start":{"line":28,"column":12},"end":{"line":30,"column":78}},"11":{"start":{"line":30,"column":55},"end":{"line":30,"column":76}},"12":{"start":{"line":33,"column":8},"end":{"line":36,"column":9}},"13":{"start":{"line":34,"column":32},"end":{"line":34,"column":82}},"14":{"start":{"line":35,"column":12},"end":{"line":35,"column":128}},"15":{"start":{"line":40,"column":32},"end":{"line":40,"column":56}},"16":{"start":{"line":42,"column":30},"end":{"line":42,"column":90}},"17":{"start":{"line":43,"column":8},"end":{"line":43,"column":89}},"18":{"start":{"line":45,"column":19},"end":{"line":45,"column":57}},"19":{"start":{"line":46,"column":8},"end":{"line":46,"column":81}},"20":{"start":{"line":47,"column":22},"end":{"line":47,"column":60}},"21":{"start":{"line":50,"column":29},"end":{"line":50,"column":75}},"22":{"start":{"line":51,"column":24},"end":{"line":51,"column":51}},"23":{"start":{"line":54,"column":34},"end":{"line":54,"column":71}},"24":{"start":{"line":54,"column":51},"end":{"line":54,"column":70}},"25":{"start":{"line":55,"column":8},"end":{"line":55,"column":122}},"26":{"start":{"line":58,"column":24},"end":{"line":58,"column":66}},"27":{"start":{"line":59,"column":8},"end":{"line":61,"column":9}},"28":{"start":{"line":60,"column":12},"end":{"line":60,"column":107}},"29":{"start":{"line":63,"column":26},"end":{"line":63,"column":46}},"30":{"start":{"line":64,"column":24},"end":{"line":64,"column":46}},"31":{"start":{"line":66,"column":28},"end":{"line":66,"column":30}},"32":{"start":{"line":67,"column":8},"end":{"line":76,"column":9}},"33":{"start":{"line":68,"column":33},"end":{"line":68,"column":91}},"34":{"start":{"line":69,"column":12},"end":{"line":75,"column":13}},"35":{"start":{"line":69,"column":25},"end":{"line":69,"column":26}},"36":{"start":{"line":71,"column":16},"end":{"line":74,"column":17}},"37":{"start":{"line":72,"column":20},"end":{"line":72,"column":42}},"38":{"start":{"line":73,"column":20},"end":{"line":73,"column":26}},"39":{"start":{"line":79,"column":28},"end":{"line":79,"column":118}},"40":{"start":{"line":80,"column":33},"end":{"line":80,"column":57}},"41":{"start":{"line":82,"column":29},"end":{"line":82,"column":68}},"42":{"start":{"line":83,"column":29},"end":{"line":83,"column":68}},"43":{"start":{"line":84,"column":29},"end":{"line":84,"column":68}},"44":{"start":{"line":85,"column":29},"end":{"line":85,"column":68}},"45":{"start":{"line":87,"column":28},"end":{"line":87,"column":30}},"46":{"start":{"line":88,"column":26},"end":{"line":88,"column":28}},"47":{"start":{"line":89,"column":8},"end":{"line":110,"column":9}},"48":{"start":{"line":90,"column":12},"end":{"line":90,"column":103}},"49":{"start":{"line":93,"column":12},"end":{"line":95,"column":13}},"50":{"start":{"line":94,"column":16},"end":{"line":94,"column":108}},"51":{"start":{"line":97,"column":31},"end":{"line":97,"column":67}},"52":{"start":{"line":98,"column":12},"end":{"line":106,"column":13}},"53":{"start":{"line":99,"column":41},"end":{"line":99,"column":77}},"54":{"start":{"line":100,"column":40},"end":{"line":100,"column":96}},"55":{"start":{"line":101,"column":16},"end":{"line":103,"column":17}},"56":{"start":{"line":102,"column":20},"end":{"line":102,"column":188}},"57":{"start":{"line":104,"column":16},"end":{"line":104,"column":55}},"58":{"start":{"line":105,"column":16},"end":{"line":105,"column":51}},"59":{"start":{"line":108,"column":12},"end":{"line":108,"column":32}},"60":{"start":{"line":109,"column":12},"end":{"line":109,"column":33}},"61":{"start":{"line":112,"column":8},"end":{"line":129,"column":9}},"62":{"start":{"line":112,"column":21},"end":{"line":112,"column":22}},"63":{"start":{"line":113,"column":22},"end":{"line":113,"column":42}},"64":{"start":{"line":115,"column":12},"end":{"line":128,"column":13}},"65":{"start":{"line":117,"column":16},"end":{"line":124,"column":17}},"66":{"start":{"line":118,"column":20},"end":{"line":118,"column":53}},"67":{"start":{"line":119,"column":23},"end":{"line":124,"column":17}},"68":{"start":{"line":120,"column":20},"end":{"line":120,"column":49}},"69":{"start":{"line":123,"column":20},"end":{"line":123,"column":53}},"70":{"start":{"line":127,"column":16},"end":{"line":127,"column":78}},"71":{"start":{"line":131,"column":8},"end":{"line":153,"column":9}},"72":{"start":{"line":133,"column":12},"end":{"line":133,"column":80}},"73":{"start":{"line":133,"column":35},"end":{"line":133,"column":80}},"74":{"start":{"line":134,"column":12},"end":{"line":134,"column":75}},"75":{"start":{"line":134,"column":35},"end":{"line":134,"column":75}},"76":{"start":{"line":136,"column":12},"end":{"line":136,"column":97}},"77":{"start":{"line":137,"column":12},"end":{"line":137,"column":93}},"78":{"start":{"line":138,"column":12},"end":{"line":138,"column":103}},"79":{"start":{"line":141,"column":12},"end":{"line":143,"column":13}},"80":{"start":{"line":142,"column":16},"end":{"line":142,"column":61}},"81":{"start":{"line":144,"column":12},"end":{"line":146,"column":13}},"82":{"start":{"line":145,"column":16},"end":{"line":145,"column":56}},"83":{"start":{"line":147,"column":12},"end":{"line":147,"column":80}},"84":{"start":{"line":147,"column":35},"end":{"line":147,"column":80}},"85":{"start":{"line":148,"column":12},"end":{"line":148,"column":75}},"86":{"start":{"line":148,"column":35},"end":{"line":148,"column":75}},"87":{"start":{"line":150,"column":12},"end":{"line":150,"column":114}},"88":{"start":{"line":151,"column":12},"end":{"line":151,"column":102}},"89":{"start":{"line":152,"column":12},"end":{"line":152,"column":103}},"90":{"start":{"line":161,"column":8},"end":{"line":161,"column":96}},"91":{"start":{"line":161,"column":57},"end":{"line":161,"column":96}},"92":{"start":{"line":163,"column":23},"end":{"line":163,"column":91}},"93":{"start":{"line":164,"column":26},"end":{"line":164,"column":34}},"94":{"start":{"line":165,"column":30},"end":{"line":165,"column":84}},"95":{"start":{"line":167,"column":8},"end":{"line":173,"column":9}},"96":{"start":{"line":168,"column":29},"end":{"line":168,"column":52}},"97":{"start":{"line":169,"column":32},"end":{"line":169,"column":139}},"98":{"start":{"line":170,"column":12},"end":{"line":172,"column":80}},"99":{"start":{"line":172,"column":57},"end":{"line":172,"column":78}},"100":{"start":{"line":175,"column":8},"end":{"line":177,"column":9}},"101":{"start":{"line":176,"column":12},"end":{"line":176,"column":71}},"102":{"start":{"line":179,"column":30},"end":{"line":179,"column":90}},"103":{"start":{"line":180,"column":19},"end":{"line":180,"column":57}},"104":{"start":{"line":181,"column":22},"end":{"line":181,"column":60}},"105":{"start":{"line":183,"column":26},"end":{"line":183,"column":46}},"106":{"start":{"line":184,"column":29},"end":{"line":184,"column":50}},"107":{"start":{"line":185,"column":24},"end":{"line":185,"column":39}},"108":{"start":{"line":186,"column":34},"end":{"line":186,"column":71}},"109":{"start":{"line":186,"column":51},"end":{"line":186,"column":70}},"110":{"start":{"line":188,"column":24},"end":{"line":188,"column":66}},"111":{"start":{"line":189,"column":8},"end":{"line":191,"column":9}},"112":{"start":{"line":190,"column":12},"end":{"line":190,"column":107}},"113":{"start":{"line":193,"column":29},"end":{"line":193,"column":38}},"114":{"start":{"line":194,"column":8},"end":{"line":196,"column":9}},"115":{"start":{"line":194,"column":21},"end":{"line":194,"column":22}},"116":{"start":{"line":195,"column":12},"end":{"line":195,"column":66}},"117":{"start":{"line":198,"column":28},"end":{"line":198,"column":118}},"118":{"start":{"line":199,"column":33},"end":{"line":199,"column":57}},"119":{"start":{"line":201,"column":29},"end":{"line":201,"column":68}},"120":{"start":{"line":202,"column":29},"end":{"line":202,"column":68}},"121":{"start":{"line":203,"column":29},"end":{"line":203,"column":68}},"122":{"start":{"line":204,"column":29},"end":{"line":204,"column":68}},"123":{"start":{"line":206,"column":24},"end":{"line":206,"column":26}},"124":{"start":{"line":207,"column":8},"end":{"line":254,"column":9}},"125":{"start":{"line":208,"column":36},"end":{"line":208,"column":60}},"126":{"start":{"line":209,"column":12},"end":{"line":209,"column":43}},"127":{"start":{"line":209,"column":34},"end":{"line":209,"column":43}},"128":{"start":{"line":211,"column":29},"end":{"line":211,"column":70}},"129":{"start":{"line":212,"column":30},"end":{"line":212,"column":32}},"130":{"start":{"line":214,"column":12},"end":{"line":253,"column":13}},"131":{"start":{"line":215,"column":36},"end":{"line":215,"column":58}},"132":{"start":{"line":218,"column":16},"end":{"line":220,"column":17}},"133":{"start":{"line":219,"column":20},"end":{"line":219,"column":149}},"134":{"start":{"line":222,"column":16},"end":{"line":231,"column":17}},"135":{"start":{"line":222,"column":29},"end":{"line":222,"column":30}},"136":{"start":{"line":223,"column":30},"end":{"line":223,"column":50}},"137":{"start":{"line":224,"column":20},"end":{"line":230,"column":21}},"138":{"start":{"line":225,"column":24},"end":{"line":225,"column":57}},"139":{"start":{"line":226,"column":27},"end":{"line":230,"column":21}},"140":{"start":{"line":227,"column":24},"end":{"line":227,"column":53}},"141":{"start":{"line":229,"column":24},"end":{"line":229,"column":57}},"142":{"start":{"line":232,"column":16},"end":{"line":232,"column":84}},"143":{"start":{"line":232,"column":39},"end":{"line":232,"column":84}},"144":{"start":{"line":233,"column":16},"end":{"line":233,"column":79}},"145":{"start":{"line":233,"column":39},"end":{"line":233,"column":79}},"146":{"start":{"line":234,"column":16},"end":{"line":234,"column":53}},"147":{"start":{"line":235,"column":16},"end":{"line":235,"column":114}},"148":{"start":{"line":237,"column":16},"end":{"line":240,"column":17}},"149":{"start":{"line":237,"column":29},"end":{"line":237,"column":30}},"150":{"start":{"line":238,"column":30},"end":{"line":238,"column":50}},"151":{"start":{"line":239,"column":20},"end":{"line":239,"column":82}},"152":{"start":{"line":241,"column":16},"end":{"line":243,"column":17}},"153":{"start":{"line":242,"column":20},"end":{"line":242,"column":65}},"154":{"start":{"line":244,"column":16},"end":{"line":246,"column":17}},"155":{"start":{"line":245,"column":20},"end":{"line":245,"column":60}},"156":{"start":{"line":247,"column":16},"end":{"line":247,"column":84}},"157":{"start":{"line":247,"column":39},"end":{"line":247,"column":84}},"158":{"start":{"line":248,"column":16},"end":{"line":248,"column":79}},"159":{"start":{"line":248,"column":39},"end":{"line":248,"column":79}},"160":{"start":{"line":250,"column":16},"end":{"line":250,"column":47}},"161":{"start":{"line":251,"column":16},"end":{"line":251,"column":83}},"162":{"start":{"line":252,"column":16},"end":{"line":252,"column":114}},"163":{"start":{"line":256,"column":8},"end":{"line":256,"column":98}},"164":{"start":{"line":258,"column":8},"end":{"line":258,"column":78}},"165":{"start":{"line":262,"column":30},"end":{"line":262,"column":90}},"166":{"start":{"line":263,"column":19},"end":{"line":263,"column":57}},"167":{"start":{"line":264,"column":22},"end":{"line":264,"column":60}},"168":{"start":{"line":266,"column":29},"end":{"line":266,"column":75}},"169":{"start":{"line":267,"column":24},"end":{"line":267,"column":51}},"170":{"start":{"line":268,"column":34},"end":{"line":268,"column":71}},"171":{"start":{"line":268,"column":51},"end":{"line":268,"column":70}},"172":{"start":{"line":270,"column":23},"end":{"line":270,"column":91}},"173":{"start":{"line":271,"column":22},"end":{"line":271,"column":76}},"174":{"start":{"line":273,"column":8},"end":{"line":278,"column":9}},"175":{"start":{"line":274,"column":29},"end":{"line":274,"column":52}},"176":{"start":{"line":275,"column":32},"end":{"line":275,"column":89}},"177":{"start":{"line":276,"column":33},"end":{"line":276,"column":115}},"178":{"start":{"line":276,"column":85},"end":{"line":276,"column":114}},"179":{"start":{"line":277,"column":12},"end":{"line":277,"column":115}},"180":{"start":{"line":277,"column":94},"end":{"line":277,"column":113}},"181":{"start":{"line":280,"column":8},"end":{"line":280,"column":118}},"182":{"start":{"line":280,"column":22},"end":{"line":280,"column":118}},"183":{"start":{"line":282,"column":24},"end":{"line":282,"column":58}},"184":{"start":{"line":284,"column":26},"end":{"line":284,"column":46}},"185":{"start":{"line":285,"column":24},"end":{"line":285,"column":46}},"186":{"start":{"line":287,"column":28},"end":{"line":287,"column":30}},"187":{"start":{"line":288,"column":8},"end":{"line":296,"column":9}},"188":{"start":{"line":290,"column":33},"end":{"line":290,"column":91}},"189":{"start":{"line":291,"column":28},"end":{"line":291,"column":63}},"190":{"start":{"line":291,"column":50},"end":{"line":291,"column":62}},"191":{"start":{"line":292,"column":31},"end":{"line":292,"column":58}},"192":{"start":{"line":293,"column":12},"end":{"line":295,"column":13}},"193":{"start":{"line":294,"column":16},"end":{"line":294,"column":47}},"194":{"start":{"line":298,"column":8},"end":{"line":300,"column":9}},"195":{"start":{"line":299,"column":12},"end":{"line":299,"column":88}},"196":{"start":{"line":302,"column":28},"end":{"line":302,"column":104}},"197":{"start":{"line":304,"column":28},"end":{"line":304,"column":118}},"198":{"start":{"line":305,"column":33},"end":{"line":305,"column":57}},"199":{"start":{"line":307,"column":26},"end":{"line":307,"column":61}},"200":{"start":{"line":308,"column":29},"end":{"line":308,"column":68}},"201":{"start":{"line":309,"column":29},"end":{"line":309,"column":68}},"202":{"start":{"line":310,"column":29},"end":{"line":310,"column":68}},"203":{"start":{"line":311,"column":29},"end":{"line":311,"column":68}},"204":{"start":{"line":313,"column":28},"end":{"line":313,"column":44}},"205":{"start":{"line":315,"column":8},"end":{"line":315,"column":65}},"206":{"start":{"line":315,"column":28},"end":{"line":315,"column":65}},"207":{"start":{"line":316,"column":8},"end":{"line":316,"column":76}},"208":{"start":{"line":316,"column":31},"end":{"line":316,"column":76}},"209":{"start":{"line":317,"column":8},"end":{"line":317,"column":71}},"210":{"start":{"line":317,"column":31},"end":{"line":317,"column":71}},"211":{"start":{"line":318,"column":8},"end":{"line":318,"column":76}},"212":{"start":{"line":318,"column":31},"end":{"line":318,"column":76}},"213":{"start":{"line":319,"column":8},"end":{"line":319,"column":71}},"214":{"start":{"line":319,"column":31},"end":{"line":319,"column":71}},"215":{"start":{"line":321,"column":8},"end":{"line":321,"column":89}},"216":{"start":{"line":322,"column":8},"end":{"line":322,"column":78}},"217":{"start":{"line":330,"column":29},"end":{"line":330,"column":58}},"218":{"start":{"line":331,"column":29},"end":{"line":331,"column":58}},"219":{"start":{"line":332,"column":26},"end":{"line":332,"column":51}},"220":{"start":{"line":333,"column":8},"end":{"line":335,"column":99}},"221":{"start":{"line":341,"column":20},"end":{"line":341,"column":56}},"222":{"start":{"line":342,"column":8},"end":{"line":345,"column":9}},"223":{"start":{"line":343,"column":12},"end":{"line":343,"column":54}},"224":{"start":{"line":344,"column":12},"end":{"line":344,"column":88}},"225":{"start":{"line":348,"column":8},"end":{"line":368,"column":9}},"226":{"start":{"line":349,"column":31},"end":{"line":349,"column":33}},"227":{"start":{"line":350,"column":12},"end":{"line":360,"column":13}},"228":{"start":{"line":351,"column":16},"end":{"line":356,"column":17}},"229":{"start":{"line":352,"column":20},"end":{"line":352,"column":82}},"230":{"start":{"line":352,"column":74},"end":{"line":352,"column":80}},"231":{"start":{"line":355,"column":20},"end":{"line":355,"column":177}},"232":{"start":{"line":355,"column":83},"end":{"line":355,"column":175}},"233":{"start":{"line":359,"column":16},"end":{"line":359,"column":83}},"234":{"start":{"line":363,"column":32},"end":{"line":363,"column":128}},"235":{"start":{"line":364,"column":31},"end":{"line":364,"column":64}},"236":{"start":{"line":366,"column":12},"end":{"line":366,"column":79}},"237":{"start":{"line":367,"column":12},"end":{"line":367,"column":92}},"238":{"start":{"line":370,"column":8},"end":{"line":370,"column":21}},"239":{"start":{"line":386,"column":30},"end":{"line":388,"column":38}},"240":{"start":{"line":390,"column":19},"end":{"line":390,"column":57}},"241":{"start":{"line":391,"column":22},"end":{"line":391,"column":61}},"242":{"start":{"line":394,"column":21},"end":{"line":394,"column":53}},"243":{"start":{"line":395,"column":8},"end":{"line":395,"column":62}},"244":{"start":{"line":395,"column":29},"end":{"line":395,"column":62}},"245":{"start":{"line":399,"column":8},"end":{"line":405,"column":9}},"246":{"start":{"line":400,"column":12},"end":{"line":400,"column":51}},"247":{"start":{"line":402,"column":31},"end":{"line":402,"column":38}},"248":{"start":{"line":403,"column":12},"end":{"line":403,"column":55}},"249":{"start":{"line":404,"column":12},"end":{"line":404,"column":51}},"250":{"start":{"line":409,"column":28},"end":{"line":409,"column":84}},"251":{"start":{"line":410,"column":37},"end":{"line":410,"column":39}},"252":{"start":{"line":411,"column":32},"end":{"line":411,"column":34}},"253":{"start":{"line":413,"column":8},"end":{"line":418,"column":9}},"254":{"start":{"line":413,"column":21},"end":{"line":413,"column":22}},"255":{"start":{"line":414,"column":12},"end":{"line":417,"column":13}},"256":{"start":{"line":415,"column":16},"end":{"line":415,"column":45}},"257":{"start":{"line":416,"column":16},"end":{"line":416,"column":49}},"258":{"start":{"line":422,"column":8},"end":{"line":424,"column":9}},"259":{"start":{"line":423,"column":12},"end":{"line":423,"column":58}},"260":{"start":{"line":427,"column":21},"end":{"line":427,"column":23}},"261":{"start":{"line":428,"column":26},"end":{"line":428,"column":45}},"262":{"start":{"line":430,"column":8},"end":{"line":454,"column":9}},"263":{"start":{"line":430,"column":21},"end":{"line":430,"column":22}},"264":{"start":{"line":431,"column":28},"end":{"line":431,"column":35}},"265":{"start":{"line":434,"column":12},"end":{"line":436,"column":13}},"266":{"start":{"line":435,"column":16},"end":{"line":435,"column":25}},"267":{"start":{"line":438,"column":12},"end":{"line":453,"column":13}},"268":{"start":{"line":439,"column":30},"end":{"line":439,"column":32}},"269":{"start":{"line":440,"column":16},"end":{"line":443,"column":17}},"270":{"start":{"line":440,"column":29},"end":{"line":440,"column":30}},"271":{"start":{"line":441,"column":35},"end":{"line":441,"column":58}},"272":{"start":{"line":442,"column":20},"end":{"line":442,"column":85}},"273":{"start":{"line":444,"column":16},"end":{"line":444,"column":33}},"274":{"start":{"line":446,"column":31},"end":{"line":446,"column":33}},"275":{"start":{"line":447,"column":16},"end":{"line":451,"column":17}},"276":{"start":{"line":447,"column":29},"end":{"line":447,"column":30}},"277":{"start":{"line":448,"column":35},"end":{"line":448,"column":58}},"278":{"start":{"line":449,"column":39},"end":{"line":449,"column":57}},"279":{"start":{"line":450,"column":20},"end":{"line":450,"column":94}},"280":{"start":{"line":452,"column":16},"end":{"line":452,"column":34}},"281":{"start":{"line":457,"column":30},"end":{"line":457,"column":62}},"282":{"start":{"line":459,"column":8},"end":{"line":459,"column":65}},"283":{"start":{"line":463,"column":0},"end":{"line":465,"column":1}},"284":{"start":{"line":464,"column":4},"end":{"line":464,"column":36}}},"fnMap":{"0":{"name":"_normalizeHeader","decl":{"start":{"line":6,"column":9},"end":{"line":6,"column":25}},"loc":{"start":{"line":6,"column":37},"end":{"line":16,"column":1}},"line":6},"1":{"name":"(anonymous_1)","decl":{"start":{"line":19,"column":12},"end":{"line":19,"column":13}},"loc":{"start":{"line":19,"column":50},"end":{"line":154,"column":5}},"line":19},"2":{"name":"(anonymous_2)","decl":{"start":{"line":30,"column":48},"end":{"line":30,"column":49}},"loc":{"start":{"line":30,"column":55},"end":{"line":30,"column":76}},"line":30},"3":{"name":"(anonymous_3)","decl":{"start":{"line":54,"column":46},"end":{"line":54,"column":47}},"loc":{"start":{"line":54,"column":51},"end":{"line":54,"column":70}},"line":54},"4":{"name":"(anonymous_4)","decl":{"start":{"line":160,"column":17},"end":{"line":160,"column":18}},"loc":{"start":{"line":160,"column":53},"end":{"line":259,"column":5}},"line":160},"5":{"name":"(anonymous_5)","decl":{"start":{"line":172,"column":50},"end":{"line":172,"column":51}},"loc":{"start":{"line":172,"column":57},"end":{"line":172,"column":78}},"line":172},"6":{"name":"(anonymous_6)","decl":{"start":{"line":186,"column":46},"end":{"line":186,"column":47}},"loc":{"start":{"line":186,"column":51},"end":{"line":186,"column":70}},"line":186},"7":{"name":"(anonymous_7)","decl":{"start":{"line":261,"column":12},"end":{"line":261,"column":13}},"loc":{"start":{"line":261,"column":45},"end":{"line":323,"column":5}},"line":261},"8":{"name":"(anonymous_8)","decl":{"start":{"line":268,"column":46},"end":{"line":268,"column":47}},"loc":{"start":{"line":268,"column":51},"end":{"line":268,"column":70}},"line":268},"9":{"name":"(anonymous_9)","decl":{"start":{"line":276,"column":80},"end":{"line":276,"column":81}},"loc":{"start":{"line":276,"column":85},"end":{"line":276,"column":114}},"line":276},"10":{"name":"(anonymous_10)","decl":{"start":{"line":277,"column":89},"end":{"line":277,"column":90}},"loc":{"start":{"line":277,"column":94},"end":{"line":277,"column":113}},"line":277},"11":{"name":"(anonymous_11)","decl":{"start":{"line":291,"column":45},"end":{"line":291,"column":46}},"loc":{"start":{"line":291,"column":50},"end":{"line":291,"column":62}},"line":291},"12":{"name":"(anonymous_12)","decl":{"start":{"line":329,"column":29},"end":{"line":329,"column":30}},"loc":{"start":{"line":329,"column":56},"end":{"line":336,"column":5}},"line":329},"13":{"name":"(anonymous_13)","decl":{"start":{"line":340,"column":24},"end":{"line":340,"column":25}},"loc":{"start":{"line":340,"column":48},"end":{"line":371,"column":5}},"line":340},"14":{"name":"(anonymous_14)","decl":{"start":{"line":352,"column":69},"end":{"line":352,"column":70}},"loc":{"start":{"line":352,"column":74},"end":{"line":352,"column":80}},"line":352},"15":{"name":"(anonymous_15)","decl":{"start":{"line":355,"column":78},"end":{"line":355,"column":79}},"loc":{"start":{"line":355,"column":83},"end":{"line":355,"column":175}},"line":355},"16":{"name":"(anonymous_16)","decl":{"start":{"line":385,"column":10},"end":{"line":385,"column":11}},"loc":{"start":{"line":385,"column":62},"end":{"line":460,"column":5}},"line":385}},"branchMap":{"0":{"loc":{"start":{"line":7,"column":4},"end":{"line":7,"column":30}},"type":"if","locations":[{"start":{"line":7,"column":4},"end":{"line":7,"column":30}},{"start":{},"end":{}}],"line":7},"1":{"loc":{"start":{"line":22,"column":23},"end":{"line":22,"column":91}},"type":"cond-expr","locations":[{"start":{"line":22,"column":62},"end":{"line":22,"column":84}},{"start":{"line":22,"column":87},"end":{"line":22,"column":91}}],"line":22},"2":{"loc":{"start":{"line":23,"column":30},"end":{"line":23,"column":84}},"type":"cond-expr","locations":[{"start":{"line":23,"column":60},"end":{"line":23,"column":77}},{"start":{"line":23,"column":80},"end":{"line":23,"column":84}}],"line":23},"3":{"loc":{"start":{"line":23,"column":30},"end":{"line":23,"column":57}},"type":"binary-expr","locations":[{"start":{"line":23,"column":30},"end":{"line":23,"column":36}},{"start":{"line":23,"column":40},"end":{"line":23,"column":57}}],"line":23},"4":{"loc":{"start":{"line":25,"column":8},"end":{"line":31,"column":9}},"type":"if","locations":[{"start":{"line":25,"column":8},"end":{"line":31,"column":9}},{"start":{},"end":{}}],"line":25},"5":{"loc":{"start":{"line":27,"column":32},"end":{"line":27,"column":139}},"type":"cond-expr","locations":[{"start":{"line":27,"column":58},"end":{"line":27,"column":79}},{"start":{"line":27,"column":82},"end":{"line":27,"column":139}}],"line":27},"6":{"loc":{"start":{"line":27,"column":82},"end":{"line":27,"column":139}},"type":"cond-expr","locations":[{"start":{"line":27,"column":107},"end":{"line":27,"column":128}},{"start":{"line":27,"column":131},"end":{"line":27,"column":139}}],"line":27},"7":{"loc":{"start":{"line":28,"column":30},"end":{"line":30,"column":77}},"type":"cond-expr","locations":[{"start":{"line":28,"column":73},"end":{"line":28,"column":89}},{"start":{"line":29,"column":18},"end":{"line":30,"column":77}}],"line":28},"8":{"loc":{"start":{"line":29,"column":18},"end":{"line":30,"column":77}},"type":"cond-expr","locations":[{"start":{"line":29,"column":64},"end":{"line":29,"column":83}},{"start":{"line":30,"column":22},"end":{"line":30,"column":77}}],"line":29},"9":{"loc":{"start":{"line":33,"column":8},"end":{"line":36,"column":9}},"type":"if","locations":[{"start":{"line":33,"column":8},"end":{"line":36,"column":9}},{"start":{},"end":{}}],"line":33},"10":{"loc":{"start":{"line":33,"column":12},"end":{"line":33,"column":57}},"type":"binary-expr","locations":[{"start":{"line":33,"column":12},"end":{"line":33,"column":28}},{"start":{"line":33,"column":32},"end":{"line":33,"column":57}}],"line":33},"11":{"loc":{"start":{"line":34,"column":32},"end":{"line":34,"column":82}},"type":"binary-expr","locations":[{"start":{"line":34,"column":32},"end":{"line":34,"column":47}},{"start":{"line":34,"column":51},"end":{"line":34,"column":82}}],"line":34},"12":{"loc":{"start":{"line":42,"column":30},"end":{"line":42,"column":90}},"type":"cond-expr","locations":[{"start":{"line":42,"column":39},"end":{"line":42,"column":63}},{"start":{"line":42,"column":66},"end":{"line":42,"column":90}}],"line":42},"13":{"loc":{"start":{"line":59,"column":8},"end":{"line":61,"column":9}},"type":"if","locations":[{"start":{"line":59,"column":8},"end":{"line":61,"column":9}},{"start":{},"end":{}}],"line":59},"14":{"loc":{"start":{"line":67,"column":8},"end":{"line":76,"column":9}},"type":"if","locations":[{"start":{"line":67,"column":8},"end":{"line":76,"column":9}},{"start":{},"end":{}}],"line":67},"15":{"loc":{"start":{"line":71,"column":16},"end":{"line":74,"column":17}},"type":"if","locations":[{"start":{"line":71,"column":16},"end":{"line":74,"column":17}},{"start":{},"end":{}}],"line":71},"16":{"loc":{"start":{"line":79,"column":28},"end":{"line":79,"column":118}},"type":"cond-expr","locations":[{"start":{"line":79,"column":63},"end":{"line":79,"column":97}},{"start":{"line":79,"column":100},"end":{"line":79,"column":118}}],"line":79},"17":{"loc":{"start":{"line":89,"column":8},"end":{"line":110,"column":9}},"type":"if","locations":[{"start":{"line":89,"column":8},"end":{"line":110,"column":9}},{"start":{"line":107,"column":15},"end":{"line":110,"column":9}}],"line":89},"18":{"loc":{"start":{"line":93,"column":12},"end":{"line":95,"column":13}},"type":"if","locations":[{"start":{"line":93,"column":12},"end":{"line":95,"column":13}},{"start":{},"end":{}}],"line":93},"19":{"loc":{"start":{"line":98,"column":12},"end":{"line":106,"column":13}},"type":"if","locations":[{"start":{"line":98,"column":12},"end":{"line":106,"column":13}},{"start":{},"end":{}}],"line":98},"20":{"loc":{"start":{"line":99,"column":41},"end":{"line":99,"column":77}},"type":"binary-expr","locations":[{"start":{"line":99,"column":41},"end":{"line":99,"column":72}},{"start":{"line":99,"column":76},"end":{"line":99,"column":77}}],"line":99},"21":{"loc":{"start":{"line":100,"column":40},"end":{"line":100,"column":96}},"type":"binary-expr","locations":[{"start":{"line":100,"column":40},"end":{"line":100,"column":63}},{"start":{"line":100,"column":67},"end":{"line":100,"column":91}},{"start":{"line":100,"column":95},"end":{"line":100,"column":96}}],"line":100},"22":{"loc":{"start":{"line":101,"column":16},"end":{"line":103,"column":17}},"type":"if","locations":[{"start":{"line":101,"column":16},"end":{"line":103,"column":17}},{"start":{},"end":{}}],"line":101},"23":{"loc":{"start":{"line":115,"column":12},"end":{"line":128,"column":13}},"type":"if","locations":[{"start":{"line":115,"column":12},"end":{"line":128,"column":13}},{"start":{"line":125,"column":19},"end":{"line":128,"column":13}}],"line":115},"24":{"loc":{"start":{"line":117,"column":16},"end":{"line":124,"column":17}},"type":"if","locations":[{"start":{"line":117,"column":16},"end":{"line":124,"column":17}},{"start":{"line":119,"column":23},"end":{"line":124,"column":17}}],"line":117},"25":{"loc":{"start":{"line":117,"column":20},"end":{"line":117,"column":60}},"type":"binary-expr","locations":[{"start":{"line":117,"column":20},"end":{"line":117,"column":38}},{"start":{"line":117,"column":42},"end":{"line":117,"column":60}}],"line":117},"26":{"loc":{"start":{"line":119,"column":23},"end":{"line":124,"column":17}},"type":"if","locations":[{"start":{"line":119,"column":23},"end":{"line":124,"column":17}},{"start":{"line":121,"column":23},"end":{"line":124,"column":17}}],"line":119},"27":{"loc":{"start":{"line":127,"column":33},"end":{"line":127,"column":76}},"type":"cond-expr","locations":[{"start":{"line":127,"column":61},"end":{"line":127,"column":71}},{"start":{"line":127,"column":74},"end":{"line":127,"column":76}}],"line":127},"28":{"loc":{"start":{"line":131,"column":8},"end":{"line":153,"column":9}},"type":"if","locations":[{"start":{"line":131,"column":8},"end":{"line":153,"column":9}},{"start":{"line":139,"column":15},"end":{"line":153,"column":9}}],"line":131},"29":{"loc":{"start":{"line":133,"column":12},"end":{"line":133,"column":80}},"type":"if","locations":[{"start":{"line":133,"column":12},"end":{"line":133,"column":80}},{"start":{},"end":{}}],"line":133},"30":{"loc":{"start":{"line":134,"column":12},"end":{"line":134,"column":75}},"type":"if","locations":[{"start":{"line":134,"column":12},"end":{"line":134,"column":75}},{"start":{},"end":{}}],"line":134},"31":{"loc":{"start":{"line":141,"column":12},"end":{"line":143,"column":13}},"type":"if","locations":[{"start":{"line":141,"column":12},"end":{"line":143,"column":13}},{"start":{},"end":{}}],"line":141},"32":{"loc":{"start":{"line":141,"column":16},"end":{"line":141,"column":116}},"type":"binary-expr","locations":[{"start":{"line":141,"column":16},"end":{"line":141,"column":33}},{"start":{"line":141,"column":38},"end":{"line":141,"column":64}},{"start":{"line":141,"column":68},"end":{"line":141,"column":115}}],"line":141},"33":{"loc":{"start":{"line":144,"column":12},"end":{"line":146,"column":13}},"type":"if","locations":[{"start":{"line":144,"column":12},"end":{"line":146,"column":13}},{"start":{},"end":{}}],"line":144},"34":{"loc":{"start":{"line":144,"column":16},"end":{"line":144,"column":116}},"type":"binary-expr","locations":[{"start":{"line":144,"column":16},"end":{"line":144,"column":33}},{"start":{"line":144,"column":38},"end":{"line":144,"column":64}},{"start":{"line":144,"column":68},"end":{"line":144,"column":115}}],"line":144},"35":{"loc":{"start":{"line":147,"column":12},"end":{"line":147,"column":80}},"type":"if","locations":[{"start":{"line":147,"column":12},"end":{"line":147,"column":80}},{"start":{},"end":{}}],"line":147},"36":{"loc":{"start":{"line":148,"column":12},"end":{"line":148,"column":75}},"type":"if","locations":[{"start":{"line":148,"column":12},"end":{"line":148,"column":75}},{"start":{},"end":{}}],"line":148},"37":{"loc":{"start":{"line":161,"column":8},"end":{"line":161,"column":96}},"type":"if","locations":[{"start":{"line":161,"column":8},"end":{"line":161,"column":96}},{"start":{},"end":{}}],"line":161},"38":{"loc":{"start":{"line":161,"column":12},"end":{"line":161,"column":55}},"type":"binary-expr","locations":[{"start":{"line":161,"column":12},"end":{"line":161,"column":33}},{"start":{"line":161,"column":37},"end":{"line":161,"column":55}}],"line":161},"39":{"loc":{"start":{"line":163,"column":23},"end":{"line":163,"column":91}},"type":"cond-expr","locations":[{"start":{"line":163,"column":62},"end":{"line":163,"column":84}},{"start":{"line":163,"column":87},"end":{"line":163,"column":91}}],"line":163},"40":{"loc":{"start":{"line":165,"column":30},"end":{"line":165,"column":84}},"type":"cond-expr","locations":[{"start":{"line":165,"column":60},"end":{"line":165,"column":77}},{"start":{"line":165,"column":80},"end":{"line":165,"column":84}}],"line":165},"41":{"loc":{"start":{"line":165,"column":30},"end":{"line":165,"column":57}},"type":"binary-expr","locations":[{"start":{"line":165,"column":30},"end":{"line":165,"column":36}},{"start":{"line":165,"column":40},"end":{"line":165,"column":57}}],"line":165},"42":{"loc":{"start":{"line":167,"column":8},"end":{"line":173,"column":9}},"type":"if","locations":[{"start":{"line":167,"column":8},"end":{"line":173,"column":9}},{"start":{},"end":{}}],"line":167},"43":{"loc":{"start":{"line":169,"column":32},"end":{"line":169,"column":139}},"type":"cond-expr","locations":[{"start":{"line":169,"column":58},"end":{"line":169,"column":79}},{"start":{"line":169,"column":82},"end":{"line":169,"column":139}}],"line":169},"44":{"loc":{"start":{"line":169,"column":82},"end":{"line":169,"column":139}},"type":"cond-expr","locations":[{"start":{"line":169,"column":107},"end":{"line":169,"column":128}},{"start":{"line":169,"column":131},"end":{"line":169,"column":139}}],"line":169},"45":{"loc":{"start":{"line":170,"column":30},"end":{"line":172,"column":79}},"type":"cond-expr","locations":[{"start":{"line":170,"column":75},"end":{"line":170,"column":91}},{"start":{"line":171,"column":18},"end":{"line":172,"column":79}}],"line":170},"46":{"loc":{"start":{"line":171,"column":18},"end":{"line":172,"column":79}},"type":"cond-expr","locations":[{"start":{"line":171,"column":66},"end":{"line":171,"column":85}},{"start":{"line":172,"column":22},"end":{"line":172,"column":79}}],"line":171},"47":{"loc":{"start":{"line":175,"column":8},"end":{"line":177,"column":9}},"type":"if","locations":[{"start":{"line":175,"column":8},"end":{"line":177,"column":9}},{"start":{},"end":{}}],"line":175},"48":{"loc":{"start":{"line":179,"column":30},"end":{"line":179,"column":90}},"type":"cond-expr","locations":[{"start":{"line":179,"column":39},"end":{"line":179,"column":63}},{"start":{"line":179,"column":66},"end":{"line":179,"column":90}}],"line":179},"49":{"loc":{"start":{"line":189,"column":8},"end":{"line":191,"column":9}},"type":"if","locations":[{"start":{"line":189,"column":8},"end":{"line":191,"column":9}},{"start":{},"end":{}}],"line":189},"50":{"loc":{"start":{"line":198,"column":28},"end":{"line":198,"column":118}},"type":"cond-expr","locations":[{"start":{"line":198,"column":63},"end":{"line":198,"column":97}},{"start":{"line":198,"column":100},"end":{"line":198,"column":118}}],"line":198},"51":{"loc":{"start":{"line":209,"column":12},"end":{"line":209,"column":43}},"type":"if","locations":[{"start":{"line":209,"column":12},"end":{"line":209,"column":43}},{"start":{},"end":{}}],"line":209},"52":{"loc":{"start":{"line":214,"column":12},"end":{"line":253,"column":13}},"type":"if","locations":[{"start":{"line":214,"column":12},"end":{"line":253,"column":13}},{"start":{"line":236,"column":19},"end":{"line":253,"column":13}}],"line":214},"53":{"loc":{"start":{"line":218,"column":16},"end":{"line":220,"column":17}},"type":"if","locations":[{"start":{"line":218,"column":16},"end":{"line":220,"column":17}},{"start":{},"end":{}}],"line":218},"54":{"loc":{"start":{"line":224,"column":20},"end":{"line":230,"column":21}},"type":"if","locations":[{"start":{"line":224,"column":20},"end":{"line":230,"column":21}},{"start":{"line":226,"column":27},"end":{"line":230,"column":21}}],"line":224},"55":{"loc":{"start":{"line":224,"column":24},"end":{"line":224,"column":64}},"type":"binary-expr","locations":[{"start":{"line":224,"column":24},"end":{"line":224,"column":42}},{"start":{"line":224,"column":46},"end":{"line":224,"column":64}}],"line":224},"56":{"loc":{"start":{"line":226,"column":27},"end":{"line":230,"column":21}},"type":"if","locations":[{"start":{"line":226,"column":27},"end":{"line":230,"column":21}},{"start":{"line":228,"column":27},"end":{"line":230,"column":21}}],"line":226},"57":{"loc":{"start":{"line":232,"column":16},"end":{"line":232,"column":84}},"type":"if","locations":[{"start":{"line":232,"column":16},"end":{"line":232,"column":84}},{"start":{},"end":{}}],"line":232},"58":{"loc":{"start":{"line":233,"column":16},"end":{"line":233,"column":79}},"type":"if","locations":[{"start":{"line":233,"column":16},"end":{"line":233,"column":79}},{"start":{},"end":{}}],"line":233},"59":{"loc":{"start":{"line":239,"column":37},"end":{"line":239,"column":80}},"type":"cond-expr","locations":[{"start":{"line":239,"column":65},"end":{"line":239,"column":75}},{"start":{"line":239,"column":78},"end":{"line":239,"column":80}}],"line":239},"60":{"loc":{"start":{"line":241,"column":16},"end":{"line":243,"column":17}},"type":"if","locations":[{"start":{"line":241,"column":16},"end":{"line":243,"column":17}},{"start":{},"end":{}}],"line":241},"61":{"loc":{"start":{"line":241,"column":20},"end":{"line":241,"column":120}},"type":"binary-expr","locations":[{"start":{"line":241,"column":20},"end":{"line":241,"column":37}},{"start":{"line":241,"column":42},"end":{"line":241,"column":68}},{"start":{"line":241,"column":72},"end":{"line":241,"column":119}}],"line":241},"62":{"loc":{"start":{"line":244,"column":16},"end":{"line":246,"column":17}},"type":"if","locations":[{"start":{"line":244,"column":16},"end":{"line":246,"column":17}},{"start":{},"end":{}}],"line":244},"63":{"loc":{"start":{"line":244,"column":20},"end":{"line":244,"column":120}},"type":"binary-expr","locations":[{"start":{"line":244,"column":20},"end":{"line":244,"column":37}},{"start":{"line":244,"column":42},"end":{"line":244,"column":68}},{"start":{"line":244,"column":72},"end":{"line":244,"column":119}}],"line":244},"64":{"loc":{"start":{"line":247,"column":16},"end":{"line":247,"column":84}},"type":"if","locations":[{"start":{"line":247,"column":16},"end":{"line":247,"column":84}},{"start":{},"end":{}}],"line":247},"65":{"loc":{"start":{"line":248,"column":16},"end":{"line":248,"column":79}},"type":"if","locations":[{"start":{"line":248,"column":16},"end":{"line":248,"column":79}},{"start":{},"end":{}}],"line":248},"66":{"loc":{"start":{"line":262,"column":30},"end":{"line":262,"column":90}},"type":"cond-expr","locations":[{"start":{"line":262,"column":39},"end":{"line":262,"column":63}},{"start":{"line":262,"column":66},"end":{"line":262,"column":90}}],"line":262},"67":{"loc":{"start":{"line":270,"column":23},"end":{"line":270,"column":91}},"type":"cond-expr","locations":[{"start":{"line":270,"column":62},"end":{"line":270,"column":84}},{"start":{"line":270,"column":87},"end":{"line":270,"column":91}}],"line":270},"68":{"loc":{"start":{"line":271,"column":22},"end":{"line":271,"column":76}},"type":"cond-expr","locations":[{"start":{"line":271,"column":52},"end":{"line":271,"column":69}},{"start":{"line":271,"column":72},"end":{"line":271,"column":76}}],"line":271},"69":{"loc":{"start":{"line":271,"column":22},"end":{"line":271,"column":49}},"type":"binary-expr","locations":[{"start":{"line":271,"column":22},"end":{"line":271,"column":28}},{"start":{"line":271,"column":32},"end":{"line":271,"column":49}}],"line":271},"70":{"loc":{"start":{"line":273,"column":8},"end":{"line":278,"column":9}},"type":"if","locations":[{"start":{"line":273,"column":8},"end":{"line":278,"column":9}},{"start":{},"end":{}}],"line":273},"71":{"loc":{"start":{"line":275,"column":32},"end":{"line":275,"column":89}},"type":"cond-expr","locations":[{"start":{"line":275,"column":57},"end":{"line":275,"column":78}},{"start":{"line":275,"column":81},"end":{"line":275,"column":89}}],"line":275},"72":{"loc":{"start":{"line":277,"column":22},"end":{"line":277,"column":114}},"type":"cond-expr","locations":[{"start":{"line":277,"column":48},"end":{"line":277,"column":63}},{"start":{"line":277,"column":66},"end":{"line":277,"column":114}}],"line":277},"73":{"loc":{"start":{"line":280,"column":8},"end":{"line":280,"column":118}},"type":"if","locations":[{"start":{"line":280,"column":8},"end":{"line":280,"column":118}},{"start":{},"end":{}}],"line":280},"74":{"loc":{"start":{"line":288,"column":8},"end":{"line":296,"column":9}},"type":"if","locations":[{"start":{"line":288,"column":8},"end":{"line":296,"column":9}},{"start":{},"end":{}}],"line":288},"75":{"loc":{"start":{"line":293,"column":12},"end":{"line":295,"column":13}},"type":"if","locations":[{"start":{"line":293,"column":12},"end":{"line":295,"column":13}},{"start":{},"end":{}}],"line":293},"76":{"loc":{"start":{"line":298,"column":8},"end":{"line":300,"column":9}},"type":"if","locations":[{"start":{"line":298,"column":8},"end":{"line":300,"column":9}},{"start":{},"end":{}}],"line":298},"77":{"loc":{"start":{"line":304,"column":28},"end":{"line":304,"column":118}},"type":"cond-expr","locations":[{"start":{"line":304,"column":63},"end":{"line":304,"column":97}},{"start":{"line":304,"column":100},"end":{"line":304,"column":118}}],"line":304},"78":{"loc":{"start":{"line":315,"column":8},"end":{"line":315,"column":65}},"type":"if","locations":[{"start":{"line":315,"column":8},"end":{"line":315,"column":65}},{"start":{},"end":{}}],"line":315},"79":{"loc":{"start":{"line":316,"column":8},"end":{"line":316,"column":76}},"type":"if","locations":[{"start":{"line":316,"column":8},"end":{"line":316,"column":76}},{"start":{},"end":{}}],"line":316},"80":{"loc":{"start":{"line":317,"column":8},"end":{"line":317,"column":71}},"type":"if","locations":[{"start":{"line":317,"column":8},"end":{"line":317,"column":71}},{"start":{},"end":{}}],"line":317},"81":{"loc":{"start":{"line":318,"column":8},"end":{"line":318,"column":76}},"type":"if","locations":[{"start":{"line":318,"column":8},"end":{"line":318,"column":76}},{"start":{},"end":{}}],"line":318},"82":{"loc":{"start":{"line":319,"column":8},"end":{"line":319,"column":71}},"type":"if","locations":[{"start":{"line":319,"column":8},"end":{"line":319,"column":71}},{"start":{},"end":{}}],"line":319},"83":{"loc":{"start":{"line":333,"column":15},"end":{"line":335,"column":98}},"type":"binary-expr","locations":[{"start":{"line":333,"column":16},"end":{"line":333,"column":33}},{"start":{"line":333,"column":37},"end":{"line":333,"column":58}},{"start":{"line":334,"column":16},"end":{"line":334,"column":33}},{"start":{"line":334,"column":37},"end":{"line":334,"column":76}},{"start":{"line":335,"column":16},"end":{"line":335,"column":30}},{"start":{"line":335,"column":34},"end":{"line":335,"column":97}}],"line":333},"84":{"loc":{"start":{"line":342,"column":8},"end":{"line":345,"column":9}},"type":"if","locations":[{"start":{"line":342,"column":8},"end":{"line":345,"column":9}},{"start":{},"end":{}}],"line":342},"85":{"loc":{"start":{"line":348,"column":8},"end":{"line":368,"column":9}},"type":"if","locations":[{"start":{"line":348,"column":8},"end":{"line":368,"column":9}},{"start":{},"end":{}}],"line":348},"86":{"loc":{"start":{"line":350,"column":12},"end":{"line":360,"column":13}},"type":"if","locations":[{"start":{"line":350,"column":12},"end":{"line":360,"column":13}},{"start":{"line":357,"column":19},"end":{"line":360,"column":13}}],"line":350},"87":{"loc":{"start":{"line":350,"column":16},"end":{"line":350,"column":76}},"type":"binary-expr","locations":[{"start":{"line":350,"column":16},"end":{"line":350,"column":50}},{"start":{"line":350,"column":54},"end":{"line":350,"column":76}}],"line":350},"88":{"loc":{"start":{"line":351,"column":16},"end":{"line":356,"column":17}},"type":"if","locations":[{"start":{"line":351,"column":16},"end":{"line":356,"column":17}},{"start":{"line":353,"column":23},"end":{"line":356,"column":17}}],"line":351},"89":{"loc":{"start":{"line":355,"column":83},"end":{"line":355,"column":175}},"type":"binary-expr","locations":[{"start":{"line":355,"column":83},"end":{"line":355,"column":128}},{"start":{"line":355,"column":132},"end":{"line":355,"column":175}}],"line":355},"90":{"loc":{"start":{"line":386,"column":30},"end":{"line":388,"column":38}},"type":"cond-expr","locations":[{"start":{"line":387,"column":14},"end":{"line":387,"column":38}},{"start":{"line":388,"column":14},"end":{"line":388,"column":38}}],"line":386},"91":{"loc":{"start":{"line":386,"column":31},"end":{"line":386,"column":65}},"type":"binary-expr","locations":[{"start":{"line":386,"column":31},"end":{"line":386,"column":37}},{"start":{"line":386,"column":41},"end":{"line":386,"column":65}}],"line":386},"92":{"loc":{"start":{"line":395,"column":8},"end":{"line":395,"column":62}},"type":"if","locations":[{"start":{"line":395,"column":8},"end":{"line":395,"column":62}},{"start":{},"end":{}}],"line":395},"93":{"loc":{"start":{"line":399,"column":8},"end":{"line":405,"column":9}},"type":"if","locations":[{"start":{"line":399,"column":8},"end":{"line":405,"column":9}},{"start":{"line":401,"column":15},"end":{"line":405,"column":9}}],"line":399},"94":{"loc":{"start":{"line":414,"column":12},"end":{"line":417,"column":13}},"type":"if","locations":[{"start":{"line":414,"column":12},"end":{"line":417,"column":13}},{"start":{},"end":{}}],"line":414},"95":{"loc":{"start":{"line":414,"column":16},"end":{"line":414,"column":65}},"type":"binary-expr","locations":[{"start":{"line":414,"column":16},"end":{"line":414,"column":28}},{"start":{"line":414,"column":32},"end":{"line":414,"column":65}}],"line":414},"96":{"loc":{"start":{"line":422,"column":8},"end":{"line":424,"column":9}},"type":"if","locations":[{"start":{"line":422,"column":8},"end":{"line":424,"column":9}},{"start":{},"end":{}}],"line":422},"97":{"loc":{"start":{"line":434,"column":12},"end":{"line":436,"column":13}},"type":"if","locations":[{"start":{"line":434,"column":12},"end":{"line":436,"column":13}},{"start":{},"end":{}}],"line":434},"98":{"loc":{"start":{"line":438,"column":12},"end":{"line":453,"column":13}},"type":"if","locations":[{"start":{"line":438,"column":12},"end":{"line":453,"column":13}},{"start":{"line":445,"column":19},"end":{"line":453,"column":13}}],"line":438},"99":{"loc":{"start":{"line":442,"column":31},"end":{"line":442,"column":83}},"type":"cond-expr","locations":[{"start":{"line":442,"column":63},"end":{"line":442,"column":78}},{"start":{"line":442,"column":81},"end":{"line":442,"column":83}}],"line":442},"100":{"loc":{"start":{"line":450,"column":41},"end":{"line":450,"column":93}},"type":"cond-expr","locations":[{"start":{"line":450,"column":73},"end":{"line":450,"column":88}},{"start":{"line":450,"column":91},"end":{"line":450,"column":93}}],"line":450},"101":{"loc":{"start":{"line":463,"column":0},"end":{"line":465,"column":1}},"type":"if","locations":[{"start":{"line":463,"column":0},"end":{"line":465,"column":1}},{"start":{},"end":{}}],"line":463}},"s":{"0":18,"1":142,"2":0,"3":142,"4":18,"5":14,"6":14,"7":14,"8":14,"9":14,"10":14,"11":5,"12":14,"13":1,"14":1,"15":13,"16":13,"17":13,"18":13,"19":13,"20":13,"21":13,"22":13,"23":13,"24":81,"25":13,"26":13,"27":13,"28":0,"29":13,"30":13,"31":13,"32":13,"33":7,"34":7,"35":7,"36":7,"37":6,"38":6,"39":13,"40":13,"41":13,"42":13,"43":13,"44":13,"45":13,"46":13,"47":13,"48":6,"49":6,"50":0,"51":6,"52":6,"53":2,"54":2,"55":2,"56":1,"57":1,"58":1,"59":7,"60":7,"61":12,"62":12,"63":77,"64":77,"65":31,"66":8,"67":23,"68":16,"69":7,"70":46,"71":12,"72":5,"73":4,"74":5,"75":4,"76":5,"77":5,"78":5,"79":7,"80":6,"81":7,"82":6,"83":7,"84":6,"85":7,"86":6,"87":7,"88":7,"89":7,"90":1,"91":0,"92":1,"93":1,"94":1,"95":1,"96":0,"97":0,"98":0,"99":0,"100":1,"101":0,"102":1,"103":1,"104":1,"105":1,"106":1,"107":1,"108":1,"109":3,"110":1,"111":1,"112":0,"113":1,"114":1,"115":1,"116":2,"117":1,"118":1,"119":1,"120":1,"121":1,"122":1,"123":1,"124":1,"125":2,"126":2,"127":0,"128":2,"129":2,"130":2,"131":0,"132":0,"133":0,"134":0,"135":0,"136":0,"137":0,"138":0,"139":0,"140":0,"141":0,"142":0,"143":0,"144":0,"145":0,"146":0,"147":0,"148":2,"149":2,"150":6,"151":6,"152":2,"153":0,"154":2,"155":0,"156":2,"157":0,"158":2,"159":0,"160":2,"161":2,"162":2,"163":1,"164":1,"165":1,"166":1,"167":1,"168":1,"169":1,"170":1,"171":7,"172":1,"173":1,"174":1,"175":1,"176":1,"177":1,"178":2,"179":1,"180":0,"181":1,"182":0,"183":1,"184":1,"185":1,"186":1,"187":1,"188":1,"189":1,"190":2,"191":1,"192":1,"193":1,"194":1,"195":0,"196":1,"197":1,"198":1,"199":1,"200":1,"201":1,"202":1,"203":1,"204":1,"205":1,"206":1,"207":1,"208":1,"209":1,"210":1,"211":1,"212":0,"213":1,"214":0,"215":1,"216":1,"217":2014,"218":2014,"219":2014,"220":2014,"221":26,"222":26,"223":2,"224":2,"225":26,"226":2,"227":2,"228":2,"229":1,"230":9,"231":1,"232":11,"233":0,"234":2,"235":2,"236":2,"237":2,"238":26,"239":11,"240":11,"241":11,"242":11,"243":11,"244":0,"245":11,"246":2,"247":9,"248":9,"249":9,"250":11,"251":11,"252":11,"253":11,"254":11,"255":57,"256":43,"257":43,"258":11,"259":3,"260":8,"261":8,"262":8,"263":8,"264":2008,"265":2008,"266":0,"267":2008,"268":1001,"269":1001,"270":1001,"271":6003,"272":6003,"273":1001,"274":1007,"275":1007,"276":1007,"277":6035,"278":6035,"279":6035,"280":1007,"281":8,"282":8,"283":18,"284":18},"f":{"0":142,"1":14,"2":5,"3":81,"4":1,"5":0,"6":3,"7":1,"8":7,"9":2,"10":0,"11":2,"12":2014,"13":26,"14":9,"15":11,"16":11},"b":{"0":[0,142],"1":[0,14],"2":[0,14],"3":[14,0],"4":[14,0],"5":[0,14],"6":[1,13],"7":[9,5],"8":[1,4],"9":[1,13],"10":[14,13],"11":[1,1],"12":[4,9],"13":[0,13],"14":[7,6],"15":[6,1],"16":[13,0],"17":[6,7],"18":[0,6],"19":[2,4],"20":[2,0],"21":[2,2,0],"22":[1,1],"23":[31,46],"24":[8,23],"25":[31,27],"26":[16,7],"27":[21,25],"28":[5,7],"29":[4,1],"30":[4,1],"31":[6,1],"32":[7,6,0],"33":[6,1],"34":[7,6,0],"35":[6,1],"36":[6,1],"37":[0,1],"38":[1,1],"39":[1,0],"40":[1,0],"41":[1,1],"42":[0,1],"43":[0,0],"44":[0,0],"45":[0,0],"46":[0,0],"47":[0,1],"48":[1,0],"49":[0,1],"50":[1,0],"51":[0,2],"52":[0,2],"53":[0,0],"54":[0,0],"55":[0,0],"56":[0,0],"57":[0,0],"58":[0,0],"59":[2,4],"60":[0,2],"61":[2,0,0],"62":[0,2],"63":[2,0,0],"64":[0,2],"65":[0,2],"66":[0,1],"67":[0,1],"68":[0,1],"69":[1,0],"70":[1,0],"71":[1,0],"72":[1,0],"73":[0,1],"74":[1,0],"75":[1,0],"76":[0,1],"77":[1,0],"78":[1,0],"79":[1,0],"80":[1,0],"81":[0,1],"82":[0,1],"83":[2014,0,2014,0,2014,2013],"84":[2,24],"85":[2,24],"86":[2,0],"87":[2,2],"88":[1,1],"89":[11,11],"90":[11,0],"91":[11,11],"92":[0,11],"93":[2,9],"94":[43,14],"95":[57,38],"96":[3,8],"97":[0,2008],"98":[1001,1007],"99":[6003,0],"100":[6035,0],"101":[18,0]},"_coverageSchema":"1a1c01bbd47fc00a2c39e90264f33305004495a9","hash":"7e643fcb84714167a9525092f42012f53fa32a2c"}
,"C:\\Users\\grego\\Antigravity\\Taxonomia Project\\src\\Engine_ABAC.gs": {"path":"C:\\Users\\grego\\Antigravity\\Taxonomia Project\\src\\Engine_ABAC.gs","statementMap":{"0":{"start":{"line":6,"column":20},"end":{"line":205,"column":1}},"1":{"start":{"line":11,"column":4},"end":{"line":14,"column":5}},"2":{"start":{"line":12,"column":25},"end":{"line":12,"column":62}},"3":{"start":{"line":13,"column":6},"end":{"line":13,"column":94}},"4":{"start":{"line":15,"column":4},"end":{"line":15,"column":42}},"5":{"start":{"line":19,"column":16},"end":{"line":19,"column":35}},"6":{"start":{"line":20,"column":4},"end":{"line":22,"column":5}},"7":{"start":{"line":21,"column":6},"end":{"line":21,"column":63}},"8":{"start":{"line":23,"column":4},"end":{"line":23,"column":35}},"9":{"start":{"line":33,"column":4},"end":{"line":33,"column":53}},"10":{"start":{"line":33,"column":16},"end":{"line":33,"column":53}},"11":{"start":{"line":37,"column":21},"end":{"line":37,"column":51}},"12":{"start":{"line":38,"column":19},"end":{"line":38,"column":45}},"13":{"start":{"line":39,"column":20},"end":{"line":39,"column":81}},"14":{"start":{"line":39,"column":39},"end":{"line":39,"column":80}},"15":{"start":{"line":41,"column":4},"end":{"line":44,"column":5}},"16":{"start":{"line":43,"column":6},"end":{"line":43,"column":43}},"17":{"start":{"line":46,"column":22},"end":{"line":50,"column":5}},"18":{"start":{"line":53,"column":4},"end":{"line":59,"column":5}},"19":{"start":{"line":54,"column":23},"end":{"line":54,"column":61}},"20":{"start":{"line":55,"column":24},"end":{"line":55,"column":73}},"21":{"start":{"line":55,"column":45},"end":{"line":55,"column":72}},"22":{"start":{"line":56,"column":6},"end":{"line":58,"column":9}},"23":{"start":{"line":57,"column":8},"end":{"line":57,"column":67}},"24":{"start":{"line":61,"column":22},"end":{"line":61,"column":54}},"25":{"start":{"line":62,"column":4},"end":{"line":62,"column":39}},"26":{"start":{"line":62,"column":20},"end":{"line":62,"column":39}},"27":{"start":{"line":66,"column":19},"end":{"line":66,"column":28}},"28":{"start":{"line":67,"column":19},"end":{"line":67,"column":21}},"29":{"start":{"line":69,"column":23},"end":{"line":69,"column":142}},"30":{"start":{"line":69,"column":44},"end":{"line":69,"column":142}},"31":{"start":{"line":72,"column":4},"end":{"line":126,"column":5}},"32":{"start":{"line":73,"column":8},"end":{"line":90,"column":11}},"33":{"start":{"line":74,"column":27},"end":{"line":74,"column":47}},"34":{"start":{"line":75,"column":12},"end":{"line":89,"column":13}},"35":{"start":{"line":76,"column":32},"end":{"line":76,"column":59}},"36":{"start":{"line":77,"column":29},"end":{"line":77,"column":63}},"37":{"start":{"line":79,"column":16},"end":{"line":88,"column":19}},"38":{"start":{"line":80,"column":36},"end":{"line":80,"column":117}},"39":{"start":{"line":80,"column":86},"end":{"line":80,"column":116}},"40":{"start":{"line":81,"column":20},"end":{"line":87,"column":21}},"41":{"start":{"line":82,"column":38},"end":{"line":82,"column":58}},"42":{"start":{"line":83,"column":24},"end":{"line":86,"column":25}},"43":{"start":{"line":84,"column":28},"end":{"line":84,"column":48}},"44":{"start":{"line":85,"column":28},"end":{"line":85,"column":74}},"45":{"start":{"line":93,"column":28},"end":{"line":93,"column":29}},"46":{"start":{"line":95,"column":8},"end":{"line":121,"column":9}},"47":{"start":{"line":96,"column":12},"end":{"line":96,"column":28}},"48":{"start":{"line":97,"column":28},"end":{"line":97,"column":44}},"49":{"start":{"line":99,"column":12},"end":{"line":120,"column":15}},"50":{"start":{"line":100,"column":36},"end":{"line":100,"column":61}},"51":{"start":{"line":102,"column":16},"end":{"line":119,"column":17}},"52":{"start":{"line":103,"column":40},"end":{"line":103,"column":84}},"53":{"start":{"line":104,"column":20},"end":{"line":104,"column":45}},"54":{"start":{"line":104,"column":38},"end":{"line":104,"column":45}},"55":{"start":{"line":106,"column":41},"end":{"line":106,"column":78}},"56":{"start":{"line":107,"column":38},"end":{"line":107,"column":77}},"57":{"start":{"line":109,"column":20},"end":{"line":118,"column":23}},"58":{"start":{"line":110,"column":24},"end":{"line":117,"column":25}},"59":{"start":{"line":111,"column":44},"end":{"line":111,"column":74}},"60":{"start":{"line":113,"column":28},"end":{"line":116,"column":29}},"61":{"start":{"line":114,"column":32},"end":{"line":114,"column":54}},"62":{"start":{"line":115,"column":32},"end":{"line":115,"column":85}},"63":{"start":{"line":123,"column":8},"end":{"line":125,"column":9}},"64":{"start":{"line":124,"column":12},"end":{"line":124,"column":121}},"65":{"start":{"line":130,"column":4},"end":{"line":130,"column":47}},"66":{"start":{"line":131,"column":4},"end":{"line":131,"column":48}},"67":{"start":{"line":133,"column":4},"end":{"line":133,"column":23}},"68":{"start":{"line":148,"column":4},"end":{"line":148,"column":29}},"69":{"start":{"line":148,"column":16},"end":{"line":148,"column":29}},"70":{"start":{"line":151,"column":4},"end":{"line":151,"column":39}},"71":{"start":{"line":151,"column":27},"end":{"line":151,"column":39}},"72":{"start":{"line":153,"column":21},"end":{"line":153,"column":51}},"73":{"start":{"line":154,"column":19},"end":{"line":154,"column":45}},"74":{"start":{"line":155,"column":20},"end":{"line":155,"column":81}},"75":{"start":{"line":155,"column":39},"end":{"line":155,"column":80}},"76":{"start":{"line":158,"column":4},"end":{"line":161,"column":5}},"77":{"start":{"line":160,"column":6},"end":{"line":160,"column":19}},"78":{"start":{"line":163,"column":19},"end":{"line":163,"column":33}},"79":{"start":{"line":166,"column":4},"end":{"line":166,"column":30}},"80":{"start":{"line":166,"column":17},"end":{"line":166,"column":30}},"81":{"start":{"line":168,"column":21},"end":{"line":168,"column":59}},"82":{"start":{"line":170,"column":17},"end":{"line":170,"column":91}},"83":{"start":{"line":170,"column":36},"end":{"line":170,"column":90}},"84":{"start":{"line":174,"column":4},"end":{"line":176,"column":5}},"85":{"start":{"line":175,"column":6},"end":{"line":175,"column":18}},"86":{"start":{"line":178,"column":18},"end":{"line":178,"column":56}},"87":{"start":{"line":181,"column":4},"end":{"line":181,"column":45}},"88":{"start":{"line":181,"column":33},"end":{"line":181,"column":45}},"89":{"start":{"line":182,"column":4},"end":{"line":182,"column":47}},"90":{"start":{"line":182,"column":34},"end":{"line":182,"column":47}},"91":{"start":{"line":183,"column":4},"end":{"line":183,"column":52}},"92":{"start":{"line":183,"column":39},"end":{"line":183,"column":52}},"93":{"start":{"line":186,"column":4},"end":{"line":195,"column":5}},"94":{"start":{"line":187,"column":23},"end":{"line":187,"column":53}},"95":{"start":{"line":189,"column":6},"end":{"line":191,"column":7}},"96":{"start":{"line":190,"column":8},"end":{"line":190,"column":51}},"97":{"start":{"line":192,"column":6},"end":{"line":194,"column":7}},"98":{"start":{"line":193,"column":8},"end":{"line":193,"column":91}},"99":{"start":{"line":199,"column":4},"end":{"line":201,"column":5}},"100":{"start":{"line":200,"column":8},"end":{"line":200,"column":81}},"101":{"start":{"line":200,"column":69},"end":{"line":200,"column":81}},"102":{"start":{"line":203,"column":4},"end":{"line":203,"column":17}},"103":{"start":{"line":208,"column":0},"end":{"line":210,"column":1}},"104":{"start":{"line":209,"column":2},"end":{"line":209,"column":35}}},"fnMap":{"0":{"name":"(anonymous_0)","decl":{"start":{"line":10,"column":18},"end":{"line":10,"column":19}},"loc":{"start":{"line":10,"column":39},"end":{"line":16,"column":3}},"line":10},"1":{"name":"(anonymous_1)","decl":{"start":{"line":18,"column":22},"end":{"line":18,"column":23}},"loc":{"start":{"line":18,"column":38},"end":{"line":24,"column":3}},"line":18},"2":{"name":"(anonymous_2)","decl":{"start":{"line":32,"column":22},"end":{"line":32,"column":23}},"loc":{"start":{"line":32,"column":38},"end":{"line":134,"column":3}},"line":32},"3":{"name":"(anonymous_3)","decl":{"start":{"line":39,"column":34},"end":{"line":39,"column":35}},"loc":{"start":{"line":39,"column":39},"end":{"line":39,"column":80}},"line":39},"4":{"name":"(anonymous_4)","decl":{"start":{"line":55,"column":40},"end":{"line":55,"column":41}},"loc":{"start":{"line":55,"column":45},"end":{"line":55,"column":72}},"line":55},"5":{"name":"(anonymous_5)","decl":{"start":{"line":56,"column":24},"end":{"line":56,"column":25}},"loc":{"start":{"line":56,"column":29},"end":{"line":58,"column":7}},"line":56},"6":{"name":"(anonymous_6)","decl":{"start":{"line":69,"column":23},"end":{"line":69,"column":24}},"loc":{"start":{"line":69,"column":44},"end":{"line":69,"column":142}},"line":69},"7":{"name":"(anonymous_7)","decl":{"start":{"line":73,"column":41},"end":{"line":73,"column":42}},"loc":{"start":{"line":73,"column":52},"end":{"line":90,"column":9}},"line":73},"8":{"name":"(anonymous_8)","decl":{"start":{"line":79,"column":29},"end":{"line":79,"column":30}},"loc":{"start":{"line":79,"column":36},"end":{"line":88,"column":17}},"line":79},"9":{"name":"(anonymous_9)","decl":{"start":{"line":80,"column":81},"end":{"line":80,"column":82}},"loc":{"start":{"line":80,"column":86},"end":{"line":80,"column":116}},"line":80},"10":{"name":"(anonymous_10)","decl":{"start":{"line":99,"column":45},"end":{"line":99,"column":46}},"loc":{"start":{"line":99,"column":61},"end":{"line":120,"column":13}},"line":99},"11":{"name":"(anonymous_11)","decl":{"start":{"line":109,"column":38},"end":{"line":109,"column":39}},"loc":{"start":{"line":109,"column":50},"end":{"line":118,"column":21}},"line":109},"12":{"name":"(anonymous_12)","decl":{"start":{"line":147,"column":22},"end":{"line":147,"column":23}},"loc":{"start":{"line":147,"column":68},"end":{"line":204,"column":3}},"line":147},"13":{"name":"(anonymous_13)","decl":{"start":{"line":155,"column":34},"end":{"line":155,"column":35}},"loc":{"start":{"line":155,"column":39},"end":{"line":155,"column":80}},"line":155},"14":{"name":"(anonymous_14)","decl":{"start":{"line":170,"column":31},"end":{"line":170,"column":32}},"loc":{"start":{"line":170,"column":36},"end":{"line":170,"column":90}},"line":170}},"branchMap":{"0":{"loc":{"start":{"line":11,"column":4},"end":{"line":14,"column":5}},"type":"if","locations":[{"start":{"line":11,"column":4},"end":{"line":14,"column":5}},{"start":{},"end":{}}],"line":11},"1":{"loc":{"start":{"line":13,"column":39},"end":{"line":13,"column":93}},"type":"cond-expr","locations":[{"start":{"line":13,"column":73},"end":{"line":13,"column":88}},{"start":{"line":13,"column":91},"end":{"line":13,"column":93}}],"line":13},"2":{"loc":{"start":{"line":13,"column":40},"end":{"line":13,"column":69}},"type":"binary-expr","locations":[{"start":{"line":13,"column":40},"end":{"line":13,"column":50}},{"start":{"line":13,"column":54},"end":{"line":13,"column":69}}],"line":13},"3":{"loc":{"start":{"line":20,"column":4},"end":{"line":22,"column":5}},"type":"if","locations":[{"start":{"line":20,"column":4},"end":{"line":22,"column":5}},{"start":{},"end":{}}],"line":20},"4":{"loc":{"start":{"line":33,"column":4},"end":{"line":33,"column":53}},"type":"if","locations":[{"start":{"line":33,"column":4},"end":{"line":33,"column":53}},{"start":{},"end":{}}],"line":33},"5":{"loc":{"start":{"line":39,"column":40},"end":{"line":39,"column":54}},"type":"binary-expr","locations":[{"start":{"line":39,"column":40},"end":{"line":39,"column":48}},{"start":{"line":39,"column":52},"end":{"line":39,"column":54}}],"line":39},"6":{"loc":{"start":{"line":41,"column":4},"end":{"line":44,"column":5}},"type":"if","locations":[{"start":{"line":41,"column":4},"end":{"line":44,"column":5}},{"start":{
[...]
71,"column":55}}],"line":71},"13":{"loc":{"start":{"line":72,"column":12},"end":{"line":96,"column":13}},"type":"if","locations":[{"start":{"line":72,"column":12},"end":{"line":96,"column":13}},{"start":{"line":85,"column":19},"end":{"line":96,"column":13}}],"line":72},"14":{"loc":{"start":{"line":74,"column":16},"end":{"line":84,"column":17}},"type":"if","locations":[{"start":{"line":74,"column":16},"end":{"line":84,"column":17}},{"start":{"line":76,"column":23},"end":{"line":84,"column":17}}],"line":74},"15":{"loc":{"start":{"line":76,"column":23},"end":{"line":84,"column":17}},"type":"if","locations":[{"start":{"line":76,"column":23},"end":{"line":84,"column":17}},{"start":{},"end":{}}],"line":76},"16":{"loc":{"start":{"line":78,"column":20},"end":{"line":83,"column":21}},"type":"if","locations":[{"start":{"line":78,"column":20},"end":{"line":83,"column":21}},{"start":{"line":80,"column":27},"end":{"line":83,"column":21}}],"line":78},"17":{"loc":{"start":{"line":80,"column":27},"end":{"line":83,"column":21}},"type":"if","locations":[{"start":{"line":80,"column":27},"end":{"line":83,"column":21}},{"start":{},"end":{}}],"line":80},"18":{"loc":{"start":{"line":80,"column":31},"end":{"line":80,"column":83}},"type":"binary-expr","locations":[{"start":{"line":80,"column":31},"end":{"line":80,"column":53}},{"start":{"line":80,"column":57},"end":{"line":80,"column":83}}],"line":80},"19":{"loc":{"start":{"line":87,"column":16},"end":{"line":95,"column":17}},"type":"if","locations":[{"start":{"line":87,"column":16},"end":{"line":95,"column":17}},{"start":{"line":89,"column":23},"end":{"line":95,"column":17}}],"line":87},"20":{"loc":{"start":{"line":89,"column":23},"end":{"line":95,"column":17}},"type":"if","locations":[{"start":{"line":89,"column":23},"end":{"line":95,"column":17}},{"start":{},"end":{}}],"line":89},"21":{"loc":{"start":{"line":90,"column":20},"end":{"line":94,"column":21}},"type":"if","locations":[{"start":{"line":90,"column":20},"end":{"line":94,"column":21}},{"start":{"line":92,"column":27},"end":{"line":94,"column":21}}],"line":90},"22":{"loc":{"start":{"line":90,"column":24},"end":{"line":90,"column":66}},"type":"binary-expr","locations":[{"start":{"line":90,"column":24},"end":{"line":90,"column":36}},{"start":{"line":90,"column":40},"end":{"line":90,"column":66}}],"line":90},"23":{"loc":{"start":{"line":115,"column":4},"end":{"line":117,"column":5}},"type":"if","locations":[{"start":{"line":115,"column":4},"end":{"line":117,"column":5}},{"start":{},"end":{}}],"line":115},"24":{"loc":{"start":{"line":115,"column":9},"end":{"line":115,"column":27}},"type":"binary-expr","locations":[{"start":{"line":115,"column":9},"end":{"line":115,"column":21}},{"start":{"line":115,"column":25},"end":{"line":115,"column":27}}],"line":115},"25":{"loc":{"start":{"line":116,"column":20},"end":{"line":116,"column":38}},"type":"binary-expr","locations":[{"start":{"line":116,"column":20},"end":{"line":116,"column":32}},{"start":{"line":116,"column":36},"end":{"line":116,"column":38}}],"line":116},"26":{"loc":{"start":{"line":118,"column":16},"end":{"line":118,"column":34}},"type":"binary-expr","locations":[{"start":{"line":118,"column":16},"end":{"line":118,"column":28}},{"start":{"line":118,"column":32},"end":{"line":118,"column":34}}],"line":118},"27":{"loc":{"start":{"line":134,"column":20},"end":{"line":134,"column":105}},"type":"binary-expr","locations":[{"start":{"line":134,"column":20},"end":{"line":134,"column":97}},{"start":{"line":134,"column":101},"end":{"line":134,"column":105}}],"line":134},"28":{"loc":{"start":{"line":134,"column":21},"end":{"line":134,"column":39}},"type":"binary-expr","locations":[{"start":{"line":134,"column":21},"end":{"line":134,"column":33}},{"start":{"line":134,"column":37},"end":{"line":134,"column":39}}],"line":134},"29":{"loc":{"start":{"line":135,"column":19},"end":{"line":135,"column":37}},"type":"binary-expr","locations":[{"start":{"line":135,"column":19},"end":{"line":135,"column":31}},{"start":{"line":135,"column":35},"end":{"line":135,"column":37}}],"line":135},"30":{"loc":{"start":{"line":152,"column":30},"end":{"line":152,"column":48}},"type":"binary-expr","locations":[{"start":{"line":152,"column":30},"end":{"line":152,"column":42}},{"start":{"line":152,"column":46},"end":{"line":152,"column":48}}],"line":152},"31":{"loc":{"start":{"line":169,"column":4},"end":{"line":169,"column":30}},"type":"if","locations":[{"start":{"line":169,"column":4},"end":{"line":169,"column":30}},{"start":{},"end":{}}],"line":169},"32":{"loc":{"start":{"line":170,"column":11},"end":{"line":170,"column":81}},"type":"binary-expr","locations":[{"start":{"line":170,"column":11},"end":{"line":170,"column":33}},{"start":{"line":170,"column":38},"end":{"line":170,"column":51}},{"start":{"line":170,"column":55},"end":{"line":170,"column":80}}],"line":170},"33":{"loc":{"start":{"line":181,"column":4},"end":{"line":185,"column":5}},"type":"if","locations":[{"start":{"line":181,"column":4},"end":{"line":185,"column":5}},{"start":{},"end":{}}],"line":181},"34":{"loc":{"start":{"line":181,"column":8},"end":{"line":181,"column":112}},"type":"binary-expr","locations":[{"start":{"line":181,"column":8},"end":{"line":181,"column":20}},{"start":{"line":181,"column":24},"end":{"line":181,"column":66}},{"start":{"line":181,"column":70},"end":{"line":181,"column":84}},{"start":{"line":181,"column":88},"end":{"line":181,"column":112}}],"line":181},"35":{"loc":{"start":{"line":190,"column":0},"end":{"line":196,"column":1}},"type":"if","locations":[{"start":{"line":190,"column":0},"end":{"line":196,"column":1}},{"start":{"line":193,"column":7},"end":{"line":196,"column":1}}],"line":190},"36":{"loc":{"start":{"line":190,"column":4},"end":{"line":190,"column":51}},"type":"binary-expr","locations":[{"start":{"line":190,"column":4},"end":{"line":190,"column":33}},{"start":{"line":190,"column":37},"end":{"line":190,"column":51}}],"line":190},"37":{"loc":{"start":{"line":193,"column":7},"end":{"line":196,"column":1}},"type":"if","locations":[{"start":{"line":193,"column":7},"end":{"line":196,"column":1}},{"start":{},"end":{}}],"line":193}},"s":{"0":107,"1":4,"2":2,"3":2,"4":11,"5":48,"6":48,"7":23,"8":11,"9":6,"10":6,"11":6,"12":6,"13":6,"14":6,"15":1,"16":4,"17":6,"18":5,"19":3,"20":1,"21":4,"22":2,"23":2,"24":2,"25":1,"26":4,"27":1,"28":1,"29":2,"30":1,"31":4,"32":1,"33":1,"34":0,"35":1,"36":4,"37":11,"38":4,"39":7,"40":1,"41":3,"42":5,"43":5,"44":7,"45":5,"46":10,"47":5,"48":1,"49":3,"50":1,"51":0,"52":0,"53":0,"54":0,"55":0,"56":0,"57":0,"58":0,"59":0,"60":1,"61":1,"62":0,"63":0},"f":{"0":107,"1":4,"2":11,"3":48,"4":23,"5":4,"6":4,"7":4,"8":4,"9":4,"10":4,"11":7,"12":5,"13":7,"14":10,"15":1,"16":3,"17":0,"18":0},"b":{"0":[107,0],"1":[2,2],"2":[4,3],"3":[4],"4":[11,0],"5":[48,0],"6":[6,5],"7":[11,6],"8":[0,6],"9":[1,5],"10":[6,3],"11":[5,1],"12":[6,5],"13":[3,2],"14":[1,2],"15":[2,0],"16":[1,1],"17":[1,0],"18":[1,1],"19":[1,1],"20":[1,0],"21":[0,1],"22":[1,0],"23":[1,3],"24":[4,0],"25":[1,0],"26":[3,0],"27":[5,1],"28":[5,0],"29":[5,0],"30":[1,0],"31":[0,0],"32":[0,0,0],"33":[0,0],"34":[0,0,0,0],"35":[1,0],"36":[1,1],"37":[0,0]},"_coverageSchema":"1a1c01bbd47fc00a2c39e90264f33305004495a9","hash":"d6cd9dd3cdec8d464376b9f9e699c699e6ce3d19"}
,"C:\\Users\\grego\\Antigravity\\Taxonomia Project\\src\\Topology_Strategies.js": {"path":"C:\\Users\\grego\\Antigravity\\Taxonomia Project\\src\\Topology_Strategies.js","statementMap":{"0":{"start":{"line":6,"column":22},"end":{"line":34,"column":1}},"1":{"start":{"line":7,"column":4},"end":{"line":7,"column":97}},"2":{"start":{"line":7,"column":69},"end":{"line":7,"column":97}},"3":{"start":{"line":9,"column":29},"end":{"line":9,"column":38}},"4":{"start":{"line":10,"column":4},"end":{"line":18,"column":7}},"5":{"start":{"line":11,"column":24},"end":{"line":11,"column":52}},"6":{"start":{"line":12,"column":8},"end":{"line":12,"column":29}},"7":{"start":{"line":12,"column":22},"end":{"line":12,"column":29}},"8":{"start":{"line":14,"column":8},"end":{"line":16,"column":9}},"9":{"start":{"line":15,"column":12},"end":{"line":15,"column":141}},"10":{"start":{"line":17,"column":8},"end":{"line":17,"column":38}},"11":{"start":{"line":20,"column":4},"end":{"line":20,"column":107}},"12":{"start":{"line":20,"column":79},"end":{"line":20,"column":107}},"13":{"start":{"line":23,"column":22},"end":{"line":27,"column":5}},"14":{"start":{"line":24,"column":8},"end":{"line":24,"column":163}},"15":{"start":{"line":24,"column":101},"end":{"line":24,"column":163}},"16":{"start":{"line":26,"column":8},"end":{"line":26,"column":121}},"17":{"start":{"line":26,"column":33},"end":{"line":26,"column":119}},"18":{"start":{"line":30,"column":20},"end":{"line":32,"column":5}},"19":{"start":{"line":31,"column":8},"end":{"line":31,"column":58}},"20":{"start":{"line":33,"column":4},"end":{"line":33,"column":37}},"21":{"start":{"line":36,"column":22},"end":{"line":71,"column":1}},"22":{"start":{"line":37,"column":4},"end":{"line":37,"column":97}},"23":{"start":{"line":37,"column":69},"end":{"line":37,"column":97}},"24":{"start":{"line":38,"column":4},"end":{"line":38,"column":107}},"25":{"start":{"line":38,"column":79},"end":{"line":38,"column":107}},"26":{"start":{"line":40,"column":23},"end":{"line":40,"column":32}},"27":{"start":{"line":41,"column":4},"end":{"line":52,"column":7}},"28":{"start":{"line":42,"column":22},"end":{"line":42,"column":50}},"29":{"start":{"line":43,"column":23},"end":{"line":43,"column":52}},"30":{"start":{"line":44,"column":8},"end":{"line":44,"column":27}},"31":{"start":{"line":44,"column":20},"end":{"line":44,"column":27}},"32":{"start":{"line":46,"column":8},"end":{"line":48,"column":9}},"33":{"start":{"line":47,"column":12},"end":{"line":47,"column":45}},"34":{"start":{"line":49,"column":8},"end":{"line":51,"column":9}},"35":{"start":{"line":50,"column":12},"end":{"line":50,"column":46}},"36":{"start":{"line":54,"column":22},"end":{"line":57,"column":5}},"37":{"start":{"line":55,"column":8},"end":{"line":55,"column":163}},"38":{"start":{"line":55,"column":101},"end":{"line":55,"column":163}},"39":{"start":{"line":56,"column":8},"end":{"line":56,"column":121}},"40":{"start":{"line":56,"column":33},"end":{"line":56,"column":119}},"41":{"start":{"line":59,"column":20},"end":{"line":68,"column":6}},"42":{"start":{"line":60,"column":22},"end":{"line":60,"column":50}},"43":{"start":{"line":61,"column":23},"end":{"line":61,"column":52}},"44":{"start":{"line":64,"column":8},"end":{"line":64,"column":49}},"45":{"start":{"line":64,"column":36},"end":{"line":64,"column":49}},"46":{"start":{"line":67,"column":8},"end":{"line":67,"column":50}},"47":{"start":{"line":70,"column":4},"end":{"line":70,"column":37}},"48":{"start":{"line":73,"column":28},"end":{"line":76,"column":1}},"49":{"start":{"line":79,"column":0},"end":{"line":81,"column":1}},"50":{"start":{"line":80,"column":4},"end":{"line":80,"column":45}}},"fnMap":{"0":{"name":"(anonymous_0)","decl":{"start":{"line":6,"column":22},"end":{"line":6,"column":23}},"loc":{"start":{"line":6,"column":66},"end":{"line":34,"column":1}},"line":6},"1":{"name":"(anonymous_1)","decl":{"start":{"line":10,"column":26},"end":{"line":10,"column":27}},"loc":{"start":{"line":10,"column":31},"end":{"line":18,"column":5}},"line":10},"2":{"name":"(anonymous_2)","decl":{"start":{"line":23,"column":22},"end":{"line":23,"column":23}},"loc":{"start":{"line":23,"column":38},"end":{"line":27,"column":5}},"line":23},"3":{"name":"(anonymous_3)","decl":{"start":{"line":26,"column":28},"end":{"line":26,"column":29}},"loc":{"start":{"line":26,"column":33},"end":{"line":26,"column":119}},"line":26},"4":{"name":"(anonymous_4)","decl":{"start":{"line":30,"column":57},"end":{"line":30,"column":58}},"loc":{"start":{"line":31,"column":8},"end":{"line":31,"column":58}},"line":31},"5":{"name":"(anonymous_5)","decl":{"start":{"line":36,"column":22},"end":{"line":36,"column":23}},"loc":{"start":{"line":36,"column":66},"end":{"line":71,"column":1}},"line":36},"6":{"name":"(anonymous_6)","decl":{"start":{"line":41,"column":26},"end":{"line":41,"column":27}},"loc":{"start":{"line":41,"column":31},"end":{"line":52,"column":5}},"line":41},"7":{"name":"(anonymous_7)","decl":{"start":{"line":54,"column":22},"end":{"line":54,"column":23}},"loc":{"start":{"line":54,"column":38},"end":{"line":57,"column":5}},"line":54},"8":{"name":"(anonymous_8)","decl":{"start":{"line":56,"column":28},"end":{"line":56,"column":29}},"loc":{"start":{"line":56,"column":33},"end":{"line":56,"column":119}},"line":56},"9":{"name":"(anonymous_9)","decl":{"start":{"line":59,"column":57},"end":{"line":59,"column":58}},"loc":{"start":{"line":59,"column":62},"end":{"line":68,"column":5}},"line":59}},"branchMap":{"0":{"loc":{"start":{"line":7,"column":4},"end":{"line":7,"column":97}},"type":"if","locations":[{"start":{"line":7,"column":4},"end":{"line":7,"column":97}},{"start":{},"end":{}}],"line":7},"1":{"loc":{"start":{"line":7,"column":8},"end":{"line":7,"column":67}},"type":"binary-expr","locations":[{"start":{"line":7,"column":8},"end":{"line":7,"column":37}},{"start":{"line":7,"column":41},"end":{"line":7,"column":67}}],"line":7},"2":{"loc":{"start":{"line":11,"column":31},"end":{"line":11,"column":51}},"type":"binary-expr","locations":[{"start":{"line":11,"column":31},"end":{"line":11,"column":45}},{"start":{"line":11,"column":49},"end":{"line":11,"column":51}}],"line":11},"3":{"loc":{"start":{"line":12,"column":8},"end":{"line":12,"column":29}},"type":"if","locations":[{"start":{"line":12,"column":8},"end":{"line":12,"column":29}},{"start":{},"end":{}}],"line":12},"4":{"loc":{"start":{"line":14,"column":8},"end":{"line":16,"column":9}},"type":"if","locations":[{"start":{"line":14,"column":8},"end":{"line":16,"column":9}},{"start":{},"end":{}}],"line":14},"5":{"loc":{"start":{"line":20,"column":4},"end":{"line":20,"column":107}},"type":"if","locations":[{"start":{"line":20,"column":4},"end":{"line":20,"column":107}},{"start":{},"end":{}}],"line":20},"6":{"loc":{"start":{"line":20,"column":8},"end":{"line":20,"column":77}},"type":"binary-expr","locations":[{"start":{"line":20,"column":8},"end":{"line":20,"column":42}},{"start":{"line":20,"column":46},"end":{"line":20,"column":77}}],"line":20},"7":{"loc":{"start":{"line":24,"column":8},"end":{"line":24,"column":163}},"type":"if","locations":[{"start":{"line":24,"column":8},"end":{"line":24,"column":163}},{"start":{},"end":{}}],"line":24},"8":{"loc":{"start":{"line":24,"column":12},"end":{"line":24,"column":99}},"type":"binary-expr","locations":[{"start":{"line":24,"column":12},"end":{"line":24,"column":41}},{"start":{"line":24,"column":45},"end":{"line":24,"column":63}},{"start":{"line":24,"column":67},"end":{"line":24,"column":99}}],"line":24},"9":{"loc":{"start":{"line":26,"column":33},"end":{"line":26,"column":119}},"type":"binary-expr","locations":[{"start":{"line":26,"column":33},"end":{"line":26,"column":62}},{"start":{"line":26,"column":66},"end":{"line":26,"column":119}}],"line":26},"10":{"loc":{"start":{"line":31,"column":36},"end":{"line":31,"column":56}},"type":"binary-expr","locations":[{"start":{"line":31,"column":36},"end":{"line":31,"column":50}},{"start":{"line":31,"column":54},"end":{"line":31,"column":56}}],"line":31},"11":{"loc":{"start":{"line":37,"column":4},"end":{"line":37,"column":97}},"type":"if","locations":[{"start":{"line":37,"column":4},"end":{"line":37,"column":97}},{"start":{},"end":{}}],"line":37},"12":{"loc":{"start":{"line":37,"column":8},"end":{"line":37,"column":67}},"type":"binary-expr","locations":[{"start":{"line":37,"column":8},"end":{"line":37,"column":37}},{"start":{"line":37,"column":41},"end":{"line":37,"column":67}}],"line":37},"13":{"loc":{"start":{"line":38,"column":4},"end":{"line":38,"column":107}},"type":"if","locations":[{"start":{"line":38,"column":4},"end":{"line":38,"column":107}},{"start":{},"end":{}}],"line":38},"14":{"loc":{"start":{"line":38,"column":8},"end":{"line":38,"column":77}},"type":"binary-expr","locations":[{"start":{"line":38,"column":8},"end":{"line":38,"column":42}},{"start":{"line":38,"column":46},"end":{"line":38,"column":77}}],"line":38},"15":{"loc":{"start":{"line":42,"column":29},"end":{"line":42,"column":49}},"type":"binary-expr","locations":[{"start":{"line":42,"column":29},"end":{"line":42,"column":43}},{"start":{"line":42,"column":47},"end":{"line":42,"column":49}}],"line":42},"16":{"loc":{"start":{"line":43,"column":30},"end":{"line":43,"column":51}},"type":"binary-expr","locations":[{"start":{"line":43,"column":30},"end":{"line":43,"column":45}},{"start":{"line":43,"column":49},"end":{"line":43,"column":51}}],"line":43},"17":{"loc":{"start":{"line":44,"column":8},"end":{"line":44,"column":27}},"type":"if","locations":[{"start":{"line":44,"column":8},"end":{"line":44,"column":27}},{"start":{},"end":{}}],"line":44},"18":{"loc":{"start":{"line":46,"column":8},"end":{"line":48,"column":9}},"type":"if","locations":[{"start":{"line":46,"column":8},"end":{"line":48,"column":9}},{"start":{},"end":{}}],"line":46},"19":{"loc":{"start":{"line":49,"column":8},"end":{"line":51,"column":9}},"type":"if","locations":[{"start":{"line":49,"column":8},"end":{"line":51,"column":9}},{"start":{},"end":{}}],"line":49},"20":{"loc":{"start":{"line":55,"column":8},"end":{"line":55,"column":163}},"type":"if","locations":[{"start":{"line":55,"column":8},"end":{"line":55,"column":163}},{"start":{},"end":{}}],"line":55},"21":{"loc":{"start":{"line":55,"column":12},"end":{"line":55,"column":99}},"type":"binary-expr","locations":[{"start":{"line":55,"column":12},"end":{"line":55,"column":41}},{"start":{"line":55,"column":45},"end":{"line":55,"column":63}},{"start":{"line":55,"column":67},"end":{"line":55,"column":99}}],"line":55},"22":{"loc":{"start":{"line":56,"column":33},"end":{"line":56,"column":119}},"type":"binary-expr","locations":[{"start":{"line":56,"column":33},"end":{"line":56,"column":62}},{"start":{"line":56,"column":66},"end":{"line":56,"column":119}}],"line":56},"23":{"loc":{"start":{"line":60,"column":29},"end":{"line":60,"column":49}},"type":"binary-expr","locations":[{"start":{"line":60,"column":29},"end":{"line":60,"column":43}},{"start":{"line":60,"column":47},"end":{"line":60,"column":49}}],"line":60},"24":{"loc":{"start":{"line":61,"column":30},"end":{"line":61,"column":51}},"type":"binary-expr","locations":[{"start":{"line":61,"column":30},"end":{"line":61,"column":45}},{"start":{"line":61,"column":49},"end":{"line":61,"column":51}}],"line":61},"25":{"loc":{"start":{"line":64,"column":8},"end":{"line":64,"column":49}},"type":"if","locations":[{"start":{"line":64,"column":8},"end":{"line":64,"column":49}},{"start":{},"end":{}}],"line":64},"26":{"loc":{"start":{"line":79,"column":0},"end":{"line":81,"column":1}},"type":"if","locations":[{"start":{"line":79,"column":0},"end":{"line":81,"column":1}},{"start":{},"end":{}}],"line":79},"27":{"loc":{"start":{"line":79,"column":4},"end":{"line":79,"column":51}},"type":"binary-expr","locations":[{"start":{"line":79,"column":4},"end":{"line":79,"column":33}},{"start":{"line":79,"column":37},"end":{"line":79,"column":51}}],"line":79}},"s":{"0":1,"1":2,"2":0,"3":2,"4":2,"5":3,"6":3,"7":0,"8":3,"9":1,"10":2,"11":1,"12":0,"13":1,"14":1,"15":0,"16":1,"17":2,"18":1,"19":1,"20":1,"21":1,"22":1,"23":0,"24":1,"25":0,"26":1,"27":1,"28":2,"29":2,"30":2,"31":0,"32":2,"33":1,"34":2,"35":2,"36":1,"37":1,"38":0,"39":1,"40":2,"41":1,"42":2,"43":2,"44":2,"45":0,"46":2,"47":1,"48":1,"49":1,"50":1},"f":{"0":2,"1":3,"2":1,"3":2,"4":1,"5":1,"6":2,"7":1,"8":2,"9":2},"b":{"0":[0,2],"1":[2,2],"2":[3,0],"3":[0,3],"4":[1,2],"5":[0,1],"6":[1,1],"7":[0,1],"8":[1,0,0],"9":[2,1],"10":[1,0],"11":[0,1],"12":[1,1],"13":[0,1],"14":[1,1],"15":[2,0],"16":[2,0],"17":[0,2],"18":[1,1],"19":[2,0],"20":[0,1],"21":[1,0,0],"22":[2,2],"23":[2,0],"24":[2,0],"25":[0,2],"26":[1,0],"27":[1,1]},"_coverageSchema":"1a1c01bbd47fc00a2c39e90264f33305004495a9","hash":"c2fa982d929234c0bfab2ae8f04240c8fd4ccda8"}
}
