{"total": {"lines":{"total":3440,"covered":1655,"skipped":0,"pct":48.11},"statements":{"total":4013,"covered":1818,"skipped":0,"pct":45.3},"functions":{"total":450,"covered":225,"skipped":0,"pct":50},"branches":{"total":3840,"covered":1343,"skipped":0,"pct":34.97},"branchesTrue":{"total":0,"covered":0,"skipped":0,"pct":100}}
,"C:\\Users\\grego\\Antigravity\\Taxonomia Project\\src\\API_Auth.js": {"lines":{"total":65,"covered":24,"skipped":0,"pct":36.92},"functions":{"total":7,"covered":2,"skipped":0,"pct":28.57},"statements":{"total":70,"covered":25,"skipped":0,"pct":35.71},"branches":{"total":73,"covered":25,"skipped":0,"pct":34.24}}
,"C:\\Users\\grego\\Antigravity\\Taxonomia Project\\src\\API_Universal.js": {"lines":{"total":240,"covered":76,"skipped":0,"pct":31.66},"functions":{"total":15,"covered":3,"skipped":0,"pct":20},"statements":{"total":271,"covered":84,"skipped":0,"pct":30.99},"branches":{"total":272,"covered":76,"skipped":0,"pct":27.94}}
,"C:\\Users\\grego\\Antigravity\\Taxonomia Project\\src\\Adapter_CloudDB.js": {"lines":{"total":4,"covered":4,"skipped":0,"pct":100},"functions":{"total":1,"covered":1,"skipped":0,"pct":100},"statements":{"total":4,"covered":4,"skipped":0,"pct":100},"branches":{"total":2,"covered":1,"skipped":0,"pct":50}}
,"C:\\Users\\grego\\Antigravity\\Taxonomia Project\\src\\Adapter_Sheets.js": {"lines":{"total":475,"covered":365,"skipped":0,"pct":76.84},"functions":{"total":29,"covered":23,"skipped":0,"pct":79.31},"statements":{"total":529,"covered":401,"skipped":0,"pct":75.8},"branches":{"total":437,"covered":267,"skipped":0,"pct":61.09}}
,"C:\\Users\\grego\\Antigravity\\Taxonomia Project\\src\\Business_Interceptors.js": {"lines":{"total":534,"covered":117,"skipped":0,"pct":21.91},"functions":{"total":73,"covered":21,"skipped":0,"pct":28.76},"statements":{"total":646,"covered":129,"skipped":0,"pct":19.96},"branches":{"total":726,"covered":97,"skipped":0,"pct":13.36}}
,"C:\\Users\\grego\\Antigravity\\Taxonomia Project\\src\\Controller_Action.js": {"lines":{"total":133,"covered":17,"skipped":0,"pct":12.78},"functions":{"total":19,"covered":4,"skipped":0,"pct":21.05},"statements":{"total":146,"covered":19,"skipped":0,"pct":13.01},"branches":{"total":88,"covered":9,"skipped":0,"pct":10.22}}
,"C:\\Users\\grego\\Antigravity\\Taxonomia Project\\src\\DataEngine_ETL.client.js": {"lines":{"total":264,"covered":133,"skipped":0,"pct":50.37},"functions":{"total":38,"covered":22,"skipped":0,"pct":57.89},"statements":{"total":309,"covered":140,"skipped":0,"pct":45.3},"branches":{"total":288,"covered":123,"skipped":0,"pct":42.7}}
,"C:\\Users\\grego\\Antigravity\\Taxonomia Project\\src\\Engine_ABAC.js": {"lines":{"total":144,"covered":109,"skipped":0,"pct":75.69},"functions":{"total":18,"covered":15,"skipped":0,"pct":83.33},"statements":{"total":165,"covered":113,"skipped":0,"pct":68.48},"branches":{"total":155,"covered":71,"skipped":0,"pct":45.8}}
,"C:\\Users\\grego\\Antigravity\\Taxonomia Project\\src\\Engine_DB.js": {"lines":{"total":672,"covered":325,"skipped":0,"pct":48.36},"functions":{"total":105,"covered":41,"skipped":0,"pct":39.04},"statements":{"total":793,"covered":359,"skipped":0,"pct":45.27},"branches":{"total":818,"covered":270,"skipped":0,"pct":33}}
,"C:\\Users\\grego\\Antigravity\\Taxonomia Project\\src\\Engine_ETL.js": {"lines":{"total":435,"covered":142,"skipped":0,"pct":32.64},"functions":{"total":51,"covered":21,"skipped":0,"pct":41.17},"statements":{"total":538,"covered":165,"skipped":0,"pct":30.66},"branches":{"total":445,"covered":110,"skipped":0,"pct":24.71}}
,"C:\\Users\\grego\\Antigravity\\Taxonomia Project\\src\\Engine_Graph.js": {"lines":{"total":186,"covered":171,"skipped":0,"pct":91.93},"functions":{"total":29,"covered":28,"skipped":0,"pct":96.55},"statements":{"total":211,"covered":188,"skipped":0,"pct":89.09},"branches":{"total":182,"covered":143,"skipped":0,"pct":78.57}}
,"C:\\Users\\grego\\Antigravity\\Taxonomia Project\\src\\Engine_Validation.js": {"lines":{"total":26,"covered":25,"skipped":0,"pct":96.15},"functions":{"total":2,"covered":2,"skipped":0,"pct":100},"statements":{"total":26,"covered":25,"skipped":0,"pct":96.15},"branches":{"total":37,"covered":29,"skipped":0,"pct":78.37}}
,"C:\\Users\\grego\\Antigravity\\Taxonomia Project\\src\\Schema_Engine.js": {"lines":{"total":81,"covered":36,"skipped":0,"pct":44.44},"functions":{"total":18,"covered":9,"skipped":0,"pct":50},"statements":{"total":92,"covered":37,"skipped":0,"pct":40.21},"branches":{"total":95,"covered":29,"skipped":0,"pct":30.52}}
,"C:\\Users\\grego\\Antigravity\\Taxonomia Project\\src\\SubgridState.client.js": {"lines":{"total":38,"covered":33,"skipped":0,"pct":86.84},"functions":{"total":17,"covered":15,"skipped":0,"pct":88.23},"statements":{"total":47,"covered":41,"skipped":0,"pct":87.23},"branches":{"total":58,"covered":38,"skipped":0,"pct":65.51}}
,"C:\\Users\\grego\\Antigravity\\Taxonomia Project\\src\\Topology_Strategies.js": {"lines":{"total":89,"covered":25,"skipped":0,"pct":28.08},"functions":{"total":15,"covered":5,"skipped":0,"pct":33.33},"statements":{"total":100,"covered":27,"skipped":0,"pct":27},"branches":{"total":119,"covered":22,"skipped":0,"pct":18.48}}
,"C:\\Users\\grego\\Antigravity\\Taxonomia Project\\src\\adapters\\GoogleSheetsProvider.js": {"lines":{"total":37,"covered":36,"skipped":0,"pct":97.29},"functions":{"total":6,"covered":6,"skipped":0,"pct":100},"statements":{"total":46,"covered":41,"skipped":0,"pct":89.13},"branches":{"total":29,"covered":20,"skipped":0,"pct":68.96}}
,"C:\\Users\\grego\\Antigravity\\Taxonomia Project\\src\\adapters\\MockDataProvider.js": {"lines":{"total":8,"covered":8,"skipped":0,"pct":100},"functions":{"total":3,"covered":3,"skipped":0,"pct":100},"statements":{"total":9,"covered":9,"skipped":0,"pct":100},"branches":{"total":7,"covered":6,"skipped":0,"pct":85.71}}
,"C:\\Users\\grego\\Antigravity\\Taxonomia Project\\src\\core\\ETLEngine.js": {"lines":{"total":9,"covered":9,"skipped":0,"pct":100},"functions":{"total":4,"covered":4,"skipped":0,"pct":100},"statements":{"total":11,"covered":11,"skipped":0,"pct":100},"branches":{"total":9,"covered":7,"skipped":0,"pct":77.77}}
}
