{"C:\\Users\\grego\\Antigravity\\Taxonomia Project\\src\\API_Auth.js": {"path":"C:\\Users\\grego\\Antigravity\\Taxonomia Project\\src\\API_Auth.js","statementMap":{"0":{"start":{"line":9,"column":17},"end":{"line":125,"column":1}},"1":{"start":{"line":11,"column":20},"end":{"line":11,"column":22}},"2":{"start":{"line":12,"column":23},"end":{"line":12,"column":28}},"3":{"start":{"line":14,"column":8},"end":{"line":21,"column":9}},"4":{"start":{"line":15,"column":12},"end":{"line":18,"column":25}},"5":{"start":{"line":16,"column":31},"end":{"line":16,"column":96}},"6":{"start":{"line":17,"column":16},"end":{"line":17,"column":76}},"7":{"start":{"line":17,"column":28},"end":{"line":17,"column":76}},"8":{"start":{"line":19,"column":15},"end":{"line":21,"column":9}},"9":{"start":{"line":20,"column":13},"end":{"line":20,"column":40}},"10":{"start":{"line":24,"column":8},"end":{"line":32,"column":9}},"11":{"start":{"line":25,"column":12},"end":{"line":25,"column":45}},"12":{"start":{"line":26,"column":15},"end":{"line":32,"column":9}},"13":{"start":{"line":27,"column":12},"end":{"line":31,"column":13}},"14":{"start":{"line":28,"column":16},"end":{"line":28,"column":59}},"15":{"start":{"line":34,"column":8},"end":{"line":34,"column":43}},"16":{"start":{"line":36,"column":22},"end":{"line":36,"column":27}},"17":{"start":{"line":37,"column":8},"end":{"line":40,"column":9}},"18":{"start":{"line":38,"column":12},"end":{"line":38,"column":43}},"19":{"start":{"line":39,"column":12},"end":{"line":39,"column":27}},"20":{"start":{"line":44,"column":22},"end":{"line":46,"column":16}},"21":{"start":{"line":47,"column":8},"end":{"line":85,"column":9}},"22":{"start":{"line":48,"column":32},"end":{"line":48,"column":36}},"23":{"start":{"line":49,"column":12},"end":{"line":68,"column":13}},"24":{"start":{"line":51,"column":35},"end":{"line":51,"column":117}},"25":{"start":{"line":52,"column":16},"end":{"line":54,"column":17}},"26":{"start":{"line":53,"column":20},"end":{"line":53,"column":103}},"27":{"start":{"line":53,"column":67},"end":{"line":53,"column":75}},"28":{"start":{"line":53,"column":89},"end":{"line":53,"column":101}},"29":{"start":{"line":57,"column":16},"end":{"line":65,"column":17}},"30":{"start":{"line":58,"column":35},"end":{"line":58,"column":109}},"31":{"start":{"line":59,"column":20},"end":{"line":64,"column":21}},"32":{"start":{"line":60,"column":42},"end":{"line":60,"column":60}},"33":{"start":{"line":61,"column":24},"end":{"line":63,"column":25}},"34":{"start":{"line":62,"column":28},"end":{"line":62,"column":69}},"35":{"start":{"line":67,"column":16},"end":{"line":67,"column":84}},"36":{"start":{"line":70,"column":12},"end":{"line":82,"column":13}},"37":{"start":{"line":71,"column":16},"end":{"line":71,"column":40}},"38":{"start":{"line":73,"column":16},"end":{"line":81,"column":17}},"39":{"start":{"line":75,"column":35},"end":{"line":75,"column":100}},"40":{"start":{"line":76,"column":20},"end":{"line":78,"column":21}},"41":{"start":{"line":77,"column":24},"end":{"line":77,"column":69}},"42":{"start":{"line":80,"column":20},"end":{"line":80,"column":77}},"43":{"start":{"line":83,"column":15},"end":{"line":85,"column":9}},"44":{"start":{"line":84,"column":12},"end":{"line":84,"column":45}},"45":{"start":{"line":87,"column":29},"end":{"line":87,"column":113}},"46":{"start":{"line":87,"column":69},"end":{"line":87,"column":112}},"47":{"start":{"line":89,"column":8},"end":{"line":93,"column":10}},"48":{"start":{"line":97,"column":8},"end":{"line":97,"column":32}},"49":{"start":{"line":97,"column":20},"end":{"line":97,"column":32}},"50":{"start":{"line":98,"column":8},"end":{"line":123,"column":9}},"51":{"start":{"line":99,"column":12},"end":{"line":105,"column":13}},"52":{"start":{"line":100,"column":30},"end":{"line":100,"column":59}},"53":{"start":{"line":101,"column":37},"end":{"line":101,"column":65}},"54":{"start":{"line":102,"column":16},"end":{"line":104,"column":17}},"55":{"start":{"line":103,"column":20},"end":{"line":103,"column":73}},"56":{"start":{"line":107,"column":28},"end":{"line":107,"column":32}},"57":{"start":{"line":108,"column":12},"end":{"line":111,"column":13}},"58":{"start":{"line":109,"column":29},"end":{"line":109,"column":110}},"59":{"start":{"line":110,"column":16},"end":{"line":110,"column":91}},"60":{"start":{"line":113,"column":12},"end":{"line":117,"column":13}},"61":{"start":{"line":114,"column":30},"end":{"line":114,"column":59}},"62":{"start":{"line":116,"column":16},"end":{"line":116,"column":73}},"63":{"start":{"line":119,"column":12},"end":{"line":119,"column":29}},"64":{"start":{"line":121,"column":12},"end":{"line":121,"column":80}},"65":{"start":{"line":122,"column":12},"end":{"line":122,"column":24}},"66":{"start":{"line":129,"column":4},"end":{"line":129,"column":38}},"67":{"start":{"line":133,"column":4},"end":{"line":133,"column":46}},"68":{"start":{"line":136,"column":0},"end":{"line":138,"column":1}},"69":{"start":{"line":137,"column":4},"end":{"line":137,"column":51}}},"fnMap":{"0":{"name":"(anonymous_0)","decl":{"start":{"line":10,"column":21},"end":{"line":10,"column":22}},"loc":{"start":{"line":10,"column":33},"end":{"line":94,"column":5}},"line":10},"1":{"name":"(anonymous_1)","decl":{"start":{"line":53,"column":62},"end":{"line":53,"column":63}},"loc":{"start":{"line":53,"column":67},"end":{"line":53,"column":75}},"line":53},"2":{"name":"(anonymous_2)","decl":{"start":{"line":53,"column":84},"end":{"line":53,"column":85}},"loc":{"start":{"line":53,"column":89},"end":{"line":53,"column":101}},"line":53},"3":{"name":"(anonymous_3)","decl":{"start":{"line":87,"column":59},"end":{"line":87,"column":60}},"loc":{"start":{"line":87,"column":69},"end":{"line":87,"column":112}},"line":87},"4":{"name":"(anonymous_4)","decl":{"start":{"line":96,"column":24},"end":{"line":96,"column":25}},"loc":{"start":{"line":96,"column":40},"end":{"line":124,"column":5}},"line":96},"5":{"name":"getUserIdentity","decl":{"start":{"line":128,"column":9},"end":{"line":128,"column":24}},"loc":{"start":{"line":128,"column":27},"end":{"line":130,"column":1}},"line":128},"6":{"name":"getWorkspaceAvatar","decl":{"start":{"line":132,"column":9},"end":{"line":132,"column":27}},"loc":{"start":{"line":132,"column":35},"end":{"line":134,"column":1}},"line":132}},"branchMap":{"0":{"loc":{"start":{"line":14,"column":8},"end":{"line":21,"column":9}},"type":"if","locations":[{"start":{"line":14,"column":8},"end":{"line":21,"column":9}},{"start":{"line":19,"column":15},"end":{"line":21,"column":9}}],"line":14},"1":{"loc":{"start":{"line":17,"column":16},"end":{"line":17,"column":76}},"type":"if","locations":[{"start":{"line":17,"column":16},"end":{"line":17,"column":76}},{"start":{},"end":{}}],"line":17},"2":{"loc":{"start":{"line":17,"column":39},"end":{"line":17,"column":75}},"type":"binary-expr","locations":[{"start":{"line":17,"column":39},"end":{"line":17,"column":66}},{"start":{"line":17,"column":70},"end":{"line":17,"column":75}}],"line":17},"3":{"loc":{"start":{"line":19,"column":15},"end":{"line":21,"column":9}},"type":"if","locations":[{"start":{"line":19,"column":15},"end":{"line":21,"column":9}},{"start":{},"end":{}}],"line":19},"4":{"loc":{"start":{"line":19,"column":19},"end":{"line":19,"column":67}},"type":"binary-expr","locations":[{"start":{"line":19,"column":19},"end":{"line":19,"column":48}},{"start":{"line":19,"column":52},"end":{"line":19,"column":67}}],"line":19},"5":{"loc":{"start":{"line":24,"column":8},"end":{"line":32,"column":9}},"type":"if","locations":[{"start":{"line":24,"column":8},"end":{"line":32,"column":9}},{"start":{"line":26,"column":15},"end":{"line":32,"column":9}}],"line":24},"6":{"loc":{"start":{"line":26,"column":15},"end":{"line":32,"column":9}},"type":"if","locations":[{"start":{"line":26,"column":15},"end":{"line":32,"column":9}},{"start":{},"end":{}}],"line":26},"7":{"loc":{"start":{"line":37,"column":8},"end":{"line":40,"column":9}},"type":"if","locations":[{"start":{"line":37,"column":8},"end":{"line":40,"column":9}},{"start":{},"end":{}}],"line":37},"8":{"loc":{"start":{"line":44,"column":22},"end":{"line":46,"column":16}},"type":"cond-expr","locations":[{"start":{"line":45,"column":14},"end":{"line":45,"column":36}},{"start":{"line":46,"column":14},"end":{"line":46,"column":16}}],"line":44},"9":{"loc":{"start":{"line":44,"column":22},"end":{"line":44,"column":91}},"type":"binary-expr","locations":[{"start":{"line":44,"column":22},"end":{"line":44,"column":28}},{"start":{"line":44,"column":32},"end":{"line":44,"column":54}},{"start":{"line":44,"column":58},"end":{"line":44,"column":91}}],"line":44},"10":{"loc":{"start":{"line":47,"column":8},"end":{"line":85,"column":9}},"type":"if","locations":[{"start":{"line":47,"column":8},"end":{"line":85,"column":9}},{"start":{"line":83,"column":15},"end":{"line":85,"column":9}}],"line":47},"11":{"loc":{"start":{"line":52,"column":16},"end":{"line":54,"column":17}},"type":"if","locations":[{"start":{"line":52,"column":16},"end":{"line":54,"column":17}},{"start":{},"end":{}}],"line":52},"12":{"loc":{"start":{"line":52,"column":20},"end":{"line":52,"column":58}},"type":"binary-expr","locations":[{"start":{"line":52,"column":20},"end":{"line":52,"column":30}},{"start":{"line":52,"column":34},"end":{"line":52,"column":58}}],"line":52},"13":{"loc":{"start":{"line":57,"column":16},"end":{"line":65,"column":17}},"type":"if","locations":[{"start":{"line":57,"column":16},"end":{"line":65,"column":17}},{"start":{},"end":{}}],"line":57},"14":{"loc":{"start":{"line":57,"column":20},"end":{"line":57,"column":64}},"type":"binary-expr","locations":[{"start":{"line":57,"column":20},"end":{"line":57,"column":34}},{"start":{"line":57,"column":38},"end":{"line":57,"column":64}}],"line":57},"15":{"loc":{"start":{"line":59,"column":20},"end":{"line":64,"column":21}},"type":"if","locations":[{"start":{"line":59,"column":20},"end":{"line":64,"column":21}},{"start":{},"end":{}}],"line":59},"16":{"loc":{"start":{"line":61,"column":24},"end":{"line":63,"column":25}},"type":"if","locations":[{"start":{"line":61,"column":24},"end":{"line":63,"column":25}},{"start":{},"end":{}}],"line":61},"17":{"loc":{"start":{"line":61,"column":28},"end":{"line":61,"column":91}},"type":"binary-expr","locations":[{"start":{"line":61,"column":28},"end":{"line":61,"column":52}},{"start":{"line":61,"column":56},"end":{"line":61,"column":91}}],"line":61},"18":{"loc":{"start":{"line":70,"column":12},"end":{"line":82,"column":13}},"type":"if","locations":[{"start":{"line":70,"column":12},"end":{"line":82,"column":13}},{"start":{"line":72,"column":19},"end":{"line":82,"column":13}}],"line":70},"19":{"loc":{"start":{"line":76,"column":20},"end":{"line":78,"column":21}},"type":"if","locations":[{"start":{"line":76,"column":20},"end":{"line":78,"column":21}},{"start":{},"end":{}}],"line":76},"20":{"loc":{"start":{"line":76,"column":24},"end":{"line":76,"column":68}},"type":"binary-expr","locations":[{"start":{"line":76,"column":24},"end":{"line":76,"column":30}},{"start":{"line":76,"column":34},"end":{"line":76,"column":68}}],"line":76},"21":{"loc":{"start":{"line":83,"column":15},"end":{"line":85,"column":9}},"type":"if","locations":[{"start":{"line":83,"column":15},"end":{"line":85,"column":9}},{"start":{},"end":{}}],"line":83},"22":{"loc":{"start":{"line":83,"column":19},"end":{"line":83,"column":74}},"type":"binary-expr","locations":[{"start":{"line":83,"column":19},"end":{"line":83,"column":48}},{"start":{"line":83,"column":52},"end":{"line":83,"column":74}}],"line":83},"23":{"loc":{"start":{"line":87,"column":29},"end":{"line":87,"column":113}},"type":"cond-expr","locations":[{"start":{"line":87,"column":39},"end":{"line":87,"column":43}},{"start":{"line":87,"column":46},"end":{"line":87,"column":113}}],"line":87},"24":{"loc":{"start":{"line":92,"column":21},"end":{"line":92,"column":177}},"type":"cond-expr","locations":[{"start":{"line":92,"column":37},"end":{"line":92,"column":102}},{"start":{"line":92,"column":106},"end":{"line":92,"column":177}}],"line":92},"25":{"loc":{"start":{"line":92,"column":37},"end":{"line":92,"column":102}},"type":"cond-expr","locations":[{"start":{"line":92,"column":47},"end":{"line":92,"column":80}},{"start":{"line":92,"column":83},"end":{"line":92,"column":102}}],"line":92},"26":{"loc":{"start":{"line":97,"column":8},"end":{"line":97,"column":32}},"type":"if","locations":[{"start":{"line":97,"column":8},"end":{"line":97,"column":32}},{"start":{},"end":{}}],"line":97},"27":{"loc":{"start":{"line":99,"column":12},"end":{"line":105,"column":13}},"type":"if","locations":[{"start":{"line":99,"column":12},"end":{"line":105,"column":13}},{"start":{},"end":{}}],"line":99},"28":{"loc":{"start":{"line":102,"column":16},"end":{"line":104,"column":17}},"type":"if","locations":[{"start":{"line":102,"column":16},"end":{"line":104,"column":17}},{"start":{},"end":{}}],"line":102},"29":{"loc":{"start":{"line":103,"column":27},"end":{"line":103,"column":72}},"type":"cond-expr","locations":[{"start":{"line":103,"column":53},"end":{"line":103,"column":57}},{"start":{"line":103,"column":60},"end":{"line":103,"column":72}}],"line":103},"30":{"loc":{"start":{"line":108,"column":12},"end":{"line":111,"column":13}},"type":"if","locations":[{"start":{"line":108,"column":12},"end":{"line":111,"column":13}},{"start":{},"end":{}}],"line":108},"31":{"loc":{"start":{"line":110,"column":28},"end":{"line":110,"column":90}},"type":"cond-expr","locations":[{"start":{"line":110,"column":61},"end":{"line":110,"column":83}},{"start":{"line":110,"column":86},"end":{"line":110,"column":90}}],"line":110},"32":{"loc":{"start":{"line":110,"column":28},"end":{"line":110,"column":58}},"type":"binary-expr","locations":[{"start":{"line":110,"column":28},"end":{"line":110,"column":32}},{"start":{"line":110,"column":36},"end":{"line":110,"column":58}}],"line":110},"33":{"loc":{"start":{"line":113,"column":12},"end":{"line":117,"column":13}},"type":"if","locations":[{"start":{"line":113,"column":12},"end":{"line":117,"column":13}},{"start":{},"end":{}}],"line":113},"34":{"loc":{"start":{"line":116,"column":45},"end":{"line":116,"column":64}},"type":"binary-expr","locations":[{"start":{"line":116,"column":45},"end":{"line":116,"column":54}},{"start":{"line":116,"column":58},"end":{"line":116,"column":64}}],"line":116},"35":{"loc":{"start":{"line":136,"column":0},"end":{"line":138,"column":1}},"type":"if","locations":[{"start":{"line":136,"column":0},"end":{"line":138,"column":1}},{"start":{},"end":{}}],"line":136}},"s":{"0":1,"1":6,"2":6,"3":6,"4":0,"5":0,"6":0,"7":0,"8":6,"9":1,"10":6,"11":1,"12":5,"13":5,"14":5,"15":6,"16":6,"17":6,"18":1,"19":1,"20":6,"21":6,"22":0,"23":0,"24":0,"25":0,"26":0,"27":0,"28":0,"29":0,"30":0,"31":0,"32":0,"33":0,"34":0,"35":0,"36":0,"37":0,"38":0,"39":0,"40":0,"41":0,"42":0,"43":6,"44":6,"45":6,"46":8,"47":6,"48":0,"49":0,"50":0,"51":0,"52":0,"53":0,"54":0,"55":0,"56":0,"57":0,"58":0,"59":0,"60":0,"61":0,"62":0,"63":0,"64":0,"65":0,"66":0,"67":0,"68":1,"69":1},"f":{"0":6,"1":0,"2":0,"3":8,"4":0,"5":0,"6":0},"b":{"0":[0,6],"1":[0,0],"2":[0,0],"3":[1,5],"4":[6,6],"5":[1,5],"6":[5,0],"7":[1,5],"8":[6,0],"9":[6,6,6],"10":[0,6],"11":[0,0],"12":[0,0],"13":[0,0],"14":[0,0],"15":[0,0],"16":[0,0],"17":[0,0],"18":[0,0],"19":[0,0],"20":[0,0],"21":[6,0],"22":[6,6],"23":[1,5],"24":[4,2],"25":[1,3],"26":[0,0],"27":[0,0],"28":[0,0],"29":[0,0],"30":[0,0],"31":[0,0],"32":[0,0],"33":[0,0],"34":[0,0],"35":[1,0]},"_coverageSchema":"1a1c01bbd47fc00a2c39e90264f33305004495a9","hash":"6e4cb15b18748c73e46654d7c6ccf6dc416c1e61"}
,"C:\\Users\\grego\\Antigravity\\Taxonomia Project\\src\\API_Universal.js": {"path":"C:\\Users\\grego\\Antigravity\\Taxonomia Project\\src\\API_Universal.js","statementMap":{"0":{"start":{"line":13,"column":2},"end":{"line":45,"column":3}},"1":{"start":{"line":14,"column":20},"end":{"line":14,"column":51}},"2":{"start":{"line":15,"column":19},"end":{"line":15,"column":33}},"3":{"start":{"line":16,"column":19},"end":{"line":16,"column":33}},"4":{"start":{"line":17,"column":17},"end":{"line":17,"column":29}},"5":{"start":{"line":19,"column":23},"end":{"line":19,"column":27}},"6":{"start":{"line":22,"column":4},"end":{"line":32,"column":5}},"7":{"start":{"line":23,"column":6},"end":{"line":23,"column":49}},"8":{"start":{"line":24,"column":11},"end":{"line":32,"column":5}},"9":{"start":{"line":25,"column":6},"end":{"line":25,"column":47}},"10":{"start":{"line":26,"column":11},"end":{"line":32,"column":5}},"11":{"start":{"line":27,"column":6},"end":{"line":27,"column":58}},"12":{"start":{"line":28,"column":11},"end":{"line":32,"column":5}},"13":{"start":{"line":29,"column":6},"end":{"line":29,"column":60}},"14":{"start":{"line":31,"column":6},"end":{"line":31,"column":51}},"15":{"start":{"line":34,"column":4},"end":{"line":37,"column":50}},"16":{"start":{"line":40,"column":4},"end":{"line":40,"column":107}},"17":{"start":{"line":40,"column":39},"end":{"line":40,"column":107}},"18":{"start":{"line":41,"column":4},"end":{"line":44,"column":50}},"19":{"start":{"line":53,"column":2},"end":{"line":431,"column":3}},"20":{"start":{"line":54,"column":23},"end":{"line":54,"column":27}},"21":{"start":{"line":58,"column":4},"end":{"line":58,"column":89}},"22":{"start":{"line":58,"column":21},"end":{"line":58,"column":89}},"23":{"start":{"line":60,"column":19},"end":{"line":60,"column":89}},"24":{"start":{"line":61,"column":18},"end":{"line":61,"column":72}},"25":{"start":{"line":63,"column":4},"end":{"line":65,"column":5}},"26":{"start":{"line":64,"column":6},"end":{"line":64,"column":21}},"27":{"start":{"line":67,"column":4},"end":{"line":73,"column":5}},"28":{"start":{"line":68,"column":6},"end":{"line":70,"column":7}},"29":{"start":{"line":69,"column":9},"end":{"line":69,"column":48}},"30":{"start":{"line":71,"column":6},"end":{"line":71,"column":66}},"31":{"start":{"line":72,"column":6},"end":{"line":72,"column":79}},"32":{"start":{"line":75,"column":4},"end":{"line":79,"column":5}},"33":{"start":{"line":77,"column":6},"end":{"line":77,"column":93}},"34":{"start":{"line":78,"column":6},"end":{"line":78,"column":79}},"35":{"start":{"line":81,"column":4},"end":{"line":91,"column":5}},"36":{"start":{"line":82,"column":6},"end":{"line":86,"column":7}},"37":{"start":{"line":84,"column":9},"end":{"line":84,"column":48}},"38":{"start":{"line":85,"column":9},"end":{"line":85,"column":48}},"39":{"start":{"line":87,"column":6},"end":{"line":87,"column":94}},"40":{"start":{"line":87,"column":36},"end":{"line":87,"column":94}},"41":{"start":{"line":88,"column":22},"end":{"line":88,"column":43}},"42":{"start":{"line":89,"column":6},"end":{"line":89,"column":87}},"43":{"start":{"line":90,"column":6},"end":{"line":90,"column":79}},"44":{"start":{"line":93,"column":4},"end":{"line":100,"column":5}},"45":{"start":{"line":94,"column":6},"end":{"line":96,"column":7}},"46":{"start":{"line":95,"column":9},"end":{"line":95,"column":48}},"47":{"start":{"line":97,"column":6},"end":{"line":97,"column":94}},"48":{"start":{"line":97,"column":36},"end":{"line":97,"column":94}},"49":{"start":{"line":98,"column":6},"end":{"line":98,"column":75}},"50":{"start":{"line":99,"column":6},"end":{"line":99,"column":79}},"51":{"start":{"line":102,"column":4},"end":{"line":113,"column":5}},"52":{"start":{"line":103,"column":6},"end":{"line":105,"column":7}},"53":{"start":{"line":104,"column":8},"end":{"line":104,"column":36}},"54":{"start":{"line":106,"column":6},"end":{"line":106,"column":47}},"55":{"start":{"line":107,"column":24},"end":{"line":107,"column":26}},"56":{"start":{"line":108,"column":6},"end":{"line":111,"column":7}},"57":{"start":{"line":110,"column":8},"end":{"line":110,"column":38}},"58":{"start":{"line":112,"column":6},"end":{"line":112,"column":105}},"59":{"start":{"line":115,"column":4},"end":{"line":126,"column":5}},"60":{"start":{"line":116,"column":24},"end":{"line":116,"column":26}},"61":{"start":{"line":117,"column":6},"end":{"line":124,"column":7}},"62":{"start":{"line":118,"column":8},"end":{"line":123,"column":9}},"63":{"start":{"line":119,"column":11},"end":{"line":119,"column":63}},"64":{"start":{"line":121,"column":11},"end":{"line":121,"column":44}},"65":{"start":{"line":122,"column":11},"end":{"line":122,"column":99}},"66":{"start":{"line":122,"column":46},"end":{"line":122,"column":99}},"67":{"start":{"line":125,"column":6},"end":{"line":125,"column":78}},"68":{"start":{"line":128,"column":4},"end":{"line":132,"column":5}},"69":{"start":{"line":129,"column":18},"end":{"line":129,"column":73}},"70":{"start":{"line":130,"column":6},"end":{"line":130,"column":50}},"71":{"start":{"line":131,"column":6},"end":{"line":131,"column":79}},"72":{"start":{"line":134,"column":4},"end":{"line":170,"column":5}},"73":{"start":{"line":135,"column":6},"end":{"line":169,"column":7}},"74":{"start":{"line":136,"column":21},"end":{"line":136,"column":35}},"75":{"start":{"line":137,"column":27},"end":{"line":137,"column":60}},"76":{"start":{"line":140,"column":8},"end":{"line":142,"column":9}},"77":{"start":{"line":141,"column":11},"end":{"line":141,"column":52}},"78":{"start":{"line":144,"column":25},"end":{"line":144,"column":44}},"79":{"start":{"line":147,"column":21},"end":{"line":147,"column":109}},"80":{"start":{"line":148,"column":8},"end":{"line":153,"column":9}},"81":{"start":{"line":149,"column":28},"end":{"line":149,"column":40}},"82":{"start":{"line":150,"column":12},"end":{"line":150,"column":70}},"83":{"start":{"line":151,"column":12},"end":{"line":151,"column":108}},"84":{"start":{"line":151,"column":40},"end":{"line":151,"column":108}},"85":{"start":{"line":152,"column":12},"end":{"line":152,"column":38}},"86":{"start":{"line":157,"column":18},"end":{"line":157,"column":107}},"87":{"start":{"line":158,"column":8},"end":{"line":160,"column":9}},"88":{"start":{"line":159,"column":11},"end":{"line":159,"column":136}},"89":{"start":{"line":161,"column":24},"end":{"line":161,"column":66}},"90":{"start":{"line":164,"column":8},"end":{"line":164,"column":68}},"91":{"start":{"line":166,"column":8},"end":{"line":166,"column":78}},"92":{"start":{"line":168,"column":8},"end":{"line":168,"column":82}},"93":{"start":{"line":172,"column":4},"end":{"line":401,"column":5}},"94":{"start":{"line":173,"column":6},"end":{"line":175,"column":7}},"95":{"start":{"line":174,"column":8},"end":{"line":174,"column":58}},"96":{"start":{"line":176,"column":6},"end":{"line":176,"column":56}},"97":{"start":{"line":177,"column":6},"end":{"line":177,"column":62}},"98":{"start":{"line":181,"column":31},"end":{"line":181,"column":47}},"99":{"start":{"line":182,"column":23},"end":{"line":182,"column":78}},"100":{"start":{"line":183,"column":6},"end":{"line":183,"column":97}},"101":{"start":{"line":183,"column":41},"end":{"line":183,"column":97}},"102":{"start":{"line":185,"column":30},"end":{"line":191,"column":8}},"103":{"start":{"line":192,"column":6},"end":{"line":192,"column":29}},"104":{"start":{"line":193,"column":11},"end":{"line":401,"column":5}},"105":{"start":{"line":194,"column":17},"end":{"line":194,"column":89}},"106":{"start":{"line":195,"column":6},"end":{"line":199,"column":7}},"107":{"start":{"line":196,"column":8},"end":{"line":196,"column":58}},"108":{"start":{"line":198,"column":8},"end":{"line":198,"column":56}},"109":{"start":{"line":200,"column":11},"end":{"line":401,"column":5}},"110":{"start":{"line":201,"column":17},"end":{"line":201,"column":33}},"111":{"start":{"line":202,"column":6},"end":{"line":202,"column":60}},"112":{"start":{"line":203,"column":11},"end":{"line":401,"column":5}},"113":{"start":{"line":205,"column":17},"end":{"line":205,"column":89}},"114":{"start":{"line":206,"column":6},"end":{"line":206,"column":51}},"115":{"start":{"line":207,"column":11},"end":{"line":401,"column":5}},"116":{"start":{"line":208,"column":6},"end":{"line":208,"column":115}},"117":{"start":{"line":208,"column":59},"end":{"line":208,"column":115}},"118":{"start":{"line":209,"column":6},"end":{"line":209,"column":60}},"119":{"start":{"line":210,"column":11},"end":{"line":401,"column":5}},"120":{"start":{"line":212,"column":6},"end":{"line":212,"column":104}},"121":{"start":{"line":212,"column":42},"end":{"line":212,"column":104}},"122":{"start":{"line":213,"column":20},"end":{"line":213,"column":54}},"123":{"start":{"line":214,"column":6},"end":{"line":217,"column":7}},"124":{"start":{"line":215,"column":29},"end":{"line":215,"column":107}},"125":{"start":{"line":216,"column":10},"end":{"line":216,"column":109}},"126":{"start":{"line":216,"column":27},"end":{"line":216,"column":109}},"127":{"start":{"line":218,"column":6},"end":{"line":218,"column":82}},"128":{"start":{"line":219,"column":6},"end":{"line":219,"column":79}},"129":{"start":{"line":220,"column":11},"end":{"line":401,"column":5}},"130":{"start":{"line":221,"column":6},"end":{"line":223,"column":7}},"131":{"start":{"line":222,"column":9},"end":{"line":222,"column":48}},"132":{"start":{"line":224,"column":6},"end":{"line":224,"column":121}},"133":{"start":{"line":224,"column":61},"end":{"line":224,"column":121}},"134":{"start":{"line":225,"column":6},"end":{"line":225,"column":85}},"135":{"start":{"line":226,"column":6},"end":{"line":226,"column":79}},"136":{"start":{"line":228,"column":11},"end":{"line":401,"column":5}},"137":{"start":{"line":229,"column":6},"end":{"line":231,"column":7}},"138":{"start":{"line":230,"column":8},"end":{"line":230,"column":79}},"139":{"start":{"line":234,"column":6},"end":{"line":239,"column":9}},"140":{"start":{"line":235,"column":8},"end":{"line":238,"column":9}},"141":{"start":{"line":236,"column":10},"end":{"line":236,"column":81}},"142":{"start":{"line":237,"column":10},"end":{"line":237,"column":37}},"143":{"start":{"line":242,"column":6},"end":{"line":247,"column":7}},"144":{"start":{"line":243,"column":33},"end":{"line":243,"column":86}},"145":{"start":{"line":244,"column":10},"end":{"line":246,"column":11}},"146":{"start":{"line":245,"column":14},"end":{"line":245,"column":44}},"147":{"start":{"line":250,"column":26},"end":{"line":250,"column":28}},"148":{"start":{"line":251,"column":22},"end":{"line":251,"column":46}},"149":{"start":{"line":252,"column":21},"end":{"line":252,"column":90}},"150":{"start":{"line":253,"column":27},"end":{"line":253,"column":82}},"151":{"start":{"line":255,"column":6},"end":{"line":310,"column":7}},"152":{"start":{"line":256,"column":30},"end":{"line":256,"column":178}},"153":{"start":{"line":256,"column":56},"end":{"line":256,"column":177}},"154":{"start":{"line":257,"column":10},"end":{"line":309,"column":11}},"155":{"start":{"line":258,"column":14},"end":{"line":308,"column":17}},"156":{"start":{"line":259,"column":34},"end":{"line":259,"column":64}},"157":{"start":{"line":260,"column":18},"end":{"line":307,"column":21}},"158":{"start":{"line":262,"column":45},"end":{"line":262,"column":74}},"159":{"start":{"line":263,"column":44},"end":{"line":263,"column":92}},"160":{"start":{"line":264,"column":22},"end":{"line":266,"column":23}},"161":{"start":{"line":265,"column":26},"end":{"line":265,"column":33}},"162":{"start":{"line":268,"column":47},"end":{"line":268,"column":100}},"163":{"start":{"line":270,"column":44},"end":{"line":274,"column":23}},"164":{"start":{"line":271,"column":26},"end":{"line":273,"column":67}},"165":{"start":{"line":276,"column":41},"end":{"line":276,"column":46}},"166":{"start":{"line":277,"column":22},"end":{"line":293,"column":23}},"167":{"start":{"line":278,"column":26},"end":{"line":282,"column":29}},"168":{"start":{"line":279,"column":30},"end":{"line":279,"column":58}},"169":{"start":{"line":280,"column":30},"end":{"line":280,"column":55}},"170":{"start":{"line":281,"column":30},"end":{"line":281,"column":52}},"171":{"start":{"line":283,"column":29},"end":{"line":293,"column":23}},"172":{"start":{"line":284,"column":49},"end":{"line":284,"column":125}},"173":{"start":{"line":284,"column":73},"end":{"line":284,"column":124}},"174":{"start":{"line":285,"column":26},"end":{"line":292,"column":27}},"175":{"start":{"line":286,"column":30},"end":{"line":286,"column":50}},"176":{"start":{"line":287,"column":30},"end":{"line":291,"column":33}},"177":{"start":{"line":288,"column":34},"end":{"line":288,"column":62}},"178":{"start":{"line":289,"column":34},"end":{"line":289,"column":59}},"179":{"start":{"line":290,"column":34},"end":{"line":290,"column":56}},"180":{"start":{"line":295,"column":22},"end":{"line":306,"column":23}},"181":{"start":{"line":296,"column":26},"end":{"line":305,"column":29}},"182":{"start":{"line":313,"column":6},"end":{"line":356,"column":9}},"183":{"start":{"line":314,"column":10},"end":{"line":355,"column":11}},"184":{"start":{"line":315,"column":30},"end":{"line":315,"column":60}},"185":{"start":{"line":316,"column":31},"end":{"line":316,"column":69}},"186":{"start":{"line":319,"column":42},"end":{"line":323,"column":15}},"187":{"start":{"line":320,"column":18},"end":{"line":322,"column":59}},"188":{"start":{"line":326,"column":37},"end":{"line":331,"column":15}},"189":{"start":{"line":327,"column":18},"end":{"line":330,"column":59}},"190":{"start":{"line":333,"column":14},"end":{"line":354,"column":15}},"191":{"start":{"line":334,"column":18},"end":{"line":353,"column":19}},"192":{"start":{"line":336,"column":22},"end":{"line":340,"column":23}},"193":{"start":{"line":337,"column":26},"end":{"line":337,"column":64}},"194":{"start":{"line":338,"column":26},"end":{"line":338,"column":76}},"195":{"start":{"line":339,"column":26},"end":{"line":339,"column":61}},"196":{"start":{"line":342,"column":22},"end":{"line":352,"column":25}},"197":{"start":{"line":359,"column":6},"end":{"line":359,"column":64}},"198":{"start":{"line":362,"column":6},"end":{"line":365,"column":7}},"199":{"start":{"line":363,"column":10},"end":{"line":363,"column":66}},"200":{"start":{"line":364,"column":10},"end":{"line":364,"column":116}},"201":{"start":{"line":364,"column":45},"end":{"line":364,"column":116}},"202":{"start":{"line":367,"column":6},"end":{"line":367,"column":129}},"203":{"start":{"line":367,"column":41},"end":{"line":367,"column":129}},"204":{"start":{"line":369,"column":6},"end":{"line":373,"column":9}},"205":{"start":{"line":374,"column":11},"end":{"line":401,"column":5}},"206":{"start":{"line":375,"column":6},"end":{"line":375,"column":91}},"207":{"start":{"line":375,"column":35},"end":{"line":375,"column":91}},"208":{"start":{"line":377,"column":20},"end":{"line":377,"column":98}},"209":{"start":{"line":378,"column":22},"end":{"line":378,"column":46}},"210":{"start":{"line":380,"column":6},"end":{"line":388,"column":9}},"211":{"start":{"line":381,"column":10},"end":{"line":381,"column":120}},"212":{"start":{"line":381,"column":33},"end":{"line":381,"column":120}},"213":{"start":{"line":382,"column":10},"end":{"line":382,"column":53}},"214":{"start":{"line":382,"column":28},"end":{"line":382,"column":53}},"215":{"start":{"line":383,"column":10},"end":{"line":383,"column":62}},"216":{"start":{"line":383,"column":34},"end":{"line":383,"column":62}},"217":{"start":{"line":384,"column":10},"end":{"line":384,"column":58}},"218":{"start":{"line":384,"column":32},"end":{"line":384,"column":58}},"219":{"start":{"line":385,"column":10},"end":{"line":385,"column":56}},"220":{"start":{"line":385,"column":32},"end":{"line":385,"column":56}},"221":{"start":{"line":387,"column":10},"end":{"line":387,"column":25}},"222":{"start":{"line":390,"column":6},"end":{"line":390,"column":71}},"223":{"start":{"line":392,"column":6},"end":{"line":392,"column":106}},"224":{"start":{"line":392,"column":41},"end":{"line":392,"column":106}},"225":{"start":{"line":394,"column":6},"end":{"line":398,"column":9}},"226":{"start":{"line":400,"column":6},"end":{"line":400,"column":63}},"227":{"start":{"line":403,"column":21},"end":{"line":403,"column":74}},"228":{"start":{"line":404,"column":4},"end":{"line":404,"column":95}},"229":{"start":{"line":404,"column":39},"end":{"line":404,"column":95}},"230":{"start":{"line":407,"column":28},"end":{"line":410,"column":6}},"231":{"start":{"line":411,"column":4},"end":{"line":411,"column":27}},"232":{"start":{"line":413,"column":4},"end":{"line":413,"column":122}},"233":{"start":{"line":413,"column":39},"end":{"line":413,"column":122}},"234":{"start":{"line":416,"column":20},"end":{"line":416,"column":29}},"235":{"start":{"line":417,"column":16},"end":{"line":417,"column":35}},"236":{"start":{"line":418,"column":24},"end":{"line":418,"column":79}},"237":{"start":{"line":420,"column":4},"end":{"line":422,"column":217}},"238":{"start":{"line":420,"column":51},"end":{"line":420,"column":77}},"239":{"start":{"line":420,"column":78},"end":{"line":420,"column":141}},"240":{"start":{"line":421,"column":9},"end":{"line":422,"column":217}},"241":{"start":{"line":421,"column":49},"end":{"line":421,"column":76}},"242":{"start":{"line":421,"column":77},"end":{"line":421,"column":152}},"243":{"start":{"line":422,"column":9},"end":{"line":422,"column":217}},"244":{"start":{"line":422,"column":135},"end":{"line":422,"column":161}},"245":{"start":{"line":422,"column":162},"end":{"line":422,"column":215}},"246":{"start":{"line":424,"column":28},"end":{"line":429,"column":6}},"247":{"start":{"line":430,"column":4},"end":{"line":430,"column":27}},"248":{"start":{"line":435,"column":0},"end":{"line":439,"column":1}},"249":{"start":{"line":436,"column":2},"end":{"line":438,"column":4}},"250":{"start":{"line":446,"column":2},"end":{"line":486,"column":3}},"251":{"start":{"line":447,"column":16},"end":{"line":447,"column":18}},"252":{"start":{"line":448,"column":4},"end":{"line":448,"column":83}},"253":{"start":{"line":448,"column":40},"end":{"line":448,"column":83}},"254":{"start":{"line":451,"column":14},"end":{"line":453,"column":29}},"255":{"start":{"line":455,"column":18},"end":{"line":455,"column":60}},"256":{"start":{"line":456,"column":4},"end":{"line":483,"column":5}},"257":{"start":{"line":458,"column":6},"end":{"line":460,"column":7}},"258":{"start":{"line":459,"column":10},"end":{"line":459,"column":61}},"259":{"start":{"line":462,"column":28},"end":{"line":462,"column":50}},"260":{"start":{"line":463,"column":26},"end":{"line":463,"column":28}},"261":{"start":{"line":466,"column":26},"end":{"line":466,"column":156}},"262":{"start":{"line":468,"column":6},"end":{"line":476,"column":7}},"263":{"start":{"line":469,"column":10},"end":{"line":475,"column":11}},"264":{"start":{"line":470,"column":14},"end":{"line":474,"column":15}},"265":{"start":{"line":471,"column":18},"end":{"line":471,"column":49}},"266":{"start":{"line":473,"column":18},"end":{"line":473,"column":131}},"267":{"start":{"line":478,"column":6},"end":{"line":478,"column":109}},"268":{"start":{"line":480,"column":6},"end":{"line":480,"column":80}},"269":{"start":{"line":482,"column":6},"end":{"line":482,"column":104}},"270":{"start":{"line":485,"column":4},"end":{"line":485,"column":49}}},"fnMap":{"0":{"name":"doPost","decl":{"start":{"line":12,"column":9},"end":{"line":12,"column":15}},"loc":{"start":{"line":12,"column":19},"end":{"line":46,"column":1}},"line":12},"1":{"name":"API_Universal_Router","decl":{"start":{"line":52,"column":9},"end":{"line":52,"column":29}},"loc":{"start":{"line":52,"column":59},"end":{"line":432,"column":1}},"line":52},"2":{"name":"(anonymous_2)","decl":{"start":{"line":234,"column":22},"end":{"line":234,"column":23}},"loc":{"start":{"line":234,"column":32},"end":{"line":239,"column":7}},"line":234},"3":{"name":"(anonymous_3)","decl":{"start":{"line":256,"column":51},"end":{"line":256,"column":52}},"loc":{"start":{"line":256,"column":56},"end":{"line":256,"column":177}},"line":256},"4":{"name":"(anonymous_4)","decl":{"start":{"line":258,"column":30},"end":{"line":258,"column":31}},"loc":{"start":{"line":258,"column":40},"end":{"line":308,"column":15}},"line":258},"5":{"name":"(anonymous_5)","decl":{"start":{"line":260,"column":38},"end":{"line":260,"column":39}},"loc":{"start":{"line":260,"column":43},"end":{"line":307,"column":19}},"line":260},"6":{"name":"(anonymous_6)","decl":{"start":{"line":270,"column":64},"end":{"line":270,"column":65}},"loc":{"start":{"line":271,"column":26},"end":{"line":273,"column":67}},"line":271},"7":{"name":"(anonymous_7)","decl":{"start":{"line":278,"column":48},"end":{"line":278,"column":49}},"loc":{"start":{"line":278,"column":53},"end":{"line":282,"column":27}},"line":278},"8":{"name":"(anonymous_8)","decl":{"start":{"line":284,"column":68},"end":{"line":284,"column":69}},"loc":{"start":{"line":284,"column":73},"end":{"line":284,"column":124}},"line":284},"9":{"name":"(anonymous_9)","decl":{"start":{"line":287,"column":52},"end":{"line":287,"column":53}},"loc":{"start":{"line":287,"column":57},"end":{"line":291,"column":31}},"line":287},"10":{"name":"(anonymous_10)","decl":{"start":{"line":313,"column":22},"end":{"line":313,"column":23}},"loc":{"start":{"line":313,"column":32},"end":{"line":356,"column":7}},"line":313},"11":{"name":"(anonymous_11)","decl":{"start":{"line":319,"column":61},"end":{"line":319,"column":62}},"loc":{"start":{"line":320,"column":18},"end":{"line":322,"column":59}},"line":320},"12":{"name":"(anonymous_12)","decl":{"start":{"line":326,"column":55},"end":{"line":326,"column":56}},"loc":{"start":{"line":327,"column":18},"end":{"line":330,"column":59}},"line":327},"13":{"name":"(anonymous_13)","decl":{"start":{"line":380,"column":22},"end":{"line":380,"column":23}},"loc":{"start":{"line":380,"column":30},"end":{"line":388,"column":7}},"line":380},"14":{"name":"API_UpdateGlobalConfig","decl":{"start":{"line":445,"column":9},"end":{"line":445,"column":31}},"loc":{"start":{"line":445,"column":40},"end":{"line":487,"column":1}},"line":445}},"branchMap":{"0":{"loc":{"start":{"line":22,"column":4},"end":{"line":32,"column":5}},"type":"if","locations":[{"start":{"line":22,"column":4},"end":{"line":32,"column":5}},{"start":{"line":24,"column":11},"end":{"line":32,"column":5}}],"line":22},"1":{"loc":{"start":{"line":24,"column":11},"end":{"line":32,"column":5}},"type":"if","locations":[{"start":{"line":24,"column":11},"end":{"line":32,"column":5}},{"start":{"line":26,"column":11},"end":{"line":32,"column":5}}],"line":24},"2":{"loc":{"start":{"line":26,"column":11},"end":{"line":32,"column":5}},"type":"if","locations":[{"start":{"line":26,"column":11},"end":{"line":32,"column":5}},{"start":{"line":28,"column":11},"end":{"line":32,"column":5}}],"line":26},"3":{"loc":{"start":{"line":28,"column":11},"end":{"line":32,"column":5}},"type":"if","locations":[{"start":{"line":28,"column":11},"end":{"line":32,"column":5}},{"start":{"line":30,"column":11},"end":{"line":32,"column":5}}],"line":28},"4":{"loc":{"start":{"line":29,"column":43},"end":{"line":29,"column":58}},"type":"binary-expr","locations":[{"start":{"line":29,"column":43},"end":{"line":29,"column":50}},{"start":{"line":29,"column":54},"end":{"line":29,"column":58}}],"line":29},"5":{"loc":{"start":{"line":40,"column":4},"end":{"line":40,"column":107}},"type":"if","locations":[{"start":{"line":40,"column":4},"end":{"line":40,"column":107}},{"start":{},"end":{}}],"line":40},"6":{"loc":{"start":{"line":58,"column":4},"end":{"line":58,"column":89}},"type":"if","locations":[{"start":{"line":58,"column":4},"end":{"line":58,"column":89}},{"start":{},"end":{}}],"line":58},"7":{"loc":{"start":{"line":60,"column":19},"end":{"line":60,"column":89}},"type":"cond-expr","locations":[{"start":{"line":60,"column":58},"end":{"line":60,"column":82}},{"start":{"line":60,"column":85},"end":{"line":60,"column":89}}],"line":60},"8":{"loc":{"start":{"line":61,"column":18},"end":{"line":61,"column":72}},"type":"cond-expr","locations":[{"start":{"line":61,"column":48},"end":{"line":61,"column":65}},{"start":{"line":61,"column":68},"end":{"line":61,"column":72}}],"line":61},"9":{"loc":{"start":{"line":61,"column":18},"end":{"line":61,"column":45}},"type":"binary-expr","locations":[{"start":{"line":61,"column":18},"end":{"line":61,"column":24}},{"start":{"line":61,"column":28},"end":{"line":61,"column":45}}],"line":61},"10":{"loc":{"start":{"line":63,"column":4},"end":{"line":65,"column":5}},"type":"if","locations":[{"start":{"line":63,"column":4},"end":{"line":65,"column":5}},{"start":{},"end":{}}],"line":63},"11":{"loc":{"start":{"line":67,"column":4},"end":{"line":73,"column":5}},"type":"if","locations":[{"start":{"line":67,"column":4},"end":{"line":73,"column":5}},{"start":{},"end":{}}],"line":67},"12":{"loc":{"start":{"line":68,"column":6},"end":{"line":70,"column":7}},"type":"if","locations":[{"start":{"line":68,"column":6},"end":{"line":70,"column":7}},{"start":{},"end":{}}],"line":68},"13":{"loc":{"start":{"line":75,"column":4},"end":{"line":79,"column":5}},"type":"if","locations":[{"start":{"line":75,"column":4},"end":{"line":79,"column":5}},{"start":{},"end":{}}],"line":75},"14":{"loc":{"start":{"line":81,"column":4},"end":{"line":91,"column":5}},"type":"if","locations":[{"start":{"line":81,"column":4},"end":{"line":91,"column":5}},{"start":{},"end":{}}],"line":81},"15":{"loc":{"start":{"line":82,"column":6},"end":{"line":86,"column":7}},"type":"if","locations":[{"start":{"line":82,"column":6},"end":{"line":86,"column":7}},{"start":{},"end":{}}],"line":82},"16":{"loc":{"start":{"line":87,"column":6},"end":{"line":87,"column":94}},"type":"if","locations":[{"start":{"line":87,"column":6},"end":{"line":87,"column":94}},{"start":{},"end":{}}],"line":87},"17":{"loc":{"start":{"line":87,"column":10},"end":{"line":87,"column":34}},"type":"binary-expr","locations":[{"start":{"line":87,"column":10},"end":{"line":87,"column":18}},{"start":{"line":87,"column":22},"end":{"line":87,"column":34}}],"line":87},"18":{"loc":{"start":{"line":88,"column":22},"end":{"line":88,"column":43}},"type":"binary-expr","locations":[{"start":{"line":88,"column":22},"end":{"line":88,"column":37}},{"start":{"line":88,"column":41},"end":{"line":88,"column":43}}],"line":88},"19":{"loc":{"start":{"line":93,"column":4},"end":{"line":100,"column":5}},"type":"if","locations":[{"start":{"line":93,"column":4},"end":{"line":100,"column":5}},{"start":{},"end":{}}],"line":93},"20":{"loc":{"start":{"line":94,"column":6},"end":{"line":96,"column":7}},"type":"if","locations":[{"start":{"line":94,"column":6},"end":{"line":96,"column":7}},{"start":{},"end":{}}],"line":94},"21":{"loc":{"start":{"line":97,"column":6},"end":{"line":97,"column":94}},"type":"if","locations":[{"start":{"line":97,"column":6},"end":{"line":97,"column":94}},{"start":{},"end":{}}],"line":97},"22":{"loc":{"start":{"line":97,"column":10},"end":{"line":97,"column":34}},"type":"binary-expr","locations":[{"start":{"line":97,"column":10},"end":{"line":97,"column":18}},{"start":{"line":97,"column":22},"end":{"line":97,"column":34}}],"line":97},"23":{"loc":{"start":{"line":102,"column":4},"end":{"line":113,"column":5}},"type":"if","locations":[{"start":{"line":102,"column":4},"end":{"line":113,"column":5}},{"start":{},"end":{}}],"line":102},"24":{"loc":{"start":{"line":103,"column":6},"end":{"line":105,"column":7}},"type":"if","locations":[{"start":{"line":103,"column":6},"end":{"line":105,"column":7}},{"start":{},"end":{}}],"line":103},"25":{"loc":{"start":{"line":108,"column":6},"end":{"line":111,"column":7}},"type":"if","locations":[{"start":{"line":108,"column":6},"end":{"line":111,"column":7}},{"start":{},"end":{}}],"line":108},"26":{"loc":{"start":{"line":115,"column":4},"end":{"line":126,"column":5}},"type":"if","locations":[{"start":{"line":115,"column":4},"end":{"line":126,"column":5}},{"start":{},"end":{}}],"line":115},"27":{"loc":{"start":{"line":117,"column":6},"end":{"line":124,"column":7}},"type":"if","locations":[{"start":{"line":117,"column":6},"end":{"line":124,"column":7}},{"start":{},"end":{}}],"line":117},"28":{"loc":{"start":{"line":119,"column":25},"end":{"line":119,"column":62}},"type":"binary-expr","locations":[{"start":{"line":119,"column":25},"end":{"line":119,"column":56}},{"start":{"line":119,"column":60},"end":{"line":119,"column":62}}],"line":119},"29":{"loc":{"start":{"line":122,"column":11},"end":{"line":122,"column":99}},"type":"if","locations":[{"start":{"line":122,"column":11},"end":{"line":122,"column":99}},{"start":{},"end":{}}],"line":122},"30":{"loc":{"start":{"line":128,"column":4},"end":{"line":132,"column":5}},"type":"if","locations":[{"start":{"line":128,"column":4},"end":{"line":132,"column":5}},{"start":{},"end":{}}],"line":128},"31":{"loc":{"start":{"line":129,"column":18},"end":{"line":129,"column":73}},"type":"cond-expr","locations":[{"start":{"line":129,"column":50},"end":{"line":129,"column":63}},{"start":{"line":129,"column":66},"end":{"line":129,"column":73}}],"line":129},"32":{"loc":{"start":{"line":134,"column":4},"end":{"line":170,"column":5}},"type":"if","locations":[{"start":{"line":134,"column":4},"end":{"line":170,"column":5}},{"start":{},"end":{}}],"line":134},"33":{"loc":{"start":{"line":137,"column":27},"end":{"line":137,"column":60}},"type":"binary-expr","locations":[{"start":{"line":137,"column":27},"end":{"line":137,"column":46}},{"start":{"line":137,"column":50},"end":{"line":137,"column":60}}],"line":137},"34":{"loc":{"start":{"line":140,"column":8},"end":{"line":142,"column":9}},"type":"if","locations":[{"start":{"line":140,"column":8},"end":{"line":142,"column":9}},{"start":{},"end":{}}],"line":140},"35":{"loc":{"start":{"line":147,"column":21},"end":{"line":147,"column":109}},"type":"cond-expr","locations":[{"start":{"line":147,"column":93},"end":{"line":147,"column":97}},{"start":{"line":147,"column":100},"end":{"line":147,"column":109}}],"line":147},"36":{"loc":{"start":{"line":147,"column":21},"end":{"line":147,"column":90}},"type":"binary-expr","locations":[{"start":{"line":147,"column":21},"end":{"line":147,"column":54}},{"start":{"line":147,"column":58},"end":{"line":147,"column":90}}],"line":147},"37":{"loc":{"start":{"line":148,"column":8},"end":{"line":153,"column":9}},"type":"if","locations":[{"start":{"line":148,"column":8},"end":{"line":153,"column":9}},{"start":{},"end":{}}],"line":148},"38":{"loc":{"start":{"line":151,"column":12},"end":{"line":151,"column":108}},"type":"if","locations":[{"start":{"line":151,"column":12},"end":{"line":151,"column":108}},{"start":{},"end":{}}],"line":151},"39":{"loc":{"start":{"line":157,"column":18},"end":{"line":157,"column":107}},"type":"cond-expr","locations":[{"start":{"line":157,"column":58},"end":{"line":157,"column":100}},{"start":{"line":157,"column":103},"end":{"line":157,"column":107}}],"line":157},"40":{"loc":{"start":{"line":158,"column":8},"end":{"line":160,"column":9}},"type":"if","locations":[{"start":{"line":158,"column":8},"end":{"line":160,"column":9}},{"start":{},"end":{}}],"line":158},"41":{"loc":{"start":{"line":158,"column":12},"end":{"line":158,"column":69}},"type":"binary-expr","locations":[{"start":{"line":158,"column":12},"end":{"line":158,"column":28}},{"start":{"line":158,"column":32},"end":{"line":158,"column":69}}],"line":158},"42":{"loc":{"start":{"line":159,"column":29},"end":{"line":159,"column":135}},"type":"cond-expr","locations":[{"start":{"line":159,"column":72},"end":{"line":159,"column":104}},{"start":{"line":159,"column":107},"end":{"line":159,"column":135}}],"line":159},"43":{"loc":{"start":{"line":172,"column":4},"end":{"line":401,"column":5}},"type":"if","locations":[{"start":{"line":172,"column":4},"end":{"line":401,"column":5}},{"start":{"line":193,"column":11},"end":{"line":401,"column":5}}],"line":172},"44":{"loc":{"start":{"line":173,"column":6},"end":{"line":175,"column":7}},"type":"if","locations":[{"start":{"line":173,"column":6},"end":{"line":175,"column":7}},{"start":{},"end":{}}],"line":173},"45":{"loc":{"start":{"line":173,"column":10},"end":{"line":173,"column":69}},"type":"binary-expr","locations":[{"start":{"line":173,"column":10},"end":{"line":173,"column":27}},{"start":{"line":173,"column":31},"end":{"line":173,"column":69}}],"line":173},"46":{"loc":{"start":{"line":182,"column":23},"end":{"line":182,"column":78}},"type":"binary-expr","locations":[{"start":{"line":182,"column":23},"end":{"line":182,"column":37}},{"start":{"line":182,"column":41},"end":{"line":182,"column":64}},{"start":{"line":182,"column":68},"end":{"line":182,"column":78}}],"line":182},"47":{"loc":{"start":{"line":183,"column":6},"end":{"line":183,"column":97}},"type":"if","locations":[{"start":{"line":183,"column":6},"end":{"line":183,"column":97}},{"start":{},"end":{}}],"line":183},"48":{"loc":{"start":{"line":193,"column":11},"end":{"line":401,"column":5}},"type":"if","locations":[{"start":{"line":193,"column":11},"end":{"line":401,"column":5}},{"start":{"line":200,"column":11},"end":{"line":401,"column":5}}],"line":193},"49":{"loc":{"start":{"line":194,"column":17},"end":{"line":194,"column":89}},"type":"cond-expr","locations":[{"start":{"line":194,"column":49},"end":{"line":194,"column":79}},{"start":{"line":194,"column":82},"end":{"line":194,"column":89}}],"line":194},"50":{"loc":{"start":{"line":194,"column":49},"end":{"line":194,"column":79}},"type":"binary-expr","locations":[{"start":{"line":194,"column":49},"end":{"line":194,"column":65}},{"start":{"line":194,"column":69},"end":{"line":194,"column":79}}],"line":194},"51":{"loc":{"start":{"line":195,"column":6},"end":{"line":199,"column":7}},"type":"if","locations":[{"start":{"line":195,"column":6},"end":{"line":199,"column":7}},{"start":{"line":197,"column":13},"end":{"line":199,"column":7}}],"line":195},"52":{"loc":{"start":{"line":200,"column":11},"end":{"line":401,"column":5}},"type":"if","locations":[{"start":{"line":200,"column":11},"end":{"line":401,"column":5}},{"start":{"line":203,"column":11},"end":{"line":401,"column":5}}],"line":200},"53":{"loc":{"start":{"line":203,"column":11},"end":{"line":401,"column":5}},"type":"if","locations":[{"start":{"line":203,"column":11},"end":{"line":401,"column":5}},{"start":{"line":207,"column":11},"end":{"line":401,"column":5}}],"line":203},"54":{"loc":{"start":{"line":205,"column":17},"end":{"line":205,"column":89}},"type":"cond-expr","locations":[{"start":{"line":205,"column":49},"end":{"line":205,"column":79}},{"start":{"line":205,"column":82},"end":{"line":205,"column":89}}],"line":205},"55":{"loc":{"start":{"line":205,"column":49},"end":{"line":205,"column":79}},"type":"binary-expr","locations":[{"start":{"line":205,"column":49},"end":{"line":205,"column":65}},{"start":{"line":205,"column":69},"end":{"line":205,"column":79}}],"line":205},"56":{"loc":{"start":{"line":207,"column":11},"end":{"line":401,"column":5}},"type":"if","locations":[{"start":{"line":207,"column":11},"end":{"line":401,"column":5}},{"start":{"line":210,"column":11},"end":{"line":401,"column":5}}],"line":207},"57":{"loc":{"start":{"line":208,"column":6},"end":{"line":208,"column":115}},"type":"if","locations":[{"start":{"line":208,"column":6},"end":{"line":208,"column":115}},{"start":{},"end":{}}],"line":208},"58":{"loc":{"start":{"line":208,"column":10},"end":{"line":208,"column":57}},"type":"binary-expr","locations":[{"start":{"line":208,"column":10},"end":{"line":208,"column":33}},{"start":{"line":208,"column":37},"end":{"line":208,"column":57}}],"line":208},"59":{"loc":{"start":{"line":210,"column":11},"end":{"line":401,"column":5}},"type":"if","locations":[{"start":{"line":210,"column":11},"end":{"line":401,"column":5}},{"start":{"line":220,"column":11},"end":{"line":401,"column":5}}],"line":210},"60":{"loc":{"start":{"line":212,"column":6},"end":{"line":212,"column":104}},"type":"if","locations":[{"start":{"line":212,"column":6},"end":{"line":212,"column":104}},{"start":{},"end":{}}],"line":212},"61":{"loc":{"start":{"line":212,"column":10},"end":{"line":212,"column":40}},"type":"binary-expr","locations":[{"start":{"line":212,"column":10},"end":{"line":212,"column":18}},{"start":{"line":212,"column":22},"end":{"line":212,"column":40}}],"line":212},"62":{"loc":{"start":{"line":214,"column":6},"end":{"line":217,"column":7}},"type":"if","locations":[{"start":{"line":214,"column":6},"end":{"line":217,"column":7}},{"start":{},"end":{}}],"line":214},"63":{"loc":{"start":{"line":216,"column":10},"end":{"line":216,"column":109}},"type":"if","locations":[{"start":{"line":216,"column":10},"end":{"line":216,"column":109}},{"start":{},"end":{}}],"line":216},"64":{"loc":{"start":{"line":220,"column":11},"end":{"line":401,"column":5}},"type":"if","locations":[{"start":{"line":220,"column":11},"end":{"line":401,"column":5}},{"start":{"line":228,"column":11},"end":{"line":401,"column":5}}],"line":220},"65":{"loc":{"start":{"line":221,"column":6},"end":{"line":223,"column":7}},"type":"if","locations":[{"start":{"line":221,"column":6},"end":{"line":223,"column":7}},{"start":{},"end":{}}],"line":221},"66":{"loc":{"start":{"line":224,"column":6},"end":{"line":224,"column":121}},"type":"if","locations":[{"start":{"line":224,"column":6},"end":{"line":224,"column":121}},{"start":{},"end":{}}],"line":224},"67":{"loc":{"start":{"line":224,"column":10},"end":{"line":224,"column":59}},"type":"binary-expr","locations":[{"start":{"line":224,"column":10},"end":{"line":224,"column":18}},{"start":{"line":224,"column":22},"end":{"line":224,"column":38}},{"start":{"line":224,"column":42},"end":{"line":224,"column":59}}],"line":224},"68":{"loc":{"start":{"line":228,"column":11},"end":{"line":401,"column":5}},"type":"if","locations":[{"start":{"line":228,"column":11},"end":{"line":401,"column":5}},{"start":{"line":374,"column":11},"end":{"line":401,"column":5}}],"line":228},"69":{"loc":{"start":{"line":229,"column":6},"end":{"line":231,"column":7}},"type":"if","locations":[{"start":{"line":229,"column":6},"end":{"line":231,"column":7}},{"start":{},"end":{}}],"line":229},"70":{"loc":{"start":{"line":235,"column":8},"end":{"line":238,"column":9}},"type":"if","locations":[{"start":{"line":235,"column":8},"end":{"line":238,"column":9}},{"start":{},"end":{}}],"line":235},"71":{"loc":{"start":{"line":235,"column":12},"end":{"line":235,"column":69}},"type":"binary-expr","locations":[{"start":{"line":235,"column":12},"end":{"line":235,"column":28}},{"start":{"line":235,"column":32},"end":{"line":235,"column":69}}],"line":235},"72":{"loc":{"start":{"line":242,"column":6},"end":{"line":247,"column":7}},"type":"if","locations":[{"start":{"line":242,"column":6},"end":{"line":247,"column":7}},{"start":{},"end":{}}],"line":242},"73":{"loc":{"start":{"line":242,"column":10},"end":{"line":242,"column":101}},"type":"binary-expr","locations":[{"start":{"line":242,"column":10},"end":{"line":242,"column":43}},{"start":{"line":242,"column":47},"end":{"line":242,"column":101}}],"line":242},"74":{"loc":{"start":{"line":244,"column":10},"end":{"line":246,"column":11}},"type":"if","locations":[{"start":{"line":244,"column":10},"end":{"line":246,"column":11}},{"start":{},"end":{}}],"line":244},"75":{"loc":{"start":{"line":244,"column":14},"end":{"line":244,"column":51}},"type":"binary-expr","locations":[{"start":{"line":244,"column":14},"end":{"line":244,"column":28}},{"start":{"line":244,"column":32},"end":{"line":244,"column":51}}],"line":244},"76":{"loc":{"start":{"line":252,"column":21},"end":{"line":252,"column":90}},"type":"cond-expr","locations":[{"start":{"line":252,"column":60},"end":{"line":252,"column":83}},{"start":{"line":252,"column":86},"end":{"line":252,"column":90}}],"line":252},"77":{"loc":{"start":{"line":253,"column":27},"end":{"line":253,"column":82}},"type":"binary-expr","locations":[{"start":{"line":253,"column":27},"end":{"line":253,"column":76}},{"start":{"line":253,"column":80},"end":{"line":253,"column":82}}],"line":253},"78":{"loc":{"start":{"line":255,"column":6},"end":{"line":310,"column":7}},"type":"if","locations":[{"start":{"line":255,"column":6},"end":{"line":310,"column":7}},{"start":{},"end":{}}],"line":255},"79":{"loc":{"start":{"line":255,"column":10},"end":{"line":255,"column":33}},"type":"binary-expr","locations":[{"start":{"line":255,"column":10},"end":{"line":255,"column":16}},{"start":{"line":255,"column":20},"end":{"line":255,"column":33}}],"line":255},"80":{"loc":{"start":{"line":256,"column":56},"end":{"line":256,"column":177}},"type":"binary-expr","locations":[{"start":{"line":256,"column":56},"end":{"line":256,"column":73}},{"start":{"line":256,"column":77},"end":{"line":256,"column":112}},{"start":{"line":256,"column":116},"end":{"line":256,"column":142}},{"start":{"line":256,"column":146},"end":{"line":256,"column":177}}],"line":256},"81":{"loc":{"start":{"line":257,"column":10},"end":{"line":309,"column":11}},"type":"if","locations":[{"start":{"line":257,"column":10},"end":{"line":309,"column":11}},{"start":{},"end":{}}],"line":257},"82":{"loc":{"start":{"line":264,"column":22},"end":{"line":266,"column":23}},"type":"if","locations":[{"start":{"line":264,"column":22},"end":{"line":266,"column":23}},{"start":{},"end":{}}],"line":264},"83":{"loc":{"start":{"line":264,"column":26},"end":{"line":264,"column":59}},"type":"binary-expr","locations":[{"start":{"line":264,"column":26},"end":{"line":264,"column":41}},{"start":{"line":264,"column":45},"end":{"line":264,"column":59}}],"line":264},"84":{"loc":{"start":{"line":268,"column":47},"end":{"line":268,"column":100}},"type":"cond-expr","locations":[{"start":{"line":268,"column":64},"end":{"line":268,"column":93}},{"start":{"line":268,"column":96},"end":{"line":268,"column":100}}],"line":268},"85":{"loc":{"start":{"line":271,"column":26},"end":{"line":273,"column":67}},"type":"binary-expr","locations":[{"start":{"line":271,"column":26},"end":{"line":271,"column":55}},{"start":{"line":272,"column":26},"end":{"line":272,"column":61}},{"start":{"line":273,"column":26},"end":{"line":273,"column":67}}],"line":271},"86":{"loc":{"start":{"line":277,"column":22},"end":{"line":293,"column":23}},"type":"if","locations":[{"start":{"line":277,"column":22},"end":{"line":293,"column":23}},{"start":{"line":283,"column":29},"end":{"line":293,"column":23}}],"line":277},"87":{"loc":{"start":{"line":277,"column":26},"end":{"line":277,"column":71}},"type":"binary-expr","locations":[{"start":{"line":277,"column":26},"end":{"line":277,"column":43}},{"start":{"line":277,"column":47},"end":{"line":277,"column":71}}],"line":277},"88":{"loc":{"start":{"line":283,"column":29},"end":{"line":293,"column":23}},"type":"if","locations":[{"start":{"line":283,"column":29},"end":{"line":293,"column":23}},{"start":{},"end":{}}],"line":283},"89":{"loc":{"start":{"line":285,"column":26},"end":{"line":292,"column":27}},"type":"if","locations":[{"start":{"line":285,"column":26},"end":{"line":292,"column":27}},{"start":{},"end":{}}],"line":285},"90":{"loc":{"start":{"line":295,"column":22},"end":{"line":306,"column":23}},"type":"if","locations":[{"start":{"line":295,"column":22},"end":{"line":306,"column":23}},{"start":{},"end":{}}],"line":295},"91":{"loc":{"start":{"line":314,"column":10},"end":{"line":355,"column":11}},"type":"if","locations":[{"start":{"line":314,"column":10},"end":{"line":355,"column":11}},{"start":{},"end":{}}],"line":314},"92":{"loc":{"start":{"line":314,"column":14},"end":{"line":314,"column":60}},"type":"binary-expr","locations":[{"start":{"line":314,"column":14},"end":{"line":314,"column":37}},{"start":{"line":314,"column":41},"end":{"line":314,"column":60}}],"line":314},"93":{"loc":{"start":{"line":320,"column":18},"end":{"line":322,"column":59}},"type":"binary-expr","locations":[{"start":{"line":320,"column":18},"end":{"line":320,"column":57}},{"start":{"line":321,"column":18},"end":{"line":321,"column":61}},{"start":{"line":322,"column":18},"end":{"line":322,"column":59}}],"line":320},"94":{"loc":{"start":{"line":327,"column":18},"end":{"line":330,"column":59}},"type":"binary-expr","locations":[{"start":{"line":327,"column":18},"end":{"line":327,"column":47}},{"start":{"line":328,"column":18},"end":{"line":328,"column":57}},{"start":{"line":329,"column":18},"end":{"line":329,"column":61}},{"start":{"line":330,"column":18},"end":{"line":330,"column":59}}],"line":327},"95":{"loc":{"start":{"line":333,"column":14},"end":{"line":354,"column":15}},"type":"if","locations":[{"start":{"line":333,"column":14},"end":{"line":354,"column":15}},{"start":{},"end":{}}],"line":333},"96":{"loc":{"start":{"line":334,"column":18},"end":{"line":353,"column":19}},"type":"if","locations":[{"start":{"line":334,"column":18},"end":{"line":353,"column":19}},{"start":{"line":341,"column":25},"end":{"line":353,"column":19}}],"line":334},"97":{"loc":{"start":{"line":336,"column":22},"end":{"line":340,"column":23}},"type":"if","locations":[{"start":{"line":336,"column":22},"end":{"line":340,"column":23}},{"start":{},"end":{}}],"line":336},"98":{"loc":{"start":{"line":336,"column":33},"end":{"line":336,"column":65}},"type":"binary-expr","locations":[{"start":{"line":336,"column":33},"end":{"line":336,"column":59}},{"start":{"line":336,"column":63},"end":{"line":336,"column":65}}],"line":336},"99":{"loc":{"start":{"line":338,"column":50},"end":{"line":338,"column":75}},"type":"binary-expr","locations":[{"start":{"line":338,"column":50},"end":{"line":338,"column":63}},{"start":{"line":338,"column":67},"end":{"line":338,"column":75}}],"line":338},"100":{"loc":{"start":{"line":350,"column":34},"end":{"line":350,"column":59}},"type":"binary-expr","locations":[{"start":{"line":350,"column":34},"end":{"line":350,"column":47}},{"start":{"line":350,"column":51},"end":{"line":350,"column":59}}],"line":350},"101":{"loc":{"start":{"line":362,"column":6},"end":{"line":365,"column":7}},"type":"if","locations":[{"start":{"line":362,"column":6},"end":{"line":365,"column":7}},{"start":{},"end":{}}],"line":362},"102":{"loc":{"start":{"line":364,"column":10},"end":{"line":364,"column":116}},"type":"if","locations":[{"start":{"line":364,"column":10},"end":{"line":364,"column":116}},{"start":{},"end":{}}],"line":364},"103":{"loc":{"start":{"line":367,"column":6},"end":{"line":367,"column":129}},"type":"if","locations":[{"start":{"line":367,"column":6},"end":{"line":367,"column":129}},{"start":{},"end":{}}],"line":367},"104":{"loc":{"start":{"line":372,"column":23},"end":{"line":372,"column":46}},"type":"binary-expr","locations":[{"start":{"line":372,"column":23},"end":{"line":372,"column":41}},{"start":{"line":372,"column":45},"end":{"line":372,"column":46}}],"line":372},"105":{"loc":{"start":{"line":374,"column":11},"end":{"line":401,"column":5}},"type":"if","locations":[{"start":{"line":374,"column":11},"end":{"line":401,"column":5}},{"start":{"line":399,"column":11},"end":{"line":401,"column":5}}],"line":374},"106":{"loc":{"start":{"line":375,"column":6},"end":{"line":375,"column":91}},"type":"if","locations":[{"start":{"line":375,"column":6},"end":{"line":375,"column":91}},{"start":{},"end":{}}],"line":375},"107":{"loc":{"start":{"line":377,"column":20},"end":{"line":377,"column":98}},"type":"cond-expr","locations":[{"start":{"line":377,"column":53},"end":{"line":377,"column":87}},{"start":{"line":377,"column":90},"end":{"line":377,"column":98}}],"line":377},"108":{"loc":{"start":{"line":381,"column":10},"end":{"line":381,"column":120}},"type":"if","locations":[{"start":{"line":381,"column":10},"end":{"line":381,"column":120}},{"start":{},"end":{}}],"line":381},"109":{"loc":{"start":{"line":382,"column":10},"end":{"line":382,"column":53}},"type":"if","locations":[{"start":{"line":382,"column":10},"end":{"line":382,"column":53}},{"start":{},"end":{}}],"line":382},"110":{"loc":{"start":{"line":383,"column":10},"end":{"line":383,"column":62}},"type":"if","locations":[{"start":{"line":383,"column":10},"end":{"line":383,"column":62}},{"start":{},"end":{}}],"line":383},"111":{"loc":{"start":{"line":384,"column":10},"end":{"line":384,"column":58}},"type":"if","locations":[{"start":{"line":384,"column":10},"end":{"line":384,"column":58}},{"start":{},"end":{}}],"line":384},"112":{"loc":{"start":{"line":385,"column":10},"end":{"line":385,"column":56}},"type":"if","locations":[{"start":{"line":385,"column":10},"end":{"line":385,"column":56}},{"start":{},"end":{}}],"line":385},"113":{"loc":{"start":{"line":392,"column":6},"end":{"line":392,"column":106}},"type":"if","locations":[{"start":{"line":392,"column":6},"end":{"line":392,"column":106}},{"start":{},"end":{}}],"line":392},"114":{"loc":{"start":{"line":403,"column":21},"end":{"line":403,"column":74}},"type":"binary-expr","locations":[{"start":{"line":403,"column":21},"end":{"line":403,"column":35}},{"start":{"line":403,"column":39},"end":{"line":403,"column":60}},{"start":{"line":403,"column":64},"end":{"line":403,"column":74}}],"line":403},"115":{"loc":{"start":{"line":404,"column":4},"end":{"line":404,"column":95}},"type":"if","locations":[{"start":{"line":404,"column":4},"end":{"line":404,"column":95}},{"start":{},"end":{}}],"line":404},"116":{"loc":{"start":{"line":413,"column":4},"end":{"line":413,"column":122}},"type":"if","locations":[{"start":{"line":413,"column":4},"end":{"line":413,"column":122}},{"start":{},"end":{}}],"line":413},"117":{"loc":{"start":{"line":417,"column":16},"end":{"line":417,"column":35}},"type":"binary-expr","locations":[{"start":{"line":417,"column":16},"end":{"line":417,"column":29}},{"start":{"line":417,"column":33},"end":{"line":417,"column":35}}],"line":417},"118":{"loc":{"start":{"line":420,"column":4},"end":{"line":422,"column":217}},"type":"if","locations":[{"start":{"line":420,"column":4},"end":{"line":422,"column":217}},{"start":{"line":421,"column":9},"end":{"line":422,"column":217}}],"line":420},"119":{"loc":{"start":{"line":421,"column":9},"end":{"line":422,"column":217}},"type":"if","locations":[{"start":{"line":421,"column":9},"end":{"line":422,"column":217}},{"start":{"line":422,"column":9},"end":{"line":422,"column":217}}],"line":421},"120":{"loc":{"start":{"line":422,"column":9},"end":{"line":422,"column":217}},"type":"if","locations":[{"start":{"line":422,"column":9},"end":{"line":422,"column":217}},{"start":{},"end":{}}],"line":422},"121":{"loc":{"start":{"line":422,"column":13},"end":{"line":422,"column":131}},"type":"binary-expr","locations":[{"start":{"line":422,"column":13},"end":{"line":422,"column":48}},{"start":{"line":422,"column":52},"end":{"line":422,"column":90}},{"start":{"line":422,"column":94},"end":{"line":422,"column":131}}],"line":422},"122":{"loc":{"start":{"line":435,"column":0},"end":{"line":439,"column":1}},"type":"if","locations":[{"start":{"line":435,"column":0},"end":{"line":439,"column":1}},{"start":{},"end":{}}],"line":435},"123":{"loc":{"start":{"line":448,"column":4},"end":{"line":448,"column":83}},"type":"if","locations":[{"start":{"line":448,"column":4},"end":{"line":448,"column":83}},{"start":{},"end":{}}],"line":448},"124":{"loc":{"start":{"line":451,"column":14},"end":{"line":453,"column":29}},"type":"cond-expr","locations":[{"start":{"line":452,"column":10},"end":{"line":452,"column":47}},{"start":{"line":453,"column":10},"end":{"line":453,"column":29}}],"line":451},"125":{"loc":{"start":{"line":455,"column":18},"end":{"line":455,"column":60}},"type":"binary-expr","locations":[{"start":{"line":455,"column":18},"end":{"line":455,"column":54}},{"start":{"line":455,"column":58},"end":{"line":455,"column":60}}],"line":455},"126":{"loc":{"start":{"line":456,"column":4},"end":{"line":483,"column":5}},"type":"if","locations":[{"start":{"line":456,"column":4},"end":{"line":483,"column":5}},{"start":{"line":481,"column":11},"end":{"line":483,"column":5}}],"line":456},"127":{"loc":{"start":{"line":458,"column":6},"end":{"line":460,"column":7}},"type":"if","locations":[{"start":{"line":458,"column":6},"end":{"line":460,"column":7}},{"start":{},"end":{}}],"line":458},"128":{"loc":{"start":{"line":469,"column":10},"end":{"line":475,"column":11}},"type":"if","locations":[{"start":{"line":469,"column":10},"end":{"line":475,"column":11}},{"start":{},"end":{}}],"line":469},"129":{"loc":{"start":{"line":469,"column":14},"end":{"line":469,"column":80}},"type":"binary-expr","locations":[{"start":{"line":469,"column":14},"end":{"line":469,"column":45}},{"start":{"line":469,"column":49},"end":{"line":469,"column":80}}],"line":469},"130":{"loc":{"start":{"line":470,"column":14},"end":{"line":474,"column":15}},"type":"if","locations":[{"start":{"line":470,"column":14},"end":{"line":474,"column":15}},{"start":{"line":472,"column":21},"end":{"line":474,"column":15}}],"line":470}},"s":{"0":0,"1":0,"2":0,"3":0,"4":0,"5":0,"6":0,"7":0,"8":0,"9":0,"10":0,"11":0,"12":0,"13":0,"14":0,"15":0,"16":0,"17":0,"18":0,"19":13,"20":13,"21":13,"22":0,"23":13,"24":13,"25":13,"26":0,"27":13,"28":0,"29":0,"30":0,"31":0,"32":13,"33":0,"34":0,"35":13,"36":0,"37":0,"38":0,"39":0,"40":0,"41":0,"42":0,"43":0,"44":13,"45":0,"46":0,"47":0,"48":0,"49":0,"50":0,"51":13,"52":0,"53":0,"54":0,"55":0,"56":0,"57":0,"58":0,"59":13,"60":0,"61":0,"62":0,"63":0,"64":0,"65":0,"66":0,"67":0,"68":13,"69":0,"70":0,"71":0,"72":13,"73":0,"74":0,"75":0,"76":0,"77":0,"78":0,"79":0,"80":0,"81":0,"82":0,"83":0,"84":0,"85":0,"86":0,"87":0,"88":0,"89":0,"90":0,"91":0,"92":0,"93":13,"94":5,"95":3,"96":5,"97":5,"98":5,"99":5,"100":5,"101":5,"102":5,"103":5,"104":8,"105":3,"106":3,"107":3,"108":0,"109":5,"110":1,"111":1,"112":4,"113":2,"114":2,"115":2,"116":0,"117":0,"118":0,"119":2,"120":0,"121":0,"122":0,"123":0,"124":0,"125":0,"126":0,"127":0,"128":0,"129":2,"130":0,"131":0,"132":0,"133":0,"134":0,"135":0,"136":2,"137":2,"138":1,"139":1,"140":2,"141":2,"142":2,"143":1,"144":1,"145":1,"146":1,"147":1,"148":1,"149":1,"150":1,"151":1,"152":1,"153":0,"154":1,"155":0,"156":0,"157":0,"158":0,"159":0,"160":0,"161":0,"162":0,"163":0,"164":0,"165":0,"166":0,"167":0,"168":0,"169":0,"170":0,"171":0,"172":0,"173":0,"174":0,"175":0,"176":0,"177":0,"178":0,"179":0,"180":0,"181":0,"182":1,"183":2,"184":0,"185":0,"186":0,"187":0,"188":0,"189":0,"190":0,"191":0,"192":0,"193":0,"194":0,"195":0,"196":0,"197":1,"198":1,"199":0,"200":0,"201":0,"202":1,"203":1,"204":1,"205":0,"206":0,"207":0,"208":0,"209":0,"210":0,"211":0,"212":0,"213":0,"214":0,"215":0,"216":0,"217":0,"218":0,"219":0,"220":0,"221":0,"222":0,"223":0,"224":0,"225":0,"226":0,"227":4,"228":4,"229":4,"230":4,"231":4,"232":3,"233":3,"234":3,"235":3,"236":3,"237":3,"238":1,"239":1,"240":2,"241":0,"242":0,"243":2,"244":1,"245":1,"246":3,"247":3,"248":5,"249":5,"250":0,"251":0,"252":0,"253":0,"254":0,"255":0,"256":0,"257":0,"258":0,"259":0,"260":0,"261":0,"262":0,"263":0,"264":0,"265":0,"266":0,"267":0,"268":0,"269":0,"270":0},"f":{"0":0,"1":13,"2":2,"3":0,"4":0,"5":0,"6":0,"7":0,"8":0,"9":0,"10":2,"11":0,"12":0,"13":0,"14":0},"b":{"0":[0,0],"1":[0,0],"2":[0,0],"3":[0,0],"4":[0,0],"5":[0,0],"6":[0,13],"7":[13,0],"8":[13,0],"9":[13,13],"10":[0,13],"11":[0,13],"12":[0,0],"13":[0,13],"14":[0,13],"15":[0,0],"16":[0,0],"17":[0,0],"18":[0,0],"19":[0,13],"20":[0,0],"21":[0,0],"22":[0,0],"23":[0,13],"24":[0,0],"25":[0,0],"26":[0,13],"27":[0,0],"28":[0,0],"29":[0,0],"30":[0,13],"31":[0,0],"32":[0,13],"33":[0,0],"34":[0,0],"35":[0,0],"36":[0,0],"37":[0,0],"38":[0,0],"39":[0,0],"40":[0,0],"41":[0,0],"42":[0,0],"43":[5,8],"44":[3,2],"45":[5,2],"46":[5,2,2],"47":[5,0],"48":[3,5],"49":[3,0],"50":[3,0],"51":[3,0],"52":[1,4],"53":[2,2],"54":[1,1],"55":[1,0],"56":[0,2],"57":[0,0],"58":[0,0],"59":[0,2],"60":[0,0],"61":[0,0],"62":[0,0],"63":[0,0],"64":[0,2],"65":[0,0],"66":[0,0],"67":[0,0,0],"68":[2,0],"69":[1,1],"70":[2,0],"71":[2,0],"72":[1,0],"73":[1,1],"74":[1,0],"75":[1,1],"76":[1,0],"77":[1,0],"78":[1,0],"79":[1,1],"80":[0,0,0,0],"81":[0,1],"82":[0,0],"83":[0,0],"84":[0,0],"85":[0,0,0],"86":[0,0],"87":[0,0],"88":[0,0],"89":[0,0],"90":[0,0],"91":[0,2],"92":[2,0],"93":[0,0,0],"94":[0,0,0,0],"95":[0,0],"96":[0,0],"97":[0,0],"98":[0,0],"99":[0,0],"100":[0,0],"101":[0,1],"102":[0,0],"103":[1,0],"104":[1,0],"105":[0,0],"106":[0,0],"107":[0,0],"108":[0,0],"109":[0,0],"110":[0,0],"111":[0,0],"112":[0,0],"113":[0,0],"114":[4,3,3],"115":[4,0],"116":[3,0],"117":[3,0],"118":[1,2],"119":[0,2],"120":[1,1],"121":[2,2,1],"122":[5,0],"123":[0,0],"124":[0,0],"125":[0,0],"126":[0,0],"127":[0,0],"128":[0,0],"129":[0,0],"130":[0,0]},"_coverageSchema":"1a1c01bbd47fc00a2c39e90264f33305004495a9","hash":"3386b3c25a48681b3f3d31279659a28f2631ad8a"}
,"C:\\Users\\grego\\Antigravity\\Taxonomia Project\\src\\Adapter_CloudDB.js": {"path":"C:\\Users\\grego\\Antigravity\\Taxonomia Project\\src\\Adapter_CloudDB.js","statementMap":{"0":{"start":{"line":4,"column":24},"end":{"line":8,"column":1}},"1":{"start":{"line":6,"column":8},"end":{"line":6,"column":34}},"2":{"start":{"line":10,"column":0},"end":{"line":12,"column":1}},"3":{"start":{"line":11,"column":4},"end":{"line":11,"column":37}}},"fnMap":{"0":{"name":"(anonymous_0)","decl":{"start":{"line":5,"column":12},"end":{"line":5,"column":13}},"loc":{"start":{"line":5,"column":48},"end":{"line":7,"column":5}},"line":5}},"branchMap":{"0":{"loc":{"start":{"line":10,"column":0},"end":{"line":12,"column":1}},"type":"if","locations":[{"start":{"line":10,"column":0},"end":{"line":12,"column":1}},{"start":{},"end":{}}],"line":10}},"s":{"0":7,"1":1,"2":7,"3":7},"f":{"0":1},"b":{"0":[7,0]},"_coverageSchema":"1a1c01bbd47fc00a2c39e90264f33305004495a9","hash":"e89f0932b6ea7e96c2582169bbdba5f5751ead1a"}
,"C:\\Users\\grego\\Antigravity\\Taxonomia Project\\src\\Adapter_Sheets.js": {"path":"C:\\Users\\grego\\Antigravity\\Taxonomia Project\\src\\Adapter_Sheets.js","statementMap":{"0":{"start":{"line":3,"column":0},"end":{"line":7,"column":1}},"1":{"start":{"line":4,"column":4},"end":{"line":6,"column":5}},"2":{"start":{"line":5,"column":8},"end":{"line":5,"column":68}},"3":{"start":{"line":10,"column":23},"end":{"line":10,"column":25}},"4":{"start":{"line":13,"column":4},"end":{"line":13,"column":30}},"5":{"start":{"line":13,"column":20},"end":{"line":13,"column":30}},"6":{"start":{"line":15,"column":4},"end":{"line":21,"column":33}},"7":{"start":{"line":25,"column":16},"end":{"line":25,"column":18}},"8":{"start":{"line":26,"column":4},"end":{"line":32,"column":5}},"9":{"start":{"line":27,"column":8},"end":{"line":31,"column":11}},"10":{"start":{"line":28,"column":12},"end":{"line":30,"column":13}},"11":{"start":{"line":29,"column":16},"end":{"line":29,"column":63}},"12":{"start":{"line":33,"column":4},"end":{"line":33,"column":15}},"13":{"start":{"line":36,"column":23},"end":{"line":859,"column":1}},"14":{"start":{"line":42,"column":8},"end":{"line":42,"column":57}},"15":{"start":{"line":42,"column":33},"end":{"line":42,"column":57}},"16":{"start":{"line":43,"column":8},"end":{"line":45,"column":9}},"17":{"start":{"line":44,"column":12},"end":{"line":44,"column":87}},"18":{"start":{"line":46,"column":8},"end":{"line":46,"column":49}},"19":{"start":{"line":53,"column":29},"end":{"line":53,"column":163}},"20":{"start":{"line":54,"column":23},"end":{"line":54,"column":68}},"21":{"start":{"line":55,"column":30},"end":{"line":55,"column":84}},"22":{"start":{"line":57,"column":8},"end":{"line":59,"column":9}},"23":{"start":{"line":58,"column":12},"end":{"line":58,"column":194}},"24":{"start":{"line":61,"column":8},"end":{"line":64,"column":9}},"25":{"start":{"line":62,"column":32},"end":{"line":62,"column":82}},"26":{"start":{"line":63,"column":12},"end":{"line":63,"column":128}},"27":{"start":{"line":68,"column":32},"end":{"line":68,"column":56}},"28":{"start":{"line":70,"column":30},"end":{"line":70,"column":120}},"29":{"start":{"line":71,"column":8},"end":{"line":71,"column":89}},"30":{"start":{"line":73,"column":21},"end":{"line":73,"column":48}},"31":{"start":{"line":74,"column":8},"end":{"line":78,"column":9}},"32":{"start":{"line":75,"column":12},"end":{"line":75,"column":33}},"33":{"start":{"line":77,"column":12},"end":{"line":77,"column":105}},"34":{"start":{"line":80,"column":8},"end":{"line":205,"column":9}},"35":{"start":{"line":81,"column":23},"end":{"line":81,"column":58}},"36":{"start":{"line":82,"column":12},"end":{"line":82,"column":85}},"37":{"start":{"line":83,"column":26},"end":{"line":83,"column":64}},"38":{"start":{"line":86,"column":24},"end":{"line":86,"column":50}},"39":{"start":{"line":87,"column":29},"end":{"line":87,"column":61}},"40":{"start":{"line":88,"column":24},"end":{"line":88,"column":51}},"41":{"start":{"line":91,"column":34},"end":{"line":91,"column":71}},"42":{"start":{"line":91,"column":51},"end":{"line":91,"column":70}},"43":{"start":{"line":92,"column":8},"end":{"line":92,"column":157}},"44":{"start":{"line":92,"column":43},"end":{"line":92,"column":157}},"45":{"start":{"line":95,"column":24},"end":{"line":95,"column":66}},"46":{"start":{"line":96,"column":8},"end":{"line":98,"column":9}},"47":{"start":{"line":97,"column":12},"end":{"line":97,"column":107}},"48":{"start":{"line":100,"column":24},"end":{"line":100,"column":42}},"49":{"start":{"line":102,"column":28},"end":{"line":102,"column":30}},"50":{"start":{"line":103,"column":8},"end":{"line":111,"column":9}},"51":{"start":{"line":105,"column":33},"end":{"line":105,"column":91}},"52":{"start":{"line":106,"column":28},"end":{"line":106,"column":63}},"53":{"start":{"line":106,"column":50},"end":{"line":106,"column":62}},"54":{"start":{"line":107,"column":31},"end":{"line":107,"column":71}},"55":{"start":{"line":108,"column":12},"end":{"line":110,"column":13}},"56":{"start":{"line":109,"column":16},"end":{"line":109,"column":47}},"57":{"start":{"line":114,"column":28},"end":{"line":114,"column":118}},"58":{"start":{"line":115,"column":33},"end":{"line":115,"column":57}},"59":{"start":{"line":117,"column":29},"end":{"line":117,"column":68}},"60":{"start":{"line":118,"column":29},"end":{"line":118,"column":68}},"61":{"start":{"line":119,"column":29},"end":{"line":119,"column":68}},"62":{"start":{"line":120,"column":29},"end":{"line":120,"column":68}},"63":{"start":{"line":122,"column":33},"end":{"line":122,"column":63}},"64":{"start":{"line":124,"column":28},"end":{"line":124,"column":30}},"65":{"start":{"line":125,"column":26},"end":{"line":125,"column":28}},"66":{"start":{"line":126,"column":8},"end":{"line":140,"column":9}},"67":{"start":{"line":128,"column":12},"end":{"line":128,"column":103}},"68":{"start":{"line":131,"column":12},"end":{"line":133,"column":13}},"69":{"start":{"line":132,"column":16},"end":{"line":132,"column":108}},"70":{"start":{"line":135,"column":31},"end":{"line":135,"column":152}},"71":{"start":{"line":136,"column":12},"end":{"line":136,"column":93}},"72":{"start":{"line":138,"column":12},"end":{"line":138,"column":32}},"73":{"start":{"line":139,"column":12},"end":{"line":139,"column":33}},"74":{"start":{"line":142,"column":8},"end":{"line":169,"column":9}},"75":{"start":{"line":142,"column":21},"end":{"line":142,"column":22}},"76":{"start":{"line":143,"column":22},"end":{"line":143,"column":42}},"77":{"start":{"line":145,"column":12},"end":{"line":168,"column":13}},"78":{"start":{"line":147,"column":16},"end":{"line":156,"column":17}},"79":{"start":{"line":148,"column":20},"end":{"line":148,"column":89}},"80":{"start":{"line":149,"column":23},"end":{"line":156,"column":17}},"81":{"start":{"line":150,"column":20},"end":{"line":150,"column":104}},"82":{"start":{"line":151,"column":23},"end":{"line":156,"column":17}},"83":{"start":{"line":152,"column":20},"end":{"line":152,"column":55}},"84":{"start":{"line":155,"column":20},"end":{"line":155,"column":89}},"85":{"start":{"line":159,"column":16},"end":{"line":167,"column":17}},"86":{"start":{"line":160,"column":20},"end":{"line":160,"column":55}},"87":{"start":{"line":161,"column":23},"end":{"line":167,"column":17}},"88":{"start":{"line":162,"column":20},"end":{"line":162,"column":49}},"89":{"start":{"line":163,"column":23},"end":{"line":167,"column":17}},"90":{"start":{"line":164,"column":20},"end":{"line":164,"column":58}},"91":{"start":{"line":166,"column":20},"end":{"line":166,"column":41}},"92":{"start":{"line":171,"column":8},"end":{"line":202,"column":9}},"93":{"start":{"line":173,"column":12},"end":{"line":173,"column":80}},"94":{"start":{"line":173,"column":35},"end":{"line":173,"column":80}},"95":{"start":{"line":174,"column":12},"end":{"line":174,"column":75}},"96":{"start":{"line":174,"column":35},"end":{"line":
[...]
"line":92},"37":{"loc":{"start":{"line":93,"column":30},"end":{"line":93,"column":51}},"type":"binary-expr","locations":[{"start":{"line":93,"column":30},"end":{"line":93,"column":45}},{"start":{"line":93,"column":49},"end":{"line":93,"column":51}}],"line":93},"38":{"loc":{"start":{"line":94,"column":31},"end":{"line":94,"column":52}},"type":"binary-expr","locations":[{"start":{"line":94,"column":31},"end":{"line":94,"column":46}},{"start":{"line":94,"column":50},"end":{"line":94,"column":52}}],"line":94},"39":{"loc":{"start":{"line":98,"column":8},"end":{"line":98,"column":55}},"type":"if","locations":[{"start":{"line":98,"column":8},"end":{"line":98,"column":55}},{"start":{},"end":{}}],"line":98},"40":{"loc":{"start":{"line":120,"column":31},"end":{"line":120,"column":51}},"type":"binary-expr","locations":[{"start":{"line":120,"column":31},"end":{"line":120,"column":42}},{"start":{"line":120,"column":46},"end":{"line":120,"column":51}}],"line":120},"41":{"loc":{"start":{"line":126,"column":8},"end":{"line":132,"column":9}},"type":"if","locations":[{"start":{"line":126,"column":8},"end":{"line":132,"column":9}},{"start":{},"end":{}}],"line":126},"42":{"loc":{"start":{"line":126,"column":12},"end":{"line":126,"column":73}},"type":"binary-expr","locations":[{"start":{"line":126,"column":12},"end":{"line":126,"column":20}},{"start":{"line":126,"column":24},"end":{"line":126,"column":73}}],"line":126},"43":{"loc":{"start":{"line":127,"column":74},"end":{"line":127,"column":91}},"type":"binary-expr","locations":[{"start":{"line":127,"column":74},"end":{"line":127,"column":85}},{"start":{"line":127,"column":89},"end":{"line":127,"column":91}}],"line":127},"44":{"loc":{"start":{"line":128,"column":27},"end":{"line":128,"column":52}},"type":"binary-expr","locations":[{"start":{"line":128,"column":27},"end":{"line":128,"column":46}},{"start":{"line":128,"column":50},"end":{"line":128,"column":52}}],"line":128},"45":{"loc":{"start":{"line":129,"column":12},"end":{"line":131,"column":13}},"type":"if","locations":[{"start":{"line":129,"column":12},"end":{"line":131,"column":13}},{"start":{},"end":{}}],"line":129},"46":{"loc":{"start":{"line":135,"column":8},"end":{"line":143,"column":9}},"type":"if","locations":[{"start":{"line":135,"column":8},"end":{"line":143,"column":9}},{"start":{},"end":{}}],"line":135},"47":{"loc":{"start":{"line":135,"column":12},"end":{"line":135,"column":51}},"type":"binary-expr","locations":[{"start":{"line":135,"column":12},"end":{"line":135,"column":24}},{"start":{"line":135,"column":28},"end":{"line":135,"column":51}}],"line":135},"48":{"loc":{"start":{"line":137,"column":16},"end":{"line":141,"column":17}},"type":"if","locations":[{"start":{"line":137,"column":16},"end":{"line":141,"column":17}},{"start":{},"end":{}}],"line":137},"49":{"loc":{"start":{"line":147,"column":9},"end":{"line":147,"column":26}},"type":"binary-expr","locations":[{"start":{"line":147,"column":9},"end":{"line":147,"column":20}},{"start":{"line":147,"column":24},"end":{"line":147,"column":26}}],"line":147},"50":{"loc":{"start":{"line":148,"column":12},"end":{"line":150,"column":13}},"type":"if","locations":[{"start":{"line":148,"column":12},"end":{"line":150,"column":13}},{"start":{},"end":{}}],"line":148},"51":{"loc":{"start":{"line":154,"column":8},"end":{"line":175,"column":9}},"type":"if","locations":[{"start":{"line":154,"column":8},"end":{"line":175,"column":9}},{"start":{},"end":{}}],"line":154},"52":{"loc":{"start":{"line":154,"column":12},"end":{"line":154,"column":63}},"type":"binary-expr","locations":[{"start":{"line":154,"column":12},"end":{"line":154,"column":30}},{"start":{"line":154,"column":34},"end":{"line":154,"column":63}}],"line":154},"53":{"loc":{"start":{"line":159,"column":16},"end":{"line":173,"column":17}},"type":"if","locations":[{"start":{"line":159,"column":16},"end":{"line":173,"column":17}},{"start":{},"end":{}}],"line":159},"54":{"loc":{"start":{"line":160,"column":35},"end":{"line":160,"column":140}},"type":"cond-expr","locations":[{"start":{"line":160,"column":72},"end":{"line":160,"column":89}},{"start":{"line":160,"column":92},"end":{"line":160,"column":140}}],"line":160},"55":{"loc":{"start":{"line":167,"column":46},"end":{"line":167,"column":71}},"type":"binary-expr","locations":[{"start":{"line":167,"column":46},"end":{"line":167,"column":65}},{"start":{"line":167,"column":69},"end":{"line":167,"column":71}}],"line":167},"56":{"loc":{"start":{"line":168,"column":38},"end":{"line":168,"column":67}},"type":"binary-expr","locations":[{"start":{"line":168,"column":38},"end":{"line":168,"column":56}},{"start":{"line":168,"column":60},"end":{"line":168,"column":67}}],"line":168},"57":{"loc":{"start":{"line":182,"column":0},"end":{"line":184,"column":1}},"type":"if","locations":[{"start":{"line":182,"column":0},"end":{"line":184,"column":1}},{"start":{},"end":{}}],"line":182},"58":{"loc":{"start":{"line":182,"column":4},"end":{"line":182,"column":51}},"type":"binary-expr","locations":[{"start":{"line":182,"column":4},"end":{"line":182,"column":33}},{"start":{"line":182,"column":37},"end":{"line":182,"column":51}}],"line":182}},"s":{"0":2,"1":3,"2":0,"3":3,"4":2,"5":3,"6":0,"7":2,"8":6,"9":3,"10":3,"11":3,"12":3,"13":3,"14":3,"15":3,"16":3,"17":3,"18":0,"19":3,"20":3,"21":0,"22":0,"23":0,"24":3,"25":3,"26":3,"27":3,"28":3,"29":0,"30":0,"31":0,"32":0,"33":0,"34":0,"35":0,"36":0,"37":0,"38":0,"39":0,"40":2,"41":0,"42":0,"43":0,"44":0,"45":0,"46":0,"47":0,"48":0,"49":0,"50":0,"51":0,"52":0,"53":0,"54":0,"55":0,"56":0,"57":0,"58":0,"59":0,"60":0,"61":0,"62":0,"63":0,"64":0,"65":0,"66":2,"67":0,"68":0,"69":0,"70":0,"71":0,"72":0,"73":0,"74":0,"75":0,"76":0,"77":0,"78":0,"79":0,"80":0,"81":0,"82":0,"83":0,"84":0,"85":0,"86":0,"87":0,"88":0,"89":0,"90":0,"91":0,"92":0,"93":0,"94":0,"95":0,"96":0,"97":0,"98":2,"99":2},"f":{"0":3,"1":2,"2":3,"3":0,"4":6,"5":3,"6":0,"7":0,"8":0,"9":0,"10":0,"11":0,"12":0,"13":0,"14":0},"b":{"0":[0,3],"1":[3,0,0],"2":[2,2],"3":[3,0],"4":[3,0],"5":[0,0],"6":[0,0],"7":[0,0],"8":[3,3],"9":[6,6],"10":[3,0],"11":[3,0],"12":[3,0],"13":[3,0],"14":[0,3],"15":[0,3],"16":[0,0],"17":[3,0],"18":[3,3],"19":[0,0],"20":[0,0],"21":[0,0],"22":[0,0],"23":[0,0],"24":[0,0],"25":[0,0],"26":[0,0],"27":[0,0],"28":[0,0],"29":[0,0],"30":[0,0],"31":[0,0],"32":[0,0],"33":[0,0],"34":[0,0],"35":[0,0],"36":[0,0],"37":[0,0],"38":[0,0],"39":[0,0],"40":[0,0],"41":[0,0],"42":[0,0],"43":[0,0],"44":[0,0],"45":[0,0],"46":[0,0],"47":[0,0],"48":[0,0],"49":[0,0],"50":[0,0],"51":[0,0],"52":[0,0],"53":[0,0],"54":[0,0],"55":[0,0],"56":[0,0],"57":[2,0],"58":[2,2]},"_coverageSchema":"1a1c01bbd47fc00a2c39e90264f33305004495a9","hash":"4f779da75c35db85293ec6bee7a7655e0dd83eb2"}
,"C:\\Users\\grego\\Antigravity\\Taxonomia Project\\src\\adapters\\GoogleSheetsProvider.js": {"path":"C:\\Users\\grego\\Antigravity\\Taxonomia Project\\src\\adapters\\GoogleSheetsProvider.js","statementMap":{"0":{"start":{"line":3,"column":8},"end":{"line":3,"column":39}},"1":{"start":{"line":7,"column":20},"end":{"line":7,"column":63}},"2":{"start":{"line":8,"column":8},"end":{"line":10,"column":9}},"3":{"start":{"line":9,"column":12},"end":{"line":9,"column":52}},"4":{"start":{"line":11,"column":8},"end":{"line":11,"column":83}},"5":{"start":{"line":11,"column":20},"end":{"line":11,"column":83}},"6":{"start":{"line":13,"column":21},"end":{"line":13,"column":60}},"7":{"start":{"line":14,"column":8},"end":{"line":14,"column":48}},"8":{"start":{"line":14,"column":38},"end":{"line":14,"column":48}},"9":{"start":{"line":16,"column":24},"end":{"line":16,"column":31}},"10":{"start":{"line":17,"column":24},"end":{"line":17,"column":26}},"11":{"start":{"line":19,"column":8},"end":{"line":39,"column":9}},"12":{"start":{"line":19,"column":21},"end":{"line":19,"column":22}},"13":{"start":{"line":20,"column":24},"end":{"line":20,"column":31}},"14":{"start":{"line":21,"column":27},"end":{"line":21,"column":29}},"15":{"start":{"line":22,"column":29},"end":{"line":22,"column":33}},"16":{"start":{"line":24,"column":12},"end":{"line":33,"column":13}},"17":{"start":{"line":24,"column":25},"end":{"line":24,"column":26}},"18":{"start":{"line":25,"column":31},"end":{"line":25,"column":41}},"19":{"start":{"line":26,"column":16},"end":{"line":26,"column":62}},"20":{"start":{"line":26,"column":53},"end":{"line":26,"column":62}},"21":{"start":{"line":28,"column":30},"end":{"line":28,"column":36}},"22":{"start":{"line":29,"column":16},"end":{"line":32,"column":17}},"23":{"start":{"line":30,"column":20},"end":{"line":30,"column":39}},"24":{"start":{"line":31,"column":20},"end":{"line":31,"column":43}},"25":{"start":{"line":35,"column":12},"end":{"line":38,"column":13}},"26":{"start":{"line":36,"column":16},"end":{"line":36,"column":41}},"27":{"start":{"line":37,"column":16},"end":{"line":37,"column":37}},"28":{"start":{"line":40,"column":8},"end":{"line":40,"column":23}},"29":{"start":{"line":44,"column":20},"end":{"line":44,"column":63}},"30":{"start":{"line":45,"column":8},"end":{"line":47,"column":9}},"31":{"start":{"line":46,"column":12},"end":{"line":46,"column":64}},"32":{"start":{"line":48,"column":8},"end":{"line":48,"column":53}},"33":{"start":{"line":48,"column":46},"end":{"line":48,"column":53}},"34":{"start":{"line":50,"column":24},"end":{"line":50,"column":79}},"35":{"start":{"line":50,"column":60},"end":{"line":50,"column":78}},"36":{"start":{"line":51,"column":8},"end":{"line":51,"column":29}},"37":{"start":{"line":53,"column":23},"end":{"line":53,"column":32}},"38":{"start":{"line":54,"column":8},"end":{"line":57,"column":11}},"39":{"start":{"line":55,"column":24},"end":{"line":55,"column":84}},"40":{"start":{"line":55,"column":41},"end":{"line":55,"column":83}},"41":{"start":{"line":56,"column":12},"end":{"line":56,"column":29}},"42":{"start":{"line":59,"column":22},"end":{"line":59,"column":73}},"43":{"start":{"line":60,"column":8},"end":{"line":60,"column":32}},"44":{"start":{"line":64,"column":0},"end":{"line":64,"column":77}},"45":{"start":{"line":64,"column":35},"end":{"line":64,"column":77}}},"fnMap":{"0":{"name":"(anonymous_0)","decl":{"start":{"line":2,"column":4},"end":{"line":2,"column":5}},"loc":{"start":{"line":2,"column":29},"end":{"line":4,"column":5}},"line":2},"1":{"name":"(anonymous_1)","decl":{"start":{"line":6,"column":4},"end":{"line":6,"column":5}},"loc":{"start":{"line":6,"column":21},"end":{"line":41,"column":5}},"line":6},"2":{"name":"(anonymous_2)","decl":{"start":{"line":43,"column":4},"end":{"line":43,"column":5}},"loc":{"start":{"line":43,"column":31},"end":{"line":61,"column":5}},"line":43},"3":{"name":"(anonymous_3)","decl":{"start":{"line":50,"column":55},"end":{"line":50,"column":56}},"loc":{"start":{"line":50,"column":60},"end":{"line":50,"column":78}},"line":50},"4":{"name":"(anonymous_4)","decl":{"start":{"line":54,"column":24},"end":{"line":54,"column":25}},"loc":{"start":{"line":54,"column":31},"end":{"line":57,"column":9}},"line":54},"5":{"name":"(anonymous_5)","decl":{"start":{"line":55,"column":36},"end":{"line":55,"column":37}},"loc":{"start":{"line":55,"column":41},"end":{"line":55,"column":83}},"line":55}},"branchMap":{"0":{"loc":{"start":{"line":8,"column":8},"end":{"line":10,"column":9}},"type":"if","locations":[{"start":{"line":8,"column":8},"end":{"line":10,"column":9}},{"start":{},"end":{}}],"line":8},"1":{"loc":{"start":{"line":11,"column":8},"end":{"line":11,"column":83}},"type":"if","locations":[{"start":{"line":11,"column":8},"end":{"line":11,"column":83}},{"start":{},"end":{}}],"line":11},"2":{"loc":{"start":{"line":14,"column":8},"end":{"line":14,"column":48}},"type":"if","locations":[{"start":{"line":14,"column":8},"end":{"line":14,"column":48}},{"start":{},"end":{}}],"line":14},"3":{"loc":{"start":{"line":14,"column":12},"end":{"line":14,"column":36}},"type":"binary-expr","locations":[{"start":{"line":14,"column":12},"end":{"line":14,"column":17}},{"start":{"line":14,"column":21},"end":{"line":14,"column":36}}],"line":14},"4":{"loc":{"start":{"line":26,"column":16},"end":{"line":26,"column":62}},"type":"if","locations":[{"start":{"line":26,"column":16},"end":{"line":26,"column":62}},{"start":{},"end":{}}],"line":26},"5":{"loc":{"start":{"line":26,"column":20},"end":{"line":26,"column":51}},"type":"binary-expr","locations":[{"start":{"line":26,"column":20},"end":{"line":26,"column":27}},{"start":{"line":26,"column":31},"end":{"line":26,"column":51}}],"line":26},"6":{"loc":{"start":{"line":29,"column":16},"end":{"line":32,"column":17}},"type":"if","locations":[{"start":{"line":29,"column":16},"end":{"line":32,"column":17}},{"start":{},"end":{}}],"line":29},"7":{"loc":{"start":{"line":29,"column":20},"end":{"line":29,"column":88}},"type":"binary-expr","locations":[{"start":{"line":29,"column":20},"end":{"line":29,"column":39}},{"start":{"line":29,"column":43},"end":{"line":29,"column":57}},{"start":{"line":29,"column":61},"end":{"line":29,"column":88}}],"line":29},"8":{"loc":{"start":{"line":35,"column":12},"end":{"line":38,"column":13}},"type":"if","locations":[{"start":{"line":35,"column":12},"end":{"line":38,"column":13}},{"start":{},"end":{}}],"line":35},"9":{"loc":{"start":{"line":45,"column":8},"end":{"line":47,"column":9}},"type":"if","locations":[{"start":{"line":45,"column":8},"end":{"line":47,"column":9}},{"start":{},"end":{}}],"line":45},"10":{"loc":{"start":{"line":48,"column":8},"end":{"line":48,"column":53}},"type":"if","locations":[{"start":{"line":48,"column":8},"end":{"line":48,"column":53}},{"start":{},"end":{}}],"line":48},"11":{"loc":{"start":{"line":48,"column":12},"end":{"line":48,"column":44}},"type":"binary-expr","locations":[{"start":{"line":48,"column":12},"end":{"line":48,"column":20}},{"start":{"line":48,"column":24},"end":{"line":48,"column":44}}],"line":48},"12":{"loc":{"start":{"line":55,"column":41},"end":{"line":55,"column":83}},"type":"cond-expr","locations":[{"start":{"line":55,"column":64},"end":{"line":55,"column":78}},{"start":{"line":55,"column":81},"end":{"line":55,"column":83}}],"line":55},"13":{"loc":{"start":{"line":64,"column":0},"end":{"line":64,"column":77}},"type":"if","locations":[{"start":{"line":64,"column":0},"end":{"line":64,"column":77}},{"start":{},"end":{}}],"line":64}},"s":{"0":3,"1":1,"2":1,"3":0,"4":1,"5":0,"6":1,"7":1,"8":0,"9":1,"10":1,"11":1,"12":1,"13":2,"14":2,"15":2,"16":2,"17":2,"18":4,"19":4,"20":0,"21":4,"22":4,"23":4,"24":4,"25":2,"26":2,"27":2,"28":1,"29":2,"30":2,"31":1,"32":1,"33":0,"34":1,"35":2,"36":1,"37":1,"38":1,"39":1,"40":2,"41":1,"42":1,"43":1,"44":1,"45":1},"f":{"0":3,"1":1,"2":2,"3":2,"4":1,"5":2},"b":{"0":[0,1],"1":[0,1],"2":[0,1],"3":[1,1],"4":[0,4],"5":[4,4],"6":[4,0],"7":[4,4,4],"8":[2,0],"9":[1,1],"10":[0,1],"11":[1,1],"12":[2,0],"13":[1,0]},"_coverageSchema":"1a1c01bbd47fc00a2c39e90264f33305004495a9","hash":"5f77039f67947889d0cd6150c9acf0a4007cf5f5"}
,"C:\\Users\\grego\\Antigravity\\Taxonomia Project\\src\\adapters\\MockDataProvider.js": {"path":"C:\\Users\\grego\\Antigravity\\Taxonomia Project\\src\\adapters\\MockDataProvider.js","statementMap":{"0":{"start":{"line":3,"column":8},"end":{"line":3,"column":32}},"1":{"start":{"line":7,"column":8},"end":{"line":9,"column":9}},"2":{"start":{"line":8,"column":12},"end":{"line":8,"column":65}},"3":{"start":{"line":10,"column":8},"end":{"line":10,"column":37}},"4":{"start":{"line":14,"column":8},"end":{"line":16,"column":9}},"5":{"start":{"line":15,"column":12},"end":{"line":15,"column":65}},"6":{"start":{"line":17,"column":8},"end":{"line":17,"column":40}},"7":{"start":{"line":21,"column":0},"end":{"line":21,"column":73}},"8":{"start":{"line":21,"column":35},"end":{"line":21,"column":73}}},"fnMap":{"0":{"name":"(anonymous_0)","decl":{"start":{"line":2,"column":4},"end":{"line":2,"column":5}},"loc":{"start":{"line":2,"column":34},"end":{"line":4,"column":5}},"line":2},"1":{"name":"(anonymous_1)","decl":{"start":{"line":6,"column":4},"end":{"line":6,"column":5}},"loc":{"start":{"line":6,"column":21},"end":{"line":11,"column":5}},"line":6},"2":{"name":"(anonymous_2)","decl":{"start":{"line":13,"column":4},"end":{"line":13,"column":5}},"loc":{"start":{"line":13,"column":31},"end":{"line":18,"column":5}},"line":13}},"branchMap":{"0":{"loc":{"start":{"line":2,"column":16},"end":{"line":2,"column":32}},"type":"default-arg","locations":[{"start":{"line":2,"column":30},"end":{"line":2,"column":32}}],"line":2},"1":{"loc":{"start":{"line":7,"column":8},"end":{"line":9,"column":9}},"type":"if","locations":[{"start":{"line":7,"column":8},"end":{"line":9,"column":9}},{"start":{},"end":{}}],"line":7},"2":{"loc":{"start":{"line":14,"column":8},"end":{"line":16,"column":9}},"type":"if","locations":[{"start":{"line":14,"column":8},"end":{"line":16,"column":9}},{"start":{},"end":{}}],"line":14},"3":{"loc":{"start":{"line":21,"column":0},"end":{"line":21,"column":73}},"type":"if","locations":[{"start":{"line":21,"column":0},"end":{"line":21,"column":73}},{"start":{},"end":{}}],"line":21}},"s":{"0":11,"1":9,"2":2,"3":7,"4":5,"5":2,"6":3,"7":3,"8":3},"f":{"0":11,"1":9,"2":5},"b":{"0":[4],"1":[2,7],"2":[2,3],"3":[3,0]},"_coverageSchema":"1a1c01bbd47fc00a2c39e90264f33305004495a9","hash":"6bdd5e84815461a020c7516dde8039e6643f48c8"}
,"C:\\Users\\grego\\Antigravity\\Taxonomia Project\\src\\core\\ETLEngine.js": {"path":"C:\\Users\\grego\\Antigravity\\Taxonomia Project\\src\\core\\ETLEngine.js","statementMap":{"0":{"start":{"line":6,"column":8},"end":{"line":6,"column":33}},"1":{"start":{"line":13,"column":25},"end":{"line":13,"column":55}},"2":{"start":{"line":16,"column":8},"end":{"line":21,"column":9}},"3":{"start":{"line":17,"column":27},"end":{"line":17,"column":50}},"4":{"start":{"line":18,"column":12},"end":{"line":20,"column":13}},"5":{"start":{"line":19,"column":16},"end":{"line":19,"column":88}},"6":{"start":{"line":19,"column":51},"end":{"line":19,"column":86}},"7":{"start":{"line":23,"column":8},"end":{"line":23,"column":26}},"8":{"start":{"line":31,"column":8},"end":{"line":31,"column":49}},"9":{"start":{"line":35,"column":0},"end":{"line":35,"column":66}},"10":{"start":{"line":35,"column":35},"end":{"line":35,"column":66}}},"fnMap":{"0":{"name":"(anonymous_0)","decl":{"start":{"line":5,"column":4},"end":{"line":5,"column":5}},"loc":{"start":{"line":5,"column":26},"end":{"line":7,"column":5}},"line":5},"1":{"name":"(anonymous_1)","decl":{"start":{"line":12,"column":4},"end":{"line":12,"column":5}},"loc":{"start":{"line":12,"column":28},"end":{"line":24,"column":5}},"line":12},"2":{"name":"(anonymous_2)","decl":{"start":{"line":19,"column":44},"end":{"line":19,"column":45}},"loc":{"start":{"line":19,"column":51},"end":{"line":19,"column":86}},"line":19},"3":{"name":"(anonymous_3)","decl":{"start":{"line":30,"column":4},"end":{"line":30,"column":5}},"loc":{"start":{"line":30,"column":36},"end":{"line":32,"column":5}},"line":30}},"branchMap":{"0":{"loc":{"start":{"line":16,"column":8},"end":{"line":21,"column":9}},"type":"if","locations":[{"start":{"line":16,"column":8},"end":{"line":21,"column":9}},{"start":{},"end":{}}],"line":16},"1":{"loc":{"start":{"line":18,"column":12},"end":{"line":20,"column":13}},"type":"if","locations":[{"start":{"line":18,"column":12},"end":{"line":20,"column":13}},{"start":{},"end":{}}],"line":18},"2":{"loc":{"start":{"line":18,"column":16},"end":{"line":18,"column":97}},"type":"binary-expr","locations":[{"start":{"line":18,"column":16},"end":{"line":18,"column":22}},{"start":{"line":18,"column":26},"end":{"line":18,"column":41}},{"start":{"line":18,"column":45},"end":{"line":18,"column":97}}],"line":18},"3":{"loc":{"start":{"line":35,"column":0},"end":{"line":35,"column":66}},"type":"if","locations":[{"start":{"line":35,"column":0},"end":{"line":35,"column":66}},{"start":{},"end":{}}],"line":35}},"s":{"0":3,"1":2,"2":2,"3":2,"4":2,"5":1,"6":1,"7":2,"8":1,"9":1,"10":1},"f":{"0":3,"1":2,"2":1,"3":1},"b":{"0":[2,0],"1":[1,1],"2":[2,1,1],"3":[1,0]},"_coverageSchema":"1a1c01bbd47fc00a2c39e90264f33305004495a9","hash":"8f11c35b9fa42d76509e877d67453ecf80990cfe"}
}
