TN:
SF:src\API_Auth.js
FN:10,(anonymous_0)
FN:38,(anonymous_1)
FN:49,getUserIdentity
FNF:3
FNH:2
FNDA:5,(anonymous_0)
FNDA:6,(anonymous_1)
FNDA:0,getUserIdentity
DA:9,1
DA:11,5
DA:14,5
DA:15,5
DA:16,0
DA:17,0
DA:18,0
DA:24,5
DA:26,5
DA:27,1
DA:34,4
DA:38,6
DA:40,4
DA:50,0
DA:53,1
DA:54,1
LF:16
LH:12
BRDA:10,0,0,0
BRDA:14,1,0,5
BRDA:14,1,1,0
BRDA:16,2,0,0
BRDA:16,2,1,0
BRDA:26,3,0,1
BRDA:26,3,1,4
BRDA:34,4,0,4
BRDA:34,4,1,0
BRDA:34,5,0,4
BRDA:34,5,1,4
BRDA:43,6,0,3
BRDA:43,6,1,1
BRDA:53,7,0,1
BRDA:53,7,1,0
BRF:15
BRH:9
end_of_record
TN:
SF:src\API_Universal.gs
FN:12,doPost
FN:51,API_Universal_Router
FNF:2
FNH:1
FNDA:0,doPost
FNDA:4,API_Universal_Router
DA:13,0
DA:14,0
DA:15,0
DA:16,0
DA:17,0
DA:19,0
DA:22,0
DA:23,0
DA:24,0
DA:25,0
DA:26,0
DA:27,0
DA:28,0
DA:29,0
DA:31,0
DA:34,0
DA:40,0
DA:52,4
DA:53,4
DA:55,4
DA:56,4
DA:58,4
DA:59,4
DA:60,4
DA:61,4
DA:64,4
DA:65,4
DA:66,1
DA:68,4
DA:69,4
DA:73,4
DA:74,4
DA:75,4
DA:77,4
DA:84,4
DA:85,0
DA:86,0
DA:87,0
DA:88,0
DA:90,0
DA:92,0
DA:93,0
DA:94,0
DA:95,0
DA:97,0
DA:98,0
DA:100,0
DA:103,0
DA:104,0
DA:107,0
DA:111,0
DA:113,0
DA:114,0
DA:120,0
DA:125,3
DA:126,3
LF:56
LH:20
BRDA:22,0,0,0
BRDA:22,0,1,0
BRDA:24,1,0,0
BRDA:24,1,1,0
BRDA:26,2,0,0
BRDA:26,2,1,0
BRDA:28,3,0,0
BRDA:28,3,1,0
BRDA:29,4,0,0
BRDA:29,4,1,0
BRDA:55,5,0,0
BRDA:55,5,1,4
BRDA:56,6,0,0
BRDA:56,6,1,4
BRDA:56,7,0,4
BRDA:56,7,1,0
BRDA:58,8,0,4
BRDA:58,8,1,0
BRDA:60,9,0,0
BRDA:60,9,1,4
BRDA:60,10,0,0
BRDA:60,10,1,4
BRDA:64,11,0,4
BRDA:64,11,1,0
BRDA:65,12,0,1
BRDA:65,12,1,3
BRDA:65,13,0,4
BRDA:65,13,1,3
BRDA:74,14,0,4
BRDA:74,14,1,1
BRDA:74,14,2,1
BRDA:85,15,0,0
BRDA:85,15,1,0
BRDA:86,16,0,0
BRDA:86,16,1,0
BRDA:86,17,0,0
BRDA:86,17,1,0
BRDA:87,18,0,0
BRDA:87,18,1,0
BRDA:92,19,0,0
BRDA:92,19,1,0
BRDA:95,20,0,0
BRDA:95,20,1,0
BRDA:97,21,0,0
BRDA:97,21,1,0
BRDA:97,22,0,0
BRDA:97,22,1,0
BRDA:103,23,0,0
BRDA:103,23,1,0
BRDA:103,23,2,0
BRDA:117,24,0,0
BRDA:117,24,1,0
BRDA:117,25,0,0
BRDA:117,25,1,0
BRDA:125,26,0,3
BRDA:125,26,1,0
BRF:56
BRH:15
end_of_record
TN:
SF:src\Adapter_CloudDB.js
FN:5,(anonymous_0)
FNF:1
FNH:1
FNDA:1,(anonymous_0)
DA:4,6
DA:6,1
DA:10,6
DA:11,6
LF:4
LH:4
BRDA:10,0,0,6
BRDA:10,0,1,0
BRF:2
BRH:1
end_of_record
TN:
SF:src\Adapter_Sheets.js
FN:6,_normalizeHeader
FN:19,(anonymous_1)
FN:30,(anonymous_2)
FN:54,(anonymous_3)
FN:160,(anonymous_4)
FN:172,(anonymous_5)
FN:186,(anonymous_6)
FN:261,(anonymous_7)
FN:268,(anonymous_8)
FN:276,(anonymous_9)
FN:277,(anonymous_10)
FN:291,(anonymous_11)
FN:329,(anonymous_12)
FN:340,(anonymous_13)
FN:352,(anonymous_14)
FN:355,(anonymous_15)
FN:385,(anonymous_16)
FNF:17
FNH:15
FNDA:142,_normalizeHeader
FNDA:14,(anonymous_1)
FNDA:5,(anonymous_2)
FNDA:81,(anonymous_3)
FNDA:1,(anonymous_4)
FNDA:0,(anonymous_5)
FNDA:3,(anonymous_6)
FNDA:1,(anonymous_7)
FNDA:7,(anonymous_8)
FNDA:2,(anonymous_9)
FNDA:0,(anonymous_10)
FNDA:2,(anonymous_11)
FNDA:2014,(anonymous_12)
FNDA:26,(anonymous_13)
FNDA:9,(anonymous_14)
FNDA:11,(anonymous_15)
FNDA:11,(anonymous_16)
DA:4,18
DA:7,142
DA:9,142
DA:18,18
DA:22,14
DA:23,14
DA:25,14
DA:26,14
DA:27,14
DA:28,14
DA:30,5
DA:33,14
DA:34,1
DA:35,1
DA:40,13
DA:42,13
DA:43,13
DA:45,13
DA:46,13
DA:47,13
DA:50,13
DA:51,13
DA:54,81
DA:55,13
DA:58,13
DA:59,13
DA:60,0
DA:63,13
DA:64,13
DA:66,13
DA:67,13
DA:68,7
DA:69,7
DA:71,7
DA:72,6
DA:73,6
DA:79,13
DA:80,13
DA:82,13
DA:83,13
DA:84,13
DA:85,13
DA:87,13
DA:88,13
DA:89,13
DA:90,6
DA:93,6
DA:94,0
DA:97,6
DA:98,6
DA:99,2
DA:100,2
DA:101,2
DA:102,1
DA:104,1
DA:105,1
DA:108,7
DA:109,7
DA:112,12
DA:113,77
DA:115,77
DA:117,31
DA:118,8
DA:119,23
DA:120,16
DA:123,7
DA:127,46
DA:131,12
DA:133,5
DA:134,5
DA:136,5
DA:137,5
DA:138,5
DA:141,7
DA:142,6
DA:144,7
DA:145,6
DA:147,7
DA:148,7
DA:150,7
DA:151,7
DA:152,7
DA:161,1
DA:163,1
DA:164,1
DA:165,1
DA:167,1
DA:168,0
DA:169,0
DA:170,0
DA:172,0
DA:175,1
DA:176,0
DA:179,1
DA:180,1
DA:181,1
DA:183,1
DA:184,1
DA:185,1
DA:186,3
DA:188,1
DA:189,1
DA:190,0
DA:193,1
DA:194,1
DA:195,2
DA:198,1
DA:199,1
DA:201,1
DA:202,1
DA:203,1
DA:204,1
DA:206,1
DA:207,1
DA:208,2
DA:209,2
DA:211,2
DA:212,2
DA:214,2
DA:215,0
DA:218,0
DA:219,0
DA:222,0
DA:223,0
DA:224,0
DA:225,0
DA:226,0
DA:227,0
DA:229,0
DA:232,0
DA:233,0
DA:234,0
DA:235,0
DA:237,2
DA:238,6
DA:239,6
DA:241,2
DA:242,0
DA:244,2
DA:245,0
DA:247,2
DA:248,2
DA:250,2
DA:251,2
DA:252,2
DA:256,1
DA:258,1
DA:262,1
DA:263,1
DA:264,1
DA:266,1
DA:267,1
DA:268,7
DA:270,1
DA:271,1
DA:273,1
DA:274,1
DA:275,1
DA:276,2
DA:277,1
DA:280,1
DA:282,1
DA:284,1
DA:285,1
DA:287,1
DA:288,1
DA:290,1
DA:291,2
DA:292,1
DA:293,1
DA:294,1
DA:298,1
DA:299,0
DA:302,1
DA:304,1
DA:305,1
DA:307,1
DA:308,1
DA:309,1
DA:310,1
DA:311,1
DA:313,1
DA:315,1
DA:316,1
DA:317,1
DA:318,1
DA:319,1
DA:321,1
DA:322,1
DA:330,2014
DA:331,2014
DA:332,2014
DA:333,2014
DA:341,26
DA:342,26
DA:343,2
DA:344,2
DA:348,26
DA:349,2
DA:350,2
DA:351,2
DA:352,9
DA:355,11
DA:359,0
DA:363,2
DA:364,2
DA:366,2
DA:367,2
DA:370,26
DA:386,11
DA:390,11
DA:391,11
DA:394,11
DA:395,11
DA:399,11
DA:400,2
DA:402,9
DA:403,9
DA:404,9
DA:409,11
DA:410,11
DA:411,11
DA:413,11
DA:414,57
DA:415,43
DA:416,43
DA:422,11
DA:423,3
DA:427,8
DA:428,8
DA:430,8
DA:431,2008
DA:434,2008
DA:435,0
DA:438,2008
DA:439,1001
DA:440,1001
DA:441,6003
DA:442,6003
DA:444,1001
DA:446,1007
DA:447,1007
DA:448,6035
DA:449,6035
DA:450,6035
DA:452,1007
DA:457,8
DA:459,8
DA:463,18
DA:464,18
LF:250
LH:223
BRDA:7,0,0,0
BRDA:7,0,1,142
BRDA:22,1,0,0
BRDA:22,1,1,14
BRDA:23,2,0,0
BRDA:23,2,1,14
BRDA:23,3,0,14
BRDA:23,3,1,0
BRDA:25,4,0,14
BRDA:25,4,1,0
BRDA:27,5,0,0
BRDA:27,5,1,14
BRDA:27,6,0,1
BRDA:27,6,1,13
BRDA:28,7,0,9
BRDA:28,7,1,5
BRDA:29,8,0,1
BRDA:29,8,1,4
BRDA:33,9,0,1
BRDA:33,9,1,13
BRDA:33,10,0,14
BRDA:33,10,1,13
BRDA:34,11,0,1
BRDA:34,11,1,1
BRDA:42,12,0,4
BRDA:42,12,1,9
BRDA:59,13,0,0
BRDA:59,13,1,13
BRDA:67,14,0,7
BRDA:67,14,1,6
BRDA:71,15,0,6
BRDA:71,15,1,1
BRDA:79,16,0,13
BRDA:79,16,1,0
BRDA:89,17,0,6
BRDA:89,17,1,7
BRDA:93,18,0,0
BRDA:93,18,1,6
BRDA:98,19,0,2
BRDA:98,19,1,4
BRDA:99,20,0,2
BRDA:99,20,1,0
BRDA:100,21,0,2
BRDA:100,21,1,2
BRDA:100,21,2,0
BRDA:101,22,0,1
BRDA:101,22,1,1
BRDA:115,23,0,31
BRDA:115,23,1,46
BRDA:117,24,0,8
BRDA:117,24,1,23
BRDA:117,25,0,31
BRDA:117,25,1,27
BRDA:119,26,0,16
BRDA:119,26,1,7
BRDA:127,27,0,21
BRDA:127,27,1,25
BRDA:131,28,0,5
BRDA:131,28,1,7
BRDA:133,29,0,4
BRDA:133,29,1,1
BRDA:134,30,0,4
BRDA:134,30,1,1
BRDA:141,31,0,6
BRDA:141,31,1,1
BRDA:141,32,0,7
BRDA:141,32,1,6
BRDA:141,32,2,0
BRDA:144,33,0,6
BRDA:144,33,1,1
BRDA:144,34,0,7
BRDA:144,34,1,6
BRDA:144,34,2,0
BRDA:147,35,0,6
BRDA:147,35,1,1
BRDA:148,36,0,6
BRDA:148,36,1,1
BRDA:161,37,0,0
BRDA:161,37,1,1
BRDA:161,38,0,1
BRDA:161,38,1,1
BRDA:163,39,0,1
BRDA:163,39,1,0
BRDA:165,40,0,1
BRDA:165,40,1,0
BRDA:165,41,0,1
BRDA:165,41,1,1
BRDA:167,42,0,0
BRDA:167,42,1,1
BRDA:169,43,0,0
BRDA:169,43,1,0
BRDA:169,44,0,0
BRDA:169,44,1,0
BRDA:170,45,0,0
BRDA:170,45,1,0
BRDA:171,46,0,0
BRDA:171,46,1,0
BRDA:175,47,0,0
BRDA:175,47,1,1
BRDA:179,48,0,1
BRDA:179,48,1,0
BRDA:189,49,0,0
BRDA:189,49,1,1
BRDA:198,50,0,1
BRDA:198,50,1,0
BRDA:209,51,0,0
BRDA:209,51,1,2
BRDA:214,52,0,0
BRDA:214,52,1,2
BRDA:218,53,0,0
BRDA:218,53,1,0
BRDA:224,54,0,0
BRDA:224,54,1,0
BRDA:224,55,0,0
BRDA:224,55,1,0
BRDA:226,56,0,0
BRDA:226,56,1,0
BRDA:232,57,0,0
BRDA:232,57,1,0
BRDA:233,58,0,0
BRDA:233,58,1,0
BRDA:239,59,0,2
BRDA:239,59,1,4
BRDA:241,60,0,0
BRDA:241,60,1,2
BRDA:241,61,0,2
BRDA:241,61,1,0
BRDA:241,61,2,0
BRDA:244,62,0,0
BRDA:244,62,1,2
BRDA:244,63,0,2
BRDA:244,63,1,0
BRDA:244,63,2,0
BRDA:247,64,0,0
BRDA:247,64,1,2
BRDA:248,65,0,0
BRDA:248,65,1,2
BRDA:262,66,0,0
BRDA:262,66,1,1
BRDA:270,67,0,0
BRDA:270,67,1,1
BRDA:271,68,0,0
BRDA:271,68,1,1
BRDA:271,69,0,1
BRDA:271,69,1,0
BRDA:273,70,0,1
BRDA:273,70,1,0
BRDA:275,71,0,1
BRDA:275,71,1,0
BRDA:277,72,0,1
BRDA:277,72,1,0
BRDA:280,73,0,0
BRDA:280,73,1,1
BRDA:288,74,0,1
BRDA:288,74,1,0
BRDA:293,75,0,1
BRDA:293,75,1,0
BRDA:298,76,0,0
BRDA:298,76,1,1
BRDA:304,77,0,1
BRDA:304,77,1,0
BRDA:315,78,0,1
BRDA:315,78,1,0
BRDA:316,79,0,1
BRDA:316,79,1,0
BRDA:317,80,0,1
BRDA:317,80,1,0
BRDA:318,81,0,0
BRDA:318,81,1,1
BRDA:319,82,0,0
BRDA:319,82,1,1
BRDA:333,83,0,2014
BRDA:333,83,1,0
BRDA:333,83,2,2014
BRDA:333,83,3,0
BRDA:333,83,4,2014
BRDA:333,83,5,2013
BRDA:342,84,0,2
BRDA:342,84,1,24
BRDA:348,85,0,2
BRDA:348,85,1,24
BRDA:350,86,0,2
BRDA:350,86,1,0
BRDA:350,87,0,2
BRDA:350,87,1,2
BRDA:351,88,0,1
BRDA:351,88,1,1
BRDA:355,89,0,11
BRDA:355,89,1,11
BRDA:386,90,0,11
BRDA:386,90,1,0
BRDA:386,91,0,11
BRDA:386,91,1,11
BRDA:395,92,0,0
BRDA:395,92,1,11
BRDA:399,93,0,2
BRDA:399,93,1,9
BRDA:414,94,0,43
BRDA:414,94,1,14
BRDA:414,95,0,57
BRDA:414,95,1,38
BRDA:422,96,0,3
BRDA:422,96,1,8
BRDA:434,97,0,0
BRDA:434,97,1,2008
BRDA:438,98,0,1001
BRDA:438,98,1,1007
BRDA:442,99,0,6003
BRDA:442,99,1,0
BRDA:450,100,0,6035
BRDA:450,100,1,0
BRDA:463,101,0,18
BRDA:463,101,1,0
BRF:213
BRH:136
end_of_record
TN:
SF:src\Engine_ABAC.gs
FN:10,(anonymous_0)
FN:18,(anonymous_1)
FN:32,(anonymous_2)
FN:39,(anonymous_3)
FN:55,(anonymous_4)
FN:56,(anonymous_5)
FN:69,(anonymous_6)
FN:73,(anonymous_7)
FN:79,(anonymous_8)
FN:80,(anonymous_9)
FN:99,(anonymous_10)
FN:109,(anonymous_11)
FN:147,(anonymous_12)
FN:155,(anonymous_13)
FN:170,(anonymous_14)
FNF:15
FNH:15
FNDA:22,(anonymous_0)
FNDA:2,(anonymous_1)
FNDA:4,(anonymous_2)
FNDA:9,(anonymous_3)
FNDA:9,(anonymous_4)
FNDA:6,(anonymous_5)
FNDA:9,(anonymous_6)
FNDA:6,(anonymous_7)
FNDA:12,(anonymous_8)
FNDA:15,(anonymous_9)
FNDA:18,(anonymous_10)
FNDA:6,(anonymous_11)
FNDA:3,(anonymous_12)
FNDA:5,(anonymous_13)
FNDA:6,(anonymous_14)
DA:6,1
DA:11,22
DA:12,15
DA:13,15
DA:15,22
DA:19,2
DA:20,2
DA:21,2
DA:23,2
DA:33,4
DA:37,4
DA:38,4
DA:39,9
DA:41,4
DA:43,1
DA:46,3
DA:53,3
DA:54,3
DA:55,9
DA:56,3
DA:57,6
DA:61,3
DA:62,3
DA:66,3
DA:67,3
DA:69,9
DA:72,3
DA:73,3
DA:74,6
DA:75,6
DA:76,6
DA:77,6
DA:79,6
DA:80,15
DA:81,12
DA:82,6
DA:83,6
DA:84,6
DA:85,6
DA:93,3
DA:95,3
DA:96,9
DA:97,9
DA:99,9
DA:100,18
DA:102,18
DA:103,3
DA:104,3
DA:106,3
DA:107,3
DA:109,3
DA:110,6
DA:111,6
DA:113,6
DA:114,3
DA:115,3
DA:123,3
DA:124,0
DA:130,3
DA:131,3
DA:133,3
DA:148,3
DA:151,3
DA:153,3
DA:154,3
DA:155,5
DA:158,3
DA:160,0
DA:163,3
DA:166,3
DA:168,3
DA:170,6
DA:174,3
DA:175,0
DA:178,3
DA:181,3
DA:182,2
DA:183,2
DA:186,2
DA:187,2
DA:189,2
DA:190,2
DA:192,0
DA:193,0
DA:199,0
DA:200,0
DA:203,0
DA:208,1
DA:209,1
LF:89
LH:81
BRDA:11,0,0,15
BRDA:11,0,1,7
BRDA:13,1,0,15
BRDA:13,1,1,0
BRDA:13,2,0,15
BRDA:13,2,1,15
BRDA:20,3,0,2
BRDA:20,3,1,0
BRDA:33,4,0,0
BRDA:33,4,1,4
BRDA:39,5,0,9
BRDA:39,5,1,0
BRDA:41,6,0,1
BRDA:41,6,1,3
BRDA:53,7,0,3
BRDA:53,7,1,0
BRDA:61,8,0,3
BRDA:61,8,1,0
BRDA:62,9,0,0
BRDA:62,9,1,3
BRDA:69,10,0,9
BRDA:69,10,1,0
BRDA:69,10,2,0
BRDA:69,10,3,0
BRDA:72,11,0,3
BRDA:72,11,1,0
BRDA:75,12,0,6
BRDA:75,12,1,0
BRDA:75,13,0,6
BRDA:75,13,1,6
BRDA:77,14,0,6
BRDA:77,14,1,0
BRDA:80,15,0,15
BRDA:80,15,1,15
BRDA:81,16,0,6
BRDA:81,16,1,6
BRDA:83,17,0,6
BRDA:83,17,1,0
BRDA:83,18,0,6
BRDA:83,18,1,6
BRDA:83,18,2,6
BRDA:95,19,0,12
BRDA:95,19,1,9
BRDA:102,20,0,3
BRDA:102,20,1,15
BRDA:102,21,0,18
BRDA:102,21,1,18
BRDA:104,22,0,0
BRDA:104,22,1,3
BRDA:107,23,0,3
BRDA:107,23,1,0
BRDA:110,24,0,6
BRDA:110,24,1,0
BRDA:113,25,0,3
BRDA:113,25,1,3
BRDA:113,26,0,6
BRDA:113,26,1,6
BRDA:113,26,2,6
BRDA:123,27,0,0
BRDA:123,27,1,3
BRDA:123,28,0,3
BRDA:123,28,1,0
BRDA:148,29,0,0
BRDA:148,29,1,3
BRDA:151,30,0,0
BRDA:151,30,1,3
BRDA:155,31,0,5
BRDA:155,31,1,0
BRDA:158,32,0,0
BRDA:158,32,1,3
BRDA:166,33,0,0
BRDA:166,33,1,3
BRDA:170,34,0,6
BRDA:170,34,1,4
BRDA:174,35,0,0
BRDA:174,35,1,3
BRDA:178,36,0,3
BRDA:178,36,1,0
BRDA:181,37,0,1
BRDA:181,37,1,2
BRDA:182,38,0,0
BRDA:182,38,1,2
BRDA:183,39,0,0
BRDA:183,39,1,2
BRDA:186,40,0,2
BRDA:186,40,1,0
BRDA:186,41,0,2
BRDA:186,41,1,0
BRDA:189,42,0,2
BRDA:189,42,1,0
BRDA:192,43,0,0
BRDA:192,43,1,0
BRDA:193,44,0,0
BRDA:193,44,1,0
BRDA:199,45,0,0
BRDA:199,45,1,0
BRDA:200,46,0,0
BRDA:200,46,1,0
BRDA:200,47,0,0
BRDA:200,47,1,0
BRDA:208,48,0,1
BRDA:208,48,1,0
BRF:102
BRH:60
end_of_record
TN:
SF:src\Engine_DB.js
FN:25,_invalidateCache
FN:52,(anonymous_1)
FN:61,(anonymous_2)
FN:64,(anonymous_3)
FN:67,(anonymous_4)
FN:76,_updateGraphEdges
FN:142,(anonymous_6)
FN:160,(anonymous_7)
FN:183,(anonymous_8)
FN:195,(anonymous_9)
FN:196,(anonymous_10)
FN:204,(anonymous_11)
FN:207,(anonymous_12)
FN:214,(anonymous_13)
FN:220,(anonymous_14)
FN:236,(anonymous_15)
FN:243,(anonymous_16)
FN:244,(anonymous_17)
FN:253,(anonymous_18)
FN:260,(anonymous_19)
FN:272,(anonymous_20)
FN:274,(anonymous_21)
FN:284,(anonymous_22)
FN:314,(anonymous_23)
FN:330,(anonymous_24)
FN:332,(anonymous_25)
FN:336,(anonymous_26)
FN:340,(anonymous_27)
FN:346,(anonymous_28)
FN:352,(anonymous_29)
FN:353,(anonymous_30)
FN:363,(anonymous_31)
FN:381,(anonymous_32)
FN:405,(anonymous_33)
FN:422,(anonymous_34)
FN:454,(anonymous_35)
FN:468,(anonymous_36)
FN:475,(anonymous_37)
FN:477,(anonymous_38)
FN:499,(anonymous_39)
FNF:40
FNH:20
FNDA:4,_invalidateCache
FNDA:0,(anonymous_1)
FNDA:0,(anonymous_2)
FNDA:0,(anonymous_3)
FNDA:0,(anonymous_4)
FNDA:0,_updateGraphEdges
FNDA:7,(anonymous_6)
FNDA:0,(anonymous_7)
FNDA:3,(anonymous_8)
FNDA:0,(anonymous_9)
FNDA:8,(anonymous_10)
FNDA:3,(anonymous_11)
FNDA:8,(anonymous_12)
FNDA:0,(anonymous_13)
FNDA:0,(anonymous_14)
FNDA:3,(anonymous_15)
FNDA:0,(anonymous_16)
FNDA:8,(anonymous_17)
FNDA:3,(anonymous_18)
FNDA:6,(anonymous_19)
FNDA:3,(anonymous_20)
FNDA:1,(anonymous_21)
FNDA:6,(anonymous_22)
FNDA:1,(anonymous_23)
FNDA:0,(anonymous_24)
FNDA:0,(anonymous_25)
FNDA:1,(anonymous_26)
FNDA:1,(anonymous_27)
FNDA:1,(anonymous_28)
FNDA:0,(anonymous_29)
FNDA:3,(anonymous_30)
FNDA:3,(anonymous_31)
FNDA:3,(anonymous_32)
FNDA:0,(anonymous_33)
FNDA:0,(anonymous_34)
FNDA:0,(anonymous_35)
FNDA:0,(anonymous_36)
FNDA:0,(anonymous_37)
FNDA:0,(anonymous_38)
FNDA:0,(anonymous_39)
DA:11,7
DA:13,7
DA:14,7
DA:17,0
DA:18,0
DA:26,4
DA:27,4
DA:30,4
DA:33,4
DA:40,4
DA:41,4
DA:44,4
DA:51,7
DA:53,0
DA:54,0
DA:55,0
DA:56,0
DA:57,0
DA:58,0
DA:59,0
DA:62,0
DA:65,0
DA:68,0
DA:77,0
DA:79,0
DA:80,0
DA:81,0
DA:83,0
DA:84,0
DA:85,0
DA:86,0
DA:87,0
DA:88,0
DA:90,0
DA:91,0
DA:93,0
DA:94,0
DA:95,0
DA:96,0
DA:97,0
DA:101,0
DA:103,0
DA:106,0
DA:107,0
DA:108,0
DA:109,0
DA:111,0
DA:112,0
DA:116,0
DA:117,0
DA:118,0
DA:119,0
DA:120,0
DA:121,0
DA:122,0
DA:123,0
DA:124,0
DA:125,0
DA:126,0
DA:127,0
DA:128,0
DA:129,0
DA:130,0
DA:131,0
DA:133,0
DA:134,0
DA:137,0
DA:141,7
DA:143,7
DA:146,7
DA:149,7
DA:154,7
DA:155,1
DA:156,1
DA:158,1
DA:159,1
DA:160,1
DA:161,0
DA:162,0
DA:165,0
DA:168,0
DA:169,0
DA:173,7
DA:184,3
DA:185,3
DA:186,3
DA:193,3
DA:194,3
DA:195,3
DA:196,3
DA:197,8
DA:198,3
DA:199,3
DA:204,3
DA:205,3
DA:207,3
DA:208,8
DA:209,0
DA:210,0
DA:213,0
DA:214,0
DA:216,0
DA:217,0
DA:219,0
DA:220,0
DA:222,0
DA:223,0
DA:225,0
DA:233,3
DA:236,3
DA:237,3
DA:242,3
DA:243,3
DA:244,3
DA:245,8
DA:246,3
DA:247,3
DA:248,3
DA:252,3
DA:253,3
DA:256,3
DA:257,3
DA:258,3
DA:260,6
DA:261,3
DA:264,3
DA:265,0
DA:266,0
DA:268,0
DA:272,3
DA:273,3
DA:274,1
DA:278,3
DA:279,1
DA:280,1
DA:284,3
DA:285,6
DA:288,6
DA:289,4
DA:290,4
DA:291,4
DA:292,20
DA:293,4
DA:298,3
DA:299,3
DA:301,3
DA:306,3
DA:311,3
DA:315,1
DA:316,1
DA:319,1
DA:322,1
DA:324,1
DA:331,0
DA:332,0
DA:333,0
DA:337,1
DA:338,1
DA:339,1
DA:340,1
DA:347,1
DA:348,1
DA:350,1
DA:351,1
DA:352,1
DA:353,1
DA:354,3
DA:355,1
DA:356,1
DA:359,1
DA:360,1
DA:363,3
DA:364,1
DA:366,1
DA:367,1
DA:373,1
DA:382,3
DA:385,3
DA:386,3
DA:387,3
DA:388,3
DA:389,0
DA:390,0
DA:394,3
DA:395,3
DA:398,3
DA:399,2
DA:402,3
DA:406,0
DA:407,0
DA:410,0
DA:413,0
DA:415,0
DA:423,0
DA:424,0
DA:426,0
DA:429,0
DA:430,0
DA:431,0
DA:432,0
DA:434,0
DA:435,0
DA:436,0
DA:440,0
DA:441,0
DA:442,0
DA:446,0
DA:453,0
DA:454,0
DA:457,0
DA:458,0
DA:459,0
DA:461,0
DA:464,0
DA:465,0
DA:468,0
DA:475,0
DA:477,0
DA:478,0
DA:479,0
DA:493,0
DA:496,0
DA:497,0
DA:499,0
DA:500,0
DA:505,0
DA:506,0
DA:510,0
DA:511,0
DA:512,0
DA:515,0
DA:516,0
DA:517,0
DA:520,0
DA:526,0
DA:527,0
DA:532,0
DA:534,0
DA:542,7
DA:543,7
LF:240
LH:110
BRDA:11,0,0,7
BRDA:11,0,1,0
BRDA:26,1,0,0
BRDA:26,1,1,4
BRDA:40,2,0,4
BRDA:40,2,1,0
BRDA:44,3,0,4
BRDA:44,3,1,0
BRDA:53,4,0,0
BRDA:53,4,1,0
BRDA:54,5,0,0
BRDA:54,5,1,0
BRDA:54,6,0,0
BRDA:54,6,1,0
BRDA:54,7,0,0
BRDA:54,7,1,0
BRDA:55,8,0,0
BRDA:55,8,1,0
BRDA:58,9,0,0
BRDA:58,9,1,0
BRDA:62,10,0,0
BRDA:62,10,1,0
BRDA:62,11,0,0
BRDA:62,11,1,0
BRDA:65,12,0,0
BRDA:65,12,1,0
BRDA:65,13,0,0
BRDA:65,13,1,0
BRDA:68,14,0,0
BRDA:68,14,1,0
BRDA:68,15,0,0
BRDA:68,15,1,0
BRDA:77,16,0,0
BRDA:77,16,1,0
BRDA:77,17,0,0
BRDA:77,17,1,0
BRDA:81,18,0,0
BRDA:81,18,1,0
BRDA:94,19,0,0
BRDA:94,19,1,0
BRDA:94,20,0,0
BRDA:94,20,1,0
BRDA:101,21,0,0
BRDA:101,21,1,0
BRDA:101,22,0,0
BRDA:101,22,1,0
BRDA:106,23,0,0
BRDA:106,23,1,0
BRDA:112,24,0,0
BRDA:112,24,1,0
BRDA:116,25,0,0
BRDA:116,25,1,0
BRDA:121,26,0,0
BRDA:121,26,1,0
BRDA:122,27,0,0
BRDA:122,27,1,0
BRDA:123,28,0,0
BRDA:123,28,1,0
BRDA:124,29,0,0
BRDA:124,29,1,0
BRDA:125,30,0,0
BRDA:125,30,1,0
BRDA:126,31,0,0
BRDA:126,31,1,0
BRDA:127,32,0,0
BRDA:127,32,1,0
BRDA:128,33,0,0
BRDA:128,33,1,0
BRDA:129,34,0,0
BRDA:129,34,1,0
BRDA:130,35,0,0
BRDA:130,35,1,0
BRDA:134,36,0,0
BRDA:134,36,1,0
BRDA:146,37,0,7
BRDA:146,37,1,0
BRDA:154,38,0,1
BRDA:154,38,1,6
BRDA:158,39,0,1
BRDA:158,39,1,0
BRDA:158,40,0,1
BRDA:158,40,1,1
BRDA:161,41,0,0
BRDA:161,41,1,0
BRDA:168,42,0,0
BRDA:168,42,1,0
BRDA:193,43,0,3
BRDA:193,43,1,0
BRDA:194,44,0,3
BRDA:194,44,1,0
BRDA:195,45,0,3
BRDA:195,45,1,0
BRDA:195,46,0,0
BRDA:195,46,1,0
BRDA:197,47,0,3
BRDA:197,47,1,5
BRDA:197,48,0,8
BRDA:197,48,1,3
BRDA:204,49,0,3
BRDA:204,49,1,0
BRDA:208,50,0,0
BRDA:208,50,1,8
BRDA:208,51,0,8
BRDA:208,51,1,3
BRDA:208,51,2,3
BRDA:208,51,3,0
BRDA:210,52,0,0
BRDA:210,52,1,0
BRDA:213,53,0,0
BRDA:213,53,1,0
BRDA:217,54,0,0
BRDA:217,54,1,0
BRDA:219,55,0,0
BRDA:219,55,1,0
BRDA:220,56,0,0
BRDA:220,56,1,0
BRDA:222,57,0,0
BRDA:222,57,1,0
BRDA:223,58,0,0
BRDA:223,58,1,0
BRDA:236,59,0,3
BRDA:236,59,1,0
BRDA:242,60,0,3
BRDA:242,60,1,0
BRDA:243,61,0,3
BRDA:243,61,1,0
BRDA:243,62,0,0
BRDA:243,62,1,0
BRDA:245,63,0,3
BRDA:245,63,1,5
BRDA:245,64,0,8
BRDA:245,64,1,3
BRDA:252,65,0,3
BRDA:252,65,1,2
BRDA:253,66,0,3
BRDA:253,66,1,0
BRDA:257,67,0,3
BRDA:257,67,1,0
BRDA:257,68,0,0
BRDA:257,68,1,0
BRDA:260,69,0,6
BRDA:260,69,1,4
BRDA:264,70,0,0
BRDA:264,70,1,3
BRDA:265,71,0,0
BRDA:265,71,1,0
BRDA:266,72,0,0
BRDA:266,72,1,0
BRDA:268,73,0,0
BRDA:268,73,1,0
BRDA:272,74,0,3
BRDA:272,74,1,3
BRDA:272,75,0,3
BRDA:272,75,1,0
BRDA:273,76,0,1
BRDA:273,76,1,2
BRDA:278,77,0,1
BRDA:278,77,1,2
BRDA:279,78,0,1
BRDA:279,78,1,0
BRDA:288,79,0,4
BRDA:288,79,1,2
BRDA:298,80,0,3
BRDA:298,80,1,0
BRDA:301,81,0,0
BRDA:301,81,1,3
BRDA:316,82,0,1
BRDA:316,82,1,0
BRDA:331,83,0,0
BRDA:331,83,1,0
BRDA:331,84,0,0
BRDA:331,84,1,0
BRDA:337,85,0,1
BRDA:337,85,1,0
BRDA:340,86,0,1
BRDA:340,86,1,0
BRDA:348,87,0,0
BRDA:348,87,1,1
BRDA:350,88,0,1
BRDA:350,88,1,0
BRDA:351,89,0,1
BRDA:351,89,1,0
BRDA:352,90,0,1
BRDA:352,90,1,0
BRDA:352,91,0,0
BRDA:352,91,1,0
BRDA:354,92,0,1
BRDA:354,92,1,2
BRDA:359,93,0,1
BRDA:359,93,1,0
BRDA:366,94,0,1
BRDA:366,94,1,0
BRDA:382,95,0,3
BRDA:382,95,1,0
BRDA:386,96,0,3
BRDA:386,96,1,0
BRDA:388,97,0,0
BRDA:388,97,1,3
BRDA:388,98,0,3
BRDA:388,98,1,0
BRDA:398,99,0,2
BRDA:398,99,1,1
BRDA:398,100,0,3
BRDA:398,100,1,3
BRDA:398,100,2,2
BRDA:407,101,0,0
BRDA:407,101,1,0
BRDA:423,102,0,0
BRDA:423,102,1,0
BRDA:424,103,0,0
BRDA:424,103,1,0
BRDA:431,104,0,0
BRDA:431,104,1,0
BRDA:434,105,0,0
BRDA:434,105,1,0
BRDA:434,106,0,0
BRDA:434,106,1,0
BRDA:434,106,2,0
BRDA:436,107,0,0
BRDA:436,107,1,0
BRDA:440,108,0,0
BRDA:440,108,1,0
BRDA:446,109,0,0
BRDA:446,109,1,0
BRDA:446,110,0,0
BRDA:446,110,1,0
BRDA:454,111,0,0
BRDA:454,111,1,0
BRDA:454,112,0,0
BRDA:454,112,1,0
BRDA:458,113,0,0
BRDA:458,113,1,0
BRDA:458,114,0,0
BRDA:458,114,1,0
BRDA:461,115,0,0
BRDA:461,115,1,0
BRDA:465,116,0,0
BRDA:465,116,1,0
BRDA:475,117,0,0
BRDA:475,117,1,0
BRDA:496,118,0,0
BRDA:496,118,1,0
BRDA:496,119,0,0
BRDA:496,119,1,0
BRDA:510,120,0,0
BRDA:510,120,1,0
BRDA:511,121,0,0
BRDA:511,121,1,0
BRDA:515,122,0,0
BRDA:515,122,1,0
BRDA:516,123,0,0
BRDA:516,123,1,0
BRDA:526,124,0,0
BRDA:526,124,1,0
BRDA:542,125,0,7
BRDA:542,125,1,0
BRF:256
BRH:69
end_of_record
TN:
SF:src\Engine_Graph.js
FN:13,(anonymous_0)
FN:21,(anonymous_1)
FN:34,(anonymous_2)
FN:45,(anonymous_3)
FN:54,dfsTraversal
FN:90,getSubtreeMaxDepth
FN:101,(anonymous_6)
FN:130,(anonymous_7)
FN:136,(anonymous_8)
FN:165,(anonymous_9)
FN:189,(anonymous_10)
FN:201,(anonymous_11)
FN:225,(anonymous_12)
FN:237,(anonymous_13)
FN:246,(anonymous_14)
FN:260,(anonymous_15)
FN:269,(anonymous_16)
FN:273,(anonymous_17)
FN:287,(anonymous_18)
FN:293,(anonymous_19)
FN:294,(anonymous_20)
FN:296,(anonymous_21)
FNF:22
FNH:20
FNDA:11,(anonymous_0)
FNDA:16,(anonymous_1)
FNDA:12,(anonymous_2)
FNDA:0,(anonymous_3)
FNDA:13,dfsTraversal
FNDA:2,getSubtreeMaxDepth
FNDA:0,(anonymous_6)
FNDA:3,(anonymous_7)
FNDA:2,(anonymous_8)
FNDA:3,(anonymous_9)
FNDA:2,(anonymous_10)
FNDA:3,(anonymous_11)
FNDA:4,(anonymous_12)
FNDA:13,(anonymous_13)
FNDA:3,(anonymous_14)
FNDA:12,(anonymous_15)
FNDA:3,(anonymous_16)
FNDA:4,(anonymous_17)
FNDA:4,(anonymous_18)
FNDA:2,(anonymous_19)
FNDA:4,(anonymous_20)
FNDA:16,(anonymous_21)
DA:7,2
DA:14,11
DA:15,11
DA:17,11
DA:18,11
DA:19,11
DA:21,11
DA:22,16
DA:23,16
DA:24,16
DA:25,16
DA:27,16
DA:28,16
DA:30,16
DA:31,16
DA:34,11
DA:35,12
DA:36,12
DA:38,12
DA:41,12
DA:42,1
DA:43,1
DA:45,0
DA:46,0
DA:47,0
DA:52,11
DA:55,13
DA:57,13
DA:58,2
DA:59,2
DA:62,11
DA:64,11
DA:66,11
DA:67,11
DA:69,11
DA:70,9
DA:71,5
DA:74,7
DA:76,7
DA:80,7
DA:81,7
DA:85,4
DA:86,4
DA:87,4
DA:89,2
DA:91,2
DA:93,2
DA:94,2
DA:95,2
DA:96,2
DA:99,0
DA:101,0
DA:102,0
DA:103,0
DA:104,0
DA:105,0
DA:106,0
DA:107,0
DA:109,0
DA:113,0
DA:114,0
DA:117,2
DA:118,2
DA:120,2
DA:121,1
DA:122,1
DA:128,8
DA:129,4
DA:130,4
DA:131,3
DA:132,3
DA:133,1
DA:135,2
DA:136,2
DA:137,2
DA:141,3
DA:142,3
DA:146,7
DA:147,7
DA:149,7
DA:150,7
DA:152,7
DA:153,7
DA:156,6
DA:166,3
DA:167,3
DA:169,3
DA:172,3
DA:173,3
DA:174,0
DA:175,3
DA:176,3
DA:179,3
DA:180,3
DA:181,3
DA:182,3
DA:183,2
DA:188,2
DA:189,2
DA:190,2
DA:191,2
DA:192,2
DA:193,2
DA:196,2
DA:200,2
DA:201,2
DA:202,3
DA:203,3
DA:204,3
DA:205,3
DA:206,3
DA:207,3
DA:212,2
DA:227,4
DA:233,4
DA:234,4
DA:237,4
DA:238,13
DA:239,13
DA:241,13
DA:242,13
DA:245,4
DA:246,3
DA:247,1
DA:250,3
DA:252,2
DA:253,2
DA:254,2
DA:256,2
DA:257,4
DA:260,4
DA:261,12
DA:262,5
DA:263,5
DA:268,4
DA:269,4
DA:270,3
DA:272,3
DA:273,4
DA:275,3
DA:276,2
DA:277,2
DA:278,2
DA:283,2
DA:286,1
DA:287,4
DA:289,1
DA:290,1
DA:293,1
DA:294,2
DA:296,16
DA:297,4
DA:298,4
DA:305,1
DA:308,0
DA:313,2
DA:314,2
LF:157
LH:141
BRDA:15,0,0,0
BRDA:15,0,1,11
BRDA:15,1,0,11
BRDA:15,1,1,11
BRDA:21,2,0,11
BRDA:21,2,1,0
BRDA:24,3,0,14
BRDA:24,3,1,2
BRDA:27,4,0,14
BRDA:27,4,1,2
BRDA:30,5,0,16
BRDA:30,5,1,0
BRDA:34,6,0,11
BRDA:34,6,1,0
BRDA:38,7,0,0
BRDA:38,7,1,12
BRDA:38,8,0,12
BRDA:38,8,1,12
BRDA:38,8,2,12
BRDA:38,8,3,12
BRDA:41,9,0,1
BRDA:41,9,1,11
BRDA:42,10,0,1
BRDA:42,10,1,0
BRDA:42,11,0,1
BRDA:42,11,1,1
BRDA:45,12,0,0
BRDA:45,12,1,0
BRDA:46,13,0,0
BRDA:46,13,1,0
BRDA:52,14,0,4
BRDA:52,14,1,7
BRDA:52,15,0,11
BRDA:52,15,1,8
BRDA:55,16,0,0
BRDA:55,16,1,13
BRDA:55,17,0,13
BRDA:55,17,1,13
BRDA:55,17,2,13
BRDA:57,18,0,2
BRDA:57,18,1,11
BRDA:57,19,0,13
BRDA:57,19,1,10
BRDA:62,20,0,0
BRDA:62,20,1,11
BRDA:66,21,0,11
BRDA:66,21,1,4
BRDA:71,22,0,4
BRDA:71,22,1,1
BRDA:89,23,0,2
BRDA:89,23,1,0
BRDA:91,24,0,0
BRDA:91,24,1,2
BRDA:93,25,0,2
BRDA:93,25,1,0
BRDA:93,26,0,2
BRDA:93,26,1,0
BRDA:102,27,0,0
BRDA:102,27,1,0
BRDA:106,28,0,0
BRDA:106,28,1,0
BRDA:120,29,0,1
BRDA:120,29,1,1
BRDA:128,30,0,4
BRDA:128,30,1,4
BRDA:128,31,0,8
BRDA:128,31,1,4
BRDA:129,32,0,4
BRDA:129,32,1,1
BRDA:131,33,0,3
BRDA:131,33,1,0
BRDA:132,34,0,1
BRDA:132,34,1,2
BRDA:135,35,0,2
BRDA:135,35,1,0
BRDA:137,36,0,2
BRDA:137,36,1,0
BRDA:146,37,0,2
BRDA:146,37,1,5
BRDA:149,38,0,2
BRDA:149,38,1,5
BRDA:152,39,0,6
BRDA:152,39,1,1
BRDA:167,40,0,3
BRDA:167,40,1,0
BRDA:173,41,0,0
BRDA:173,41,1,3
BRDA:175,42,0,3
BRDA:175,42,1,0
BRDA:179,43,0,3
BRDA:179,43,1,0
BRDA:179,44,0,3
BRDA:179,44,1,3
BRDA:179,44,2,3
BRDA:181,45,0,3
BRDA:181,45,1,0
BRDA:182,46,0,3
BRDA:182,46,1,0
BRDA:183,47,0,2
BRDA:183,47,1,0
BRDA:188,48,0,2
BRDA:188,48,1,0
BRDA:188,49,0,2
BRDA:188,49,1,2
BRDA:190,50,0,2
BRDA:190,50,1,0
BRDA:196,51,0,2
BRDA:196,51,1,0
BRDA:200,52,0,2
BRDA:200,52,1,0
BRDA:200,53,0,2
BRDA:200,53,1,2
BRDA:202,54,0,3
BRDA:202,54,1,0
BRDA:238,55,0,10
BRDA:238,55,1,3
BRDA:241,56,0,12
BRDA:241,56,1,1
BRDA:245,57,0,1
BRDA:245,57,1,3
BRDA:245,58,0,4
BRDA:245,58,1,3
BRDA:246,59,0,3
BRDA:246,59,1,2
BRDA:250,60,0,2
BRDA:250,60,1,1
BRDA:261,61,0,5
BRDA:261,61,1,7
BRDA:261,62,0,12
BRDA:261,62,1,9
BRDA:261,62,2,7
BRDA:268,63,0,4
BRDA:268,63,1,1
BRDA:270,64,0,3
BRDA:270,64,1,0
BRDA:272,65,0,3
BRDA:272,65,1,0
BRDA:275,66,0,2
BRDA:275,66,1,1
BRDA:286,67,0,1
BRDA:286,67,1,0
BRDA:287,68,0,4
BRDA:287,68,1,2
BRDA:289,69,0,1
BRDA:289,69,1,0
BRDA:290,70,0,1
BRDA:290,70,1,0
BRDA:296,71,0,16
BRDA:296,71,1,4
BRDA:297,72,0,4
BRDA:297,72,1,0
BRDA:313,73,0,2
BRDA:313,73,1,0
BRDA:313,74,0,2
BRDA:313,74,1,2
BRF:155
BRH:113
end_of_record
TN:
SF:src\Math_Engine.js
FN:8,buildOrdenPath
FN:25,(anonymous_1)
FN:25,(anonymous_2)
FN:36,(anonymous_3)
FN:39,(anonymous_4)
FN:41,(anonymous_5)
FN:43,(anonymous_6)
FN:55,buildPathName
FN:67,(anonymous_8)
FN:77,buildEChartsTreemapData
FN:93,(anonymous_10)
FN:107,(anonymous_11)
FN:113,(anonymous_12)
FN:123,(anonymous_13)
FN:135,(anonymous_14)
FN:146,(anonymous_15)
FN:148,(anonymous_16)
FNF:17
FNH:7
FNDA:8,buildOrdenPath
FNDA:1,(anonymous_1)
FNDA:1,(anonymous_2)
FNDA:5,(anonymous_3)
FNDA:5,(anonymous_4)
FNDA:6,(anonymous_5)
FNDA:1,(anonymous_6)
FNDA:0,buildPathName
FNDA:0,(anonymous_8)
FNDA:0,buildEChartsTreemapData
FNDA:0,(anonymous_10)
FNDA:0,(anonymous_11)
FNDA:0,(anonymous_12)
FNDA:0,(anonymous_13)
FNDA:0,(anonymous_14)
FNDA:0,(anonymous_15)
FNDA:0,(anonymous_16)
DA:9,8
DA:11,8
DA:12,8
DA:13,8
DA:14,8
DA:16,8
DA:17,8
DA:18,8
DA:19,8
DA:21,7
DA:23,7
DA:24,2
DA:25,2
DA:26,1
DA:27,1
DA:28,1
DA:31,2
DA:33,5
DA:34,5
DA:36,5
DA:37,4
DA:39,5
DA:41,6
DA:42,4
DA:43,4
DA:44,1
DA:45,1
DA:46,1
DA:47,1
DA:51,4
DA:56,0
DA:58,0
DA:59,0
DA:61,0
DA:62,0
DA:65,0
DA:66,0
DA:67,0
DA:69,0
DA:70,0
DA:73,0
DA:74,0
DA:78,0
DA:79,0
DA:80,0
DA:83,0
DA:85,0
DA:86,0
DA:87,0
DA:90,0
DA:93,0
DA:94,0
DA:104,0
DA:106,0
DA:107,0
DA:108,0
DA:109,0
DA:110,0
DA:113,0
DA:114,0
DA:115,0
DA:116,0
DA:117,0
DA:118,0
DA:119,0
DA:123,0
DA:124,0
DA:125,0
DA:126,0
DA:127,0
DA:128,0
DA:129,0
DA:135,0
DA:136,0
DA:137,0
DA:141,0
DA:145,1
DA:147,0
DA:148,0
DA:149,0
DA:155,1
DA:156,1
DA:157,0
DA:158,0
LF:84
LH:33
BRDA:9,0,0,0
BRDA:9,0,1,8
BRDA:9,1,0,8
BRDA:9,1,1,8
BRDA:11,2,0,8
BRDA:11,2,1,0
BRDA:12,3,0,8
BRDA:12,3,1,0
BRDA:13,4,0,8
BRDA:13,4,1,0
BRDA:14,5,0,8
BRDA:14,5,1,0
BRDA:17,6,0,0
BRDA:17,6,1,8
BRDA:17,7,0,8
BRDA:17,7,1,8
BRDA:19,8,0,1
BRDA:19,8,1,7
BRDA:21,9,0,7
BRDA:21,9,1,0
BRDA:23,10,0,2
BRDA:23,10,1,5
BRDA:26,11,0,1
BRDA:26,11,1,0
BRDA:28,12,0,1
BRDA:28,12,1,0
BRDA:28,13,0,1
BRDA:28,13,1,1
BRDA:34,14,0,1
BRDA:34,14,1,4
BRDA:34,15,0,5
BRDA:34,15,1,4
BRDA:37,16,0,0
BRDA:37,16,1,4
BRDA:37,17,0,4
BRDA:37,17,1,4
BRDA:44,18,0,1
BRDA:44,18,1,0
BRDA:47,19,0,1
BRDA:47,19,1,0
BRDA:47,20,0,1
BRDA:47,20,1,1
BRDA:56,21,0,0
BRDA:56,21,1,0
BRDA:56,22,0,0
BRDA:56,22,1,0
BRDA:56,22,2,0
BRDA:56,22,3,0
BRDA:56,22,4,0
BRDA:58,23,0,0
BRDA:58,23,1,0
BRDA:61,24,0,0
BRDA:61,24,1,0
BRDA:61,25,0,0
BRDA:61,25,1,0
BRDA:65,26,0,0
BRDA:65,26,1,0
BRDA:66,27,0,0
BRDA:66,27,1,0
BRDA:69,28,0,0
BRDA:69,28,1,0
BRDA:69,29,0,0
BRDA:69,29,1,0
BRDA:79,30,0,0
BRDA:79,30,1,0
BRDA:79,31,0,0
BRDA:79,31,1,0
BRDA:83,32,0,0
BRDA:83,32,1,0
BRDA:83,33,0,0
BRDA:83,33,1,0
BRDA:96,34,0,0
BRDA:96,34,1,0
BRDA:97,35,0,0
BRDA:97,35,1,0
BRDA:104,36,0,0
BRDA:104,36,1,0
BRDA:104,37,0,0
BRDA:104,37,1,0
BRDA:106,38,0,0
BRDA:106,38,1,0
BRDA:108,39,0,0
BRDA:108,39,1,0
BRDA:108,39,2,0
BRDA:110,40,0,0
BRDA:110,40,1,0
BRDA:116,41,0,0
BRDA:116,41,1,0
BRDA:116,42,0,0
BRDA:116,42,1,0
BRDA:116,42,2,0
BRDA:117,43,0,0
BRDA:117,43,1,0
BRDA:124,44,0,0
BRDA:124,44,1,0
BRDA:124,45,0,0
BRDA:124,45,1,0
BRDA:124,45,2,0
BRDA:127,46,0,0
BRDA:127,46,1,0
BRDA:136,47,0,0
BRDA:136,47,1,0
BRDA:147,48,0,0
BRDA:147,48,1,0
BRDA:149,49,0,0
BRDA:149,49,1,0
BRDA:155,50,0,1
BRDA:155,50,1,0
BRDA:155,51,0,1
BRDA:155,51,1,1
BRDA:157,52,0,0
BRDA:157,52,1,0
BRF:112
BRH:33
end_of_record
TN:
SF:src\Schema_Engine.gs
FN:152,getAppSchema
FN:161,getEntityTopologyRules
FNF:2
FNH:0
FNDA:0,getAppSchema
FNDA:0,getEntityTopologyRules
DA:7,2
DA:153,0
DA:162,0
DA:163,0
DA:164,0
DA:167,0
DA:181,2
DA:182,2
LF:8
LH:3
BRDA:153,0,0,0
BRDA:153,0,1,0
BRDA:163,1,0,0
BRDA:163,1,1,0
BRDA:163,2,0,0
BRDA:163,2,1,0
BRDA:181,3,0,2
BRDA:181,3,1,0
BRF:8
BRH:1
end_of_record
TN:
SF:src\SubgridState.js
FN:21,_normalizeId
FN:33,initSubgridState
FN:51,filterAvailableOptions
FN:52,(anonymous_3)
FN:54,(anonymous_4)
FN:67,(anonymous_5)
FN:75,(anonymous_6)
FN:79,(anonymous_7)
FN:88,(anonymous_8)
FN:93,(anonymous_9)
FN:113,linkRecord
FN:115,(anonymous_11)
FN:132,unlinkRecord
FN:134,(anonymous_13)
FN:135,(anonymous_14)
FN:151,buildSavePayload
FN:152,(anonymous_16)
FN:168,isNewRecord
FN:178,evaluateFieldState
FNF:19
FNH:17
FNDA:107,_normalizeId
FNDA:4,initSubgridState
FNDA:11,filterAvailableOptions
FNDA:48,(anonymous_3)
FNDA:23,(anonymous_4)
FNDA:4,(anonymous_5)
FNDA:4,(anonymous_6)
FNDA:4,(anonymous_7)
FNDA:4,(anonymous_8)
FNDA:4,(anonymous_9)
FNDA:4,linkRecord
FNDA:7,(anonymous_11)
FNDA:5,unlinkRecord
FNDA:7,(anonymous_13)
FNDA:10,(anonymous_14)
FNDA:1,buildSavePayload
FNDA:3,(anonymous_16)
FNDA:0,isNewRecord
FNDA:0,evaluateFieldState
DA:22,107
DA:34,4
DA:35,2
DA:37,2
DA:52,11
DA:53,48
DA:54,48
DA:58,11
DA:59,6
DA:60,6
DA:61,6
DA:62,6
DA:63,6
DA:66,6
DA:67,4
DA:71,6
DA:72,5
DA:74,3
DA:75,4
DA:76,2
DA:77,2
DA:78,2
DA:79,4
DA:80,1
DA:82,1
DA:87,2
DA:88,4
DA:89,1
DA:90,1
DA:91,0
DA:93,4
DA:100,11
DA:115,7
DA:116,1
DA:118,3
DA:133,5
DA:134,7
DA:135,10
DA:136,5
DA:152,3
DA:156,1
DA:169,0
DA:170,0
DA:179,0
DA:181,0
DA:182,0
DA:183,0
DA:184,0
DA:186,0
DA:190,1
DA:192,1
DA:193,0
DA:195,0
LF:53
LH:42
BRDA:22,0,0,107
BRDA:22,0,1,0
BRDA:34,1,0,2
BRDA:34,1,1,2
BRDA:34,2,0,4
BRDA:34,2,1,3
BRDA:51,3,0,4
BRDA:52,4,0,11
BRDA:52,4,1,0
BRDA:54,5,0,48
BRDA:54,5,1,0
BRDA:58,6,0,6
BRDA:58,6,1,5
BRDA:58,7,0,11
BRDA:58,7,1,6
BRDA:61,8,0,0
BRDA:61,8,1,6
BRDA:66,9,0,1
BRDA:66,9,1,5
BRDA:66,10,0,6
BRDA:66,10,1,3
BRDA:71,11,0,5
BRDA:71,11,1,1
BRDA:71,12,0,6
BRDA:71,12,1,5
BRDA:72,13,0,3
BRDA:72,13,1,2
BRDA:74,14,0,1
BRDA:74,14,1,2
BRDA:76,15,0,2
BRDA:76,15,1,0
BRDA:78,16,0,1
BRDA:78,16,1,1
BRDA:80,17,0,1
BRDA:80,17,1,0
BRDA:80,18,0,1
BRDA:80,18,1,1
BRDA:87,19,0,1
BRDA:87,19,1,1
BRDA:89,20,0,1
BRDA:89,20,1,0
BRDA:90,21,0,0
BRDA:90,21,1,1
BRDA:90,22,0,1
BRDA:90,22,1,0
BRDA:115,23,0,1
BRDA:115,23,1,3
BRDA:115,24,0,4
BRDA:115,24,1,0
BRDA:116,25,0,1
BRDA:116,25,1,0
BRDA:118,26,0,3
BRDA:118,26,1,0
BRDA:134,27,0,5
BRDA:134,27,1,1
BRDA:134,28,0,5
BRDA:134,28,1,0
BRDA:135,29,0,5
BRDA:135,29,1,0
BRDA:152,30,0,1
BRDA:152,30,1,0
BRDA:169,31,0,0
BRDA:169,31,1,0
BRDA:170,32,0,0
BRDA:170,32,1,0
BRDA:170,32,2,0
BRDA:181,33,0,0
BRDA:181,33,1,0
BRDA:181,34,0,0
BRDA:181,34,1,0
BRDA:181,34,2,0
BRDA:181,34,3,0
BRDA:190,35,0,1
BRDA:190,35,1,0
BRDA:190,36,0,1
BRDA:190,36,1,1
BRDA:193,37,0,0
BRDA:193,37,1,0
BRF:78
BRH:49
end_of_record
TN:
SF:src\Topology_Strategies.js
FN:6,(anonymous_0)
FN:10,(anonymous_1)
FN:23,(anonymous_2)
FN:26,(anonymous_3)
FN:30,(anonymous_4)
FN:36,(anonymous_5)
FN:41,(anonymous_6)
FN:54,(anonymous_7)
FN:56,(anonymous_8)
FN:59,(anonymous_9)
FNF:10
FNH:10
FNDA:2,(anonymous_0)
FNDA:3,(anonymous_1)
FNDA:1,(anonymous_2)
FNDA:2,(anonymous_3)
FNDA:1,(anonymous_4)
FNDA:1,(anonymous_5)
FNDA:2,(anonymous_6)
FNDA:1,(anonymous_7)
FNDA:2,(anonymous_8)
FNDA:2,(anonymous_9)
DA:6,1
DA:7,2
DA:9,2
DA:10,2
DA:11,3
DA:12,3
DA:14,3
DA:15,1
DA:17,2
DA:20,1
DA:23,1
DA:24,1
DA:26,2
DA:30,1
DA:31,1
DA:33,1
DA:36,1
DA:37,1
DA:38,1
DA:40,1
DA:41,1
DA:42,2
DA:43,2
DA:44,2
DA:46,2
DA:47,1
DA:49,2
DA:50,2
DA:54,1
DA:55,1
DA:56,2
DA:59,1
DA:60,2
DA:61,2
DA:64,2
DA:67,2
DA:70,1
DA:73,1
DA:79,1
DA:80,1
LF:40
LH:40
BRDA:7,0,0,0
BRDA:7,0,1,2
BRDA:7,1,0,2
BRDA:7,1,1,2
BRDA:11,2,0,3
BRDA:11,2,1,0
BRDA:12,3,0,0
BRDA:12,3,1,3
BRDA:14,4,0,1
BRDA:14,4,1,2
BRDA:20,5,0,0
BRDA:20,5,1,1
BRDA:20,6,0,1
BRDA:20,6,1,1
BRDA:24,7,0,0
BRDA:24,7,1,1
BRDA:24,8,0,1
BRDA:24,8,1,0
BRDA:24,8,2,0
BRDA:26,9,0,2
BRDA:26,9,1,1
BRDA:31,10,0,1
BRDA:31,10,1,0
BRDA:37,11,0,0
BRDA:37,11,1,1
BRDA:37,12,0,1
BRDA:37,12,1,1
BRDA:38,13,0,0
BRDA:38,13,1,1
BRDA:38,14,0,1
BRDA:38,14,1,1
BRDA:42,15,0,2
BRDA:42,15,1,0
BRDA:43,16,0,2
BRDA:43,16,1,0
BRDA:44,17,0,0
BRDA:44,17,1,2
BRDA:46,18,0,1
BRDA:46,18,1,1
BRDA:49,19,0,2
BRDA:49,19,1,0
BRDA:55,20,0,0
BRDA:55,20,1,1
BRDA:55,21,0,1
BRDA:55,21,1,0
BRDA:55,21,2,0
BRDA:56,22,0,2
BRDA:56,22,1,2
BRDA:60,23,0,2
BRDA:60,23,1,0
BRDA:61,24,0,2
BRDA:61,24,1,0
BRDA:64,25,0,0
BRDA:64,25,1,2
BRDA:79,26,0,1
BRDA:79,26,1,0
BRDA:79,27,0,1
BRDA:79,27,1,1
BRF:58
BRH:37
end_of_record
