TN:
SF:src\API_Auth.js
FN:10,(anonymous_0)
FN:53,(anonymous_1)
FN:53,(anonymous_2)
FN:87,(anonymous_3)
FN:96,(anonymous_4)
FN:128,getUserIdentity
FN:132,getWorkspaceAvatar
FNF:7
FNH:2
FNDA:6,(anonymous_0)
FNDA:0,(anonymous_1)
FNDA:0,(anonymous_2)
FNDA:8,(anonymous_3)
FNDA:0,(anonymous_4)
FNDA:0,getUserIdentity
FNDA:0,getWorkspaceAvatar
DA:9,1
DA:11,6
DA:12,6
DA:14,6
DA:15,0
DA:16,0
DA:17,0
DA:19,6
DA:20,1
DA:24,6
DA:25,1
DA:26,5
DA:27,5
DA:28,5
DA:34,6
DA:36,6
DA:37,6
DA:38,1
DA:39,1
DA:44,6
DA:47,6
DA:48,0
DA:49,0
DA:51,0
DA:52,0
DA:53,0
DA:57,0
DA:58,0
DA:59,0
DA:60,0
DA:61,0
DA:62,0
DA:67,0
DA:70,0
DA:71,0
DA:73,0
DA:75,0
DA:76,0
DA:77,0
DA:80,0
DA:83,6
DA:84,6
DA:87,8
DA:89,6
DA:97,0
DA:98,0
DA:99,0
DA:100,0
DA:101,0
DA:102,0
DA:103,0
DA:107,0
DA:108,0
DA:109,0
DA:110,0
DA:113,0
DA:114,0
DA:116,0
DA:119,0
DA:121,0
DA:122,0
DA:129,0
DA:133,0
DA:136,1
DA:137,1
LF:65
LH:24
BRDA:14,0,0,0
BRDA:14,0,1,6
BRDA:17,1,0,0
BRDA:17,1,1,0
BRDA:17,2,0,0
BRDA:17,2,1,0
BRDA:19,3,0,1
BRDA:19,3,1,5
BRDA:19,4,0,6
BRDA:19,4,1,6
BRDA:24,5,0,1
BRDA:24,5,1,5
BRDA:26,6,0,5
BRDA:26,6,1,0
BRDA:37,7,0,1
BRDA:37,7,1,5
BRDA:44,8,0,6
BRDA:44,8,1,0
BRDA:44,9,0,6
BRDA:44,9,1,6
BRDA:44,9,2,6
BRDA:47,10,0,0
BRDA:47,10,1,6
BRDA:52,11,0,0
BRDA:52,11,1,0
BRDA:52,12,0,0
BRDA:52,12,1,0
BRDA:57,13,0,0
BRDA:57,13,1,0
BRDA:57,14,0,0
BRDA:57,14,1,0
BRDA:59,15,0,0
BRDA:59,15,1,0
BRDA:61,16,0,0
BRDA:61,16,1,0
BRDA:61,17,0,0
BRDA:61,17,1,0
BRDA:70,18,0,0
BRDA:70,18,1,0
BRDA:76,19,0,0
BRDA:76,19,1,0
BRDA:76,20,0,0
BRDA:76,20,1,0
BRDA:83,21,0,6
BRDA:83,21,1,0
BRDA:83,22,0,6
BRDA:83,22,1,6
BRDA:87,23,0,1
BRDA:87,23,1,5
BRDA:92,24,0,4
BRDA:92,24,1,2
BRDA:92,25,0,1
BRDA:92,25,1,3
BRDA:97,26,0,0
BRDA:97,26,1,0
BRDA:99,27,0,0
BRDA:99,27,1,0
BRDA:102,28,0,0
BRDA:102,28,1,0
BRDA:103,29,0,0
BRDA:103,29,1,0
BRDA:108,30,0,0
BRDA:108,30,1,0
BRDA:110,31,0,0
BRDA:110,31,1,0
BRDA:110,32,0,0
BRDA:110,32,1,0
BRDA:113,33,0,0
BRDA:113,33,1,0
BRDA:116,34,0,0
BRDA:116,34,1,0
BRDA:136,35,0,1
BRDA:136,35,1,0
BRF:73
BRH:25
end_of_record
TN:
SF:src\API_Universal.js
FN:12,doPost
FN:52,API_Universal_Router
FN:234,(anonymous_2)
FN:256,(anonymous_3)
FN:258,(anonymous_4)
FN:260,(anonymous_5)
FN:270,(anonymous_6)
FN:278,(anonymous_7)
FN:284,(anonymous_8)
FN:287,(anonymous_9)
FN:313,(anonymous_10)
FN:319,(anonymous_11)
FN:326,(anonymous_12)
FN:380,(anonymous_13)
FN:445,API_UpdateGlobalConfig
FNF:15
FNH:3
FNDA:0,doPost
FNDA:13,API_Universal_Router
FNDA:2,(anonymous_2)
FNDA:0,(anonymous_3)
FNDA:0,(anonymous_4)
FNDA:0,(anonymous_5)
FNDA:0,(anonymous_6)
FNDA:0,(anonymous_7)
FNDA:0,(anonymous_8)
FNDA:0,(anonymous_9)
FNDA:2,(anonymous_10)
FNDA:0,(anonymous_11)
FNDA:0,(anonymous_12)
FNDA:0,(anonymous_13)
FNDA:0,API_UpdateGlobalConfig
DA:13,0
DA:14,0
DA:15,0
DA:16,0
DA:17,0
DA:19,0
DA:22,0
DA:23,0
DA:24,0
DA:25,0
DA:26,0
DA:27,0
DA:28,0
DA:29,0
DA:31,0
DA:34,0
DA:40,0
DA:41,0
DA:53,13
DA:54,13
DA:58,13
DA:60,13
DA:61,13
DA:63,13
DA:64,0
DA:67,13
DA:68,0
DA:69,0
DA:71,0
DA:72,0
DA:75,13
DA:77,0
DA:78,0
DA:81,13
DA:82,0
DA:84,0
DA:85,0
DA:87,0
DA:88,0
DA:89,0
DA:90,0
DA:93,13
DA:94,0
DA:95,0
DA:97,0
DA:98,0
DA:99,0
DA:102,13
DA:103,0
DA:104,0
DA:106,0
DA:107,0
DA:108,0
DA:110,0
DA:112,0
DA:115,13
DA:116,0
DA:117,0
DA:118,0
DA:119,0
DA:121,0
DA:122,0
DA:125,0
DA:128,13
DA:129,0
DA:130,0
DA:131,0
DA:134,13
DA:135,0
DA:136,0
DA:137,0
DA:140,0
DA:141,0
DA:144,0
DA:147,0
DA:148,0
DA:149,0
DA:150,0
DA:151,0
DA:152,0
DA:157,0
DA:158,0
DA:159,0
DA:161,0
DA:164,0
DA:166,0
DA:168,0
DA:172,13
DA:173,5
DA:174,3
DA:176,5
DA:177,5
DA:181,5
DA:182,5
DA:183,5
DA:185,5
DA:192,5
DA:193,8
DA:194,3
DA:195,3
DA:196,3
DA:198,0
DA:200,5
DA:201,1
DA:202,1
DA:203,4
DA:205,2
DA:206,2
DA:207,2
DA:208,0
DA:209,0
DA:210,2
DA:212,0
DA:213,0
DA:214,0
DA:215,0
DA:216,0
DA:218,0
DA:219,0
DA:220,2
DA:221,0
DA:222,0
DA:224,0
DA:225,0
DA:226,0
DA:228,2
DA:229,2
DA:230,1
DA:234,1
DA:235,2
DA:236,2
DA:237,2
DA:242,1
DA:243,1
DA:244,1
DA:245,1
DA:250,1
DA:251,1
DA:252,1
DA:253,1
DA:255,1
DA:256,1
DA:257,1
DA:258,0
DA:259,0
DA:260,0
DA:262,0
DA:263,0
DA:264,0
DA:265,0
DA:268,0
DA:270,0
DA:271,0
DA:276,0
DA:277,0
DA:278,0
DA:279,0
DA:280,0
DA:281,0
DA:283,0
DA:284,0
DA:285,0
DA:286,0
DA:287,0
DA:288,0
DA:289,0
DA:290,0
DA:295,0
DA:296,0
DA:313,1
DA:314,2
DA:315,0
DA:316,0
DA:319,0
DA:320,0
DA:326,0
DA:327,0
DA:333,0
DA:334,0
DA:336,0
DA:337,0
DA:338,0
DA:339,0
DA:342,0
DA:359,1
DA:362,1
DA:363,0
DA:364,0
DA:367,1
DA:369,1
DA:374,0
DA:375,0
DA:377,0
DA:378,0
DA:380,0
DA:381,0
DA:382,0
DA:383,0
DA:384,0
DA:385,0
DA:387,0
DA:390,0
DA:392,0
DA:394,0
DA:400,0
DA:403,4
DA:404,4
DA:407,4
DA:411,4
DA:413,3
DA:416,3
DA:417,3
DA:418,3
DA:420,3
DA:421,2
DA:422,2
DA:424,3
DA:430,3
DA:435,5
DA:436,5
DA:446,0
DA:447,0
DA:448,0
DA:451,0
DA:455,0
DA:456,0
DA:458,0
DA:459,0
DA:462,0
DA:463,0
DA:466,0
DA:468,0
DA:469,0
DA:470,0
DA:471,0
DA:473,0
DA:478,0
DA:480,0
DA:482,0
DA:485,0
LF:240
LH:76
BRDA:22,0,0,0
BRDA:22,0,1,0
BRDA:24,1,0,0
BRDA:24,1,1,0
BRDA:26,2,0,0
BRDA:26,2,1,0
BRDA:28,3,0,0
BRDA:28,3,1,0
BRDA:29,4,0,0
BRDA:29,4,1,0
BRDA:40,5,0,0
BRDA:40,5,1,0
BRDA:58,6,0,0
BRDA:58,6,1,13
BRDA:60,7,0,13
BRDA:60,7,1,0
BRDA:61,8,0,13
BRDA:61,8,1,0
BRDA:61,9,0,13
BRDA:61,9,1,13
BRDA:63,10,0,0
BRDA:63,10,1,13
BRDA:67,11,0,0
BRDA:67,11,1,13
BRDA:68,12,0,0
BRDA:68,12,1,0
BRDA:75,13,0,0
BRDA:75,13,1,13
BRDA:81,14,0,0
BRDA:81,14,1,13
BRDA:82,15,0,0
BRDA:82,15,1,0
BRDA:87,16,0,0
BRDA:87,16,1,0
BRDA:87,17,0,0
BRDA:87,17,1,0
BRDA:88,18,0,0
BRDA:88,18,1,0
BRDA:93,19,0,0
BRDA:93,19,1,13
BRDA:94,20,0,0
BRDA:94,20,1,0
BRDA:97,21,0,0
BRDA:97,21,1,0
BRDA:97,22,0,0
BRDA:97,22,1,0
BRDA:102,23,0,0
BRDA:102,23,1,13
BRDA:103,24,0,0
BRDA:103,24,1,0
BRDA:108,25,0,0
BRDA:108,25,1,0
BRDA:115,26,0,0
BRDA:115,26,1,13
BRDA:117,27,0,0
BRDA:117,27,1,0
BRDA:119,28,0,0
BRDA:119,28,1,0
BRDA:122,29,0,0
BRDA:122,29,1,0
BRDA:128,30,0,0
BRDA:128,30,1,13
BRDA:129,31,0,0
BRDA:129,31,1,0
BRDA:134,32,0,0
BRDA:134,32,1,13
BRDA:137,33,0,0
BRDA:137,33,1,0
BRDA:140,34,0,0
BRDA:140,34,1,0
BRDA:147,35,0,0
BRDA:147,35,1,0
BRDA:147,36,0,0
BRDA:147,36,1,0
BRDA:148,37,0,0
BRDA:148,37,1,0
BRDA:151,38,0,0
BRDA:151,38,1,0
BRDA:157,39,0,0
BRDA:157,39,1,0
BRDA:158,40,0,0
BRDA:158,40,1,0
BRDA:158,41,0,0
BRDA:158,41,1,0
BRDA:159,42,0,0
BRDA:159,42,1,0
BRDA:172,43,0,5
BRDA:172,43,1,8
BRDA:173,44,0,3
BRDA:173,44,1,2
BRDA:173,45,0,5
BRDA:173,45,1,2
BRDA:182,46,0,5
BRDA:182,46,1,2
BRDA:182,46,2,2
BRDA:183,47,0,5
BRDA:183,47,1,0
BRDA:193,48,0,3
BRDA:193,48,1,5
BRDA:194,49,0,3
BRDA:194,49,1,0
BRDA:194,50,0,3
BRDA:194,50,1,0
BRDA:195,51,0,3
BRDA:195,51,1,0
BRDA:200,52,0,1
BRDA:200,52,1,4
BRDA:203,53,0,2
BRDA:203,53,1,2
BRDA:205,54,0,1
BRDA:205,54,1,1
BRDA:205,55,0,1
BRDA:205,55,1,0
BRDA:207,56,0,0
BRDA:207,56,1,2
BRDA:208,57,0,0
BRDA:208,57,1,0
BRDA:208,58,0,0
BRDA:208,58,1,0
BRDA:210,59,0,0
BRDA:210,59,1,2
BRDA:212,60,0,0
BRDA:212,60,1,0
BRDA:212,61,0,0
BRDA:212,61,1,0
BRDA:214,62,0,0
BRDA:214,62,1,0
BRDA:216,63,0,0
BRDA:216,63,1,0
BRDA:220,64,0,0
BRDA:220,64,1,2
BRDA:221,65,0,0
BRDA:221,65,1,0
BRDA:224,66,0,0
BRDA:224,66,1,0
BRDA:224,67,0,0
BRDA:224,67,1,0
BRDA:224,67,2,0
BRDA:228,68,0,2
BRDA:228,68,1,0
BRDA:229,69,0,1
BRDA:229,69,1,1
BRDA:235,70,0,2
BRDA:235,70,1,0
BRDA:235,71,0,2
BRDA:235,71,1,0
BRDA:242,72,0,1
BRDA:242,72,1,0
BRDA:242,73,0,1
BRDA:242,73,1,1
BRDA:244,74,0,1
BRDA:244,74,1,0
BRDA:244,75,0,1
BRDA:244,75,1,1
BRDA:252,76,0,1
BRDA:252,76,1,0
BRDA:253,77,0,1
BRDA:253,77,1,0
BRDA:255,78,0,1
BRDA:255,78,1,0
BRDA:255,79,0,1
BRDA:255,79,1,1
BRDA:256,80,0,0
BRDA:256,80,1,0
BRDA:256,80,2,0
BRDA:256,80,3,0
BRDA:257,81,0,0
BRDA:257,81,1,1
BRDA:264,82,0,0
BRDA:264,82,1,0
BRDA:264,83,0,0
BRDA:264,83,1,0
BRDA:268,84,0,0
BRDA:268,84,1,0
BRDA:271,85,0,0
BRDA:271,85,1,0
BRDA:271,85,2,0
BRDA:277,86,0,0
BRDA:277,86,1,0
BRDA:277,87,0,0
BRDA:277,87,1,0
BRDA:283,88,0,0
BRDA:283,88,1,0
BRDA:285,89,0,0
BRDA:285,89,1,0
BRDA:295,90,0,0
BRDA:295,90,1,0
BRDA:314,91,0,0
BRDA:314,91,1,2
BRDA:314,92,0,2
BRDA:314,92,1,0
BRDA:320,93,0,0
BRDA:320,93,1,0
BRDA:320,93,2,0
BRDA:327,94,0,0
BRDA:327,94,1,0
BRDA:327,94,2,0
BRDA:327,94,3,0
BRDA:333,95,0,0
BRDA:333,95,1,0
BRDA:334,96,0,0
BRDA:334,96,1,0
BRDA:336,97,0,0
BRDA:336,97,1,0
BRDA:336,98,0,0
BRDA:336,98,1,0
BRDA:338,99,0,0
BRDA:338,99,1,0
BRDA:350,100,0,0
BRDA:350,100,1,0
BRDA:362,101,0,0
BRDA:362,101,1,1
BRDA:364,102,0,0
BRDA:364,102,1,0
BRDA:367,103,0,1
BRDA:367,103,1,0
BRDA:372,104,0,1
BRDA:372,104,1,0
BRDA:374,105,0,0
BRDA:374,105,1,0
BRDA:375,106,0,0
BRDA:375,106,1,0
BRDA:377,107,0,0
BRDA:377,107,1,0
BRDA:381,108,0,0
BRDA:381,108,1,0
BRDA:382,109,0,0
BRDA:382,109,1,0
BRDA:383,110,0,0
BRDA:383,110,1,0
BRDA:384,111,0,0
BRDA:384,111,1,0
BRDA:385,112,0,0
BRDA:385,112,1,0
BRDA:392,113,0,0
BRDA:392,113,1,0
BRDA:403,114,0,4
BRDA:403,114,1,3
BRDA:403,114,2,3
BRDA:404,115,0,4
BRDA:404,115,1,0
BRDA:413,116,0,3
BRDA:413,116,1,0
BRDA:417,117,0,3
BRDA:417,117,1,0
BRDA:420,118,0,1
BRDA:420,118,1,2
BRDA:421,119,0,0
BRDA:421,119,1,2
BRDA:422,120,0,1
BRDA:422,120,1,1
BRDA:422,121,0,2
BRDA:422,121,1,2
BRDA:422,121,2,1
BRDA:435,122,0,5
BRDA:435,122,1,0
BRDA:448,123,0,0
BRDA:448,123,1,0
BRDA:451,124,0,0
BRDA:451,124,1,0
BRDA:455,125,0,0
BRDA:455,125,1,0
BRDA:456,126,0,0
BRDA:456,126,1,0
BRDA:458,127,0,0
BRDA:458,127,1,0
BRDA:469,128,0,0
BRDA:469,128,1,0
BRDA:469,129,0,0
BRDA:469,129,1,0
BRDA:470,130,0,0
BRDA:470,130,1,0
BRF:272
BRH:76
end_of_record
TN:
SF:src\Adapter_CloudDB.js
FN:5,(anonymous_0)
FNF:1
FNH:1
FNDA:1,(anonymous_0)
DA:4,7
DA:6,1
DA:10,7
DA:11,7
LF:4
LH:4
BRDA:10,0,0,7
BRDA:10,0,1,0
BRF:2
BRH:1
end_of_record
TN:
SF:src\Adapter_Sheets.js
FN:12,_normalizeHeader
FN:24,_buildDefaultValuesMap
FN:27,(anonymous_2)
FN:41,(anonymous_3)
FN:50,(anonymous_4)
FN:91,(anonymous_5)
FN:106,(anonymous_6)
FN:212,(anonymous_7)
FN:254,(anonymous_8)
FN:266,(anonymous_9)
FN:411,(anonymous_10)
FN:437,(anonymous_11)
FN:444,(anonymous_12)
FN:464,(anonymous_13)
FN:502,(anonymous_14)
FN:513,(anonymous_15)
FN:527,(anonymous_16)
FN:564,(anonymous_17)
FN:590,(anonymous_18)
FN:591,(anonymous_19)
FN:593,(anonymous_20)
FN:612,(anonymous_21)
FN:616,(anonymous_22)
FN:635,(anonymous_23)
FN:647,(anonymous_24)
FN:677,(anonymous_25)
FN:771,(anonymous_26)
FN:830,(anonymous_27)
FN:839,(anonymous_28)
FNF:29
FNH:23
FNDA:998,_normalizeHeader
FNDA:23,_buildDefaultValuesMap
FNDA:15,(anonymous_2)
FNDA:40,(anonymous_3)
FNDA:28,(anonymous_4)
FNDA:133,(anonymous_5)
FNDA:12,(anonymous_6)
FNDA:8,(anonymous_7)
FNDA:0,(anonymous_8)
FNDA:96,(anonymous_9)
FNDA:15,(anonymous_10)
FNDA:4,(anonymous_11)
FNDA:44,(anonymous_12)
FNDA:12,(anonymous_13)
FNDA:2037,(anonymous_14)
FNDA:23,(anonymous_15)
FNDA:6,(anonymous_16)
FNDA:40,(anonymous_17)
FNDA:9,(anonymous_18)
FNDA:9,(anonymous_19)
FNDA:19,(anonymous_20)
FNDA:329,(anonymous_21)
FNDA:304,(anonymous_22)
FNDA:0,(anonymous_23)
FNDA:0,(anonymous_24)
FNDA:13,(anonymous_25)
FNDA:0,(anonymous_26)
FNDA:0,(anonymous_27)
FNDA:0,(anonymous_28)
DA:3,18
DA:4,18
DA:5,0
DA:10,18
DA:13,998
DA:15,998
DA:25,23
DA:26,23
DA:27,5
DA:28,15
DA:29,0
DA:33,23
DA:36,18
DA:42,40
DA:43,40
DA:44,25
DA:46,40
DA:53,28
DA:54,28
DA:55,28
DA:57,28
DA:58,0
DA:61,28
DA:62,13
DA:63,13
DA:68,15
DA:70,15
DA:71,15
DA:73,15
DA:74,15
DA:75,15
DA:77,0
DA:80,15
DA:81,15
DA:82,15
DA:83,15
DA:86,15
DA:87,15
DA:88,15
DA:91,133
DA:92,15
DA:95,15
DA:96,15
DA:97,0
DA:100,15
DA:102,15
DA:103,15
DA:105,10
DA:106,12
DA:107,10
DA:108,10
DA:109,8
DA:114,15
DA:115,15
DA:117,15
DA:118,15
DA:119,15
DA:120,15
DA:122,15
DA:124,15
DA:125,15
DA:126,15
DA:128,8
DA:131,8
DA:132,0
DA:135,8
DA:136,8
DA:138,7
DA:139,7
DA:142,14
DA:143,123
DA:145,123
DA:147,61
DA:148,14
DA:149,47
DA:150,23
DA:151,24
DA:152,6
DA:155,18
DA:159,62
DA:160,14
DA:161,48
DA:162,24
DA:163,24
DA:164,0
DA:166,24
DA:171,14
DA:173,7
DA:174,7
DA:176,7
DA:177,7
DA:178,7
DA:181,7
DA:182,0
DA:184,7
DA:185,6
DA:187,7
DA:188,7
DA:191,7
DA:192,7
DA:193,7
DA:195,3
DA:196,3
DA:199,7
DA:200,7
DA:201,7
DA:204,15
DA:213,8
DA:215,8
DA:216,8
DA:217,8
DA:219,8
DA:220,0
DA:223,8
DA:224,0
DA:227,8
DA:228,8
DA:230,8
DA:231,8
DA:232,8
DA:234,0
DA:237,8
DA:238,8
DA:240,8
DA:241,8
DA:243,8
DA:245,8
DA:246,8
DA:247,8
DA:248,8
DA:249,8
DA:251,8
DA:252,0
DA:253,0
DA:254,0
DA:256,0
DA:257,0
DA:259,0
DA:260,0
DA:263,8
DA:264,8
DA:265,8
DA:266,96
DA:268,8
DA:269,8
DA:271,8
DA:272,8
DA:273,8
DA:274,22
DA:279,8
DA:280,8
DA:282,8
DA:283,8
DA:284,8
DA:285,8
DA:286,8
DA:288,8
DA:290,8
DA:291,8
DA:292,8
DA:294,8
DA:295,16
DA:296,16
DA:297,16
DA:298,16
DA:300,16
DA:301,16
DA:302,15
DA:303,0
DA:306,15
DA:307,15
DA:309,15
DA:310,0
DA:311,0
DA:313,15
DA:314,15
DA:317,15
DA:318,0
DA:321,15
DA:323,15
DA:324,185
DA:325,185
DA:326,30
DA:327,155
DA:328,15
DA:329,140
DA:330,15
DA:331,125
DA:332,75
DA:334,50
DA:337,15
DA:338,15
DA:340,15
DA:341,0
DA:344,15
DA:345,15
DA:347,1
DA:348,1
DA:350,1
DA:351,11
DA:352,11
DA:353,2
DA:354,9
DA:355,2
DA:356,7
DA:357,5
DA:358,2
DA:359,0
DA:361,2
DA:364,1
DA:365,0
DA:367,1
DA:368,0
DA:370,1
DA:371,1
DA:373,1
DA:374,1
DA:375,1
DA:376,1
DA:377,1
DA:378,1
DA:381,1
DA:382,0
DA:383,0
DA:386,1
DA:387,1
DA:390,0
DA:391,0
DA:399,0
DA:404,8
DA:405,0
DA:406,0
DA:407,0
DA:409,8
DA:410,8
DA:411,8
DA:412,15
DA:414,8
DA:416,8
DA:417,1
DA:419,1
DA:420,0
DA:421,0
DA:423,1
DA:424,1
DA:427,1
DA:431,8
DA:433,8
DA:438,4
DA:439,4
DA:440,4
DA:442,4
DA:443,4
DA:444,44
DA:446,4
DA:447,4
DA:449,4
DA:450,0
DA:453,4
DA:455,4
DA:457,4
DA:458,4
DA:460,4
DA:461,4
DA:463,4
DA:464,12
DA:465,4
DA:466,4
DA:467,3
DA:471,4
DA:472,1
DA:475,3
DA:477,3
DA:478,3
DA:480,3
DA:481,3
DA:482,3
DA:483,3
DA:484,3
DA:486,3
DA:488,3
DA:489,3
DA:490,3
DA:491,3
DA:492,3
DA:494,3
DA:495,3
DA:503,2037
DA:504,2037
DA:505,2037
DA:506,2037
DA:514,23
DA:515,20
DA:516,20
DA:517,20
DA:518,1
DA:520,19
DA:521,19
DA:528,6
DA:529,6
DA:531,6
DA:536,6
DA:537,6
DA:539,6
DA:540,6
DA:541,6
DA:542,6
DA:543,2
DA:544,2
DA:545,5
DA:546,5
DA:547,2
DA:548,2
DA:549,2
DA:550,2
DA:551,2
DA:557,6
DA:560,6
DA:561,6
DA:566,40
DA:567,0
DA:570,40
DA:571,40
DA:572,2
DA:573,2
DA:577,40
DA:578,40
DA:579,40
DA:580,40
DA:581,40
DA:583,40
DA:585,40
DA:587,40
DA:588,40
DA:589,31
DA:590,9
DA:591,9
DA:593,19
DA:596,0
DA:597,0
DA:598,0
DA:601,40
DA:602,40
DA:604,40
DA:605,2
DA:606,2
DA:609,38
DA:610,38
DA:611,38
DA:612,329
DA:614,38
DA:615,38
DA:616,38
DA:617,304
DA:618,304
DA:619,98
DA:620,98
DA:621,98
DA:624,38
DA:625,26
DA:626,26
DA:627,4
DA:632,40
DA:636,0
DA:637,0
DA:638,0
DA:639,0
DA:642,0
DA:643,0
DA:645,0
DA:646,0
DA:647,0
DA:648,0
DA:651,0
DA:652,0
DA:653,0
DA:655,0
DA:656,0
DA:657,0
DA:658,0
DA:659,0
DA:660,0
DA:662,0
DA:678,13
DA:682,13
DA:683,13
DA:686,13
DA:687,13
DA:691,13
DA:692,0
DA:694,13
DA:695,13
DA:696,13
DA:701,13
DA:702,13
DA:703,13
DA:705,13
DA:706,87
DA:707,65
DA:708,65
DA:709,65
DA:715,13
DA:716,3
DA:719,10
DA:720,10
DA:721,0
DA:722,0
DA:725,10
DA:726,10
DA:728,10
DA:729,2014
DA:732,2014
DA:733,0
DA:737,2014
DA:738,0
DA:739,0
DA:743,2014
DA:744,1001
DA:745,1001
DA:746,6003
DA:747,6003
DA:749,1001
DA:751,1013
DA:752,1013
DA:753,6101
DA:754,6101
DA:755,6101
DA:757,1013
DA:762,10
DA:764,10
DA:772,0
DA:773,0
DA:776,0
DA:777,0
DA:778,0
DA:782,0
DA:783,0
DA:784,0
DA:787,0
DA:788,0
DA:790,0
DA:793,0
DA:801,0
DA:802,0
DA:803,0
DA:805,0
DA:806,0
DA:807,0
DA:811,0
DA:812,0
DA:813,0
DA:817,0
DA:818,0
DA:820,0
DA:823,0
DA:824,0
DA:828,0
DA:829,0
DA:830,0
DA:831,0
DA:832,0
DA:837,0
DA:838,0
DA:839,0
DA:840,0
DA:841,0
DA:842,0
DA:843,0
DA:844,0
DA:846,0
DA:851,0
DA:852,0
DA:857,0
DA:861,18
DA:862,18
LF:475
LH:365
BRDA:3,0,0,18
BRDA:3,0,1,0
BRDA:3,1,0,18
BRDA:3,1,1,18
BRDA:4,2,0,0
BRDA:4,2,1,18
BRDA:13,3,0,0
BRDA:13,3,1,998
BRDA:26,4,0,5
BRDA:26,4,1,18
BRDA:26,5,0,23
BRDA:26,5,1,23
BRDA:28,6,0,0
BRDA:28,6,1,15
BRDA:42,7,0,7
BRDA:42,7,1,33
BRDA:43,8,0,25
BRDA:43,8,1,15
BRDA:53,9,0,28
BRDA:53,9,1,0
BRDA:53,10,0,0
BRDA:53,10,1,0
BRDA:53,11,0,0
BRDA:53,11,1,0
BRDA:54,12,0,28
BRDA:54,12,1,0
BRDA:55,13,0,28
BRDA:55,13,1,0
BRDA:55,14,0,28
BRDA:55,14,1,28
BRDA:57,15,0,0
BRDA:57,15,1,28
BRDA:61,16,0,13
BRDA:61,16,1,15
BRDA:61,17,0,28
BRDA:61,17,1,28
BRDA:62,18,0,13
BRDA:62,18,1,0
BRDA:70,19,0,4
BRDA:70,19,1,11
BRDA:70,20,0,15
BRDA:70,20,1,4
BRDA:86,21,0,15
BRDA:86,21,1,0
BRDA:92,22,0,15
BRDA:92,22,1,0
BRDA:96,23,0,0
BRDA:96,23,1,15
BRDA:103,24,0,10
BRDA:103,24,1,5
BRDA:108,25,0,8
BRDA:108,25,1,2
BRDA:114,26,0,15
BRDA:114,26,1,0
BRDA:126,27,0,8
BRDA:126,27,1,7
BRDA:131,28,0,0
BRDA:131,28,1,8
BRDA:135,29,0,0
BRDA:135,29,1,8
BRDA:145,30,0,61
BRDA:145,30,1,62
BRDA:147,31,0,14
BRDA:147,31,1,47
BRDA:147,32,0,61
BRDA:147,32,1,54
BRDA:148,33,0,14
BRDA:148,33,1,0
BRDA:149,34,0,23
BRDA:149,34,1,24
BRDA:150,35,0,23
BRDA:150,35,1,0
BRDA:150,36,0,23
BRDA:150,36,1,23
BRDA:151,37,0,6
BRDA:151,37,1,18
BRDA:155,38,0,18
BRDA:155,38,1,0
BRDA:159,39,0,14
BRDA:159,39,1,48
BRDA:159,40,0,62
BRDA:159,40,1,55
BRDA:161,41,0,24
BRDA:161,41,1,24
BRDA:161,42,0,48
BRDA:161,42,1,24
BRDA:161,42,2,24
BRDA:163,43,0,0
BRDA:163,43,1,24
BRDA:171,44,0,7
BRDA:171,44,1,7
BRDA:173,45,0,7
BRDA:173,45,1,0
BRDA:174,46,0,7
BRDA:174,46,1,0
BRDA:176,47,0,7
BRDA:176,47,1,0
BRDA:181,48,0,0
BRDA:181,48,1,7
BRDA:181,49,0,7
BRDA:181,49,1,7
BRDA:181,49,2,7
BRDA:184,50,0,6
BRDA:184,50,1,1
BRDA:184,51,0,7
BRDA:184,51,1,6
BRDA:184,51,2,0
BRDA:187,52,0,7
BRDA:187,52,1,0
BRDA:188,53,0,6
BRDA:188,53,1,1
BRDA:193,54,0,3
BRDA:193,54,1,4
BRDA:199,55,0,7
BRDA:199,55,1,0
BRDA:213,56,0,0
BRDA:213,56,1,8
BRDA:213,57,0,8
BRDA:213,57,1,8
BRDA:215,58,0,8
BRDA:215,58,1,0
BRDA:217,59,0,8
BRDA:217,59,1,0
BRDA:217,60,0,8
BRDA:217,60,1,8
BRDA:219,61,0,0
BRDA:219,61,1,8
BRDA:223,62,0,0
BRDA:223,62,1,8
BRDA:227,63,0,8
BRDA:227,63,1,0
BRDA:227,64,0,8
BRDA:227,64,1,8
BRDA:249,65,0,8
BRDA:249,65,1,0
BRDA:251,66,0,0
BRDA:251,66,1,8
BRDA:257,67,0,0
BRDA:257,67,1,0
BRDA:263,68,0,8
BRDA:263,68,1,0
BRDA:269,69,0,0
BRDA:269,69,1,8
BRDA:271,70,0,8
BRDA:271,70,1,0
BRDA:279,71,0,8
BRDA:279,71,1,0
BRDA:286,72,0,0
BRDA:286,72,1,8
BRDA:296,73,0,0
BRDA:296,73,1,16
BRDA:301,74,0,15
BRDA:301,74,1,1
BRDA:302,75,0,0
BRDA:302,75,1,15
BRDA:309,76,0,0
BRDA:309,76,1,15
BRDA:317,77,0,0
BRDA:317,77,1,15
BRDA:325,78,0,30
BRDA:325,78,1,155
BRDA:325,79,0,185
BRDA:325,79,1,170
BRDA:327,80,0,15
BRDA:327,80,1,140
BRDA:329,81,0,15
BRDA:329,81,1,125
BRDA:331,82,0,75
BRDA:331,82,1,50
BRDA:337,83,0,15
BRDA:337,83,1,0
BRDA:338,84,0,15
BRDA:338,84,1,0
BRDA:340,85,0,0
BRDA:340,85,1,15
BRDA:352,86,0,2
BRDA:352,86,1,9
BRDA:352,87,0,11
BRDA:352,87,1,10
BRDA:354,88,0,2
BRDA:354,88,1,7
BRDA:354,89,0,9
BRDA:354,89,1,8
BRDA:356,90,0,5
BRDA:356,90,1,2
BRDA:356,91,0,7
BRDA:356,91,1,5
BRDA:356,91,2,5
BRDA:358,92,0,0
BRDA:358,92,1,2
BRDA:364,93,0,0
BRDA:364,93,1,1
BRDA:364,94,0,1
BRDA:364,94,1,1
BRDA:364,94,2,1
BRDA:367,95,0,0
BRDA:367,95,1,1
BRDA:367,96,0,1
BRDA:367,96,1,1
BRDA:367,96,2,1
BRDA:370,97,0,1
BRDA:370,97,1,0
BRDA:371,98,0,1
BRDA:371,98,1,0
BRDA:375,99,0,1
BRDA:375,99,1,0
BRDA:381,100,0,0
BRDA:381,100,1,1
BRDA:392,101,0,0
BRDA:392,101,1,0
BRDA:397,102,0,0
BRDA:397,102,1,0
BRDA:404,103,0,0
BRDA:404,103,1,8
BRDA:405,104,0,0
BRDA:405,104,1,0
BRDA:409,105,0,8
BRDA:409,105,1,0
BRDA:410,106,0,8
BRDA:410,106,1,0
BRDA:416,107,0,1
BRDA:416,107,1,7
BRDA:417,108,0,1
BRDA:417,108,1,0
BRDA:419,109,0,0
BRDA:419,109,1,1
BRDA:419,110,0,1
BRDA:419,110,1,1
BRDA:438,111,0,4
BRDA:438,111,1,0
BRDA:438,112,0,4
BRDA:438,112,1,4
BRDA:446,113,0,4
BRDA:446,113,1,0
BRDA:447,114,0,4
BRDA:447,114,1,0
BRDA:447,115,0,4
BRDA:447,115,1,4
BRDA:449,116,0,0
BRDA:449,116,1,4
BRDA:453,117,0,0
BRDA:453,117,1,4
BRDA:461,118,0,4
BRDA:461,118,1,0
BRDA:466,119,0,3
BRDA:466,119,1,1
BRDA:471,120,0,1
BRDA:471,120,1,3
BRDA:477,121,0,3
BRDA:477,121,1,0
BRDA:488,122,0,3
BRDA:488,122,1,0
BRDA:489,123,0,3
BRDA:489,123,1,0
BRDA:490,124,0,3
BRDA:490,124,1,0
BRDA:491,125,0,3
BRDA:491,125,1,0
BRDA:492,126,0,3
BRDA:492,126,1,0
BRDA:506,127,0,2037
BRDA:506,127,1,26
BRDA:506,127,2,2037
BRDA:506,127,3,0
BRDA:506,127,4,2037
BRDA:506,127,5,2036
BRDA:514,128,0,20
BRDA:514,128,1,3
BRDA:515,129,0,20
BRDA:515,129,1,15
BRDA:516,130,0,20
BRDA:516,130,1,19
BRDA:516,130,2,15
BRDA:517,131,0,1
BRDA:517,131,1,19
BRDA:517,132,0,20
BRDA:517,132,1,2
BRDA:529,133,0,0
BRDA:529,133,1,6
BRDA:531,134,0,1
BRDA:531,134,1,5
BRDA:531,135,0,6
BRDA:531,135,1,6
BRDA:531,135,2,1
BRDA:536,136,0,1
BRDA:536,136,1,5
BRDA:539,137,0,6
BRDA:539,137,1,0
BRDA:542,138,0,2
BRDA:542,138,1,4
BRDA:545,139,0,5
BRDA:545,139,1,3
BRDA:546,140,0,2
BRDA:546,140,1,3
BRDA:548,141,0,2
BRDA:548,141,1,0
BRDA:550,142,0,2
BRDA:550,142,1,0
BRDA:550,143,0,2
BRDA:550,143,1,2
BRDA:566,144,0,0
BRDA:566,144,1,40
BRDA:571,145,0,2
BRDA:571,145,1,38
BRDA:580,146,0,40
BRDA:580,146,1,0
BRDA:581,147,0,40
BRDA:581,147,1,0
BRDA:585,148,0,40
BRDA:585,148,1,0
BRDA:587,149,0,40
BRDA:587,149,1,0
BRDA:588,150,0,31
BRDA:588,150,1,9
BRDA:590,151,0,9
BRDA:590,151,1,9
BRDA:590,151,2,9
BRDA:593,152,0,19
BRDA:593,152,1,11
BRDA:597,153,0,0
BRDA:597,153,1,0
BRDA:604,154,0,2
BRDA:604,154,1,38
BRDA:610,155,0,38
BRDA:610,155,1,0
BRDA:610,156,0,38
BRDA:610,156,1,38
BRDA:611,157,0,38
BRDA:611,157,1,0
BRDA:612,158,0,329
BRDA:612,158,1,0
BRDA:617,159,0,304
BRDA:617,159,1,0
BRDA:618,160,0,98
BRDA:618,160,1,206
BRDA:624,161,0,26
BRDA:624,161,1,12
BRDA:626,162,0,4
BRDA:626,162,1,22
BRDA:626,163,0,26
BRDA:626,163,1,26
BRDA:636,164,0,0
BRDA:636,164,1,0
BRDA:637,165,0,0
BRDA:637,165,1,0
BRDA:637,166,0,0
BRDA:637,166,1,0
BRDA:642,167,0,0
BRDA:642,167,1,0
BRDA:642,168,0,0
BRDA:642,168,1,0
BRDA:645,169,0,0
BRDA:645,169,1,0
BRDA:647,170,0,0
BRDA:647,170,1,0
BRDA:648,171,0,0
BRDA:648,171,1,0
BRDA:651,172,0,0
BRDA:651,172,1,0
BRDA:653,173,0,0
BRDA:653,173,1,0
BRDA:678,174,0,13
BRDA:678,174,1,0
BRDA:678,175,0,13
BRDA:678,175,1,13
BRDA:687,176,0,0
BRDA:687,176,1,13
BRDA:691,177,0,0
BRDA:691,177,1,13
BRDA:706,178,0,65
BRDA:706,178,1,22
BRDA:706,179,0,87
BRDA:706,179,1,68
BRDA:708,180,0,2
BRDA:708,180,1,63
BRDA:715,181,0,3
BRDA:715,181,1,10
BRDA:720,182,0,0
BRDA:720,182,1,10
BRDA:720,183,0,10
BRDA:720,183,1,0
BRDA:732,184,0,0
BRDA:732,184,1,2014
BRDA:737,185,0,0
BRDA:737,185,1,2014
BRDA:737,186,0,2014
BRDA:737,186,1,0
BRDA:737,186,2,0
BRDA:738,187,0,0
BRDA:738,187,1,0
BRDA:743,188,0,1001
BRDA:743,188,1,1013
BRDA:747,189,0,6003
BRDA:747,189,1,0
BRDA:755,190,0,6077
BRDA:755,190,1,24
BRDA:772,191,0,0
BRDA:772,191,1,0
BRDA:772,192,0,0
BRDA:772,192,1,0
BRDA:776,193,0,0
BRDA:776,193,1,0
BRDA:776,194,0,0
BRDA:776,194,1,0
BRDA:777,195,0,0
BRDA:777,195,1,0
BRDA:805,196,0,0
BRDA:805,196,1,0
BRDA:806,197,0,0
BRDA:806,197,1,0
BRDA:812,198,0,0
BRDA:812,198,1,0
BRDA:812,199,0,0
BRDA:812,199,1,0
BRDA:823,200,0,0
BRDA:823,200,1,0
BRDA:829,201,0,0
BRDA:829,201,1,0
BRDA:829,202,0,0
BRDA:829,202,1,0
BRDA:831,203,0,0
BRDA:831,203,1,0
BRDA:838,204,0,0
BRDA:838,204,1,0
BRDA:838,205,0,0
BRDA:838,205,1,0
BRDA:841,206,0,0
BRDA:841,206,1,0
BRDA:846,207,0,0
BRDA:846,207,1,0
BRDA:846,208,0,0
BRDA:846,208,1,0
BRDA:846,208,2,0
BRDA:851,209,0,0
BRDA:851,209,1,0
BRDA:861,210,0,18
BRDA:861,210,1,0
BRF:437
BRH:267
end_of_record
TN:
SF:src\Business_Interceptors.js
FN:7,(anonymous_0)
FN:13,_provisionStubs
FN:25,(anonymous_2)
FN:36,(anonymous_3)
FN:44,(anonymous_4)
FN:51,(anonymous_5)
FN:64,(anonymous_6)
FN:103,_provisionRelationalStubs
FN:110,(anonymous_8)
FN:124,(anonymous_9)
FN:127,(anonymous_10)
FN:158,(anonymous_11)
FN:197,(anonymous_12)
FN:208,(anonymous_13)
FN:214,(anonymous_14)
FN:247,(anonymous_15)
FN:261,(anonymous_16)
FN:262,(anonymous_17)
FN:269,(anonymous_18)
FN:287,(anonymous_19)
FN:295,(anonymous_20)
FN:328,(anonymous_21)
FN:365,(anonymous_22)
FN:378,(anonymous_23)
FN:433,(anonymous_24)
FN:434,(anonymous_25)
FN:480,(anonymous_26)
FN:484,(anonymous_27)
FN:516,(anonymous_28)
FN:520,(anonymous_29)
FN:594,(anonymous_30)
FN:603,(anonymous_31)
FN:605,(anonymous_32)
FN:633,(anonymous_33)
FN:649,(anonymous_34)
FN:653,(anonymous_35)
FN:687,(anonymous_36)
FN:693,(anonymous_37)
FN:694,(anonymous_38)
FN:701,(anonymous_39)
FN:706,(anonymous_40)
FN:707,(anonymous_41)
FN:720,(anonymous_42)
FN:729,(anonymous_43)
FN:733,(anonymous_44)
FN:757,(anonymous_45)
FN:763,(anonymous_46)
FN:764,(anonymous_47)
FN:768,(anonymous_48)
FN:771,(anonymous_49)
FN:785,(anonymous_50)
FN:844,(anonymous_51)
FN:880,(anonymous_52)
FN:889,(anonymous_53)
FN:893,(anonymous_54)
FN:918,(anonymous_55)
FN:947,(anonymous_56)
FN:961,(anonymous_57)
FN:962,(anonymous_58)
FN:998,(anonymous_59)
FN:1032,(anonymous_60)
FN:1041,(anonymous_61)
FN:1049,toTitleCase
FN:1050,(anonymous_63)
FN:1053,addEdge
FN:1054,(anonymous_65)
FN:1071,(anonymous_66)
FN:1074,(anonymous_67)
FN:1075,(anonymous_68)
FN:1087,(anonymous_69)
FN:1122,apply
FN:1130,(anonymous_71)
FN:1140,(anonymous_72)
FNF:73
FNH:21
FNDA:3,(anonymous_0)
FNDA:1,_provisionStubs
FNDA:0,(anonymous_2)
FNDA:2,(anonymous_3)
FNDA:3,(anonymous_4)
FNDA:3,(anonymous_5)
FNDA:0,(anonymous_6)
FNDA:0,_provisionRelationalStubs
FNDA:0,(anonymous_8)
FNDA:0,(anonymous_9)
FNDA:0,(anonymous_10)
FNDA:0,(anonymous_11)
FNDA:0,(anonymous_12)
FNDA:0,(anonymous_13)
FNDA:0,(anonymous_14)
FNDA:2,(anonymous_15)
FNDA:3,(anonymous_16)
FNDA:5,(anonymous_17)
FNDA:5,(anonymous_18)
FNDA:5,(anonymous_19)
FNDA:3,(anonymous_20)
FNDA:5,(anonymous_21)
FNDA:0,(anonymous_22)
FNDA:0,(anonymous_23)
FNDA:0,(anonymous_24)
FNDA:0,(anonymous_25)
FNDA:0,(anonymous_26)
FNDA:0,(anonymous_27)
FNDA:0,(anonymous_28)
FNDA:0,(anonymous_29)
FNDA:4,(anonymous_30)
FNDA:8,(anonymous_31)
FNDA:6,(anonymous_32)
FNDA:0,(anonymous_33)
FNDA:0,(anonymous_34)
FNDA:0,(anonymous_35)
FNDA:0,(anonymous_36)
FNDA:0,(anonymous_37)
FNDA:0,(anonymous_38)
FNDA:0,(anonymous_39)
FNDA:0,(anonymous_40)
FNDA:0,(anonymous_41)
FNDA:0,(anonymous_42)
FNDA:0,(anonymous_43)
FNDA:0,(anonymous_44)
FNDA:1,(anonymous_45)
FNDA:3,(anonymous_46)
FNDA:0,(anonymous_47)
FNDA:5,(anonymous_48)
FNDA:0,(anonymous_49)
FNDA:0,(anonymous_50)
FNDA:0,(anonymous_51)
FNDA:0,(anonymous_52)
FNDA:3,(anonymous_53)
FNDA:0,(anonymous_54)
FNDA:0,(anonymous_55)
FNDA:0,(anonymous_56)
FNDA:0,(anonymous_57)
FNDA:0,(anonymous_58)
FNDA:0,(anonymous_59)
FNDA:0,(anonymous_60)
FNDA:0,(anonymous_61)
FNDA:0,toTitleCase
FNDA:0,(anonymous_63)
FNDA:0,addEdge
FNDA:0,(anonymous_65)
FNDA:0,(anonymous_66)
FNDA:0,(anonymous_67)
FNDA:0,(anonymous_68)
FNDA:0,(anonymous_69)
FNDA:7,apply
FNDA:7,(anonymous_71)
FNDA:0,(anonymous_72)
DA:7,3
DA:14,1
DA:16,1
DA:17,1
DA:18,1
DA:21,1
DA:22,0
DA:23,0
DA:24,0
DA:25,0
DA:26,0
DA:27,0
DA:28,0
DA:29,0
DA:33,1
DA:34,1
DA:35,1
DA:36,2
DA:44,1
DA:45,3
DA:46,3
DA:51,1
DA:52,3
DA:53,3
DA:54,0
DA:56,0
DA:57,0
DA:58,0
DA:59,0
DA:60,0
DA:61,0
DA:62,0
DA:63,0
DA:64,0
DA:65,0
DA:68,0
DA:69,0
DA:70,0
DA:71,0
DA:72,0
DA:75,0
DA:78,0
DA:81,0
DA:82,0
DA:88,1
DA:89,0
DA:90,0
DA:91,0
DA:93,0
DA:94,0
DA:104,0
DA:106,0
DA:107,0
DA:108,0
DA:109,0
DA:110,0
DA:111,0
DA:116,0
DA:117,0
DA:118,0
DA:121,0
DA:122,0
DA:124,0
DA:125,0
DA:126,0
DA:127,0
DA:128,0
DA:129,0
DA:131,0
DA:132,0
DA:134,0
DA:136,0
DA:137,0
DA:142,0
DA:143,0
DA:145,0
DA:146,0
DA:147,0
DA:149,0
DA:150,0
DA:153,0
DA:157,0
DA:158,0
DA:160,0
DA:161,0
DA:162,0
DA:177,0
DA:181,0
DA:182,0
DA:183,0
DA:184,0
DA:186,0
DA:187,0
DA:192,3
DA:198,0
DA:200,0
DA:201,0
DA:202,0
DA:205,0
DA:206,0
DA:208,0
DA:209,0
DA:210,0
DA:212,0
DA:213,0
DA:214,0
DA:216,0
DA:217,0
DA:218,0
DA:233,0
DA:234,0
DA:235,0
DA:236,0
DA:238,0
DA:248,2
DA:251,2
DA:252,2
DA:253,2
DA:254,2
DA:255,2
DA:260,2
DA:261,2
DA:262,5
DA:263,3
DA:268,2
DA:269,2
DA:270,5
DA:271,5
DA:275,2
DA:277,2
DA:278,2
DA:279,2
DA:282,2
DA:283,2
DA:286,2
DA:287,2
DA:288,5
DA:289,5
DA:290,5
DA:295,2
DA:296,3
DA:297,3
DA:298,3
DA:301,3
DA:302,3
DA:303,3
DA:304,7
DA:305,7
DA:306,7
DA:307,7
DA:308,6
DA:311,3
DA:312,3
DA:316,3
DA:317,3
DA:318,3
DA:319,3
DA:320,2
DA:321,2
DA:323,2
DA:324,2
DA:325,2
DA:326,2
DA:328,5
DA:330,2
DA:331,2
DA:332,2
DA:345,1
DA:348,0
DA:352,2
DA:353,1
DA:354,1
DA:355,0
DA:357,1
DA:366,0
DA:367,0
DA:371,0
DA:372,0
DA:373,0
DA:376,0
DA:378,0
DA:379,0
DA:380,0
DA:381,0
DA:382,0
DA:385,0
DA:386,0
DA:387,0
DA:389,0
DA:390,0
DA:392,0
DA:393,0
DA:394,0
DA:395,0
DA:396,0
DA:397,0
DA:398,0
DA:400,0
DA:401,0
DA:404,0
DA:408,0
DA:409,0
DA:410,0
DA:411,0
DA:412,0
DA:413,0
DA:414,0
DA:415,0
DA:418,0
DA:419,0
DA:420,0
DA:424,0
DA:434,0
DA:435,0
DA:437,0
DA:438,0
DA:439,0
DA:441,0
DA:442,0
DA:443,0
DA:444,0
DA:446,0
DA:447,0
DA:451,0
DA:452,0
DA:453,0
DA:454,0
DA:455,0
DA:456,0
DA:458,0
DA:459,0
DA:461,0
DA:462,0
DA:463,0
DA:464,0
DA:466,0
DA:471,0
DA:481,0
DA:482,0
DA:484,0
DA:486,0
DA:487,0
DA:488,0
DA:490,0
DA:491,0
DA:492,0
DA:493,0
DA:494,0
DA:498,0
DA:499,0
DA:501,0
DA:503,0
DA:504,0
DA:505,0
DA:506,0
DA:517,0
DA:518,0
DA:520,0
DA:521,0
DA:522,0
DA:524,0
DA:526,0
DA:527,0
DA:529,0
DA:530,0
DA:531,0
DA:533,0
DA:534,0
DA:536,0
DA:537,0
DA:538,0
DA:539,0
DA:540,0
DA:542,0
DA:543,0
DA:544,0
DA:545,0
DA:546,0
DA:547,0
DA:553,0
DA:554,0
DA:556,0
DA:566,0
DA:568,0
DA:569,0
DA:570,0
DA:571,0
DA:573,0
DA:575,0
DA:576,0
DA:577,0
DA:578,0
DA:579,0
DA:582,0
DA:585,0
DA:595,4
DA:597,4
DA:601,4
DA:603,8
DA:605,4
DA:606,6
DA:608,6
DA:609,1
DA:610,1
DA:613,5
DA:614,5
DA:615,5
DA:616,1
DA:617,1
DA:620,4
DA:621,4
DA:622,1
DA:623,1
DA:634,0
DA:636,0
DA:637,0
DA:638,0
DA:639,0
DA:650,0
DA:651,0
DA:653,0
DA:654,0
DA:656,0
DA:657,0
DA:658,0
DA:659,0
DA:661,0
DA:662,0
DA:663,0
DA:664,0
DA:665,0
DA:666,0
DA:667,0
DA:668,0
DA:669,0
DA:670,0
DA:672,0
DA:673,0
DA:675,0
DA:676,0
DA:679,0
DA:688,0
DA:689,0
DA:693,0
DA:695,0
DA:696,0
DA:697,0
DA:698,0
DA:699,0
DA:702,0
DA:703,0
DA:704,0
DA:706,0
DA:708,0
DA:709,0
DA:720,0
DA:725,0
DA:726,0
DA:727,0
DA:728,0
DA:729,0
DA:730,0
DA:731,0
DA:732,0
DA:733,0
DA:734,0
DA:735,0
DA:736,0
DA:749,0
DA:750,0
DA:758,1
DA:759,1
DA:763,3
DA:765,0
DA:766,0
DA:769,5
DA:772,0
DA:773,0
DA:775,0
DA:776,0
DA:777,0
DA:778,0
DA:782,0
DA:783,0
DA:784,0
DA:785,0
DA:786,0
DA:787,0
DA:788,0
DA:793,0
DA:794,0
DA:795,0
DA:798,0
DA:800,0
DA:801,0
DA:817,0
DA:818,0
DA:819,0
DA:820,0
DA:822,0
DA:829,0
DA:830,0
DA:831,0
DA:832,0
DA:837,0
DA:838,0
DA:842,0
DA:843,0
DA:844,0
DA:845,0
DA:846,0
DA:857,0
DA:858,0
DA:859,0
DA:860,0
DA:861,0
DA:874,0
DA:875,0
DA:878,0
DA:880,0
DA:885,1
DA:886,1
DA:887,1
DA:888,1
DA:889,1
DA:890,3
DA:891,0
DA:892,0
DA:893,0
DA:894,0
DA:895,0
DA:896,0
DA:909,1
DA:910,0
DA:919,0
DA:940,0
DA:941,0
DA:943,0
DA:944,0
DA:945,0
DA:946,0
DA:947,0
DA:948,0
DA:953,0
DA:954,0
DA:955,0
DA:958,0
DA:959,0
DA:961,0
DA:962,0
DA:963,0
DA:964,0
DA:965,0
DA:969,0
DA:970,0
DA:971,0
DA:973,0
DA:974,0
DA:975,0
DA:983,0
DA:984,0
DA:985,0
DA:987,0
DA:988,0
DA:991,0
DA:994,0
DA:995,0
DA:998,0
DA:1000,0
DA:1001,0
DA:1002,0
DA:1018,0
DA:1019,0
DA:1020,0
DA:1021,0
DA:1023,0
DA:1033,0
DA:1035,0
DA:1036,0
DA:1038,0
DA:1039,0
DA:1040,0
DA:1041,0
DA:1043,0
DA:1046,0
DA:1047,0
DA:1050,0
DA:1054,0
DA:1055,0
DA:1056,0
DA:1057,0
DA:1071,0
DA:1072,0
DA:1074,0
DA:1075,0
DA:1077,0
DA:1078,0
DA:1079,0
DA:1081,0
DA:1083,0
DA:1084,0
DA:1085,0
DA:1087,0
DA:1088,0
DA:1089,0
DA:1091,0
DA:1092,0
DA:1093,0
DA:1098,0
DA:1099,0
DA:1101,0
DA:1104,0
DA:1105,0
DA:1106,0
DA:1110,0
DA:1111,0
DA:1112,0
DA:1113,0
DA:1115,0
DA:1123,7
DA:1124,7
DA:1126,7
DA:1129,7
DA:1130,7
DA:1131,7
DA:1132,7
DA:1133,7
DA:1139,7
DA:1140,0
DA:1141,0
DA:1142,0
DA:1147,3
DA:1150,3
DA:1151,3
LF:534
LH:117
BRDA:14,0,0,0
BRDA:14,0,1,1
BRDA:14,1,0,1
BRDA:14,1,1,1
BRDA:21,2,0,0
BRDA:21,2,1,1
BRDA:23,3,0,0
BRDA:23,3,1,0
BRDA:23,4,0,0
BRDA:23,4,1,0
BRDA:26,5,0,0
BRDA:26,5,1,0
BRDA:28,6,0,0
BRDA:28,6,1,0
BRDA:28,7,0,0
BRDA:28,7,1,0
BRDA:28,7,2,0
BRDA:33,8,0,1
BRDA:33,8,1,0
BRDA:35,9,0,1
BRDA:35,9,1,0
BRDA:35,10,0,1
BRDA:35,10,1,1
BRDA:45,11,0,3
BRDA:45,11,1,0
BRDA:53,12,0,0
BRDA:53,12,1,3
BRDA:53,13,0,3
BRDA:53,13,1,0
BRDA:53,13,2,0
BRDA:57,14,0,0
BRDA:57,14,1,0
BRDA:59,15,0,0
BRDA:59,15,1,0
BRDA:59,16,0,0
BRDA:59,16,1,0
BRDA:60,17,0,0
BRDA:60,17,1,0
BRDA:61,18,0,0
BRDA:61,18,1,0
BRDA:63,19,0,0
BRDA:63,19,1,0
BRDA:63,20,0,0
BRDA:63,20,1,0
BRDA:81,21,0,0
BRDA:81,21,1,0
BRDA:81,22,0,0
BRDA:81,22,1,0
BRDA:88,23,0,0
BRDA:88,23,1,1
BRDA:88,24,0,1
BRDA:88,24,1,0
BRDA:91,25,0,0
BRDA:91,25,1,0
BRDA:93,26,0,0
BRDA:93,26,1,0
BRDA:94,27,0,0
BRDA:94,27,1,0
BRDA:104,28,0,0
BRDA:104,28,1,0
BRDA:104,29,0,0
BRDA:104,29,1,0
BRDA:107,30,0,0
BRDA:107,30,1,0
BRDA:109,31,0,0
BRDA:109,31,1,0
BRDA:109,32,0,0
BRDA:109,32,1,0
BRDA:117,33,0,0
BRDA:117,33,1,0
BRDA:118,34,0,0
BRDA:118,34,1,0
BRDA:125,35,0,0
BRDA:125,35,1,0
BRDA:129,36,0,0
BRDA:129,36,1,0
BRDA:134,37,0,0
BRDA:134,37,1,0
BRDA:142,38,0,0
BRDA:142,38,1,0
BRDA:145,39,0,0
BRDA:145,39,1,0
BRDA:149,40,0,0
BRDA:149,40,1,0
BRDA:157,41,0,0
BRDA:157,41,1,0
BRDA:158,42,0,0
BRDA:158,42,1,0
BRDA:158,42,2,0
BRDA:158,42,3,0
BRDA:160,43,0,0
BRDA:160,43,1,0
BRDA:170,44,0,0
BRDA:170,44,1,0
BRDA:171,45,0,0
BRDA:171,45,1,0
BRDA:181,46,0,0
BRDA:181,46,1,0
BRDA:181,47,0,0
BRDA:181,47,1,0
BRDA:184,48,0,0
BRDA:184,48,1,0
BRDA:186,49,0,0
BRDA:186,49,1,0
BRDA:187,50,0,0
BRDA:187,50,1,0
BRDA:198,51,0,0
BRDA:198,51,1,0
BRDA:198,52,0,0
BRDA:198,52,1,0
BRDA:198,52,2,0
BRDA:201,53,0,0
BRDA:201,53,1,0
BRDA:202,54,0,0
BRDA:202,54,1,0
BRDA:209,55,0,0
BRDA:209,55,1,0
BRDA:212,56,0,0
BRDA:212,56,1,0
BRDA:212,57,0,0
BRDA:212,57,1,0
BRDA:214,58,0,0
BRDA:214,58,1,0
BRDA:214,58,2,0
BRDA:214,58,3,0
BRDA:216,59,0,0
BRDA:216,59,1,0
BRDA:233,60,0,0
BRDA:233,60,1,0
BRDA:233,61,0,0
BRDA:233,61,1,0
BRDA:236,62,0,0
BRDA:236,62,1,0
BRDA:238,63,0,0
BRDA:238,63,1,0
BRDA:248,64,0,0
BRDA:248,64,1,2
BRDA:248,65,0,2
BRDA:248,65,1,2
BRDA:248,65,2,2
BRDA:252,66,0,2
BRDA:252,66,1,0
BRDA:254,67,0,2
BRDA:254,67,1,0
BRDA:254,68,0,2
BRDA:254,68,1,2
BRDA:262,69,0,3
BRDA:262,69,1,0
BRDA:262,70,0,5
BRDA:262,70,1,5
BRDA:262,70,2,5
BRDA:262,70,3,0
BRDA:270,71,0,5
BRDA:270,71,1,0
BRDA:270,72,0,5
BRDA:270,72,1,5
BRDA:270,72,2,0
BRDA:271,73,0,5
BRDA:271,73,1,0
BRDA:275,74,0,2
BRDA:275,74,1,0
BRDA:278,75,0,2
BRDA:278,75,1,0
BRDA:279,76,0,2
BRDA:279,76,1,0
BRDA:288,77,0,5
BRDA:288,77,1,0
BRDA:289,78,0,5
BRDA:289,78,1,0
BRDA:296,79,0,0
BRDA:296,79,1,3
BRDA:307,80,0,6
BRDA:307,80,1,1
BRDA:307,81,0,7
BRDA:307,81,1,6
BRDA:308,82,0,6
BRDA:308,82,1,0
BRDA:311,83,0,3
BRDA:311,83,1,0
BRDA:316,84,0,3
BRDA:316,84,1,0
BRDA:319,85,0,2
BRDA:319,85,1,1
BRDA:321,86,0,2
BRDA:321,86,1,0
BRDA:324,87,0,2
BRDA:324,87,1,0
BRDA:328,88,0,5
BRDA:328,88,1,5
BRDA:328,88,2,1
BRDA:328,88,3,0
BRDA:330,89,0,2
BRDA:330,89,1,0
BRDA:330,90,0,2
BRDA:330,90,1,2
BRDA:345,91,0,1
BRDA:345,91,1,0
BRDA:348,92,0,0
BRDA:348,92,1,0
BRDA:352,93,0,1
BRDA:352,93,1,1
BRDA:352,94,0,2
BRDA:352,94,1,1
BRDA:355,95,0,0
BRDA:355,95,1,0
BRDA:357,96,0,1
BRDA:357,96,1,0
BRDA:366,97,0,0
BRDA:366,97,1,0
BRDA:366,98,0,0
BRDA:366,98,1,0
BRDA:367,99,0,0
BRDA:367,99,1,0
BRDA:376,100,0,0
BRDA:376,100,1,0
BRDA:380,101,0,0
BRDA:380,101,1,0
BRDA:385,102,0,0
BRDA:385,102,1,0
BRDA:385,103,0,0
BRDA:385,103,1,0
BRDA:392,104,0,0
BRDA:392,104,1,0
BRDA:393,105,0,0
BRDA:393,105,1,0
BRDA:397,106,0,0
BRDA:397,106,1,0
BRDA:404,107,0,0
BRDA:404,107,1,0
BRDA:408,108,0,0
BRDA:408,108,1,0
BRDA:409,109,0,0
BRDA:409,109,1,0
BRDA:410,110,0,0
BRDA:410,110,1,0
BRDA:410,111,0,0
BRDA:410,111,1,0
BRDA:412,112,0,0
BRDA:412,112,1,0
BRDA:414,113,0,0
BRDA:414,113,1,0
BRDA:414,114,0,0
BRDA:414,114,1,0
BRDA:414,114,2,0
BRDA:420,115,0,0
BRDA:420,115,1,0
BRDA:424,116,0,0
BRDA:424,116,1,0
BRDA:435,117,0,0
BRDA:435,117,1,0
BRDA:439,118,0,0
BRDA:439,118,1,0
BRDA:443,119,0,0
BRDA:443,119,1,0
BRDA:451,120,0,0
BRDA:451,120,1,0
BRDA:453,121,0,0
BRDA:453,121,1,0
BRDA:453,122,0,0
BRDA:453,122,1,0
BRDA:453,122,2,0
BRDA:453,122,3,0
BRDA:456,123,0,0
BRDA:456,123,1,0
BRDA:458,124,0,0
BRDA:458,124,1,0
BRDA:461,125,0,0
BRDA:461,125,1,0
BRDA:461,126,0,0
BRDA:461,126,1,0
BRDA:461,126,2,0
BRDA:463,127,0,0
BRDA:463,127,1,0
BRDA:463,128,0,0
BRDA:463,128,1,0
BRDA:471,129,0,0
BRDA:471,129,1,0
BRDA:481,130,0,0
BRDA:481,130,1,0
BRDA:482,131,0,0
BRDA:482,131,1,0
BRDA:486,132,0,0
BRDA:486,132,1,0
BRDA:486,133,0,0
BRDA:486,133,1,0
BRDA:490,134,0,0
BRDA:490,134,1,0
BRDA:490,135,0,0
BRDA:490,135,1,0
BRDA:492,136,0,0
BRDA:492,136,1,0
BRDA:492,137,0,0
BRDA:492,137,1,0
BRDA:493,138,0,0
BRDA:493,138,1,0
BRDA:494,139,0,0
BRDA:494,139,1,0
BRDA:503,140,0,0
BRDA:503,140,1,0
BRDA:503,141,0,0
BRDA:503,141,1,0
BRDA:506,142,0,0
BRDA:506,142,1,0
BRDA:517,143,0,0
BRDA:517,143,1,0
BRDA:518,144,0,0
BRDA:518,144,1,0
BRDA:521,145,0,0
BRDA:521,145,1,0
BRDA:522,146,0,0
BRDA:522,146,1,0
BRDA:526,147,0,0
BRDA:526,147,1,0
BRDA:527,148,0,0
BRDA:527,148,1,0
BRDA:527,149,0,0
BRDA:527,149,1,0
BRDA:534,150,0,0
BRDA:534,150,1,0
BRDA:536,151,0,0
BRDA:536,151,1,0
BRDA:536,152,0,0
BRDA:536,152,1,0
BRDA:538,153,0,0
BRDA:538,153,1,0
BRDA:539,154,0,0
BRDA:539,154,1,0
BRDA:540,155,0,0
BRDA:540,155,1,0
BRDA:543,156,0,0
BRDA:543,156,1,0
BRDA:544,157,0,0
BRDA:544,157,1,0
BRDA:546,158,0,0
BRDA:546,158,1,0
BRDA:547,159,0,0
BRDA:547,159,1,0
BRDA:554,160,0,0
BRDA:554,160,1,0
BRDA:554,160,2,0
BRDA:554,160,3,0
BRDA:557,161,0,0
BRDA:557,161,1,0
BRDA:560,162,0,0
BRDA:560,162,1,0
BRDA:561,163,0,0
BRDA:561,163,1,0
BRDA:562,164,0,0
BRDA:562,164,1,0
BRDA:563,165,0,0
BRDA:563,165,1,0
BRDA:568,166,0,0
BRDA:568,166,1,0
BRDA:568,167,0,0
BRDA:568,167,1,0
BRDA:570,168,0,0
BRDA:570,168,1,0
BRDA:573,169,0,0
BRDA:573,169,1,0
BRDA:575,170,0,0
BRDA:575,170,1,0
BRDA:576,171,0,0
BRDA:576,171,1,0
BRDA:578,172,0,0
BRDA:578,172,1,0
BRDA:579,173,0,0
BRDA:579,173,1,0
BRDA:582,174,0,0
BRDA:582,174,1,0
BRDA:585,175,0,0
BRDA:585,175,1,0
BRDA:595,176,0,0
BRDA:595,176,1,4
BRDA:597,177,0,4
BRDA:597,177,1,0
BRDA:597,178,0,4
BRDA:597,178,1,4
BRDA:601,179,0,0
BRDA:601,179,1,4
BRDA:606,180,0,6
BRDA:606,180,1,6
BRDA:608,181,0,1
BRDA:608,181,1,5
BRDA:608,182,0,6
BRDA:608,182,1,5
BRDA:615,183,0,1
BRDA:615,183,1,4
BRDA:621,184,0,1
BRDA:621,184,1,3
BRDA:634,185,0,0
BRDA:634,185,1,0
BRDA:636,186,0,0
BRDA:636,186,1,0
BRDA:638,187,0,0
BRDA:638,187,1,0
BRDA:638,188,0,0
BRDA:638,188,1,0
BRDA:639,189,0,0
BRDA:639,189,1,0
BRDA:650,190,0,0
BRDA:650,190,1,0
BRDA:651,191,0,0
BRDA:651,191,1,0
BRDA:654,192,0,0
BRDA:654,192,1,0
BRDA:659,193,0,0
BRDA:659,193,1,0
BRDA:659,194,0,0
BRDA:659,194,1,0
BRDA:659,194,2,0
BRDA:661,195,0,0
BRDA:661,195,1,0
BRDA:661,196,0,0
BRDA:661,196,1,0
BRDA:662,197,0,0
BRDA:662,197,1,0
BRDA:662,198,0,0
BRDA:662,198,1,0
BRDA:663,199,0,0
BRDA:663,199,1,0
BRDA:663,200,0,0
BRDA:663,200,1,0
BRDA:664,201,0,0
BRDA:664,201,1,0
BRDA:664,202,0,0
BRDA:664,202,1,0
BRDA:665,203,0,0
BRDA:665,203,1,0
BRDA:665,204,0,0
BRDA:665,204,1,0
BRDA:666,205,0,0
BRDA:666,205,1,0
BRDA:666,206,0,0
BRDA:666,206,1,0
BRDA:667,207,0,0
BRDA:667,207,1,0
BRDA:667,208,0,0
BRDA:667,208,1,0
BRDA:668,209,0,0
BRDA:668,209,1,0
BRDA:668,210,0,0
BRDA:668,210,1,0
BRDA:669,211,0,0
BRDA:669,211,1,0
BRDA:669,212,0,0
BRDA:669,212,1,0
BRDA:670,213,0,0
BRDA:670,213,1,0
BRDA:670,214,0,0
BRDA:670,214,1,0
BRDA:673,215,0,0
BRDA:673,215,1,0
BRDA:676,216,0,0
BRDA:676,216,1,0
BRDA:679,217,0,0
BRDA:679,217,1,0
BRDA:688,218,0,0
BRDA:688,218,1,0
BRDA:693,219,0,0
BRDA:693,219,1,0
BRDA:697,220,0,0
BRDA:697,220,1,0
BRDA:697,221,0,0
BRDA:697,221,1,0
BRDA:698,222,0,0
BRDA:698,222,1,0
BRDA:698,223,0,0
BRDA:698,223,1,0
BRDA:699,224,0,0
BRDA:699,224,1,0
BRDA:702,225,0,0
BRDA:702,225,1,0
BRDA:703,226,0,0
BRDA:703,226,1,0
BRDA:704,227,0,0
BRDA:704,227,1,0
BRDA:706,228,0,0
BRDA:706,228,1,0
BRDA:726,229,0,0
BRDA:726,229,1,0
BRDA:726,230,0,0
BRDA:726,230,1,0
BRDA:730,231,0,0
BRDA:730,231,1,0
BRDA:731,232,0,0
BRDA:731,232,1,0
BRDA:732,233,0,0
BRDA:732,233,1,0
BRDA:733,234,0,0
BRDA:733,234,1,0
BRDA:733,234,2,0
BRDA:733,234,3,0
BRDA:734,235,0,0
BRDA:734,235,1,0
BRDA:749,236,0,0
BRDA:749,236,1,0
BRDA:749,237,0,0
BRDA:749,237,1,0
BRDA:758,238,0,0
BRDA:758,238,1,1
BRDA:766,239,0,0
BRDA:766,239,1,0
BRDA:766,240,0,0
BRDA:766,240,1,0
BRDA:769,241,0,3
BRDA:769,241,1,2
BRDA:769,242,0,5
BRDA:769,242,1,4
BRDA:775,243,0,0
BRDA:775,243,1,0
BRDA:775,243,2,0
BRDA:777,244,0,0
BRDA:777,244,1,0
BRDA:777,245,0,0
BRDA:777,245,1,0
BRDA:782,246,0,0
BRDA:782,246,1,0
BRDA:785,247,0,0
BRDA:785,247,1,0
BRDA:785,248,0,0
BRDA:785,248,1,0
BRDA:786,249,0,0
BRDA:786,249,1,0
BRDA:786,250,0,0
BRDA:786,250,1,0
BRDA:794,251,0,0
BRDA:794,251,1,0
BRDA:800,252,0,0
BRDA:800,252,1,0
BRDA:800,253,0,0
BRDA:800,253,1,0
BRDA:800,253,2,0
BRDA:804,254,0,0
BRDA:804,254,1,0
BRDA:805,255,0,0
BRDA:805,255,1,0
BRDA:806,256,0,0
BRDA:806,256,1,0
BRDA:807,257,0,0
BRDA:807,257,1,0
BRDA:808,258,0,0
BRDA:808,258,1,0
BRDA:809,259,0,0
BRDA:809,259,1,0
BRDA:810,260,0,0
BRDA:810,260,1,0
BRDA:811,261,0,0
BRDA:811,261,1,0
BRDA:812,262,0,0
BRDA:812,262,1,0
BRDA:813,263,0,0
BRDA:813,263,1,0
BRDA:837,264,0,0
BRDA:837,264,1,0
BRDA:837,265,0,0
BRDA:837,265,1,0
BRDA:845,266,0,0
BRDA:845,266,1,0
BRDA:857,267,0,0
BRDA:857,267,1,0
BRDA:860,268,0,0
BRDA:860,268,1,0
BRDA:860,268,2,0
BRDA:874,269,0,0
BRDA:874,269,1,0
BRDA:874,270,0,0
BRDA:874,270,1,0
BRDA:886,271,0,1
BRDA:886,271,1,0
BRDA:886,272,0,1
BRDA:886,272,1,0
BRDA:890,273,0,0
BRDA:890,273,1,3
BRDA:891,274,0,0
BRDA:891,274,1,0
BRDA:892,275,0,0
BRDA:892,275,1,0
BRDA:893,276,0,0
BRDA:893,276,1,0
BRDA:893,276,2,0
BRDA:893,276,3,0
BRDA:894,277,0,0
BRDA:894,277,1,0
BRDA:909,278,0,0
BRDA:909,278,1,1
BRDA:909,279,0,1
BRDA:909,279,1,0
BRDA:941,280,0,0
BRDA:941,280,1,0
BRDA:941,281,0,0
BRDA:941,281,1,0
BRDA:944,282,0,0
BRDA:944,282,1,0
BRDA:946,283,0,0
BRDA:946,283,1,0
BRDA:946,284,0,0
BRDA:946,284,1,0
BRDA:954,285,0,0
BRDA:954,285,1,0
BRDA:955,286,0,0
BRDA:955,286,1,0
BRDA:964,287,0,0
BRDA:964,287,1,0
BRDA:965,288,0,0
BRDA:965,288,1,0
BRDA:965,289,0,0
BRDA:965,289,1,0
BRDA:966,290,0,0
BRDA:966,290,1,0
BRDA:966,290,2,0
BRDA:969,291,0,0
BRDA:969,291,1,0
BRDA:969,292,0,0
BRDA:969,292,1,0
BRDA:969,292,2,0
BRDA:973,293,0,0
BRDA:973,293,1,0
BRDA:983,294,0,0
BRDA:983,294,1,0
BRDA:987,295,0,0
BRDA:987,295,1,0
BRDA:995,296,0,0
BRDA:995,296,1,0
BRDA:995,296,2,0
BRDA:998,297,0,0
BRDA:998,297,1,0
BRDA:998,297,2,0
BRDA:998,297,3,0
BRDA:998,297,4,0
BRDA:998,298,0,0
BRDA:998,298,1,0
BRDA:1000,299,0,0
BRDA:1000,299,1,0
BRDA:1018,300,0,0
BRDA:1018,300,1,0
BRDA:1018,301,0,0
BRDA:1018,301,1,0
BRDA:1021,302,0,0
BRDA:1021,302,1,0
BRDA:1023,303,0,0
BRDA:1023,303,1,0
BRDA:1033,304,0,0
BRDA:1033,304,1,0
BRDA:1038,305,0,0
BRDA:1038,305,1,0
BRDA:1040,306,0,0
BRDA:1040,306,1,0
BRDA:1040,307,0,0
BRDA:1040,307,1,0
BRDA:1043,308,0,0
BRDA:1043,308,1,0
BRDA:1054,309,0,0
BRDA:1054,309,1,0
BRDA:1054,309,2,0
BRDA:1054,309,3,0
BRDA:1054,309,4,0
BRDA:1054,310,0,0
BRDA:1054,310,1,0
BRDA:1055,311,0,0
BRDA:1055,311,1,0
BRDA:1072,312,0,0
BRDA:1072,312,1,0
BRDA:1072,313,0,0
BRDA:1072,313,1,0
BRDA:1077,314,0,0
BRDA:1077,314,1,0
BRDA:1078,315,0,0
BRDA:1078,315,1,0
BRDA:1079,316,0,0
BRDA:1079,316,1,0
BRDA:1079,316,2,0
BRDA:1081,317,0,0
BRDA:1081,317,1,0
BRDA:1081,318,0,0
BRDA:1081,318,1,0
BRDA:1081,318,2,0
BRDA:1083,319,0,0
BRDA:1083,319,1,0
BRDA:1084,320,0,0
BRDA:1084,320,1,0
BRDA:1085,321,0,0
BRDA:1085,321,1,0
BRDA:1088,322,0,0
BRDA:1088,322,1,0
BRDA:1091,323,0,0
BRDA:1091,323,1,0
BRDA:1098,324,0,0
BRDA:1098,324,1,0
BRDA:1104,325,0,0
BRDA:1104,325,1,0
BRDA:1105,326,0,0
BRDA:1105,326,1,0
BRDA:1106,327,0,0
BRDA:1106,327,1,0
BRDA:1110,328,0,0
BRDA:1110,328,1,0
BRDA:1110,329,0,0
BRDA:1110,329,1,0
BRDA:1113,330,0,0
BRDA:1113,330,1,0
BRDA:1115,331,0,0
BRDA:1115,331,1,0
BRDA:1123,332,0,0
BRDA:1123,332,1,7
BRDA:1123,333,0,7
BRDA:1123,333,1,7
BRDA:1124,334,0,0
BRDA:1124,334,1,7
BRDA:1129,335,0,7
BRDA:1129,335,1,0
BRDA:1129,336,0,7
BRDA:1129,336,1,7
BRDA:1129,336,2,7
BRDA:1131,337,0,7
BRDA:1131,337,1,0
BRDA:1132,338,0,7
BRDA:1132,338,1,0
BRDA:1139,339,0,0
BRDA:1139,339,1,7
BRDA:1139,340,0,7
BRDA:1139,340,1,7
BRDA:1139,340,2,0
BRDA:1141,341,0,0
BRDA:1141,341,1,0
BRDA:1150,342,0,3
BRDA:1150,342,1,0
BRF:726
BRH:97
end_of_record
TN:
SF:src\Controller_Action.js
FN:13,_guardAbac
FN:33,_handleRead
FN:44,_handleCreate
FN:70,_handleUpdate
FN:96,_handleDelete
FN:107,_handleBulkDelete
FN:111,(anonymous_6)
FN:125,_applyAdminBypass
FN:136,getAppBootstrapPayload
FN:160,(anonymous_9)
FN:162,(anonymous_10)
FN:190,getInitialPayload
FN:203,(anonymous_12)
FN:203,(anonymous_13)
FN:206,(anonymous_14)
FN:271,_proxyRpcCall
FN:284,bulkInsert
FN:302,etl_writeback_feedback
FN:312,_generateShortUUID
FNF:19
FNH:4
FNDA:6,_guardAbac
FNDA:0,_handleRead
FNDA:0,_handleCreate
FNDA:0,_handleUpdate
FNDA:2,_handleDelete
FNDA:3,_handleBulkDelete
FNDA:4,(anonymous_6)
FNDA:0,_applyAdminBypass
FNDA:0,getAppBootstrapPayload
FNDA:0,(anonymous_9)
FNDA:0,(anonymous_10)
FNDA:0,getInitialPayload
FNDA:0,(anonymous_12)
FNDA:0,(anonymous_13)
FNDA:0,(anonymous_14)
FNDA:0,_proxyRpcCall
FNDA:0,bulkInsert
FNDA:0,etl_writeback_feedback
FNDA:0,_generateShortUUID
DA:14,6
DA:15,6
DA:16,6
DA:17,6
DA:19,0
DA:22,6
DA:23,6
DA:24,2
DA:35,0
DA:36,0
DA:37,0
DA:45,0
DA:46,0
DA:48,0
DA:49,0
DA:50,0
DA:52,0
DA:56,0
DA:57,0
DA:58,0
DA:59,0
DA:62,0
DA:63,0
DA:71,0
DA:72,0
DA:74,0
DA:75,0
DA:76,0
DA:78,0
DA:82,0
DA:83,0
DA:84,0
DA:85,0
DA:88,0
DA:89,0
DA:97,2
DA:98,1
DA:99,1
DA:108,3
DA:111,2
DA:112,4
DA:116,1
DA:117,1
DA:126,0
DA:127,0
DA:137,0
DA:138,0
DA:139,0
DA:140,0
DA:141,0
DA:143,0
DA:144,0
DA:145,0
DA:147,0
DA:148,0
DA:150,0
DA:152,0
DA:155,0
DA:158,0
DA:159,0
DA:160,0
DA:161,0
DA:162,0
DA:163,0
DA:165,0
DA:167,0
DA:172,0
DA:176,0
DA:177,0
DA:179,0
DA:181,0
DA:182,0
DA:191,0
DA:192,0
DA:193,0
DA:196,0
DA:199,0
DA:202,0
DA:203,0
DA:204,0
DA:206,0
DA:207,0
DA:208,0
DA:211,0
DA:212,0
DA:213,0
DA:215,0
DA:216,0
DA:217,0
DA:219,0
DA:221,0
DA:222,0
DA:224,0
DA:225,0
DA:226,0
DA:227,0
DA:230,0
DA:231,0
DA:232,0
DA:234,0
DA:235,0
DA:236,0
DA:237,0
DA:243,0
DA:244,0
DA:246,0
DA:247,0
DA:248,0
DA:252,0
DA:260,0
DA:262,0
DA:263,0
DA:272,0
DA:273,0
DA:274,0
DA:275,0
DA:277,0
DA:286,0
DA:287,0
DA:303,0
DA:304,0
DA:313,0
DA:314,0
DA:315,0
DA:317,0
DA:318,0
DA:320,0
DA:321,0
DA:322,0
DA:323,0
DA:325,0
DA:331,1
DA:332,1
LF:133
LH:17
BRDA:14,0,0,0
BRDA:14,0,1,6
BRDA:17,1,0,6
BRDA:17,1,1,0
BRDA:23,2,0,2
BRDA:23,2,1,4
BRDA:35,3,0,0
BRDA:35,3,1,0
BRDA:35,4,0,0
BRDA:35,4,1,0
BRDA:36,5,0,0
BRDA:36,5,1,0
BRDA:36,6,0,0
BRDA:36,6,1,0
BRDA:48,7,0,0
BRDA:48,7,1,0
BRDA:56,8,0,0
BRDA:56,8,1,0
BRDA:58,9,0,0
BRDA:58,9,1,0
BRDA:74,10,0,0
BRDA:74,10,1,0
BRDA:82,11,0,0
BRDA:82,11,1,0
BRDA:84,12,0,0
BRDA:84,12,1,0
BRDA:108,13,0,1
BRDA:108,13,1,2
BRDA:108,14,0,3
BRDA:108,14,1,2
BRDA:126,15,0,0
BRDA:126,15,1,0
BRDA:145,16,0,0
BRDA:145,16,1,0
BRDA:148,17,0,0
BRDA:148,17,1,0
BRDA:148,17,2,0
BRDA:150,18,0,0
BRDA:150,18,1,0
BRDA:158,19,0,0
BRDA:158,19,1,0
BRDA:158,20,0,0
BRDA:158,20,1,0
BRDA:158,20,2,0
BRDA:203,21,0,0
BRDA:203,21,1,0
BRDA:207,22,0,0
BRDA:207,22,1,0
BRDA:207,23,0,0
BRDA:207,23,1,0
BRDA:211,24,0,0
BRDA:211,24,1,0
BRDA:213,25,0,0
BRDA:213,25,1,0
BRDA:216,26,0,0
BRDA:216,26,1,0
BRDA:219,27,0,0
BRDA:219,27,1,0
BRDA:224,28,0,0
BRDA:224,28,1,0
BRDA:226,29,0,0
BRDA:226,29,1,0
BRDA:234,30,0,0
BRDA:234,30,1,0
BRDA:236,31,0,0
BRDA:236,31,1,0
BRDA:247,32,0,0
BRDA:247,32,1,0
BRDA:274,33,0,0
BRDA:274,33,1,0
BRDA:289,34,0,0
BRDA:289,34,1,0
BRDA:292,35,0,0
BRDA:292,35,1,0
BRDA:292,36,0,0
BRDA:292,36,1,0
BRDA:292,37,0,0
BRDA:292,37,1,0
BRDA:314,38,0,0
BRDA:314,38,1,0
BRDA:314,39,0,0
BRDA:314,39,1,0
BRDA:314,39,2,0
BRDA:314,39,3,0
BRDA:317,40,0,0
BRDA:317,40,1,0
BRDA:331,41,0,1
BRDA:331,41,1,0
BRF:88
BRH:9
end_of_record
TN:
SF:src\DataEngine_ETL.client.js
FN:8,(anonymous_0)
FN:19,(anonymous_1)
FN:20,(anonymous_2)
FN:27,(anonymous_3)
FN:46,(anonymous_4)
FN:62,(anonymous_5)
FN:70,(anonymous_6)
FN:78,(anonymous_7)
FN:79,(anonymous_8)
FN:84,(anonymous_9)
FN:100,(anonymous_10)
FN:102,(anonymous_11)
FN:117,(anonymous_12)
FN:156,(anonymous_13)
FN:171,(anonymous_14)
FN:183,(anonymous_15)
FN:187,(anonymous_16)
FN:197,(anonymous_17)
FN:208,(anonymous_18)
FN:218,(anonymous_19)
FN:223,(anonymous_20)
FN:228,(anonymous_21)
FN:238,(anonymous_22)
FN:242,(anonymous_23)
FN:246,(anonymous_24)
FN:258,(anonymous_25)
FN:274,(anonymous_26)
FN:292,(anonymous_27)
FN:297,(anonymous_28)
FN:338,(anonymous_29)
FN:357,(anonymous_30)
FN:408,(anonymous_31)
FN:436,(anonymous_32)
FN:437,(anonymous_33)
FN:444,(anonymous_34)
FN:466,(anonymous_35)
FN:467,(anonymous_36)
FN:476,(anonymous_37)
FNF:38
FNH:22
FNDA:1,(anonymous_0)
FNDA:0,(anonymous_1)
FNDA:0,(anonymous_2)
FNDA:0,(anonymous_3)
FNDA:0,(anonymous_4)
FNDA:2,(anonymous_5)
FNDA:2,(anonymous_6)
FNDA:3,(anonymous_7)
FNDA:11,(anonymous_8)
FNDA:8,(anonymous_9)
FNDA:0,(anonymous_10)
FNDA:0,(anonymous_11)
FNDA:3,(anonymous_12)
FNDA:3,(anonymous_13)
FNDA:2,(anonymous_14)
FNDA:1,(anonymous_15)
FNDA:2,(anonymous_16)
FNDA:2,(anonymous_17)
FNDA:1,(anonymous_18)
FNDA:3,(anonymous_19)
FNDA:1,(anonymous_20)
FNDA:0,(anonymous_21)
FNDA:1,(anonymous_22)
FNDA:1,(anonymous_23)
FNDA:1,(anonymous_24)
FNDA:1,(anonymous_25)
FNDA:105,(anonymous_26)
FNDA:105,(anonymous_27)
FNDA:105,(anonymous_28)
FNDA:0,(anonymous_29)
FNDA:0,(anonymous_30)
FNDA:0,(anonymous_31)
FNDA:0,(anonymous_32)
FNDA:0,(anonymous_33)
FNDA:0,(anonymous_34)
FNDA:0,(anonymous_35)
FNDA:0,(anonymous_36)
FNDA:0,(anonymous_37)
DA:8,1
DA:10,1
DA:20,0
DA:21,0
DA:22,0
DA:23,0
DA:26,0
DA:27,0
DA:28,0
DA:29,0
DA:30,0
DA:32,0
DA:33,0
DA:37,0
DA:38,0
DA:41,0
DA:42,0
DA:46,0
DA:47,0
DA:50,0
DA:63,2
DA:64,0
DA:68,2
DA:69,1
DA:70,2
DA:71,1
DA:72,0
DA:77,2
DA:78,2
DA:79,3
DA:80,11
DA:84,2
DA:85,8
DA:86,8
DA:87,3
DA:88,3
DA:89,3
DA:90,3
DA:91,3
DA:92,3
DA:93,3
DA:96,8
DA:99,2
DA:100,0
DA:101,0
DA:102,0
DA:103,0
DA:104,0
DA:110,0
DA:111,0
DA:112,0
DA:117,2
DA:118,3
DA:119,3
DA:120,11
DA:121,11
DA:122,11
DA:125,11
DA:126,0
DA:127,0
DA:130,11
DA:131,11
DA:134,11
DA:135,6
DA:136,6
DA:137,6
DA:138,6
DA:139,6
DA:140,6
DA:141,6
DA:142,6
DA:145,11
DA:146,3
DA:150,8
DA:151,8
DA:155,8
DA:156,2
DA:157,3
DA:158,3
DA:162,8
DA:166,3
DA:170,2
DA:171,1
DA:173,2
DA:174,0
DA:175,0
DA:177,2
DA:178,0
DA:183,1
DA:186,1
DA:187,2
DA:189,1
DA:197,1
DA:198,2
DA:202,2
DA:209,1
DA:210,1
DA:211,1
DA:213,1
DA:214,1
DA:215,1
DA:217,1
DA:219,3
DA:220,3
DA:221,3
DA:224,1
DA:225,1
DA:226,1
DA:229,0
DA:230,0
DA:231,0
DA:233,0
DA:234,0
DA:235,0
DA:236,0
DA:239,1
DA:240,1
DA:243,1
DA:244,1
DA:247,1
DA:248,1
DA:259,1
DA:260,1
DA:263,1
DA:264,1
DA:267,1
DA:270,1
DA:274,1
DA:276,105
DA:278,105
DA:279,0
DA:280,0
DA:285,0
DA:288,105
DA:291,105
DA:292,105
DA:293,105
DA:295,105
DA:296,105
DA:297,105
DA:298,105
DA:299,0
DA:300,0
DA:305,0
DA:310,105
DA:313,1
DA:314,1
DA:316,1
DA:318,1
DA:319,3
DA:320,3
DA:321,3
DA:323,3
DA:324,3
DA:326,3
DA:327,3
DA:328,0
DA:329,3
DA:330,0
DA:331,3
DA:332,0
DA:333,3
DA:334,0
DA:337,3
DA:338,0
DA:339,0
DA:340,0
DA:341,0
DA:342,0
DA:343,0
DA:344,0
DA:345,0
DA:346,0
DA:347,0
DA:352,3
DA:356,0
DA:357,0
DA:358,0
DA:367,1
DA:368,0
DA:369,0
DA:370,0
DA:376,0
DA:381,1
DA:382,1
DA:383,1
DA:384,1
DA:386,1
DA:388,1
DA:389,1
DA:390,1
DA:391,0
DA:392,0
DA:394,1
DA:395,1
DA:400,1
DA:402,1
DA:403,0
DA:408,0
DA:409,0
DA:410,0
DA:411,0
DA:412,0
DA:413,0
DA:419,1
DA:421,0
DA:422,0
DA:426,1
DA:427,1
DA:428,1
DA:437,0
DA:438,0
DA:441,0
DA:444,0
DA:445,0
DA:448,0
DA:449,0
DA:450,0
DA:451,0
DA:452,0
DA:453,0
DA:454,0
DA:455,0
DA:458,0
DA:462,0
DA:465,0
DA:466,0
DA:467,0
DA:468,0
DA:469,0
DA:474,0
DA:475,0
DA:476,0
DA:477,0
DA:478,0
DA:483,0
DA:485,0
DA:486,0
DA:487,0
DA:489,0
DA:490,0
DA:492,0
DA:493,0
DA:494,0
DA:496,0
DA:498,0
DA:500,0
DA:501,0
DA:504,0
DA:505,0
DA:506,0
DA:507,0
DA:508,0
DA:509,0
DA:512,0
DA:513,0
DA:514,0
DA:516,0
DA:519,0
DA:522,0
DA:524,0
DA:525,0
DA:529,0
DA:533,1
LF:264
LH:133
BRDA:21,0,0,0
BRDA:21,0,1,0
BRDA:21,1,0,0
BRDA:21,1,1,0
BRDA:32,2,0,0
BRDA:32,2,1,0
BRDA:63,3,0,0
BRDA:63,3,1,2
BRDA:63,4,0,2
BRDA:63,4,1,2
BRDA:68,5,0,1
BRDA:68,5,1,1
BRDA:70,6,0,2
BRDA:70,6,1,2
BRDA:70,6,2,1
BRDA:71,7,0,0
BRDA:71,7,1,1
BRDA:80,8,0,11
BRDA:80,8,1,0
BRDA:86,9,0,3
BRDA:86,9,1,5
BRDA:87,10,0,0
BRDA:87,10,1,3
BRDA:88,11,0,0
BRDA:88,11,1,3
BRDA:88,12,0,3
BRDA:88,12,1,3
BRDA:88,12,2,3
BRDA:89,13,0,0
BRDA:89,13,1,3
BRDA:90,14,0,0
BRDA:90,14,1,3
BRDA:90,15,0,3
BRDA:90,15,1,3
BRDA:91,16,0,0
BRDA:91,16,1,3
BRDA:91,17,0,3
BRDA:91,17,1,3
BRDA:92,18,0,0
BRDA:92,18,1,3
BRDA:92,19,0,3
BRDA:92,19,1,3
BRDA:93,20,0,0
BRDA:93,20,1,3
BRDA:93,21,0,3
BRDA:93,21,1,3
BRDA:99,22,0,0
BRDA:99,22,1,2
BRDA:99,23,0,2
BRDA:99,23,1,2
BRDA:103,24,0,0
BRDA:103,24,1,0
BRDA:103,25,0,0
BRDA:103,25,1,0
BRDA:103,25,2,0
BRDA:103,25,3,0
BRDA:111,26,0,0
BRDA:111,26,1,0
BRDA:111,27,0,0
BRDA:111,27,1,0
BRDA:120,28,0,11
BRDA:120,28,1,0
BRDA:125,29,0,0
BRDA:125,29,1,11
BRDA:134,30,0,6
BRDA:134,30,1,5
BRDA:135,31,0,0
BRDA:135,31,1,6
BRDA:136,32,0,0
BRDA:136,32,1,6
BRDA:136,33,0,6
BRDA:136,33,1,6
BRDA:136,33,2,6
BRDA:137,34,0,0
BRDA:137,34,1,6
BRDA:138,35,0,0
BRDA:138,35,1,6
BRDA:138,36,0,6
BRDA:138,36,1,6
BRDA:139,37,0,0
BRDA:139,37,1,6
BRDA:139,38,0,6
BRDA:139,38,1,6
BRDA:140,39,0,0
BRDA:140,39,1,6
BRDA:140,40,0,6
BRDA:140,40,1,6
BRDA:141,41,0,0
BRDA:141,41,1,6
BRDA:141,42,0,6
BRDA:141,42,1,6
BRDA:145,43,0,3
BRDA:145,43,1,8
BRDA:145,44,0,11
BRDA:145,44,1,10
BRDA:145,44,2,9
BRDA:150,45,0,8
BRDA:150,45,1,0
BRDA:155,46,0,2
BRDA:155,46,1,6
BRDA:155,47,0,8
BRDA:155,47,1,2
BRDA:158,48,0,0
BRDA:158,48,1,3
BRDA:170,49,0,1
BRDA:170,49,1,1
BRDA:173,50,0,0
BRDA:173,50,1,2
BRDA:173,51,0,2
BRDA:173,51,1,0
BRDA:173,51,2,0
BRDA:175,52,0,0
BRDA:175,52,1,0
BRDA:177,53,0,0
BRDA:177,53,1,2
BRDA:183,54,0,1
BRDA:183,54,1,0
BRDA:183,55,0,1
BRDA:183,55,1,0
BRDA:210,56,0,1
BRDA:210,56,1,0
BRDA:211,57,0,1
BRDA:211,57,1,0
BRDA:219,58,0,0
BRDA:219,58,1,3
BRDA:220,59,0,3
BRDA:220,59,1,0
BRDA:224,60,0,0
BRDA:224,60,1,1
BRDA:229,61,0,0
BRDA:229,61,1,0
BRDA:230,62,0,0
BRDA:230,62,1,0
BRDA:239,63,0,0
BRDA:239,63,1,1
BRDA:243,64,0,0
BRDA:243,64,1,1
BRDA:247,65,0,0
BRDA:247,65,1,1
BRDA:263,66,0,0
BRDA:263,66,1,1
BRDA:263,67,0,1
BRDA:263,67,1,1
BRDA:264,68,0,0
BRDA:264,68,1,1
BRDA:264,69,0,1
BRDA:264,69,1,1
BRDA:270,70,0,1
BRDA:270,70,1,0
BRDA:270,71,0,1
BRDA:270,71,1,1
BRDA:270,71,2,1
BRDA:278,72,0,0
BRDA:278,72,1,105
BRDA:282,73,0,0
BRDA:282,73,1,0
BRDA:291,74,0,105
BRDA:291,74,1,0
BRDA:291,75,0,105
BRDA:291,75,1,105
BRDA:292,76,0,105
BRDA:292,76,1,105
BRDA:292,76,2,0
BRDA:293,77,0,105
BRDA:293,77,1,0
BRDA:293,78,0,105
BRDA:293,78,1,105
BRDA:295,79,0,105
BRDA:295,79,1,0
BRDA:298,80,0,0
BRDA:298,80,1,105
BRDA:302,81,0,0
BRDA:302,81,1,0
BRDA:327,82,0,0
BRDA:327,82,1,3
BRDA:329,83,0,0
BRDA:329,83,1,3
BRDA:329,84,0,3
BRDA:329,84,1,3
BRDA:331,85,0,0
BRDA:331,85,1,3
BRDA:331,86,0,3
BRDA:331,86,1,3
BRDA:331,86,2,0
BRDA:333,87,0,0
BRDA:333,87,1,3
BRDA:333,88,0,3
BRDA:333,88,1,3
BRDA:337,89,0,0
BRDA:337,89,1,3
BRDA:339,90,0,0
BRDA:339,90,1,0
BRDA:342,91,0,0
BRDA:342,91,1,0
BRDA:345,92,0,0
BRDA:345,92,1,0
BRDA:367,93,0,0
BRDA:367,93,1,1
BRDA:367,94,0,1
BRDA:367,94,1,0
BRDA:381,95,0,1
BRDA:381,95,1,0
BRDA:390,96,0,0
BRDA:390,96,1,1
BRDA:390,97,0,1
BRDA:390,97,1,1
BRDA:390,97,2,0
BRDA:402,98,0,0
BRDA:402,98,1,1
BRDA:402,99,0,1
BRDA:402,99,1,0
BRDA:410,100,0,0
BRDA:410,100,1,0
BRDA:411,101,0,0
BRDA:411,101,1,0
BRDA:411,102,0,0
BRDA:411,102,1,0
BRDA:419,103,0,0
BRDA:419,103,1,1
BRDA:438,104,0,0
BRDA:438,104,1,0
BRDA:448,105,0,0
BRDA:448,105,1,0
BRDA:449,106,0,0
BRDA:449,106,1,0
BRDA:450,107,0,0
BRDA:450,107,1,0
BRDA:450,108,0,0
BRDA:450,108,1,0
BRDA:451,109,0,0
BRDA:451,109,1,0
BRDA:452,110,0,0
BRDA:452,110,1,0
BRDA:452,111,0,0
BRDA:452,111,1,0
BRDA:453,112,0,0
BRDA:453,112,1,0
BRDA:453,113,0,0
BRDA:453,113,1,0
BRDA:454,114,0,0
BRDA:454,114,1,0
BRDA:454,115,0,0
BRDA:454,115,1,0
BRDA:455,116,0,0
BRDA:455,116,1,0
BRDA:455,117,0,0
BRDA:455,117,1,0
BRDA:462,118,0,0
BRDA:462,118,1,0
BRDA:462,118,2,0
BRDA:463,119,0,0
BRDA:463,119,1,0
BRDA:465,120,0,0
BRDA:465,120,1,0
BRDA:465,121,0,0
BRDA:465,121,1,0
BRDA:468,122,0,0
BRDA:468,122,1,0
BRDA:475,123,0,0
BRDA:475,123,1,0
BRDA:475,124,0,0
BRDA:475,124,1,0
BRDA:477,125,0,0
BRDA:477,125,1,0
BRDA:477,126,0,0
BRDA:477,126,1,0
BRDA:494,127,0,0
BRDA:494,127,1,0
BRDA:496,128,0,0
BRDA:496,128,1,0
BRDA:500,129,0,0
BRDA:500,129,1,0
BRDA:504,130,0,0
BRDA:504,130,1,0
BRDA:506,131,0,0
BRDA:506,131,1,0
BRDA:508,132,0,0
BRDA:508,132,1,0
BRDA:508,133,0,0
BRDA:508,133,1,0
BRDA:513,134,0,0
BRDA:513,134,1,0
BRDA:522,135,0,0
BRDA:522,135,1,0
BRDA:524,136,0,0
BRDA:524,136,1,0
BRDA:535,137,0,1
BRDA:535,137,1,0
BRF:288
BRH:123
end_of_record
TN:
SF:src\Engine_ABAC.js
FN:10,(anonymous_0)
FN:18,(anonymous_1)
FN:32,(anonymous_2)
FN:66,(anonymous_3)
FN:70,(anonymous_4)
FN:91,(anonymous_5)
FN:105,(anonymous_6)
FN:131,(anonymous_7)
FN:144,(anonymous_8)
FN:148,(anonymous_9)
FN:153,(anonymous_10)
FN:156,(anonymous_11)
FN:174,(anonymous_12)
FN:188,(anonymous_13)
FN:227,(anonymous_14)
FN:250,(anonymous_15)
FN:294,(anonymous_16)
FN:299,(anonymous_17)
FNF:18
FNH:15
FNDA:26,(anonymous_0)
FNDA:26,(anonymous_1)
FNDA:32,(anonymous_2)
FNDA:0,(anonymous_3)
FNDA:66,(anonymous_4)
FNDA:2,(anonymous_5)
FNDA:4,(anonymous_6)
FNDA:6,(anonymous_7)
FNDA:9,(anonymous_8)
FNDA:6,(anonymous_9)
FNDA:9,(anonymous_10)
FNDA:6,(anonymous_11)
FNDA:18,(anonymous_12)
FNDA:6,(anonymous_13)
FNDA:3,(anonymous_14)
FNDA:4,(anonymous_15)
FNDA:0,(anonymous_16)
FNDA:0,(anonymous_17)
DA:6,1
DA:11,26
DA:12,15
DA:13,15
DA:15,26
DA:19,26
DA:20,5
DA:21,5
DA:22,5
DA:23,5
DA:24,5
DA:27,5
DA:29,26
DA:33,32
DA:36,32
DA:37,6
DA:42,26
DA:43,26
DA:44,26
DA:45,26
DA:46,26
DA:47,26
DA:48,0
DA:49,0
DA:50,0
DA:53,0
DA:58,26
DA:59,26
DA:60,0
DA:61,0
DA:62,0
DA:64,0
DA:65,0
DA:66,0
DA:69,26
DA:70,66
DA:74,26
DA:75,26
DA:76,26
DA:77,26
DA:78,26
DA:80,26
DA:81,26
DA:84,0
DA:88,26
DA:92,2
DA:93,2
DA:94,2
DA:96,2
DA:106,4
DA:110,4
DA:111,4
DA:113,4
DA:115,4
DA:117,1
DA:120,3
DA:128,3
DA:129,3
DA:130,3
DA:131,3
DA:132,6
DA:136,3
DA:137,3
DA:141,3
DA:142,3
DA:144,9
DA:147,3
DA:148,3
DA:149,6
DA:150,6
DA:151,6
DA:153,6
DA:154,9
DA:156,9
DA:157,6
DA:158,6
DA:159,6
DA:160,6
DA:168,3
DA:170,3
DA:171,9
DA:172,9
DA:174,9
DA:175,18
DA:177,18
DA:178,3
DA:179,3
DA:181,3
DA:186,3
DA:188,3
DA:190,6
DA:191,6
DA:193,6
DA:194,3
DA:195,3
DA:203,3
DA:204,0
DA:210,3
DA:211,3
DA:213,3
DA:228,3
DA:231,3
DA:233,3
DA:234,3
DA:235,3
DA:238,3
DA:240,0
DA:243,3
DA:246,3
DA:248,3
DA:250,4
DA:254,3
DA:255,0
DA:256,0
DA:258,0
DA:261,3
DA:264,3
DA:265,2
DA:266,2
DA:269,2
DA:270,2
DA:272,2
DA:273,2
DA:275,0
DA:276,0
DA:282,0
DA:283,0
DA:286,0
DA:295,0
DA:296,0
DA:297,0
DA:299,0
DA:300,0
DA:301,0
DA:302,0
DA:303,0
DA:304,0
DA:305,0
DA:306,0
DA:307,0
DA:308,0
DA:315,0
DA:320,1
DA:321,1
LF:144
LH:109
BRDA:11,0,0,15
BRDA:11,0,1,11
BRDA:13,1,0,15
BRDA:13,1,1,0
BRDA:13,2,0,15
BRDA:13,2,1,15
BRDA:19,3,0,5
BRDA:19,3,1,21
BRDA:21,4,0,5
BRDA:21,4,1,0
BRDA:24,5,0,0
BRDA:24,5,1,5
BRDA:36,6,0,6
BRDA:36,6,1,26
BRDA:43,7,0,26
BRDA:43,7,1,0
BRDA:47,8,0,0
BRDA:47,8,1,26
BRDA:53,9,0,0
BRDA:53,9,1,0
BRDA:59,10,0,0
BRDA:59,10,1,26
BRDA:59,11,0,26
BRDA:59,11,1,26
BRDA:62,12,0,0
BRDA:62,12,1,0
BRDA:62,13,0,0
BRDA:62,13,1,0
BRDA:64,14,0,0
BRDA:64,14,1,0
BRDA:65,15,0,0
BRDA:65,15,1,0
BRDA:69,16,0,26
BRDA:69,16,1,0
BRDA:75,17,0,26
BRDA:75,17,1,0
BRDA:80,18,0,26
BRDA:80,18,1,0
BRDA:84,19,0,0
BRDA:84,19,1,0
BRDA:93,20,0,2
BRDA:93,20,1,0
BRDA:106,21,0,0
BRDA:106,21,1,4
BRDA:113,22,0,0
BRDA:113,22,1,4
BRDA:113,23,0,4
BRDA:113,23,1,1
BRDA:115,24,0,1
BRDA:115,24,1,3
BRDA:128,25,0,3
BRDA:128,25,1,0
BRDA:136,26,0,3
BRDA:136,26,1,3
BRDA:136,26,2,3
BRDA:136,26,3,0
BRDA:137,27,0,0
BRDA:137,27,1,3
BRDA:144,28,0,9
BRDA:144,28,1,0
BRDA:144,28,2,0
BRDA:144,28,3,0
BRDA:147,29,0,3
BRDA:147,29,1,0
BRDA:150,30,0,6
BRDA:150,30,1,0
BRDA:150,31,0,6
BRDA:150,31,1,6
BRDA:158,32,0,6
BRDA:158,32,1,0
BRDA:158,33,0,6
BRDA:158,33,1,6
BRDA:158,33,2,6
BRDA:170,34,0,12
BRDA:170,34,1,9
BRDA:177,35,0,3
BRDA:177,35,1,15
BRDA:177,36,0,18
BRDA:177,36,1,18
BRDA:179,37,0,0
BRDA:179,37,1,3
BRDA:190,38,0,6
BRDA:190,38,1,0
BRDA:193,39,0,3
BRDA:193,39,1,3
BRDA:193,40,0,6
BRDA:193,40,1,6
BRDA:193,40,2,6
BRDA:203,41,0,0
BRDA:203,41,1,3
BRDA:203,42,0,3
BRDA:203,42,1,0
BRDA:228,43,0,0
BRDA:228,43,1,3
BRDA:231,44,0,0
BRDA:231,44,1,3
BRDA:235,45,0,0
BRDA:235,45,1,3
BRDA:235,46,0,3
BRDA:235,46,1,0
BRDA:238,47,0,0
BRDA:238,47,1,3
BRDA:246,48,0,0
BRDA:246,48,1,3
BRDA:254,49,0,0
BRDA:254,49,1,3
BRDA:255,50,0,0
BRDA:255,50,1,0
BRDA:261,51,0,3
BRDA:261,51,1,0
BRDA:264,52,0,1
BRDA:264,52,1,2
BRDA:265,53,0,0
BRDA:265,53,1,2
BRDA:266,54,0,0
BRDA:266,54,1,2
BRDA:269,55,0,2
BRDA:269,55,1,0
BRDA:269,56,0,2
BRDA:269,56,1,0
BRDA:272,57,0,2
BRDA:272,57,1,0
BRDA:275,58,0,0
BRDA:275,58,1,0
BRDA:276,59,0,0
BRDA:276,59,1,0
BRDA:282,60,0,0
BRDA:282,60,1,0
BRDA:283,61,0,0
BRDA:283,61,1,0
BRDA:283,62,0,0
BRDA:283,62,1,0
BRDA:295,63,0,0
BRDA:295,63,1,0
BRDA:295,64,0,0
BRDA:295,64,1,0
BRDA:295,64,2,0
BRDA:297,65,0,0
BRDA:297,65,1,0
BRDA:297,66,0,0
BRDA:297,66,1,0
BRDA:300,67,0,0
BRDA:300,67,1,0
BRDA:300,68,0,0
BRDA:300,68,1,0
BRDA:303,69,0,0
BRDA:303,69,1,0
BRDA:303,70,0,0
BRDA:303,70,1,0
BRDA:305,71,0,0
BRDA:305,71,1,0
BRDA:307,72,0,0
BRDA:307,72,1,0
BRDA:320,73,0,1
BRDA:320,73,1,0
BRF:155
BRH:71
end_of_record
TN:
SF:src\Engine_DB.js
FN:25,_getAppVersionHash
FN:34,_invalidateCache
FN:44,(anonymous_2)
FN:84,_publishCacheSignal
FN:116,_checkCacheSignals
FN:135,(anonymous_5)
FN:141,(anonymous_6)
FN:149,(anonymous_7)
FN:156,(anonymous_8)
FN:174,_getCacheChunked
FN:189,_putCacheChunked
FN:213,_removeCacheChunked
FN:232,(anonymous_12)
FN:250,(anonymous_13)
FN:273,(anonymous_14)
FN:294,(anonymous_15)
FN:295,(anonymous_16)
FN:305,(anonymous_17)
FN:326,(anonymous_18)
FN:362,(anonymous_19)
FN:367,(anonymous_20)
FN:378,(anonymous_21)
FN:409,(anonymous_22)
FN:415,(anonymous_23)
FN:417,(anonymous_24)
FN:423,(anonymous_25)
FN:433,(anonymous_26)
FN:464,(anonymous_27)
FN:465,(anonymous_28)
FN:474,(anonymous_29)
FN:481,(anonymous_30)
FN:491,(anonymous_31)
FN:498,(anonymous_32)
FN:510,(anonymous_33)
FN:512,(anonymous_34)
FN:526,(anonymous_35)
FN:531,(anonymous_36)
FN:569,(anonymous_37)
FN:578,(anonymous_38)
FN:578,(anonymous_39)
FN:606,(anonymous_40)
FN:613,(anonymous_41)
FN:613,(anonymous_42)
FN:646,(anonymous_43)
FN:680,(anonymous_44)
FN:698,(anonymous_45)
FN:713,(anonymous_46)
FN:719,(anonymous_47)
FN:723,(anonymous_48)
FN:742,(anonymous_49)
FN:764,(anonymous_50)
FN:772,(anonymous_51)
FN:783,(anonymous_52)
FN:789,(anonymous_53)
FN:795,(anonymous_54)
FN:796,(anonymous_55)
FN:806,(anonymous_56)
FN:812,(anonymous_57)
FN:812,(anonymous_58)
FN:815,(anonymous_59)
FN:815,(anonymous_60)
FN:828,(anonymous_61)
FN:835,(anonymous_62)
FN:855,(anonymous_63)
FN:874,(anonymous_64)
FN:903,(anonymous_65)
FN:919,(anonymous_66)
FN:977,(anonymous_67)
FN:999,(anonymous_68)
FN:1007,(anonymous_69)
FN:1018,(anonymous_70)
FN:1021,(anonymous_71)
FN:1030,(anonymous_72)
FN:1035,(anonymous_73)
FN:1055,(anonymous_74)
FN:1056,(anonymous_75)
FN:1058,(anonymous_76)
FN:1061,(anonymous_77)
FN:1064,(anonymous_78)
FN:1079,(anonymous_79)
FN:1119,(anonymous_80)
FN:1131,(anonymous_81)
FN:1132,(anonymous_82)
FN:1133,(anonymous_83)
FN:1142,(anonymous_84)
FN:1151,(anonymous_85)
FN:1153,(anonymous_86)
FN:1176,(anonymous_87)
FN:1221,(anonymous_88)
FN:1258,(anonymous_89)
FN:1264,(anonymous_90)
FN:1270,(anonymous_91)
FN:1271,(anonymous_92)
FN:1272,(anonymous_93)
FN:1282,(anonymous_94)
FN:1285,(anonymous_95)
FN:1295,(anonymous_96)
FN:1297,(anonymous_97)
FN:1315,(anonymous_98)
FN:1334,(anonymous_99)
FN:1369,Job_CleanCacheSignals
FN:1390,(anonymous_101)
FN:1396,(anonymous_102)
FN:1397,(anonymous_103)
FN:1400,(anonymous_104)
FNF:105
FNH:41
FNDA:82,_getAppVersionHash
FNDA:18,_invalidateCache
FNDA:54,(anonymous_2)
FNDA:18,_publishCacheSignal
FNDA:0,_checkCacheSignals
FNDA:0,(anonymous_5)
FNDA:0,(anonymous_6)
FNDA:0,(anonymous_7)
FNDA:0,(anonymous_8)
FNDA:10,_getCacheChunked
FNDA:10,_putCacheChunked
FNDA:97,_removeCacheChunked
FNDA:7,(anonymous_12)
FNDA:0,(anonymous_13)
FNDA:4,(anonymous_14)
FNDA:0,(anonymous_15)
FNDA:8,(anonymous_16)
FNDA:4,(anonymous_17)
FNDA:8,(anonymous_18)
FNDA:4,(anonymous_19)
FNDA:0,(anonymous_20)
FNDA:4,(anonymous_21)
FNDA:0,(anonymous_22)
FNDA:0,(anonymous_23)
FNDA:2,(anonymous_24)
FNDA:0,(anonymous_25)
FNDA:0,(anonymous_26)
FNDA:0,(anonymous_27)
FNDA:6,(anonymous_28)
FNDA:3,(anonymous_29)
FNDA:3,(anonymous_30)
FNDA:0,(anonymous_31)
FNDA:0,(anonymous_32)
FNDA:0,(anonymous_33)
FNDA:0,(anonymous_34)
FNDA:0,(anonymous_35)
FNDA:3,(anonymous_36)
FNDA:0,(anonymous_37)
FNDA:0,(anonymous_38)
FNDA:0,(anonymous_39)
FNDA:0,(anonymous_40)
FNDA:0,(anonymous_41)
FNDA:0,(anonymous_42)
FNDA:0,(anonymous_43)
FNDA:3,(anonymous_44)
FNDA:6,(anonymous_45)
FNDA:0,(anonymous_46)
FNDA:0,(anonymous_47)
FNDA:0,(anonymous_48)
FNDA:4,(anonymous_49)
FNDA:8,(anonymous_50)
FNDA:0,(anonymous_51)
FNDA:0,(anonymous_52)
FNDA:0,(anonymous_53)
FNDA:0,(anonymous_54)
FNDA:0,(anonymous_55)
FNDA:0,(anonymous_56)
FNDA:0,(anonymous_57)
FNDA:0,(anonymous_58)
FNDA:0,(anonymous_59)
FNDA:0,(anonymous_60)
FNDA:0,(anonymous_61)
FNDA:0,(anonymous_62)
FNDA:0,(anonymous_63)
FNDA:0,(anonymous_64)
FNDA:0,(anonymous_65)
FNDA:10,(anonymous_66)
FNDA:0,(anonymous_67)
FNDA:0,(anonymous_68)
FNDA:0,(anonymous_69)
FNDA:0,(anonymous_70)
FNDA:0,(anonymous_71)
FNDA:0,(anonymous_72)
FNDA:0,(anonymous_73)
FNDA:0,(anonymous_74)
FNDA:0,(anonymous_75)
FNDA:0,(anonymous_76)
FNDA:0,(anonymous_77)
FNDA:0,(anonymous_78)
FNDA:6,(anonymous_79)
FNDA:3,(anonymous_80)
FNDA:3,(anonymous_81)
FNDA:2,(anonymous_82)
FNDA:3,(anonymous_83)
FNDA:2,(anonymous_84)
FNDA:0,(anonymous_85)
FNDA:0,(anonymous_86)
FNDA:1,(anonymous_87)
FNDA:6,(anonymous_88)
FNDA:3,(anonymous_89)
FNDA:2,(anonymous_90)
FNDA:6,(anonymous_91)
FNDA:3,(anonymous_92)
FNDA:4,(anonymous_93)
FNDA:3,(anonymous_94)
FNDA:3,(anonymous_95)
FNDA:0,(anonymous_96)
FNDA:0,(anonymous_97)
FNDA:2,(anonymous_98)
FNDA:8,(anonymous_99)
FNDA:0,Job_CleanCacheSignals
FNDA:0,(anonymous_101)
FNDA:0,(anonymous_102)
FNDA:0,(anonymous_103)
FNDA:0,(anonymous_104)
DA:11,7
DA:13,7
DA:14,7
DA:17,0
DA:18,0
DA:26,82
DA:35,18
DA:36,18
DA:39,18
DA:40,18
DA:43,18
DA:44,18
DA:45,54
DA:49,18
DA:56,18
DA:57,7
DA:60,18
DA:63,18
DA:64,0
DA:65,0
DA:66,0
DA:72,18
DA:73,18
DA:85,18
DA:86,18
DA:87,18
DA:88,18
DA:89,18
DA:96,18
DA:98,6
DA:99,6
DA:103,12
DA:117,0
DA:118,0
DA:119,0
DA:120,0
DA:123,0
DA:124,0
DA:125,0
DA:128,0
DA:129,0
DA:130,0
DA:131,0
DA:134,0
DA:135,0
DA:136,0
DA:137,0
DA:138,0
DA:141,0
DA:144,0
DA:147,0
DA:149,0
DA:150,0
DA:153,0
DA:156,0
DA:157,0
DA:161,0
DA:165,0
DA:166,0
DA:175,10
DA:176,10
DA:177,0
DA:179,0
DA:180,0
DA:181,0
DA:182,0
DA:183,0
DA:184,0
DA:186,0
DA:190,10
DA:191,10
DA:192,10
DA:193,9
DA:194,9
DA:197,1
DA:198,1
DA:200,1
DA:201,1
DA:202,1
DA:203,2
DA:206,1
DA:207,1
DA:209,0
DA:214,97
DA:215,97
DA:216,0
DA:217,0
DA:218,0
DA:219,0
DA:220,0
DA:222,0
DA:223,0
DA:226,97
DA:231,7
DA:233,7
DA:236,7
DA:239,7
DA:244,7
DA:245,1
DA:246,1
DA:248,1
DA:249,1
DA:250,1
DA:251,0
DA:252,0
DA:255,0
DA:258,0
DA:259,0
DA:263,7
DA:275,4
DA:276,4
DA:277,0
DA:278,0
DA:280,0
DA:283,4
DA:284,4
DA:285,4
DA:286,4
DA:292,4
DA:293,4
DA:294,4
DA:295,4
DA:296,8
DA:297,4
DA:300,4
DA:302,0
DA:305,4
DA:306,4
DA:307,4
DA:309,0
DA:313,4
DA:314,4
DA:320,4
DA:321,4
DA:324,4
DA:326,4
DA:327,8
DA:328,4
DA:330,4
DA:331,4
DA:333,0
DA:334,0
DA:336,4
DA:338,4
DA:341,4
DA:342,4
DA:343,4
DA:344,0
DA:345,0
DA:346,0
DA:347,0
DA:348,0
DA:352,4
DA:353,4
DA:356,4
DA:357,0
DA:358,0
DA:360,4
DA:362,4
DA:364,4
DA:365,4
DA:366,0
DA:367,0
DA:370,4
DA:371,4
DA:372,4
DA:374,4
DA:375,0
DA:378,4
DA:380,4
DA:381,0
DA:382,0
DA:383,0
DA:385,0
DA:386,0
DA:388,4
DA:389,4
DA:391,4
DA:399,4
DA:400,3
DA:402,3
DA:403,3
DA:404,0
DA:405,0
DA:406,0
DA:408,0
DA:409,0
DA:410,0
DA:414,3
DA:415,0
DA:417,3
DA:422,3
DA:423,0
DA:426,3
DA:427,3
DA:428,3
DA:429,3
DA:432,3
DA:433,0
DA:436,3
DA:446,3
DA:449,3
DA:453,3
DA:456,3
DA:457,0
DA:459,3
DA:460,3
DA:461,3
DA:463,3
DA:464,3
DA:465,3
DA:466,6
DA:467,3
DA:468,3
DA:469,3
DA:473,3
DA:474,3
DA:477,3
DA:478,3
DA:479,3
DA:481,3
DA:482,3
DA:485,3
DA:486,3
DA:487,3
DA:490,3
DA:491,3
DA:492,0
DA:493,0
DA:496,3
DA:497,0
DA:498,0
DA:499,0
DA:500,0
DA:501,0
DA:503,0
DA:506,0
DA:510,0
DA:511,0
DA:512,0
DA:516,3
DA:517,3
DA:518,2
DA:519,2
DA:520,2
DA:521,2
DA:525,3
DA:526,3
DA:529,3
DA:531,3
DA:532,3
DA:534,3
DA:535,0
DA:536,0
DA:537,0
DA:539,0
DA:540,0
DA:542,3
DA:543,3
DA:545,3
DA:556,3
DA:559,3
DA:560,3
DA:561,3
DA:562,3
DA:563,3
DA:567,3
DA:568,0
DA:569,0
DA:570,0
DA:571,0
DA:572,0
DA:575,0
DA:578,0
DA:579,0
DA:594,0
DA:595,0
DA:596,0
DA:597,0
DA:598,0
DA:599,0
DA:604,3
DA:605,0
DA:606,0
DA:607,0
DA:608,0
DA:609,0
DA:611,0
DA:613,0
DA:614,0
DA:629,0
DA:630,0
DA:631,0
DA:632,0
DA:633,0
DA:634,0
DA:639,3
DA:640,3
DA:641,3
DA:642,3
DA:643,2
DA:646,0
DA:647,0
DA:650,0
DA:651,0
DA:652,0
DA:653,0
DA:654,0
DA:655,0
DA:659,0
DA:660,0
DA:661,0
DA:662,0
DA:665,0
DA:666,0
DA:667,0
DA:669,3
DA:679,3
DA:680,3
DA:681,3
DA:682,3
DA:683,3
DA:684,3
DA:686,3
DA:687,3
DA:689,0
DA:690,0
DA:698,3
DA:699,6
DA:703,3
DA:704,3
DA:706,3
DA:707,0
DA:708,3
DA:709,0
DA:710,0
DA:712,0
DA:713,0
DA:714,0
DA:719,3
DA:720,0
DA:722,0
DA:723,0
DA:724,0
DA:726,0
DA:728,0
DA:729,0
DA:730,0
DA:732,0
DA:736,0
DA:739,3
DA:743,4
DA:744,4
DA:745,4
DA:747,4
DA:748,4
DA:750,0
DA:754,4
DA:758,3
DA:765,8
DA:767,8
DA:768,8
DA:769,8
DA:773,0
DA:774,0
DA:776,0
DA:777,0
DA:779,0
DA:780,0
DA:783,0
DA:790,0
DA:791,0
DA:793,0
DA:794,0
DA:795,0
DA:796,0
DA:797,0
DA:798,0
DA:799,0
DA:801,0
DA:803,0
DA:805,0
DA:806,0
DA:808,0
DA:809,0
DA:810,0
DA:812,0
DA:815,0
DA:818,0
DA:819,0
DA:822,0
DA:823,0
DA:824,0
DA:825,0
DA:828,0
DA:831,0
DA:832,0
DA:833,0
DA:834,0
DA:835,0
DA:839,0
DA:841,0
DA:842,0
DA:848,0
DA:856,0
DA:858,0
DA:859,0
DA:863,0
DA:864,0
DA:865,0
DA:866,0
DA:870,0
DA:871,0
DA:872,0
DA:874,0
DA:875,0
DA:876,0
DA:878,0
DA:884,0
DA:885,0
DA:886,0
DA:888,0
DA:889,0
DA:892,0
DA:893,0
DA:897,0
DA:904,0
DA:905,0
DA:906,0
DA:907,0
DA:908,0
DA:909,0
DA:911,0
DA:920,10
DA:923,10
DA:924,10
DA:925,0
DA:926,0
DA:928,0
DA:929,0
DA:932,10
DA:933,10
DA:934,2
DA:936,10
DA:937,10
DA:938,10
DA:939,10
DA:940,10
DA:941,0
DA:942,0
DA:944,0
DA:945,0
DA:946,0
DA:947,0
DA:948,0
DA:951,0
DA:952,0
DA:955,0
DA:956,0
DA:959,0
DA:964,10
DA:965,10
DA:968,10
DA:969,10
DA:970,10
DA:971,10
DA:974,10
DA:978,0
DA:979,0
DA:982,0
DA:986,0
DA:1000,0
DA:1001,0
DA:1002,0
DA:1005,0
DA:1006,0
DA:1007,0
DA:1008,0
DA:1009,0
DA:1010,0
DA:1011,0
DA:1012,0
DA:1016,0
DA:1017,0
DA:1018,0
DA:1020,0
DA:1021,0
DA:1022,0
DA:1023,0
DA:1025,0
DA:1026,0
DA:1027,0
DA:1030,0
DA:1031,0
DA:1032,0
DA:1033,0
DA:1034,0
DA:1035,0
DA:1037,0
DA:1038,0
DA:1039,0
DA:1040,0
DA:1041,0
DA:1042,0
DA:1047,0
DA:1055,0
DA:1056,0
DA:1057,0
DA:1058,0
DA:1059,0
DA:1060,0
DA:1061,0
DA:1063,0
DA:1064,0
DA:1065,0
DA:1066,0
DA:1068,0
DA:1069,0
DA:1070,0
DA:1076,0
DA:1080,6
DA:1081,6
DA:1084,6
DA:1085,6
DA:1086,1
DA:1089,5
DA:1092,5
DA:1093,5
DA:1094,5
DA:1095,0
DA:1097,0
DA:1098,0
DA:1099,0
DA:1103,5
DA:1104,5
DA:1105,1
DA:1106,1
DA:1110,5
DA:1117,1
DA:1118,1
DA:1119,3
DA:1122,1
DA:1123,1
DA:1124,1
DA:1126,0
DA:1131,3
DA:1132,1
DA:1133,3
DA:1134,0
DA:1138,1
DA:1139,1
DA:1142,2
DA:1151,1
DA:1153,1
DA:1154,0
DA:1155,0
DA:1169,1
DA:1172,1
DA:1173,1
DA:1174,1
DA:1176,1
DA:1177,1
DA:1182,1
DA:1183,1
DA:1187,1
DA:1188,1
DA:1189,1
DA:1192,1
DA:1193,1
DA:1194,1
DA:1201,4
DA:1202,4
DA:1208,4
DA:1209,4
DA:1210,0
DA:1211,0
DA:1214,4
DA:1222,6
DA:1223,6
DA:1226,6
DA:1227,6
DA:1228,1
DA:1231,5
DA:1234,5
DA:1235,5
DA:1236,5
DA:1237,0
DA:1238,0
DA:1239,0
DA:1240,0
DA:1243,5
DA:1244,1
DA:1245,1
DA:1249,5
DA:1250,5
DA:1252,5
DA:1253,5
DA:1255,5
DA:1256,1
DA:1257,1
DA:1258,3
DA:1260,1
DA:1261,1
DA:1262,1
DA:1264,1
DA:1265,2
DA:1266,2
DA:1267,2
DA:1270,6
DA:1271,2
DA:1272,4
DA:1273,0
DA:1277,2
DA:1278,2
DA:1279,2
DA:1282,3
DA:1283,1
DA:1285,3
DA:1295,1
DA:1297,1
DA:1298,0
DA:1299,0
DA:1313,1
DA:1315,1
DA:1316,2
DA:1317,2
DA:1318,2
DA:1321,1
DA:1322,1
DA:1323,1
DA:1326,1
DA:1327,1
DA:1328,1
DA:1332,4
DA:1333,4
DA:1334,4
DA:1335,8
DA:1336,8
DA:1337,8
DA:1340,4
DA:1341,4
DA:1342,4
DA:1349,5
DA:1357,7
DA:1358,7
DA:1370,0
DA:1371,0
DA:1372,0
DA:1373,0
DA:1375,0
DA:1376,0
DA:1377,0
DA:1380,0
DA:1381,0
DA:1383,0
DA:1384,0
DA:1385,0
DA:1389,0
DA:1390,0
DA:1393,0
DA:1396,0
DA:1397,0
DA:1400,0
DA:1401,0
DA:1402,0
DA:1404,0
DA:1409,0
DA:1410,0
DA:1413,0
DA:1414,0
DA:1417,0
DA:1418,0
LF:672
LH:325
BRDA:11,0,0,7
BRDA:11,0,1,0
BRDA:26,1,0,0
BRDA:26,1,1,82
BRDA:26,2,0,82
BRDA:26,2,1,82
BRDA:35,3,0,0
BRDA:35,3,1,18
BRDA:56,4,0,7
BRDA:56,4,1,11
BRDA:60,5,0,18
BRDA:60,5,1,0
BRDA:63,6,0,0
BRDA:63,6,1,18
BRDA:63,7,0,18
BRDA:63,7,1,18
BRDA:63,7,2,18
BRDA:66,8,0,0
BRDA:66,8,1,0
BRDA:72,9,0,18
BRDA:72,9,1,0
BRDA:86,10,0,0
BRDA:86,10,1,18
BRDA:86,11,0,18
BRDA:86,11,1,18
BRDA:87,12,0,0
BRDA:87,12,1,18
BRDA:87,13,0,18
BRDA:87,13,1,18
BRDA:88,14,0,18
BRDA:88,14,1,18
BRDA:98,15,0,6
BRDA:98,15,1,0
BRDA:103,16,0,12
BRDA:103,16,1,0
BRDA:118,17,0,0
BRDA:118,17,1,0
BRDA:124,18,0,0
BRDA:124,18,1,0
BRDA:128,19,0,0
BRDA:128,19,1,0
BRDA:129,20,0,0
BRDA:129,20,1,0
BRDA:129,21,0,0
BRDA:129,21,1,0
BRDA:131,22,0,0
BRDA:131,22,1,0
BRDA:131,23,0,0
BRDA:131,23,1,0
BRDA:137,24,0,0
BRDA:137,24,1,0
BRDA:137,25,0,0
BRDA:137,25,1,0
BRDA:147,26,0,0
BRDA:147,26,1,0
BRDA:147,26,2,0
BRDA:150,27,0,0
BRDA:150,27,1,0
BRDA:153,28,0,0
BRDA:153,28,1,0
BRDA:157,29,0,0
BRDA:157,29,1,0
BRDA:165,30,0,0
BRDA:165,30,1,0
BRDA:176,31,0,10
BRDA:176,31,1,0
BRDA:177,32,0,0
BRDA:177,32,1,0
BRDA:183,33,0,0
BRDA:183,33,1,0
BRDA:192,34,0,9
BRDA:192,34,1,1
BRDA:207,35,0,1
BRDA:207,35,1,0
BRDA:209,36,0,0
BRDA:209,36,1,0
BRDA:215,37,0,0
BRDA:215,37,1,97
BRDA:215,38,0,97
BRDA:215,38,1,0
BRDA:236,39,0,7
BRDA:236,39,1,0
BRDA:244,40,0,1
BRDA:244,40,1,6
BRDA:248,41,0,1
BRDA:248,41,1,0
BRDA:248,42,0,1
BRDA:248,42,1,1
BRDA:251,43,0,0
BRDA:251,43,1,0
BRDA:258,44,0,0
BRDA:258,44,1,0
BRDA:275,45,0,4
BRDA:275,45,1,0
BRDA:276,46,0,0
BRDA:276,46,1,4
BRDA:276,47,0,4
BRDA:276,47,1,4
BRDA:276,47,2,0
BRDA:277,48,0,0
BRDA:277,48,1,0
BRDA:292,49,0,4
BRDA:292,49,1,0
BRDA:293,50,0,4
BRDA:293,50,1,0
BRDA:294,51,0,4
BRDA:294,51,1,0
BRDA:294,52,0,0
BRDA:294,52,1,0
BRDA:296,53,0,4
BRDA:296,53,1,4
BRDA:296,54,0,8
BRDA:296,54,1,4
BRDA:296,54,2,4
BRDA:300,55,0,0
BRDA:300,55,1,4
BRDA:302,56,0,0
BRDA:302,56,1,0
BRDA:302,57,0,0
BRDA:302,57,1,0
BRDA:306,58,0,4
BRDA:306,58,1,0
BRDA:306,59,0,4
BRDA:306,59,1,0
BRDA:320,60,0,4
BRDA:320,60,1,0
BRDA:320,61,0,0
BRDA:320,61,1,0
BRDA:324,62,0,0
BRDA:324,62,1,4
BRDA:324,63,0,4
BRDA:324,63,1,0
BRDA:327,64,0,4
BRDA:327,64,1,4
BRDA:327,65,0,8
BRDA:327,65,1,4
BRDA:327,65,2,4
BRDA:327,65,3,4
BRDA:327,65,4,4
BRDA:330,66,0,4
BRDA:330,66,1,0
BRDA:331,67,0,0
BRDA:331,67,1,4
BRDA:331,68,0,4
BRDA:331,68,1,4
BRDA:333,69,0,0
BRDA:333,69,1,0
BRDA:334,70,0,0
BRDA:334,70,1,0
BRDA:336,71,0,0
BRDA:336,71,1,4
BRDA:341,72,0,4
BRDA:341,72,1,0
BRDA:342,73,0,4
BRDA:342,73,1,0
BRDA:344,74,0,0
BRDA:344,74,1,0
BRDA:347,75,0,0
BRDA:347,75,1,0
BRDA:347,76,0,0
BRDA:347,76,1,0
BRDA:352,77,0,4
BRDA:352,77,1,4
BRDA:356,78,0,0
BRDA:356,78,1,4
BRDA:357,79,0,0
BRDA:357,79,1,0
BRDA:357,80,0,0
BRDA:357,80,1,0
BRDA:360,81,0,4
BRDA:360,81,1,0
BRDA:365,82,0,0
BRDA:365,82,1,4
BRDA:371,83,0,4
BRDA:371,83,1,0
BRDA:372,84,0,4
BRDA:372,84,1,0
BRDA:372,85,0,4
BRDA:372,85,1,4
BRDA:374,86,0,0
BRDA:374,86,1,4
BRDA:380,87,0,0
BRDA:380,87,1,4
BRDA:382,88,0,0
BRDA:382,88,1,0
BRDA:382,89,0,0
BRDA:382,89,1,0
BRDA:382,89,2,0
BRDA:382,89,3,0
BRDA:385,90,0,0
BRDA:385,90,1,0
BRDA:386,91,0,0
BRDA:386,91,1,0
BRDA:388,92,0,4
BRDA:388,92,1,0
BRDA:388,93,0,0
BRDA:388,93,1,0
BRDA:389,94,0,4
BRDA:389,94,1,0
BRDA:389,95,0,4
BRDA:389,95,1,4
BRDA:400,96,0,3
BRDA:400,96,1,0
BRDA:403,97,0,0
BRDA:403,97,1,3
BRDA:405,98,0,0
BRDA:405,98,1,0
BRDA:405,99,0,0
BRDA:405,99,1,0
BRDA:405,99,2,0
BRDA:405,99,3,0
BRDA:408,100,0,0
BRDA:408,100,1,0
BRDA:410,101,0,0
BRDA:410,101,1,0
BRDA:410,101,2,0
BRDA:414,102,0,0
BRDA:414,102,1,3
BRDA:415,103,0,0
BRDA:415,103,1,0
BRDA:417,104,0,2
BRDA:417,104,1,0
BRDA:422,105,0,0
BRDA:422,105,1,3
BRDA:426,106,0,3
BRDA:426,106,1,0
BRDA:427,107,0,3
BRDA:427,107,1,0
BRDA:428,108,0,3
BRDA:428,108,1,0
BRDA:429,109,0,3
BRDA:429,109,1,0
BRDA:432,110,0,0
BRDA:432,110,1,3
BRDA:438,111,0,3
BRDA:438,111,1,0
BRDA:449,112,0,3
BRDA:449,112,1,0
BRDA:453,113,0,3
BRDA:453,113,1,3
BRDA:453,113,2,3
BRDA:456,114,0,0
BRDA:456,114,1,3
BRDA:456,115,0,3
BRDA:456,115,1,0
BRDA:456,115,2,0
BRDA:457,116,0,0
BRDA:457,116,1,0
BRDA:463,117,0,3
BRDA:463,117,1,0
BRDA:464,118,0,3
BRDA:464,118,1,0
BRDA:464,119,0,0
BRDA:464,119,1,0
BRDA:466,120,0,3
BRDA:466,120,1,3
BRDA:466,121,0,6
BRDA:466,121,1,3
BRDA:466,121,2,3
BRDA:473,122,0,3
BRDA:473,122,1,0
BRDA:474,123,0,3
BRDA:474,123,1,0
BRDA:477,124,0,3
BRDA:477,124,1,0
BRDA:478,125,0,3
BRDA:478,125,1,0
BRDA:478,126,0,3
BRDA:478,126,1,3
BRDA:479,127,0,0
BRDA:479,127,1,3
BRDA:481,128,0,3
BRDA:481,128,1,3
BRDA:481,128,2,0
BRDA:485,129,0,3
BRDA:485,129,1,0
BRDA:486,130,0,3
BRDA:486,130,1,0
BRDA:487,131,0,3
BRDA:487,131,1,0
BRDA:490,132,0,3
BRDA:490,132,1,0
BRDA:492,133,0,0
BRDA:492,133,1,0
BRDA:496,134,0,0
BRDA:496,134,1,3
BRDA:506,135,0,0
BRDA:506,135,1,0
BRDA:510,136,0,0
BRDA:510,136,1,0
BRDA:510,137,0,0
BRDA:510,137,1,0
BRDA:511,138,0,0
BRDA:511,138,1,0
BRDA:516,139,0,3
BRDA:516,139,1,0
BRDA:517,140,0,2
BRDA:517,140,1,1
BRDA:518,141,0,2
BRDA:518,141,1,0
BRDA:519,142,0,2
BRDA:519,142,1,0
BRDA:525,143,0,3
BRDA:525,143,1,0
BRDA:526,144,0,3
BRDA:526,144,1,0
BRDA:529,145,0,3
BRDA:529,145,1,0
BRDA:529,146,0,3
BRDA:529,146,1,0
BRDA:534,147,0,0
BRDA:534,147,1,3
BRDA:536,148,0,0
BRDA:536,148,1,0
BRDA:536,149,0,0
BRDA:536,149,1,0
BRDA:536,149,2,0
BRDA:536,149,3,0
BRDA:539,150,0,0
BRDA:539,150,1,0
BRDA:540,151,0,0
BRDA:540,151,1,0
BRDA:542,152,0,3
BRDA:542,152,1,0
BRDA:542,153,0,0
BRDA:542,153,1,0
BRDA:543,154,0,3
BRDA:543,154,1,0
BRDA:543,155,0,3
BRDA:543,155,1,3
BRDA:549,156,0,3
BRDA:549,156,1,3
BRDA:550,157,0,3
BRDA:550,157,1,0
BRDA:551,158,0,3
BRDA:551,158,1,3
BRDA:552,159,0,3
BRDA:552,159,1,0
BRDA:553,160,0,3
BRDA:553,160,1,3
BRDA:553,160,2,3
BRDA:553,160,3,3
BRDA:554,161,0,3
BRDA:554,161,1,3
BRDA:554,161,2,3
BRDA:554,161,3,3
BRDA:559,162,0,3
BRDA:559,162,1,0
BRDA:560,163,0,3
BRDA:560,163,1,0
BRDA:561,164,0,1
BRDA:561,164,1,2
BRDA:567,165,0,0
BRDA:567,165,1,3
BRDA:571,166,0,0
BRDA:571,166,1,0
BRDA:571,167,0,0
BRDA:571,167,1,0
BRDA:572,168,0,0
BRDA:572,168,1,0
BRDA:578,169,0,0
BRDA:578,169,1,0
BRDA:578,170,0,0
BRDA:578,170,1,0
BRDA:578,171,0,0
BRDA:578,171,1,0
BRDA:594,172,0,0
BRDA:594,172,1,0
BRDA:595,173,0,0
BRDA:595,173,1,0
BRDA:597,174,0,0
BRDA:597,174,1,0
BRDA:598,175,0,0
BRDA:598,175,1,0
BRDA:604,176,0,0
BRDA:604,176,1,3
BRDA:607,177,0,0
BRDA:607,177,1,0
BRDA:608,178,0,0
BRDA:608,178,1,0
BRDA:613,179,0,0
BRDA:613,179,1,0
BRDA:613,180,0,0
BRDA:613,180,1,0
BRDA:613,181,0,0
BRDA:613,181,1,0
BRDA:619,182,0,0
BRDA:619,182,1,0
BRDA:622,183,0,0
BRDA:622,183,1,0
BRDA:622,183,2,0
BRDA:623,184,0,0
BRDA:623,184,1,0
BRDA:623,184,2,0
BRDA:623,184,3,0
BRDA:629,185,0,0
BRDA:629,185,1,0
BRDA:630,186,0,0
BRDA:630,186,1,0
BRDA:632,187,0,0
BRDA:632,187,1,0
BRDA:633,188,0,0
BRDA:633,188,1,0
BRDA:639,189,0,3
BRDA:639,189,1,0
BRDA:640,190,0,3
BRDA:640,190,1,0
BRDA:642,191,0,2
BRDA:642,191,1,1
BRDA:650,192,0,0
BRDA:650,192,1,0
BRDA:659,193,0,0
BRDA:659,193,1,0
BRDA:660,194,0,0
BRDA:660,194,1,0
BRDA:665,195,0,0
BRDA:665,195,1,0
BRDA:666,196,0,0
BRDA:666,196,1,0
BRDA:669,197,0,0
BRDA:669,197,1,3
BRDA:679,198,0,3
BRDA:679,198,1,0
BRDA:681,199,0,3
BRDA:681,199,1,0
BRDA:683,200,0,3
BRDA:683,200,1,0
BRDA:687,201,0,3
BRDA:687,201,1,0
BRDA:689,202,0,0
BRDA:689,202,1,0
BRDA:706,203,0,0
BRDA:706,203,1,3
BRDA:708,204,0,0
BRDA:708,204,1,3
BRDA:709,205,0,0
BRDA:709,205,1,0
BRDA:709,206,0,0
BRDA:709,206,1,0
BRDA:710,207,0,0
BRDA:710,207,1,0
BRDA:712,208,0,0
BRDA:712,208,1,0
BRDA:712,209,0,0
BRDA:712,209,1,0
BRDA:720,210,0,0
BRDA:720,210,1,0
BRDA:720,211,0,0
BRDA:720,211,1,0
BRDA:720,211,2,0
BRDA:722,212,0,0
BRDA:722,212,1,0
BRDA:722,213,0,0
BRDA:722,213,1,0
BRDA:723,214,0,0
BRDA:723,214,1,0
BRDA:723,214,2,0
BRDA:726,215,0,0
BRDA:726,215,1,0
BRDA:729,216,0,0
BRDA:729,216,1,0
BRDA:736,217,0,0
BRDA:736,217,1,0
BRDA:743,218,0,4
BRDA:743,218,1,0
BRDA:745,219,0,4
BRDA:745,219,1,0
BRDA:747,220,0,4
BRDA:747,220,1,0
BRDA:748,221,0,0
BRDA:748,221,1,4
BRDA:748,222,0,4
BRDA:748,222,1,4
BRDA:748,222,2,0
BRDA:765,223,0,0
BRDA:765,223,1,8
BRDA:765,224,0,8
BRDA:765,224,1,8
BRDA:773,225,0,0
BRDA:773,225,1,0
BRDA:776,226,0,0
BRDA:776,226,1,0
BRDA:777,227,0,0
BRDA:777,227,1,0
BRDA:779,228,0,0
BRDA:779,228,1,0
BRDA:791,229,0,0
BRDA:791,229,1,0
BRDA:793,230,0,0
BRDA:793,230,1,0
BRDA:794,231,0,0
BRDA:794,231,1,0
BRDA:795,232,0,0
BRDA:795,232,1,0
BRDA:795,233,0,0
BRDA:795,233,1,0
BRDA:797,234,0,0
BRDA:797,234,1,0
BRDA:799,235,0,0
BRDA:799,235,1,0
BRDA:803,236,0,0
BRDA:803,236,1,0
BRDA:803,237,0,0
BRDA:803,237,1,0
BRDA:806,238,0,0
BRDA:806,238,1,0
BRDA:806,239,0,0
BRDA:806,239,1,0
BRDA:806,240,0,0
BRDA:806,240,1,0
BRDA:806,240,2,0
BRDA:809,241,0,0
BRDA:809,241,1,0
BRDA:810,242,0,0
BRDA:810,242,1,0
BRDA:812,243,0,0
BRDA:812,243,1,0
BRDA:815,244,0,0
BRDA:815,244,1,0
BRDA:819,245,0,0
BRDA:819,245,1,0
BRDA:819,246,0,0
BRDA:819,246,1,0
BRDA:822,247,0,0
BRDA:822,247,1,0
BRDA:823,248,0,0
BRDA:823,248,1,0
BRDA:823,249,0,0
BRDA:823,249,1,0
BRDA:824,250,0,0
BRDA:824,250,1,0
BRDA:828,251,0,0
BRDA:828,251,1,0
BRDA:832,252,0,0
BRDA:832,252,1,0
BRDA:834,253,0,0
BRDA:834,253,1,0
BRDA:834,254,0,0
BRDA:834,254,1,0
BRDA:841,255,0,0
BRDA:841,255,1,0
BRDA:855,256,0,0
BRDA:856,257,0,0
BRDA:856,257,1,0
BRDA:858,258,0,0
BRDA:858,258,1,0
BRDA:858,259,0,0
BRDA:858,259,1,0
BRDA:863,260,0,0
BRDA:863,260,1,0
BRDA:863,261,0,0
BRDA:863,261,1,0
BRDA:865,262,0,0
BRDA:865,262,1,0
BRDA:870,263,0,0
BRDA:870,263,1,0
BRDA:871,264,0,0
BRDA:871,264,1,0
BRDA:871,265,0,0
BRDA:871,265,1,0
BRDA:875,266,0,0
BRDA:875,266,1,0
BRDA:884,267,0,0
BRDA:884,267,1,0
BRDA:892,268,0,0
[...]
BRDA:501,130,1,3
BRDA:507,131,0,1
BRDA:507,131,1,4
BRDA:508,132,0,1
BRDA:508,132,1,4
BRDA:509,133,0,1
BRDA:509,133,1,4
BRDA:512,134,0,5
BRDA:512,134,1,0
BRDA:517,135,0,5
BRDA:517,135,1,4
BRDA:520,136,0,2
BRDA:520,136,1,3
BRDA:520,137,0,5
BRDA:520,137,1,5
BRDA:527,138,0,0
BRDA:527,138,1,5
BRDA:531,139,0,5
BRDA:531,139,1,0
BRDA:532,140,0,2
BRDA:532,140,1,3
BRDA:535,141,0,2
BRDA:535,141,1,3
BRDA:536,142,0,0
BRDA:536,142,1,2
BRDA:538,143,0,0
BRDA:538,143,1,0
BRDA:542,144,0,0
BRDA:542,144,1,2
BRDA:556,145,0,3
BRDA:556,145,1,3
BRDA:558,146,0,0
BRDA:558,146,1,3
BRDA:567,147,0,3
BRDA:567,147,1,0
BRDA:585,148,0,0
BRDA:585,148,1,0
BRDA:585,149,0,0
BRDA:585,149,1,0
BRDA:585,149,2,0
BRDA:597,150,0,0
BRDA:597,150,1,0
BRDA:598,151,0,0
BRDA:598,151,1,0
BRDA:599,152,0,0
BRDA:599,152,1,0
BRDA:605,153,0,0
BRDA:605,153,1,0
BRDA:614,154,0,0
BRDA:614,154,1,0
BRDA:618,155,0,0
BRDA:618,155,1,0
BRDA:620,156,0,0
BRDA:620,156,1,0
BRDA:622,157,0,0
BRDA:622,157,1,0
BRDA:627,158,0,0
BRDA:627,158,1,0
BRDA:627,158,2,0
BRDA:639,159,0,0
BRDA:639,159,1,0
BRDA:639,160,0,0
BRDA:639,160,1,0
BRDA:645,161,0,0
BRDA:645,161,1,0
BRDA:645,162,0,0
BRDA:645,162,1,0
BRDA:662,163,0,0
BRDA:662,163,1,0
BRDA:673,164,0,0
BRDA:673,164,1,0
BRDA:673,165,0,0
BRDA:673,165,1,0
BRDA:673,165,2,0
BRDA:673,165,3,0
BRDA:682,166,0,0
BRDA:682,166,1,0
BRDA:682,167,0,0
BRDA:682,167,1,0
BRDA:682,167,2,0
BRDA:682,167,3,0
BRDA:686,168,0,0
BRDA:686,168,1,0
BRDA:689,169,0,0
BRDA:689,169,1,0
BRDA:721,170,0,0
BRDA:721,170,1,0
BRDA:730,171,0,0
BRDA:730,171,1,0
BRDA:730,172,0,0
BRDA:730,172,1,0
BRDA:732,173,0,0
BRDA:732,173,1,0
BRDA:732,173,2,0
BRDA:733,174,0,0
BRDA:733,174,1,0
BRDA:743,175,0,0
BRDA:743,175,1,0
BRDA:743,176,0,0
BRDA:743,176,1,0
BRDA:743,176,2,0
BRDA:749,177,0,0
BRDA:749,177,1,0
BRDA:749,178,0,0
BRDA:749,178,1,0
BRDA:749,178,2,0
BRDA:754,179,0,0
BRDA:754,179,1,0
BRDA:754,180,0,0
BRDA:754,180,1,0
BRDA:754,180,2,0
BRDA:758,181,0,0
BRDA:758,181,1,0
BRDA:758,182,0,0
BRDA:758,182,1,0
BRDA:778,183,0,0
BRDA:778,183,1,0
BRDA:778,184,0,0
BRDA:778,184,1,0
BRDA:783,185,0,0
BRDA:783,185,1,0
BRDA:785,186,0,0
BRDA:785,186,1,0
BRDA:800,187,0,0
BRDA:800,187,1,0
BRDA:801,188,0,0
BRDA:801,188,1,0
BRDA:801,189,0,0
BRDA:801,189,1,0
BRDA:802,190,0,0
BRDA:802,190,1,0
BRDA:802,191,0,0
BRDA:802,191,1,0
BRDA:803,192,0,0
BRDA:803,192,1,0
BRDA:803,193,0,0
BRDA:803,193,1,0
BRDA:805,194,0,0
BRDA:805,194,1,0
BRDA:805,195,0,0
BRDA:805,195,1,0
BRDA:811,196,0,0
BRDA:811,196,1,0
BRDA:811,197,0,0
BRDA:811,197,1,0
BRDA:817,198,0,0
BRDA:817,198,1,0
BRDA:817,199,0,0
BRDA:817,199,1,0
BRDA:822,200,0,0
BRDA:822,200,1,0
BRDA:831,201,0,0
BRDA:831,201,1,0
BRDA:832,202,0,0
BRDA:832,202,1,0
BRDA:833,203,0,0
BRDA:833,203,1,0
BRDA:834,204,0,0
BRDA:834,204,1,0
BRDA:845,205,0,0
BRDA:845,205,1,0
BRDA:847,206,0,0
BRDA:847,206,1,0
BRDA:857,207,0,0
BRDA:857,207,1,0
BRDA:877,208,0,1
BRDA:877,208,1,0
BRF:445
BRH:110
end_of_record
TN:
SF:src\Engine_Graph.js
FN:13,(anonymous_0)
FN:21,(anonymous_1)
FN:35,(anonymous_2)
FN:59,dfsTraversal
FN:96,getSubtreeMaxDepth
FN:107,(anonymous_5)
FN:137,(anonymous_6)
FN:149,(anonymous_7)
FN:150,(anonymous_8)
FN:172,(anonymous_9)
FN:196,(anonymous_10)
FN:208,(anonymous_11)
FN:217,(anonymous_12)
FN:247,(anonymous_13)
FN:259,(anonymous_14)
FN:268,(anonymous_15)
FN:282,(anonymous_16)
FN:291,(anonymous_17)
FN:295,(anonymous_18)
FN:309,(anonymous_19)
FN:315,(anonymous_20)
FN:316,(anonymous_21)
FN:318,(anonymous_22)
FN:340,(anonymous_23)
FN:344,(anonymous_24)
FN:347,(anonymous_25)
FN:352,(anonymous_26)
FN:357,(anonymous_27)
FN:367,(anonymous_28)
FNF:29
FNH:28
FNDA:15,(anonymous_0)
FNDA:18,(anonymous_1)
FNDA:17,(anonymous_2)
FNDA:17,dfsTraversal
FNDA:2,getSubtreeMaxDepth
FNDA:0,(anonymous_5)
FNDA:6,(anonymous_6)
FNDA:4,(anonymous_7)
FNDA:4,(anonymous_8)
FNDA:6,(anonymous_9)
FNDA:2,(anonymous_10)
FNDA:2,(anonymous_11)
FNDA:3,(anonymous_12)
FNDA:4,(anonymous_13)
FNDA:13,(anonymous_14)
FNDA:3,(anonymous_15)
FNDA:12,(anonymous_16)
FNDA:3,(anonymous_17)
FNDA:4,(anonymous_18)
FNDA:4,(anonymous_19)
FNDA:2,(anonymous_20)
FNDA:4,(anonymous_21)
FNDA:16,(anonymous_22)
FNDA:4,(anonymous_23)
FNDA:16,(anonymous_24)
FNDA:4,(anonymous_25)
FNDA:4,(anonymous_26)
FNDA:4,(anonymous_27)
FNDA:4,(anonymous_28)
DA:7,4
DA:14,15
DA:15,15
DA:17,15
DA:18,15
DA:19,15
DA:21,15
DA:22,18
DA:23,18
DA:24,18
DA:25,18
DA:27,18
DA:28,18
DA:30,18
DA:31,18
DA:34,15
DA:35,15
DA:36,17
DA:37,17
DA:39,17
DA:42,17
DA:43,2
DA:45,2
DA:46,1
DA:48,1
DA:57,16
DA:60,17
DA:62,17
DA:63,2
DA:64,2
DA:67,15
DA:69,15
DA:71,15
DA:72,15
DA:74,15
DA:75,9
DA:76,9
DA:77,5
DA:80,11
DA:82,11
DA:86,11
DA:87,11
DA:91,8
DA:92,8
DA:93,8
DA:95,6
DA:97,2
DA:99,2
DA:100,2
DA:101,2
DA:102,2
DA:105,0
DA:107,0
DA:108,0
DA:109,0
DA:110,0
DA:111,0
DA:112,0
DA:113,0
DA:114,0
DA:116,0
DA:120,0
DA:121,0
DA:124,2
DA:125,2
DA:127,2
DA:128,1
DA:129,1
DA:135,13
DA:136,8
DA:137,8
DA:138,6
DA:140,6
DA:141,6
DA:142,6
DA:143,2
DA:145,4
DA:149,6
DA:150,6
DA:153,11
DA:154,11
DA:156,11
DA:157,11
DA:159,11
DA:160,11
DA:163,9
DA:173,6
DA:174,6
DA:176,6
DA:179,6
DA:180,6
DA:181,0
DA:182,6
DA:183,6
DA:186,6
DA:187,6
DA:188,6
DA:189,6
DA:190,6
DA:195,6
DA:196,2
DA:197,2
DA:198,2
DA:199,2
DA:200,2
DA:203,2
DA:207,6
DA:208,6
DA:209,2
DA:211,0
DA:215,6
DA:216,6
DA:217,3
DA:218,3
DA:219,3
DA:220,3
DA:222,3
DA:224,3
DA:225,3
DA:226,3
DA:227,3
DA:228,3
DA:229,3
DA:234,6
DA:249,4
DA:255,4
DA:256,4
DA:259,4
DA:260,13
DA:261,13
DA:263,13
DA:264,13
DA:267,4
DA:268,3
DA:269,1
DA:272,3
DA:274,2
DA:275,2
DA:276,2
DA:278,2
DA:279,4
DA:282,4
DA:283,12
DA:284,5
DA:285,5
DA:290,4
DA:291,4
DA:292,3
DA:294,3
DA:295,4
DA:297,3
DA:298,2
DA:299,2
DA:300,2
DA:305,2
DA:308,1
DA:309,4
DA:311,1
DA:312,1
DA:315,1
DA:316,2
DA:318,16
DA:319,4
DA:320,4
DA:327,1
DA:329,0
DA:341,4
DA:344,16
DA:346,4
DA:347,4
DA:348,4
DA:351,4
DA:352,4
DA:353,4
DA:357,4
DA:358,4
DA:359,4
DA:360,2
DA:362,2
DA:367,4
DA:368,4
DA:369,4
DA:370,2
DA:374,4
DA:379,4
DA:380,4
LF:186
LH:171
BRDA:15,0,0,0
BRDA:15,0,1,15
BRDA:15,1,0,15
BRDA:15,1,1,15
BRDA:21,2,0,15
BRDA:21,2,1,0
BRDA:24,3,0,16
BRDA:24,3,1,2
BRDA:27,4,0,16
BRDA:27,4,1,2
BRDA:30,5,0,18
BRDA:30,5,1,0
BRDA:35,6,0,15
BRDA:35,6,1,0
BRDA:39,7,0,0
BRDA:39,7,1,17
BRDA:39,8,0,17
BRDA:39,8,1,17
BRDA:39,8,2,17
BRDA:39,8,3,17
BRDA:42,9,0,2
BRDA:42,9,1,15
BRDA:45,10,0,1
BRDA:45,10,1,1
BRDA:57,11,0,8
BRDA:57,11,1,8
BRDA:57,12,0,16
BRDA:57,12,1,9
BRDA:60,13,0,0
BRDA:60,13,1,17
BRDA:60,14,0,17
BRDA:60,14,1,17
BRDA:60,14,2,17
BRDA:62,15,0,2
BRDA:62,15,1,15
BRDA:62,16,0,17
BRDA:62,16,1,14
BRDA:67,17,0,0
BRDA:67,17,1,15
BRDA:71,18,0,15
BRDA:71,18,1,8
BRDA:75,19,0,0
BRDA:75,19,1,9
BRDA:77,20,0,4
BRDA:77,20,1,1
BRDA:95,21,0,2
BRDA:95,21,1,4
BRDA:97,22,0,0
BRDA:97,22,1,2
BRDA:99,23,0,2
BRDA:99,23,1,0
BRDA:99,24,0,2
BRDA:99,24,1,0
BRDA:108,25,0,0
BRDA:108,25,1,0
BRDA:109,26,0,0
BRDA:109,26,1,0
BRDA:113,27,0,0
BRDA:113,27,1,0
BRDA:127,28,0,1
BRDA:127,28,1,1
BRDA:135,29,0,8
BRDA:135,29,1,5
BRDA:135,30,0,13
BRDA:135,30,1,9
BRDA:135,30,2,5
BRDA:136,31,0,8
BRDA:136,31,1,2
BRDA:138,32,0,0
BRDA:138,32,1,6
BRDA:141,33,0,6
BRDA:141,33,1,0
BRDA:142,34,0,2
BRDA:142,34,1,4
BRDA:149,35,0,6
BRDA:149,35,1,2
BRDA:150,36,0,6
BRDA:150,36,1,2
BRDA:153,37,0,3
BRDA:153,37,1,8
BRDA:156,38,0,3
BRDA:156,38,1,8
BRDA:159,39,0,10
BRDA:159,39,1,1
BRDA:174,40,0,6
BRDA:174,40,1,0
BRDA:180,41,0,0
BRDA:180,41,1,6
BRDA:182,42,0,6
BRDA:182,42,1,0
BRDA:186,43,0,6
BRDA:186,43,1,0
BRDA:186,44,0,6
BRDA:186,44,1,6
BRDA:186,44,2,6
BRDA:188,45,0,6
BRDA:188,45,1,0
BRDA:189,46,0,6
BRDA:189,46,1,0
BRDA:190,47,0,6
BRDA:190,47,1,0
BRDA:195,48,0,2
BRDA:195,48,1,4
BRDA:195,49,0,6
BRDA:195,49,1,6
BRDA:197,50,0,2
BRDA:197,50,1,0
BRDA:203,51,0,2
BRDA:203,51,1,0
BRDA:208,52,0,6
BRDA:208,52,1,0
BRDA:209,53,0,0
BRDA:209,53,1,2
BRDA:216,54,0,3
BRDA:216,54,1,3
BRDA:216,55,0,6
BRDA:216,55,1,6
BRDA:222,56,0,3
BRDA:222,56,1,0
BRDA:224,57,0,3
BRDA:224,57,1,3
BRDA:225,58,0,3
BRDA:225,58,1,3
BRDA:226,59,0,0
BRDA:226,59,1,3
BRDA:227,60,0,3
BRDA:227,60,1,3
BRDA:228,61,0,3
BRDA:228,61,1,3
BRDA:260,62,0,10
BRDA:260,62,1,3
BRDA:263,63,0,12
BRDA:263,63,1,1
BRDA:267,64,0,1
BRDA:267,64,1,3
BRDA:267,65,0,4
BRDA:267,65,1,3
BRDA:268,66,0,3
BRDA:268,66,1,2
BRDA:272,67,0,2
BRDA:272,67,1,1
BRDA:283,68,0,5
BRDA:283,68,1,7
BRDA:283,69,0,12
BRDA:283,69,1,9
BRDA:283,69,2,7
BRDA:290,70,0,4
BRDA:290,70,1,1
BRDA:292,71,0,3
BRDA:292,71,1,0
BRDA:294,72,0,3
BRDA:294,72,1,0
BRDA:297,73,0,2
BRDA:297,73,1,1
BRDA:308,74,0,1
BRDA:308,74,1,0
BRDA:309,75,0,4
BRDA:309,75,1,2
BRDA:311,76,0,1
BRDA:311,76,1,0
BRDA:312,77,0,1
BRDA:312,77,1,0
BRDA:318,78,0,16
BRDA:318,78,1,4
BRDA:319,79,0,4
BRDA:319,79,1,0
BRDA:347,80,0,4
BRDA:347,80,1,1
BRDA:352,81,0,4
BRDA:352,81,1,1
BRDA:357,82,0,4
BRDA:357,82,1,1
BRDA:359,83,0,2
BRDA:359,83,1,2
BRDA:367,84,0,4
BRDA:367,84,1,1
BRDA:369,85,0,2
BRDA:369,85,1,2
BRDA:379,86,0,4
BRDA:379,86,1,0
BRDA:379,87,0,4
BRDA:379,87,1,4
BRF:182
BRH:143
end_of_record
TN:
SF:src\Engine_Validation.js
FN:12,(anonymous_0)
FN:27,(anonymous_1)
FNF:2
FNH:2
FNDA:9,(anonymous_0)
FNDA:45,(anonymous_1)
DA:4,1
DA:13,9
DA:14,9
DA:16,9
DA:17,0
DA:20,9
DA:21,9
DA:22,9
DA:23,9
DA:26,9
DA:27,9
DA:28,45
DA:29,45
DA:31,45
DA:32,1
DA:37,44
DA:39,21
DA:40,3
DA:41,3
DA:42,2
DA:48,18
DA:49,2
DA:50,1
DA:61,9
DA:69,1
DA:70,1
LF:26
LH:25
BRDA:12,0,0,7
BRDA:14,1,0,9
BRDA:14,1,1,0
BRDA:14,2,0,0
BRDA:14,2,1,0
BRDA:14,3,0,0
BRDA:14,3,1,0
BRDA:16,4,0,0
BRDA:16,4,1,9
BRDA:16,5,0,9
BRDA:16,5,1,9
BRDA:26,6,0,9
BRDA:26,6,1,0
BRDA:26,7,0,9
BRDA:26,7,1,9
BRDA:29,8,0,45
BRDA:29,8,1,21
BRDA:29,8,2,21
BRDA:31,9,0,1
BRDA:31,9,1,44
BRDA:31,10,0,45
BRDA:31,10,1,18
BRDA:31,10,2,3
BRDA:37,11,0,21
BRDA:37,11,1,23
BRDA:39,12,0,3
BRDA:39,12,1,18
BRDA:41,13,0,2
BRDA:41,13,1,1
BRDA:48,14,0,2
BRDA:48,14,1,16
BRDA:49,15,0,1
BRDA:49,15,1,1
BRDA:69,16,0,1
BRDA:69,16,1,0
BRDA:69,17,0,1
BRDA:69,17,1,1
BRF:37
BRH:29
end_of_record
TN:
SF:src\Schema_Engine.js
FN:83,(anonymous_0)
FN:93,(anonymous_1)
FN:105,(anonymous_2)
FN:114,(anonymous_3)
FN:128,(anonymous_4)
FN:138,(anonymous_5)
FN:164,(anonymous_6)
FN:168,(anonymous_7)
FN:242,(anonymous_8)
FN:244,(anonymous_9)
FN:866,getAppSchema
FN:869,(anonymous_11)
FN:874,(anonymous_12)
FN:911,getPrunedAppSchema
FN:924,(anonymous_14)
FN:936,getEntityTopologyRules
FN:964,getFieldNameFromLabel
FN:969,(anonymous_17)
FNF:18
FNH:9
FNDA:26,(anonymous_0)
FNDA:34,(anonymous_1)
FNDA:12,(anonymous_2)
FNDA:44,(anonymous_3)
FNDA:34,(anonymous_4)
FNDA:0,(anonymous_5)
FNDA:0,(anonymous_6)
FNDA:0,(anonymous_7)
FNDA:0,(anonymous_8)
FNDA:0,(anonymous_9)
FNDA:10,getAppSchema
FNDA:34,(anonymous_11)
FNDA:562,(anonymous_12)
FNDA:0,getPrunedAppSchema
FNDA:0,(anonymous_14)
FNDA:7,getEntityTopologyRules
FNDA:0,getFieldNameFromLabel
FNDA:0,(anonymous_17)
DA:11,2
DA:77,2
DA:83,26
DA:93,34
DA:105,12
DA:114,44
DA:128,34
DA:138,0
DA:144,2
DA:165,0
DA:166,0
DA:167,0
DA:168,0
DA:169,0
DA:171,0
DA:172,0
DA:174,0
DA:175,0
DA:177,0
DA:243,0
DA:244,0
DA:245,0
DA:246,0
DA:248,0
DA:249,0
DA:250,0
DA:251,0
DA:252,0
DA:253,0
DA:254,0
DA:256,0
DA:257,0
DA:258,0
DA:261,0
DA:867,10
DA:869,10
DA:870,34
DA:873,32
DA:874,32
DA:876,562
DA:878,83
DA:880,83
DA:881,54
DA:882,54
DA:883,54
DA:884,54
DA:887,508
DA:889,32
DA:892,10
DA:893,9
DA:895,1
DA:896,1
DA:897,26
DA:898,25
DA:900,1
DA:903,1
DA:912,0
DA:913,0
DA:914,0
DA:916,0
DA:917,0
DA:918,0
DA:919,0
DA:922,0
DA:923,0
DA:924,0
DA:928,0
DA:937,7
DA:938,7
DA:939,5
DA:942,2
DA:965,0
DA:966,0
DA:968,0
DA:969,0
DA:970,0
DA:973,0
DA:974,0
DA:977,0
DA:980,2
DA:981,2
LF:81
LH:36
BRDA:83,0,0,0
BRDA:83,1,0,14
BRDA:138,2,0,0
BRDA:166,3,0,0
BRDA:166,3,1,0
BRDA:166,4,0,0
BRDA:166,4,1,0
BRDA:166,4,2,0
BRDA:166,4,3,0
BRDA:167,5,0,0
BRDA:167,5,1,0
BRDA:169,6,0,0
BRDA:169,6,1,0
BRDA:171,7,0,0
BRDA:171,7,1,0
BRDA:171,8,0,0
BRDA:171,8,1,0
BRDA:174,9,0,0
BRDA:174,9,1,0
BRDA:174,10,0,0
BRDA:174,10,1,0
BRDA:174,10,2,0
BRDA:248,11,0,0
BRDA:248,11,1,0
BRDA:249,12,0,0
BRDA:249,12,1,0
BRDA:249,13,0,0
BRDA:249,13,1,0
BRDA:249,13,2,0
BRDA:250,14,0,0
BRDA:250,14,1,0
BRDA:251,15,0,0
BRDA:251,15,1,0
BRDA:251,16,0,0
BRDA:251,16,1,0
BRDA:252,17,0,0
BRDA:252,17,1,0
BRDA:252,18,0,0
BRDA:252,18,1,0
BRDA:253,19,0,0
BRDA:253,19,1,0
BRDA:253,20,0,0
BRDA:253,20,1,0
BRDA:254,21,0,0
BRDA:254,21,1,0
BRDA:254,22,0,0
BRDA:254,22,1,0
BRDA:256,23,0,0
BRDA:256,23,1,0
BRDA:867,24,0,10
BRDA:867,24,1,0
BRDA:870,25,0,2
BRDA:870,25,1,32
BRDA:870,26,0,34
BRDA:870,26,1,32
BRDA:876,27,0,83
BRDA:876,27,1,479
BRDA:876,28,0,562
BRDA:876,28,1,83
BRDA:878,29,0,83
BRDA:878,29,1,83
BRDA:880,30,0,54
BRDA:880,30,1,29
BRDA:880,31,0,83
BRDA:880,31,1,83
BRDA:883,32,0,0
BRDA:883,32,1,54
BRDA:892,33,0,9
BRDA:892,33,1,1
BRDA:897,34,0,25
BRDA:897,34,1,1
BRDA:897,35,0,26
BRDA:897,35,1,25
BRDA:897,35,2,25
BRDA:914,36,0,0
BRDA:914,36,1,0
BRDA:917,37,0,0
BRDA:917,37,1,0
BRDA:923,38,0,0
BRDA:923,38,1,0
BRDA:938,39,0,5
BRDA:938,39,1,2
BRDA:938,40,0,7
BRDA:938,40,1,6
BRDA:968,41,0,0
BRDA:968,41,1,0
BRDA:968,42,0,0
BRDA:968,42,1,0
BRDA:970,43,0,0
BRDA:970,43,1,0
BRDA:970,43,2,0
BRDA:973,44,0,0
BRDA:973,44,1,0
BRDA:980,45,0,2
BRDA:980,45,1,0
BRF:95
BRH:29
end_of_record
TN:
SF:src\SubgridState.client.js
FN:21,_normalizeId
FN:33,initSubgridState
FN:51,filterAvailableOptions
FN:52,(anonymous_3)
FN:54,(anonymous_4)
FN:67,(anonymous_5)
FN:76,(anonymous_6)
FN:81,(anonymous_7)
FN:100,linkRecord
FN:102,(anonymous_9)
FN:119,unlinkRecord
FN:121,(anonymous_11)
FN:122,(anonymous_12)
FN:138,buildSavePayload
FN:139,(anonymous_14)
FN:155,isNewRecord
FN:165,evaluateFieldState
FNF:17
FNH:15
FNDA:95,_normalizeId
FNDA:4,initSubgridState
FNDA:8,filterAvailableOptions
FNDA:36,(anonymous_3)
FNDA:23,(anonymous_4)
FNDA:4,(anonymous_5)
FNDA:4,(anonymous_6)
FNDA:4,(anonymous_7)
FNDA:4,linkRecord
FNDA:7,(anonymous_9)
FNDA:5,unlinkRecord
FNDA:7,(anonymous_11)
FNDA:10,(anonymous_12)
FNDA:1,buildSavePayload
FNDA:3,(anonymous_14)
FNDA:0,isNewRecord
FNDA:0,evaluateFieldState
DA:22,95
DA:34,4
DA:35,2
DA:37,2
DA:52,8
DA:53,36
DA:54,36
DA:58,8
DA:59,3
DA:60,3
DA:61,3
DA:62,3
DA:63,3
DA:66,3
DA:67,4
DA:72,3
DA:73,2
DA:75,1
DA:76,4
DA:80,1
DA:81,4
DA:87,8
DA:102,7
DA:103,1
DA:105,3
DA:120,5
DA:121,7
DA:122,10
DA:123,5
DA:139,3
DA:143,1
DA:156,0
DA:157,0
DA:168,0
DA:172,1
DA:174,1
DA:175,0
DA:177,0
LF:38
LH:33
BRDA:22,0,0,95
BRDA:22,0,1,0
BRDA:34,1,0,2
BRDA:34,1,1,2
BRDA:34,2,0,4
BRDA:34,2,1,3
BRDA:51,3,0,4
BRDA:52,4,0,8
BRDA:52,4,1,0
BRDA:54,5,0,36
BRDA:54,5,1,0
BRDA:58,6,0,3
BRDA:58,6,1,5
BRDA:58,7,0,8
BRDA:58,7,1,3
BRDA:61,8,0,0
BRDA:61,8,1,3
BRDA:66,9,0,1
BRDA:66,9,1,2
BRDA:66,10,0,3
BRDA:66,10,1,3
BRDA:72,11,0,2
BRDA:72,11,1,1
BRDA:72,12,0,3
BRDA:72,12,1,2
BRDA:73,13,0,1
BRDA:73,13,1,1
BRDA:75,14,0,1
BRDA:75,14,1,0
BRDA:80,15,0,1
BRDA:80,15,1,0
BRDA:102,16,0,1
BRDA:102,16,1,3
BRDA:102,17,0,4
BRDA:102,17,1,0
BRDA:103,18,0,1
BRDA:103,18,1,0
BRDA:105,19,0,3
BRDA:105,19,1,0
BRDA:121,20,0,5
BRDA:121,20,1,1
BRDA:121,21,0,5
BRDA:121,21,1,0
BRDA:122,22,0,5
BRDA:122,22,1,0
BRDA:139,23,0,1
BRDA:139,23,1,0
BRDA:156,24,0,0
BRDA:156,24,1,0
BRDA:157,25,0,0
BRDA:157,25,1,0
BRDA:157,25,2,0
BRDA:172,26,0,1
BRDA:172,26,1,0
BRDA:172,27,0,1
BRDA:172,27,1,1
BRDA:175,28,0,0
BRDA:175,28,1,0
BRF:58
BRH:38
end_of_record
TN:
SF:src\Topology_Strategies.js
FN:7,(anonymous_0)
FN:9,(anonymous_1)
FN:11,(anonymous_2)
FN:14,(anonymous_3)
FN:19,(anonymous_4)
FN:30,(anonymous_5)
FN:51,(anonymous_6)
FN:69,(anonymous_7)
FN:76,(anonymous_8)
FN:91,(anonymous_9)
FN:118,(anonymous_10)
FN:136,(anonymous_11)
FN:147,(anonymous_12)
FN:155,(anonymous_13)
FN:160,(anonymous_14)
FNF:15
FNH:5
FNDA:3,(anonymous_0)
FNDA:2,(anonymous_1)
FNDA:3,(anonymous_2)
FNDA:0,(anonymous_3)
FNDA:6,(anonymous_4)
FNDA:3,(anonymous_5)
FNDA:0,(anonymous_6)
FNDA:0,(anonymous_7)
FNDA:0,(anonymous_8)
FNDA:0,(anonymous_9)
FNDA:0,(anonymous_10)
FNDA:0,(anonymous_11)
FNDA:0,(anonymous_12)
FNDA:0,(anonymous_13)
FNDA:0,(anonymous_14)
DA:6,2
DA:8,3
DA:9,3
DA:12,3
DA:15,0
DA:19,2
DA:21,6
DA:22,3
DA:26,3
DA:27,3
DA:28,3
DA:30,3
DA:31,3
DA:32,3
DA:33,3
DA:34,3
DA:36,3
DA:38,3
DA:40,0
DA:41,0
DA:43,3
DA:44,3
DA:45,3
DA:48,3
DA:51,0
DA:52,0
DA:53,0
DA:54,0
DA:55,0
DA:58,0
DA:61,0
DA:63,0
DA:66,0
DA:69,2
DA:70,0
DA:71,0
DA:73,0
DA:75,0
DA:76,0
DA:77,0
DA:78,0
DA:79,0
DA:80,0
DA:82,0
DA:83,0
DA:84,0
DA:86,0
DA:87,0
DA:91,0
DA:92,0
DA:93,0
DA:94,0
DA:95,0
DA:98,0
DA:101,0
DA:104,0
DA:107,2
DA:119,0
DA:120,0
DA:121,0
DA:122,0
DA:125,0
DA:126,0
DA:127,0
DA:128,0
DA:129,0
DA:130,0
DA:135,0
DA:136,0
DA:137,0
DA:138,0
DA:139,0
DA:140,0
DA:146,0
DA:147,0
DA:148,0
DA:149,0
DA:153,0
DA:154,0
DA:155,0
DA:156,0
DA:157,0
DA:159,0
DA:160,0
DA:161,0
DA:163,0
DA:177,0
DA:182,2
DA:183,2
LF:89
LH:25
BRDA:8,0,0,0
BRDA:8,0,1,3
BRDA:8,1,0,3
BRDA:8,1,1,0
BRDA:8,1,2,0
BRDA:9,2,0,2
BRDA:9,2,1,2
BRDA:12,3,0,3
BRDA:12,3,1,0
BRDA:12,4,0,3
BRDA:12,4,1,0
BRDA:15,5,0,0
BRDA:15,5,1,0
BRDA:15,6,0,0
BRDA:15,6,1,0
BRDA:15,7,0,0
BRDA:15,7,1,0
BRDA:21,8,0,3
BRDA:21,8,1,3
BRDA:21,9,0,6
BRDA:21,9,1,6
BRDA:22,10,0,3
BRDA:22,10,1,0
BRDA:31,11,0,3
BRDA:31,11,1,0
BRDA:32,12,0,3
BRDA:32,12,1,0
BRDA:33,13,0,3
BRDA:33,13,1,0
BRDA:34,14,0,0
BRDA:34,14,1,3
BRDA:38,15,0,0
BRDA:38,15,1,3
BRDA:40,16,0,0
BRDA:40,16,1,0
BRDA:48,17,0,3
BRDA:48,17,1,0
BRDA:48,18,0,3
BRDA:48,18,1,3
BRDA:52,19,0,0
BRDA:52,19,1,0
BRDA:53,20,0,0
BRDA:53,20,1,0
BRDA:54,21,0,0
BRDA:54,21,1,0
BRDA:58,22,0,0
BRDA:58,22,1,0
BRDA:61,23,0,0
BRDA:61,23,1,0
BRDA:61,24,0,0
BRDA:61,24,1,0
BRDA:70,25,0,0
BRDA:70,25,1,0
BRDA:70,26,0,0
BRDA:70,26,1,0
BRDA:71,27,0,0
BRDA:71,27,1,0
BRDA:73,28,0,0
BRDA:73,28,1,0
BRDA:73,29,0,0
BRDA:73,29,1,0
BRDA:77,30,0,0
BRDA:77,30,1,0
BRDA:78,31,0,0
BRDA:78,31,1,0
BRDA:79,32,0,0
BRDA:79,32,1,0
BRDA:80,33,0,0
BRDA:80,33,1,0
BRDA:83,34,0,0
BRDA:83,34,1,0
BRDA:86,35,0,0
BRDA:86,35,1,0
BRDA:92,36,0,0
BRDA:92,36,1,0
BRDA:93,37,0,0
BRDA:93,37,1,0
BRDA:94,38,0,0
BRDA:94,38,1,0
BRDA:98,39,0,0
BRDA:98,39,1,0
BRDA:120,40,0,0
BRDA:120,40,1,0
BRDA:126,41,0,0
BRDA:126,41,1,0
BRDA:126,42,0,0
BRDA:126,42,1,0
BRDA:127,43,0,0
BRDA:127,43,1,0
BRDA:128,44,0,0
BRDA:128,44,1,0
BRDA:129,45,0,0
BRDA:129,45,1,0
BRDA:135,46,0,0
BRDA:135,46,1,0
BRDA:135,47,0,0
BRDA:135,47,1,0
BRDA:137,48,0,0
BRDA:137,48,1,0
BRDA:147,49,0,0
BRDA:147,49,1,0
BRDA:148,50,0,0
BRDA:148,50,1,0
BRDA:154,51,0,0
BRDA:154,51,1,0
BRDA:154,52,0,0
BRDA:154,52,1,0
BRDA:159,53,0,0
BRDA:159,53,1,0
BRDA:160,54,0,0
BRDA:160,54,1,0
BRDA:167,55,0,0
BRDA:167,55,1,0
BRDA:168,56,0,0
BRDA:168,56,1,0
BRDA:182,57,0,2
BRDA:182,57,1,0
BRDA:182,58,0,2
BRDA:182,58,1,2
BRF:119
BRH:22
end_of_record
TN:
SF:src\adapters\GoogleSheetsProvider.js
FN:2,(anonymous_0)
FN:6,(anonymous_1)
FN:43,(anonymous_2)
FN:50,(anonymous_3)
FN:54,(anonymous_4)
FN:55,(anonymous_5)
FNF:6
FNH:6
FNDA:3,(anonymous_0)
FNDA:1,(anonymous_1)
FNDA:2,(anonymous_2)
FNDA:2,(anonymous_3)
FNDA:1,(anonymous_4)
FNDA:2,(anonymous_5)
DA:3,3
DA:7,1
DA:8,1
DA:9,0
DA:11,1
DA:13,1
DA:14,1
DA:16,1
DA:17,1
DA:19,1
DA:20,2
DA:21,2
DA:22,2
DA:24,2
DA:25,4
DA:26,4
DA:28,4
DA:29,4
DA:30,4
DA:31,4
DA:35,2
DA:36,2
DA:37,2
DA:40,1
DA:44,2
DA:45,2
DA:46,1
DA:48,1
DA:50,2
DA:51,1
DA:53,1
DA:54,1
DA:55,2
DA:56,1
DA:59,1
DA:60,1
DA:64,1
LF:37
LH:36
BRDA:8,0,0,0
BRDA:8,0,1,1
BRDA:11,1,0,0
BRDA:11,1,1,1
BRDA:14,2,0,0
BRDA:14,2,1,1
BRDA:14,3,0,1
BRDA:14,3,1,1
BRDA:26,4,0,0
BRDA:26,4,1,4
BRDA:26,5,0,4
BRDA:26,5,1,4
BRDA:29,6,0,4
BRDA:29,6,1,0
BRDA:29,7,0,4
BRDA:29,7,1,4
BRDA:29,7,2,4
BRDA:35,8,0,2
BRDA:35,8,1,0
BRDA:45,9,0,1
BRDA:45,9,1,1
BRDA:48,10,0,0
BRDA:48,10,1,1
BRDA:48,11,0,1
BRDA:48,11,1,1
BRDA:55,12,0,2
BRDA:55,12,1,0
BRDA:64,13,0,1
BRDA:64,13,1,0
BRF:29
BRH:20
end_of_record
TN:
SF:src\adapters\MockDataProvider.js
FN:2,(anonymous_0)
FN:6,(anonymous_1)
FN:13,(anonymous_2)
FNF:3
FNH:3
FNDA:11,(anonymous_0)
FNDA:9,(anonymous_1)
FNDA:5,(anonymous_2)
DA:3,11
DA:7,9
DA:8,2
DA:10,7
DA:14,5
DA:15,2
DA:17,3
DA:21,3
LF:8
LH:8
BRDA:2,0,0,4
BRDA:7,1,0,2
BRDA:7,1,1,7
BRDA:14,2,0,2
BRDA:14,2,1,3
BRDA:21,3,0,3
BRDA:21,3,1,0
BRF:7
BRH:6
end_of_record
TN:
SF:src\core\ETLEngine.js
FN:5,(anonymous_0)
FN:12,(anonymous_1)
FN:19,(anonymous_2)
FN:30,(anonymous_3)
FNF:4
FNH:4
FNDA:3,(anonymous_0)
FNDA:2,(anonymous_1)
FNDA:1,(anonymous_2)
FNDA:1,(anonymous_3)
DA:6,3
DA:13,2
DA:16,2
DA:17,2
DA:18,2
DA:19,1
DA:23,2
DA:31,1
DA:35,1
LF:9
LH:9
BRDA:16,0,0,2
BRDA:16,0,1,0
BRDA:18,1,0,1
BRDA:18,1,1,1
BRDA:18,2,0,2
BRDA:18,2,1,1
BRDA:18,2,2,1
BRDA:35,3,0,1
BRDA:35,3,1,0
BRF:9
BRH:7
end_of_record
